[0.057s] Invoking command in '/home/chen/ros2_ws/build/cpp_srvcli': CMAKE_PREFIX_PATH=/opt/ros/foxy /usr/bin/cmake /home/chen/ros2_ws/src/cpp_srvcli -DCMAKE_INSTALL_PREFIX=/home/chen/ros2_ws/install/cpp_srvcli
[0.091s] -- Found ament_cmake: 0.9.11 (/opt/ros/foxy/share/ament_cmake/cmake)
[0.136s] -- Using PYTHON_EXECUTABLE: /usr/bin/python3
[0.727s] -- Override CMake install command with custom implementation using symlinks instead of copying resources
[0.751s] -- Found rclcpp: 2.4.2 (/opt/ros/foxy/share/rclcpp/cmake)
[0.806s] -- Using all available rosidl_typesupport_c: rosidl_typesupport_fastrtps_c;rosidl_typesupport_introspection_c
[0.813s] -- Found rosidl_adapter: 1.3.0 (/opt/ros/foxy/share/rosidl_adapter/cmake)
[1.139s] -- Using all available rosidl_typesupport_cpp: rosidl_typesupport_fastrtps_cpp;rosidl_typesupport_introspection_cpp
[1.302s] -- Found rmw_implementation_cmake: 1.0.4 (/opt/ros/foxy/share/rmw_implementation_cmake/cmake)
[1.304s] -- Using RMW implementation 'rmw_fastrtps_cpp' as default
[1.553s] -- Found example_interfaces: 0.9.1 (/opt/ros/foxy/share/example_interfaces/cmake)
[1.748s] -- Found geometry_msgs: 2.0.5 (/opt/ros/foxy/share/geometry_msgs/cmake)
[1.815s] -- Found rosidl_default_generators: 1.0.1 (/opt/ros/foxy/share/rosidl_default_generators/cmake)
[1.854s] -- Found ament_lint_auto: 0.9.8 (/opt/ros/foxy/share/ament_lint_auto/cmake)
[1.994s] CMake Error at /opt/ros/foxy/share/rosidl_cmake/cmake/rosidl_generate_interfaces.cmake:93 (message):
[1.995s]   rosidl_generate_interfaces() the passed file 'msg/Num.msg' doesn't exist
[1.995s]   relative to the CMAKE_CURRENT_SOURCE_DIR
[1.995s]   '/home/chen/ros2_ws/src/cpp_srvcli'
[1.995s] Call Stack (most recent call first):
[1.995s]   CMakeLists.txt:43 (rosidl_generate_interfaces)
[1.995s] 
[1.995s] 
[1.999s] -- Configuring incomplete, errors occurred!
[2.000s] See also "/home/chen/ros2_ws/build/cpp_srvcli/CMakeFiles/CMakeOutput.log".
[2.000s] See also "/home/chen/ros2_ws/build/cpp_srvcli/CMakeFiles/CMakeError.log".
