[0.993s] DEBUG:colcon:Command line arguments: ['/usr/bin/colcon', 'build', '--symlink-install', '--event-handlers', 'console_cohesion+', '--base-paths', '/home/chen/ros2_ws', '--cmake-args', '-DCMAKE_BUILD_TYPE=RelWithDebInfo']
[0.993s] DEBUG:colcon:Parsed command line arguments: Namespace(allow_overriding=[], ament_cmake_args=None, base_paths=['/home/chen/ros2_ws'], build_base='build', catkin_cmake_args=None, catkin_skip_building_tests=False, cmake_args=['-DCMAKE_BUILD_TYPE=RelWithDebInfo'], cmake_clean_cache=False, cmake_clean_first=False, cmake_force_configure=False, cmake_target=None, cmake_target_skip_unavailable=False, continue_on_error=False, event_handlers=['console_cohesion+'], executor='parallel', ignore_user_meta=False, install_base='install', log_base=None, log_level=None, main=<bound method BuildVerb.main of <colcon_core.verb.build.BuildVerb object at 0x7f930fa34fd0>>, merge_install=False, metas=['./colcon.meta'], packages_above=None, packages_above_and_dependencies=None, packages_above_depth=None, packages_end=None, packages_ignore=None, packages_ignore_regex=None, packages_select=None, packages_select_build_failed=False, packages_select_by_dep=None, packages_select_regex=None, packages_select_test_failures=False, packages_skip=None, packages_skip_build_finished=False, packages_skip_by_dep=None, packages_skip_regex=None, packages_skip_test_passed=False, packages_skip_up_to=None, packages_start=None, packages_up_to=None, packages_up_to_regex=None, parallel_workers=2, paths=None, symlink_install=True, test_result_base=None, verb_extension=<colcon_core.verb.build.BuildVerb object at 0x7f930fa34fd0>, verb_name='build', verb_parser=<colcon_defaults.argument_parser.defaults.DefaultArgumentsDecorator object at 0x7f930f9bf520>)
[1.129s] Level 1:colcon.colcon_core.package_discovery:discover_packages(colcon_meta) check parameters
[1.133s] Level 1:colcon.colcon_core.package_discovery:discover_packages(recursive) check parameters
[1.135s] Level 1:colcon.colcon_core.package_discovery:discover_packages(ignore) check parameters
[1.135s] Level 1:colcon.colcon_core.package_discovery:discover_packages(path) check parameters
[1.135s] Level 1:colcon.colcon_core.package_discovery:discover_packages(recursive) discover
[1.136s] INFO:colcon.colcon_core.package_discovery:Crawling recursively for packages in '/home/chen/ros2_ws'
[1.137s] Level 1:colcon.colcon_core.package_identification:_identify(/home/chen/ros2_ws) by extensions ['ignore', 'ignore_ament_install']
[1.141s] Level 1:colcon.colcon_core.package_identification:_identify(/home/chen/ros2_ws) by extension 'ignore'
[1.142s] Level 1:colcon.colcon_core.package_identification:_identify(/home/chen/ros2_ws) by extension 'ignore_ament_install'
[1.142s] Level 1:colcon.colcon_core.package_identification:_identify(/home/chen/ros2_ws) by extensions ['colcon_pkg']
[1.142s] Level 1:colcon.colcon_core.package_identification:_identify(/home/chen/ros2_ws) by extension 'colcon_pkg'
[1.143s] Level 1:colcon.colcon_core.package_identification:_identify(/home/chen/ros2_ws) by extensions ['colcon_meta']
[1.143s] Level 1:colcon.colcon_core.package_identification:_identify(/home/chen/ros2_ws) by extension 'colcon_meta'
[1.144s] Level 1:colcon.colcon_core.package_identification:_identify(/home/chen/ros2_ws) by extensions ['ros']
[1.144s] Level 1:colcon.colcon_core.package_identification:_identify(/home/chen/ros2_ws) by extension 'ros'
[1.251s] Level 1:colcon.colcon_core.package_identification:_identify(/home/chen/ros2_ws) by extensions ['cmake', 'python']
[1.251s] Level 1:colcon.colcon_core.package_identification:_identify(/home/chen/ros2_ws) by extension 'cmake'
[1.251s] Level 1:colcon.colcon_core.package_identification:_identify(/home/chen/ros2_ws) by extension 'python'
[1.251s] Level 1:colcon.colcon_core.package_identification:_identify(/home/chen/ros2_ws) by extensions ['python_setup_py']
[1.251s] Level 1:colcon.colcon_core.package_identification:_identify(/home/chen/ros2_ws) by extension 'python_setup_py'
[1.252s] Level 1:colcon.colcon_core.package_identification:_identify(/home/chen/ros2_ws/build) by extensions ['ignore', 'ignore_ament_install']
[1.252s] Level 1:colcon.colcon_core.package_identification:_identify(/home/chen/ros2_ws/build) by extension 'ignore'
[1.252s] Level 1:colcon.colcon_core.package_identification:_identify(/home/chen/ros2_ws/build) ignored
[1.252s] Level 1:colcon.colcon_core.package_identification:_identify(/home/chen/ros2_ws/install) by extensions ['ignore', 'ignore_ament_install']
[1.252s] Level 1:colcon.colcon_core.package_identification:_identify(/home/chen/ros2_ws/install) by extension 'ignore'
[1.253s] Level 1:colcon.colcon_core.package_identification:_identify(/home/chen/ros2_ws/install) ignored
[1.253s] Level 1:colcon.colcon_core.package_identification:_identify(/home/chen/ros2_ws/log) by extensions ['ignore', 'ignore_ament_install']
[1.253s] Level 1:colcon.colcon_core.package_identification:_identify(/home/chen/ros2_ws/log) by extension 'ignore'
[1.253s] Level 1:colcon.colcon_core.package_identification:_identify(/home/chen/ros2_ws/log) ignored
[1.255s] Level 1:colcon.colcon_core.package_identification:_identify(/home/chen/ros2_ws/src) by extensions ['ignore', 'ignore_ament_install']
[1.255s] Level 1:colcon.colcon_core.package_identification:_identify(/home/chen/ros2_ws/src) by extension 'ignore'
[1.257s] Level 1:colcon.colcon_core.package_identification:_identify(/home/chen/ros2_ws/src) by extension 'ignore_ament_install'
[1.258s] Level 1:colcon.colcon_core.package_identification:_identify(/home/chen/ros2_ws/src) by extensions ['colcon_pkg']
[1.259s] Level 1:colcon.colcon_core.package_identification:_identify(/home/chen/ros2_ws/src) by extension 'colcon_pkg'
[1.259s] Level 1:colcon.colcon_core.package_identification:_identify(/home/chen/ros2_ws/src) by extensions ['colcon_meta']
[1.259s] Level 1:colcon.colcon_core.package_identification:_identify(/home/chen/ros2_ws/src) by extension 'colcon_meta'
[1.259s] Level 1:colcon.colcon_core.package_identification:_identify(/home/chen/ros2_ws/src) by extensions ['ros']
[1.259s] Level 1:colcon.colcon_core.package_identification:_identify(/home/chen/ros2_ws/src) by extension 'ros'
[1.259s] Level 1:colcon.colcon_core.package_identification:_identify(/home/chen/ros2_ws/src) by extensions ['cmake', 'python']
[1.260s] Level 1:colcon.colcon_core.package_identification:_identify(/home/chen/ros2_ws/src) by extension 'cmake'
[1.260s] Level 1:colcon.colcon_core.package_identification:_identify(/home/chen/ros2_ws/src) by extension 'python'
[1.260s] Level 1:colcon.colcon_core.package_identification:_identify(/home/chen/ros2_ws/src) by extensions ['python_setup_py']
[1.260s] Level 1:colcon.colcon_core.package_identification:_identify(/home/chen/ros2_ws/src) by extension 'python_setup_py'
[1.260s] Level 1:colcon.colcon_core.package_identification:_identify(/home/chen/ros2_ws/src/cpp_pubsub) by extensions ['ignore', 'ignore_ament_install']
[1.261s] Level 1:colcon.colcon_core.package_identification:_identify(/home/chen/ros2_ws/src/cpp_pubsub) by extension 'ignore'
[1.261s] Level 1:colcon.colcon_core.package_identification:_identify(/home/chen/ros2_ws/src/cpp_pubsub) by extension 'ignore_ament_install'
[1.261s] Level 1:colcon.colcon_core.package_identification:_identify(/home/chen/ros2_ws/src/cpp_pubsub) by extensions ['colcon_pkg']
[1.261s] Level 1:colcon.colcon_core.package_identification:_identify(/home/chen/ros2_ws/src/cpp_pubsub) by extension 'colcon_pkg'
[1.261s] Level 1:colcon.colcon_core.package_identification:_identify(/home/chen/ros2_ws/src/cpp_pubsub) by extensions ['colcon_meta']
[1.261s] Level 1:colcon.colcon_core.package_identification:_identify(/home/chen/ros2_ws/src/cpp_pubsub) by extension 'colcon_meta'
[1.262s] Level 1:colcon.colcon_core.package_identification:_identify(/home/chen/ros2_ws/src/cpp_pubsub) by extensions ['ros']
[1.263s] Level 1:colcon.colcon_core.package_identification:_identify(/home/chen/ros2_ws/src/cpp_pubsub) by extension 'ros'
[1.281s] DEBUG:colcon.colcon_core.package_identification:Package '/home/chen/ros2_ws/src/cpp_pubsub' with type 'ros.ament_cmake' and name 'cpp_pubsub'
[1.282s] Level 1:colcon.colcon_core.package_identification:_identify(/home/chen/ros2_ws/src/cpp_srvcli) by extensions ['ignore', 'ignore_ament_install']
[1.283s] Level 1:colcon.colcon_core.package_identification:_identify(/home/chen/ros2_ws/src/cpp_srvcli) by extension 'ignore'
[1.283s] Level 1:colcon.colcon_core.package_identification:_identify(/home/chen/ros2_ws/src/cpp_srvcli) by extension 'ignore_ament_install'
[1.283s] Level 1:colcon.colcon_core.package_identification:_identify(/home/chen/ros2_ws/src/cpp_srvcli) by extensions ['colcon_pkg']
[1.283s] Level 1:colcon.colcon_core.package_identification:_identify(/home/chen/ros2_ws/src/cpp_srvcli) by extension 'colcon_pkg'
[1.284s] Level 1:colcon.colcon_core.package_identification:_identify(/home/chen/ros2_ws/src/cpp_srvcli) by extensions ['colcon_meta']
[1.284s] Level 1:colcon.colcon_core.package_identification:_identify(/home/chen/ros2_ws/src/cpp_srvcli) by extension 'colcon_meta'
[1.284s] Level 1:colcon.colcon_core.package_identification:_identify(/home/chen/ros2_ws/src/cpp_srvcli) by extensions ['ros']
[1.284s] Level 1:colcon.colcon_core.package_identification:_identify(/home/chen/ros2_ws/src/cpp_srvcli) by extension 'ros'
[1.288s] DEBUG:colcon.colcon_core.package_identification:Package '/home/chen/ros2_ws/src/cpp_srvcli' with type 'ros.ament_cmake' and name 'cpp_srvcli'
[1.290s] Level 1:colcon.colcon_core.package_discovery:discover_packages(recursive) using defaults
[1.405s] Level 1:colcon.colcon_core.package_discovery:discover_packages(prefix_path) check parameters
[1.406s] Level 1:colcon.colcon_core.package_discovery:discover_packages(prefix_path) discover
[1.417s] DEBUG:colcon.colcon_installed_package_information.package_discovery:Found 2 installed packages in /home/chen/ros2_ws/install
[1.420s] DEBUG:colcon.colcon_installed_package_information.package_discovery:Found 256 installed packages in /opt/ros/foxy
[1.427s] Level 1:colcon.colcon_core.package_discovery:discover_packages(prefix_path) using defaults
[1.681s] Level 5:colcon.colcon_core.verb:set package 'cpp_pubsub' build argument 'cmake_args' from command line to '['-DCMAKE_BUILD_TYPE=RelWithDebInfo']'
[1.682s] Level 5:colcon.colcon_core.verb:set package 'cpp_pubsub' build argument 'cmake_target' from command line to 'None'
[1.682s] Level 5:colcon.colcon_core.verb:set package 'cpp_pubsub' build argument 'cmake_target_skip_unavailable' from command line to 'False'
[1.682s] Level 5:colcon.colcon_core.verb:set package 'cpp_pubsub' build argument 'cmake_clean_cache' from command line to 'False'
[1.682s] Level 5:colcon.colcon_core.verb:set package 'cpp_pubsub' build argument 'cmake_clean_first' from command line to 'False'
[1.682s] Level 5:colcon.colcon_core.verb:set package 'cpp_pubsub' build argument 'cmake_force_configure' from command line to 'False'
[1.682s] Level 5:colcon.colcon_core.verb:set package 'cpp_pubsub' build argument 'ament_cmake_args' from command line to 'None'
[1.682s] Level 5:colcon.colcon_core.verb:set package 'cpp_pubsub' build argument 'catkin_cmake_args' from command line to 'None'
[1.682s] Level 5:colcon.colcon_core.verb:set package 'cpp_pubsub' build argument 'catkin_skip_building_tests' from command line to 'False'
[1.682s] DEBUG:colcon.colcon_core.verb:Building package 'cpp_pubsub' with the following arguments: {'ament_cmake_args': None, 'build_base': '/home/chen/ros2_ws/build/cpp_pubsub', 'catkin_cmake_args': None, 'catkin_skip_building_tests': False, 'cmake_args': ['-DCMAKE_BUILD_TYPE=RelWithDebInfo'], 'cmake_clean_cache': False, 'cmake_clean_first': False, 'cmake_force_configure': False, 'cmake_target': None, 'cmake_target_skip_unavailable': False, 'install_base': '/home/chen/ros2_ws/install/cpp_pubsub', 'merge_install': False, 'path': '/home/chen/ros2_ws/src/cpp_pubsub', 'symlink_install': True, 'test_result_base': None}
[1.684s] Level 5:colcon.colcon_core.verb:set package 'cpp_srvcli' build argument 'cmake_args' from command line to '['-DCMAKE_BUILD_TYPE=RelWithDebInfo']'
[1.684s] Level 5:colcon.colcon_core.verb:set package 'cpp_srvcli' build argument 'cmake_target' from command line to 'None'
[1.685s] Level 5:colcon.colcon_core.verb:set package 'cpp_srvcli' build argument 'cmake_target_skip_unavailable' from command line to 'False'
[1.685s] Level 5:colcon.colcon_core.verb:set package 'cpp_srvcli' build argument 'cmake_clean_cache' from command line to 'False'
[1.685s] Level 5:colcon.colcon_core.verb:set package 'cpp_srvcli' build argument 'cmake_clean_first' from command line to 'False'
[1.685s] Level 5:colcon.colcon_core.verb:set package 'cpp_srvcli' build argument 'cmake_force_configure' from command line to 'False'
[1.685s] Level 5:colcon.colcon_core.verb:set package 'cpp_srvcli' build argument 'ament_cmake_args' from command line to 'None'
[1.685s] Level 5:colcon.colcon_core.verb:set package 'cpp_srvcli' build argument 'catkin_cmake_args' from command line to 'None'
[1.685s] Level 5:colcon.colcon_core.verb:set package 'cpp_srvcli' build argument 'catkin_skip_building_tests' from command line to 'False'
[1.685s] DEBUG:colcon.colcon_core.verb:Building package 'cpp_srvcli' with the following arguments: {'ament_cmake_args': None, 'build_base': '/home/chen/ros2_ws/build/cpp_srvcli', 'catkin_cmake_args': None, 'catkin_skip_building_tests': False, 'cmake_args': ['-DCMAKE_BUILD_TYPE=RelWithDebInfo'], 'cmake_clean_cache': False, 'cmake_clean_first': False, 'cmake_force_configure': False, 'cmake_target': None, 'cmake_target_skip_unavailable': False, 'install_base': '/home/chen/ros2_ws/install/cpp_srvcli', 'merge_install': False, 'path': '/home/chen/ros2_ws/src/cpp_srvcli', 'symlink_install': True, 'test_result_base': None}
[1.686s] INFO:colcon.colcon_core.executor:Executing jobs using 'parallel' executor
[1.697s] DEBUG:colcon.colcon_parallel_executor.executor.parallel:run_until_complete
[1.697s] INFO:colcon.colcon_ros.task.ament_cmake.build:Building ROS package in '/home/chen/ros2_ws/src/cpp_pubsub' with build type 'ament_cmake'
[1.698s] INFO:colcon.colcon_cmake.task.cmake.build:Building CMake package in '/home/chen/ros2_ws/src/cpp_pubsub'
[1.724s] INFO:colcon.colcon_core.plugin_system:Skipping extension 'colcon_core.shell.bat': Not used on non-Windows systems
[1.724s] INFO:colcon.colcon_core.shell:Skip shell extension 'powershell' for command environment: Not usable outside of PowerShell
[1.724s] DEBUG:colcon.colcon_core.shell:Skip shell extension 'dsv' for command environment
[1.747s] INFO:colcon.colcon_ros.task.ament_cmake.build:Building ROS package in '/home/chen/ros2_ws/src/cpp_srvcli' with build type 'ament_cmake'
[1.751s] INFO:colcon.colcon_cmake.task.cmake.build:Building CMake package in '/home/chen/ros2_ws/src/cpp_srvcli'
[1.755s] INFO:colcon.colcon_core.shell:Skip shell extension 'powershell' for command environment: Not usable outside of PowerShell
[1.755s] DEBUG:colcon.colcon_core.shell:Skip shell extension 'dsv' for command environment
[1.817s] DEBUG:colcon.colcon_core.event_handler.log_command:Invoking command in '/home/chen/ros2_ws/build/cpp_pubsub': CMAKE_PREFIX_PATH=${CMAKE_PREFIX_PATH}:/opt/ros/foxy /usr/bin/cmake --build /home/chen/ros2_ws/build/cpp_pubsub -- -j2 -l2
[1.881s] DEBUG:colcon.colcon_core.event_handler.log_command:Invoking command in '/home/chen/ros2_ws/build/cpp_srvcli': CMAKE_PREFIX_PATH=${CMAKE_PREFIX_PATH}:/opt/ros/foxy /usr/bin/cmake --build /home/chen/ros2_ws/build/cpp_srvcli -- -j2 -l2
[2.696s] DEBUG:colcon.colcon_core.event_handler.log_command:Invoked command in '/home/chen/ros2_ws/build/cpp_srvcli' returned '0': CMAKE_PREFIX_PATH=${CMAKE_PREFIX_PATH}:/opt/ros/foxy /usr/bin/cmake --build /home/chen/ros2_ws/build/cpp_srvcli -- -j2 -l2
[2.969s] DEBUG:colcon.colcon_core.event_handler.log_command:Invoking command in '/home/chen/ros2_ws/build/cpp_srvcli': CMAKE_PREFIX_PATH=${CMAKE_PREFIX_PATH}:/opt/ros/foxy /usr/bin/cmake --install /home/chen/ros2_ws/build/cpp_srvcli
[3.104s] Level 1:colcon.colcon_core.environment:create_environment_scripts_only(cpp_srvcli)
[3.118s] DEBUG:colcon.colcon_core.event_handler.log_command:Invoked command in '/home/chen/ros2_ws/build/cpp_srvcli' returned '0': CMAKE_PREFIX_PATH=${CMAKE_PREFIX_PATH}:/opt/ros/foxy /usr/bin/cmake --install /home/chen/ros2_ws/build/cpp_srvcli
[3.124s] Level 1:colcon.colcon_core.environment:checking '/home/chen/ros2_ws/install/cpp_srvcli' for CMake module files
[3.124s] Level 1:colcon.colcon_core.environment:checking '/home/chen/ros2_ws/install/cpp_srvcli' for CMake config files
[3.125s] Level 1:colcon.colcon_core.shell:create_environment_hook('cpp_srvcli', 'cmake_prefix_path')
[3.141s] INFO:colcon.colcon_core.shell:Creating environment hook '/home/chen/ros2_ws/install/cpp_srvcli/share/cpp_srvcli/hook/cmake_prefix_path.ps1'
[3.148s] INFO:colcon.colcon_core.shell:Creating environment descriptor '/home/chen/ros2_ws/install/cpp_srvcli/share/cpp_srvcli/hook/cmake_prefix_path.dsv'
[3.149s] INFO:colcon.colcon_core.shell:Creating environment hook '/home/chen/ros2_ws/install/cpp_srvcli/share/cpp_srvcli/hook/cmake_prefix_path.sh'
[3.159s] Level 1:colcon.colcon_core.environment:checking '/home/chen/ros2_ws/install/cpp_srvcli/lib'
[3.159s] Level 1:colcon.colcon_core.environment:checking '/home/chen/ros2_ws/install/cpp_srvcli/bin'
[3.159s] Level 1:colcon.colcon_core.environment:checking '/home/chen/ros2_ws/install/cpp_srvcli/lib/pkgconfig/cpp_srvcli.pc'
[3.159s] Level 1:colcon.colcon_core.environment:checking '/home/chen/ros2_ws/install/cpp_srvcli/lib/python3.8/site-packages'
[3.160s] Level 1:colcon.colcon_core.environment:checking '/home/chen/ros2_ws/install/cpp_srvcli/bin'
[3.161s] INFO:colcon.colcon_core.shell:Creating package script '/home/chen/ros2_ws/install/cpp_srvcli/share/cpp_srvcli/package.ps1'
[3.169s] INFO:colcon.colcon_core.shell:Creating package descriptor '/home/chen/ros2_ws/install/cpp_srvcli/share/cpp_srvcli/package.dsv'
[3.170s] INFO:colcon.colcon_core.shell:Creating package script '/home/chen/ros2_ws/install/cpp_srvcli/share/cpp_srvcli/package.sh'
[3.171s] INFO:colcon.colcon_core.shell:Creating package script '/home/chen/ros2_ws/install/cpp_srvcli/share/cpp_srvcli/package.bash'
[3.172s] INFO:colcon.colcon_core.shell:Creating package script '/home/chen/ros2_ws/install/cpp_srvcli/share/cpp_srvcli/package.zsh'
[3.182s] Level 1:colcon.colcon_core.environment:create_file_with_runtime_dependencies(/home/chen/ros2_ws/install/cpp_srvcli/share/colcon-core/packages/cpp_srvcli)
[3.414s] Level 1:colcon.colcon_core.environment:create_environment_scripts_only(cpp_srvcli)
[3.423s] Level 1:colcon.colcon_core.environment:checking '/home/chen/ros2_ws/install/cpp_srvcli' for CMake module files
[3.434s] Level 1:colcon.colcon_core.environment:checking '/home/chen/ros2_ws/install/cpp_srvcli' for CMake config files
[3.435s] Level 1:colcon.colcon_core.shell:create_environment_hook('cpp_srvcli', 'cmake_prefix_path')
[3.451s] INFO:colcon.colcon_core.shell:Creating environment hook '/home/chen/ros2_ws/install/cpp_srvcli/share/cpp_srvcli/hook/cmake_prefix_path.ps1'
[3.452s] INFO:colcon.colcon_core.shell:Creating environment descriptor '/home/chen/ros2_ws/install/cpp_srvcli/share/cpp_srvcli/hook/cmake_prefix_path.dsv'
[3.453s] INFO:colcon.colcon_core.shell:Creating environment hook '/home/chen/ros2_ws/install/cpp_srvcli/share/cpp_srvcli/hook/cmake_prefix_path.sh'
[3.459s] Level 1:colcon.colcon_core.environment:checking '/home/chen/ros2_ws/install/cpp_srvcli/lib'
[3.459s] Level 1:colcon.colcon_core.environment:checking '/home/chen/ros2_ws/install/cpp_srvcli/bin'
[3.459s] Level 1:colcon.colcon_core.environment:checking '/home/chen/ros2_ws/install/cpp_srvcli/lib/pkgconfig/cpp_srvcli.pc'
[3.460s] Level 1:colcon.colcon_core.environment:checking '/home/chen/ros2_ws/install/cpp_srvcli/lib/python3.8/site-packages'
[3.461s] Level 1:colcon.colcon_core.environment:checking '/home/chen/ros2_ws/install/cpp_srvcli/bin'
[3.464s] INFO:colcon.colcon_core.shell:Creating package script '/home/chen/ros2_ws/install/cpp_srvcli/share/cpp_srvcli/package.ps1'
[3.474s] INFO:colcon.colcon_core.shell:Creating package descriptor '/home/chen/ros2_ws/install/cpp_srvcli/share/cpp_srvcli/package.dsv'
[3.480s] INFO:colcon.colcon_core.shell:Creating package script '/home/chen/ros2_ws/install/cpp_srvcli/share/cpp_srvcli/package.sh'
[3.488s] INFO:colcon.colcon_core.shell:Creating package script '/home/chen/ros2_ws/install/cpp_srvcli/share/cpp_srvcli/package.bash'
[3.490s] INFO:colcon.colcon_core.shell:Creating package script '/home/chen/ros2_ws/install/cpp_srvcli/share/cpp_srvcli/package.zsh'
[3.497s] Level 1:colcon.colcon_core.environment:create_file_with_runtime_dependencies(/home/chen/ros2_ws/install/cpp_srvcli/share/colcon-core/packages/cpp_srvcli)
[25.286s] DEBUG:colcon.colcon_core.event_handler.log_command:Invoked command in '/home/chen/ros2_ws/build/cpp_pubsub' returned '0': CMAKE_PREFIX_PATH=${CMAKE_PREFIX_PATH}:/opt/ros/foxy /usr/bin/cmake --build /home/chen/ros2_ws/build/cpp_pubsub -- -j2 -l2
[25.415s] DEBUG:colcon.colcon_core.event_handler.log_command:Invoking command in '/home/chen/ros2_ws/build/cpp_pubsub': CMAKE_PREFIX_PATH=${CMAKE_PREFIX_PATH}:/opt/ros/foxy /usr/bin/cmake --install /home/chen/ros2_ws/build/cpp_pubsub
[25.531s] Level 1:colcon.colcon_core.environment:create_environment_scripts_only(cpp_pubsub)
[25.534s] Level 1:colcon.colcon_core.environment:checking '/home/chen/ros2_ws/install/cpp_pubsub' for CMake module files
[25.536s] Level 1:colcon.colcon_core.environment:checking '/home/chen/ros2_ws/install/cpp_pubsub' for CMake config files
[25.536s] Level 1:colcon.colcon_core.shell:create_environment_hook('cpp_pubsub', 'cmake_prefix_path')
[25.543s] INFO:colcon.colcon_core.shell:Creating environment hook '/home/chen/ros2_ws/install/cpp_pubsub/share/cpp_pubsub/hook/cmake_prefix_path.ps1'
[25.543s] DEBUG:colcon.colcon_core.event_handler.log_command:Invoked command in '/home/chen/ros2_ws/build/cpp_pubsub' returned '0': CMAKE_PREFIX_PATH=${CMAKE_PREFIX_PATH}:/opt/ros/foxy /usr/bin/cmake --install /home/chen/ros2_ws/build/cpp_pubsub
[25.545s] INFO:colcon.colcon_core.shell:Creating environment descriptor '/home/chen/ros2_ws/install/cpp_pubsub/share/cpp_pubsub/hook/cmake_prefix_path.dsv'
[25.546s] INFO:colcon.colcon_core.shell:Creating environment hook '/home/chen/ros2_ws/install/cpp_pubsub/share/cpp_pubsub/hook/cmake_prefix_path.sh'
[25.551s] Level 1:colcon.colcon_core.environment:checking '/home/chen/ros2_ws/install/cpp_pubsub/lib'
[25.551s] Level 1:colcon.colcon_core.environment:checking '/home/chen/ros2_ws/install/cpp_pubsub/bin'
[25.551s] Level 1:colcon.colcon_core.environment:checking '/home/chen/ros2_ws/install/cpp_pubsub/lib/pkgconfig/cpp_pubsub.pc'
[25.552s] Level 1:colcon.colcon_core.environment:checking '/home/chen/ros2_ws/install/cpp_pubsub/lib/python3.8/site-packages'
[25.552s] Level 1:colcon.colcon_core.environment:checking '/home/chen/ros2_ws/install/cpp_pubsub/bin'
[25.555s] INFO:colcon.colcon_core.shell:Creating package script '/home/chen/ros2_ws/install/cpp_pubsub/share/cpp_pubsub/package.ps1'
[25.560s] INFO:colcon.colcon_core.shell:Creating package descriptor '/home/chen/ros2_ws/install/cpp_pubsub/share/cpp_pubsub/package.dsv'
[25.560s] INFO:colcon.colcon_core.shell:Creating package script '/home/chen/ros2_ws/install/cpp_pubsub/share/cpp_pubsub/package.sh'
[25.562s] INFO:colcon.colcon_core.shell:Creating package script '/home/chen/ros2_ws/install/cpp_pubsub/share/cpp_pubsub/package.bash'
[25.563s] INFO:colcon.colcon_core.shell:Creating package script '/home/chen/ros2_ws/install/cpp_pubsub/share/cpp_pubsub/package.zsh'
[25.564s] Level 1:colcon.colcon_core.environment:create_file_with_runtime_dependencies(/home/chen/ros2_ws/install/cpp_pubsub/share/colcon-core/packages/cpp_pubsub)
[25.680s] Level 1:colcon.colcon_core.environment:create_environment_scripts_only(cpp_pubsub)
[25.688s] Level 1:colcon.colcon_core.environment:checking '/home/chen/ros2_ws/install/cpp_pubsub' for CMake module files
[25.690s] Level 1:colcon.colcon_core.environment:checking '/home/chen/ros2_ws/install/cpp_pubsub' for CMake config files
[25.691s] Level 1:colcon.colcon_core.shell:create_environment_hook('cpp_pubsub', 'cmake_prefix_path')
[25.694s] INFO:colcon.colcon_core.shell:Creating environment hook '/home/chen/ros2_ws/install/cpp_pubsub/share/cpp_pubsub/hook/cmake_prefix_path.ps1'
[25.700s] INFO:colcon.colcon_core.shell:Creating environment descriptor '/home/chen/ros2_ws/install/cpp_pubsub/share/cpp_pubsub/hook/cmake_prefix_path.dsv'
[25.701s] INFO:colcon.colcon_core.shell:Creating environment hook '/home/chen/ros2_ws/install/cpp_pubsub/share/cpp_pubsub/hook/cmake_prefix_path.sh'
[25.703s] Level 1:colcon.colcon_core.environment:checking '/home/chen/ros2_ws/install/cpp_pubsub/lib'
[25.704s] Level 1:colcon.colcon_core.environment:checking '/home/chen/ros2_ws/install/cpp_pubsub/bin'
[25.704s] Level 1:colcon.colcon_core.environment:checking '/home/chen/ros2_ws/install/cpp_pubsub/lib/pkgconfig/cpp_pubsub.pc'
[25.705s] Level 1:colcon.colcon_core.environment:checking '/home/chen/ros2_ws/install/cpp_pubsub/lib/python3.8/site-packages'
[25.706s] Level 1:colcon.colcon_core.environment:checking '/home/chen/ros2_ws/install/cpp_pubsub/bin'
[25.711s] INFO:colcon.colcon_core.shell:Creating package script '/home/chen/ros2_ws/install/cpp_pubsub/share/cpp_pubsub/package.ps1'
[25.722s] INFO:colcon.colcon_core.shell:Creating package descriptor '/home/chen/ros2_ws/install/cpp_pubsub/share/cpp_pubsub/package.dsv'
[25.723s] INFO:colcon.colcon_core.shell:Creating package script '/home/chen/ros2_ws/install/cpp_pubsub/share/cpp_pubsub/package.sh'
[25.724s] INFO:colcon.colcon_core.shell:Creating package script '/home/chen/ros2_ws/install/cpp_pubsub/share/cpp_pubsub/package.bash'
[25.724s] INFO:colcon.colcon_core.shell:Creating package script '/home/chen/ros2_ws/install/cpp_pubsub/share/cpp_pubsub/package.zsh'
[25.725s] Level 1:colcon.colcon_core.environment:create_file_with_runtime_dependencies(/home/chen/ros2_ws/install/cpp_pubsub/share/colcon-core/packages/cpp_pubsub)
[25.731s] DEBUG:colcon.colcon_parallel_executor.executor.parallel:closing loop
[25.732s] DEBUG:colcon.colcon_parallel_executor.executor.parallel:loop closed
[25.732s] DEBUG:colcon.colcon_parallel_executor.executor.parallel:run_until_complete finished with '0'
[25.732s] DEBUG:colcon.colcon_core.event_reactor:joining thread
[25.748s] INFO:colcon.colcon_core.plugin_system:Skipping extension 'colcon_notification.desktop_notification.terminal_notifier': Not used on non-Darwin systems
[25.748s] INFO:colcon.colcon_core.plugin_system:Skipping extension 'colcon_notification.desktop_notification.win32': Not used on non-Windows systems
[25.748s] INFO:colcon.colcon_notification.desktop_notification:Sending desktop notification using 'notify2'
[25.800s] DEBUG:colcon.colcon_core.event_reactor:joined thread
[25.804s] INFO:colcon.colcon_core.shell:Creating prefix script '/home/chen/ros2_ws/install/local_setup.ps1'
[25.809s] INFO:colcon.colcon_core.shell:Creating prefix util module '/home/chen/ros2_ws/install/_local_setup_util_ps1.py'
[25.819s] INFO:colcon.colcon_core.shell:Creating prefix chain script '/home/chen/ros2_ws/install/setup.ps1'
[25.822s] INFO:colcon.colcon_core.shell:Creating prefix script '/home/chen/ros2_ws/install/local_setup.sh'
[25.825s] INFO:colcon.colcon_core.shell:Creating prefix util module '/home/chen/ros2_ws/install/_local_setup_util_sh.py'
[25.830s] INFO:colcon.colcon_core.shell:Creating prefix chain script '/home/chen/ros2_ws/install/setup.sh'
[25.846s] INFO:colcon.colcon_core.shell:Creating prefix script '/home/chen/ros2_ws/install/local_setup.bash'
[25.848s] INFO:colcon.colcon_core.shell:Creating prefix chain script '/home/chen/ros2_ws/install/setup.bash'
[25.854s] INFO:colcon.colcon_core.shell:Creating prefix script '/home/chen/ros2_ws/install/local_setup.zsh'
[25.855s] INFO:colcon.colcon_core.shell:Creating prefix chain script '/home/chen/ros2_ws/install/setup.zsh'
