[0.069s] Invoking command in '/home/chen/ros2_ws/build/cpp_srvcli': CMAKE_PREFIX_PATH=/opt/ros/foxy /usr/bin/cmake /home/chen/ros2_ws/src/cpp_srvcli -DCMAKE_INSTALL_PREFIX=/home/chen/ros2_ws/install/cpp_srvcli
[0.110s] -- Found ament_cmake: 0.9.11 (/opt/ros/foxy/share/ament_cmake/cmake)
[0.161s] -- Using PYTHON_EXECUTABLE: /usr/bin/python3
[0.548s] -- Found rclcpp: 2.4.2 (/opt/ros/foxy/share/rclcpp/cmake)
[0.601s] -- Using all available rosidl_typesupport_c: rosidl_typesupport_fastrtps_c;rosidl_typesupport_introspection_c
[0.612s] -- Found rosidl_adapter: 1.3.0 (/opt/ros/foxy/share/rosidl_adapter/cmake)
[0.818s] -- Using all available rosidl_typesupport_cpp: rosidl_typesupport_fastrtps_cpp;rosidl_typesupport_introspection_cpp
[0.907s] -- Found rmw_implementation_cmake: 1.0.4 (/opt/ros/foxy/share/rmw_implementation_cmake/cmake)
[0.909s] -- Using RMW implementation 'rmw_fastrtps_cpp' as default
[1.167s] -- Found example_interfaces: 0.9.1 (/opt/ros/foxy/share/example_interfaces/cmake)
[1.358s] -- Found ament_lint_auto: 0.9.8 (/opt/ros/foxy/share/ament_lint_auto/cmake)
[1.472s] -- Added test 'copyright' to check source files copyright and LICENSE
[1.473s] -- Added test 'cppcheck' to perform static code analysis on C / C++ code
[1.473s] -- Configured cppcheck include dirs: 
[1.473s] -- Configured cppcheck exclude dirs and/or files: 
[1.475s] -- Added test 'cpplint' to check C / C++ code against the Google style
[1.476s] -- Configured cpplint exclude dirs and/or files: 
[1.477s] -- Added test 'lint_cmake' to check CMake code style
[1.479s] -- Added test 'uncrustify' to check C / C++ code style
[1.479s] -- Configured uncrustify additional arguments: 
[1.480s] -- Added test 'xmllint' to check XML markup files
[1.484s] -- Configuring done
[1.504s] -- Generating done
[1.508s] -- Build files have been written to: /home/chen/ros2_ws/build/cpp_srvcli
[1.518s] Invoked command in '/home/chen/ros2_ws/build/cpp_srvcli' returned '0': CMAKE_PREFIX_PATH=/opt/ros/foxy /usr/bin/cmake /home/chen/ros2_ws/src/cpp_srvcli -DCMAKE_INSTALL_PREFIX=/home/chen/ros2_ws/install/cpp_srvcli
[1.524s] Invoking command in '/home/chen/ros2_ws/build/cpp_srvcli': CMAKE_PREFIX_PATH=/opt/ros/foxy /usr/bin/cmake --build /home/chen/ros2_ws/build/cpp_srvcli -- -j2 -l2
[1.612s] [35m[1mScanning dependencies of target server[0m
[1.613s] [35m[1mScanning dependencies of target client[0m
[1.689s] [ 25%] [32mBuilding CXX object CMakeFiles/client.dir/src/add_two_ints_client.cpp.o[0m
[1.689s] [ 50%] [32mBuilding CXX object CMakeFiles/server.dir/src/add_two_ints_server.cpp.o[0m
[5.867s] [ 75%] [32m[1mLinking CXX executable server[0m
[6.147s] [ 75%] Built target server
[6.439s] [100%] [32m[1mLinking CXX executable client[0m
[6.707s] [100%] Built target client
[6.729s] Invoked command in '/home/chen/ros2_ws/build/cpp_srvcli' returned '0': CMAKE_PREFIX_PATH=/opt/ros/foxy /usr/bin/cmake --build /home/chen/ros2_ws/build/cpp_srvcli -- -j2 -l2
[6.785s] Invoking command in '/home/chen/ros2_ws/build/cpp_srvcli': CMAKE_PREFIX_PATH=/opt/ros/foxy /usr/bin/cmake --install /home/chen/ros2_ws/build/cpp_srvcli
[6.798s] -- Install configuration: ""
[6.798s] -- Installing: /home/chen/ros2_ws/install/cpp_srvcli/lib/cpp_srvcli/server
[6.800s] -- Set runtime path of "/home/chen/ros2_ws/install/cpp_srvcli/lib/cpp_srvcli/server" to ""
[6.800s] -- Installing: /home/chen/ros2_ws/install/cpp_srvcli/lib/cpp_srvcli/client
[6.801s] -- Set runtime path of "/home/chen/ros2_ws/install/cpp_srvcli/lib/cpp_srvcli/client" to ""
[6.801s] -- Installing: /home/chen/ros2_ws/install/cpp_srvcli/share/ament_index/resource_index/package_run_dependencies/cpp_srvcli
[6.802s] -- Installing: /home/chen/ros2_ws/install/cpp_srvcli/share/ament_index/resource_index/parent_prefix_path/cpp_srvcli
[6.802s] -- Installing: /home/chen/ros2_ws/install/cpp_srvcli/share/cpp_srvcli/environment/ament_prefix_path.sh
[6.802s] -- Installing: /home/chen/ros2_ws/install/cpp_srvcli/share/cpp_srvcli/environment/ament_prefix_path.dsv
[6.803s] -- Installing: /home/chen/ros2_ws/install/cpp_srvcli/share/cpp_srvcli/environment/path.sh
[6.803s] -- Installing: /home/chen/ros2_ws/install/cpp_srvcli/share/cpp_srvcli/environment/path.dsv
[6.803s] -- Installing: /home/chen/ros2_ws/install/cpp_srvcli/share/cpp_srvcli/local_setup.bash
[6.805s] -- Installing: /home/chen/ros2_ws/install/cpp_srvcli/share/cpp_srvcli/local_setup.sh
[6.806s] -- Installing: /home/chen/ros2_ws/install/cpp_srvcli/share/cpp_srvcli/local_setup.zsh
[6.808s] -- Installing: /home/chen/ros2_ws/install/cpp_srvcli/share/cpp_srvcli/local_setup.dsv
[6.808s] -- Installing: /home/chen/ros2_ws/install/cpp_srvcli/share/cpp_srvcli/package.dsv
[6.809s] -- Installing: /home/chen/ros2_ws/install/cpp_srvcli/share/ament_index/resource_index/packages/cpp_srvcli
[6.809s] -- Installing: /home/chen/ros2_ws/install/cpp_srvcli/share/cpp_srvcli/cmake/cpp_srvcliConfig.cmake
[6.810s] -- Installing: /home/chen/ros2_ws/install/cpp_srvcli/share/cpp_srvcli/cmake/cpp_srvcliConfig-version.cmake
[6.810s] -- Installing: /home/chen/ros2_ws/install/cpp_srvcli/share/cpp_srvcli/package.xml
[6.820s] Invoked command in '/home/chen/ros2_ws/build/cpp_srvcli' returned '0': CMAKE_PREFIX_PATH=/opt/ros/foxy /usr/bin/cmake --install /home/chen/ros2_ws/build/cpp_srvcli
