[0.115s] Invoking command in '/home/chen/ros2_ws/build/cpp_pubsub': CMAKE_PREFIX_PATH=${CMAKE_PREFIX_PATH}:/opt/ros/foxy /usr/bin/cmake --build /home/chen/ros2_ws/build/cpp_pubsub -- -j2 -l2
[0.799s] [ 75%] Built target listener
[0.805s] [100%] Built target talker
[0.897s] Invoked command in '/home/chen/ros2_ws/build/cpp_pubsub' returned '0': CMAKE_PREFIX_PATH=${CMAKE_PREFIX_PATH}:/opt/ros/foxy /usr/bin/cmake --build /home/chen/ros2_ws/build/cpp_pubsub -- -j2 -l2
[1.240s] Invoking command in '/home/chen/ros2_ws/build/cpp_pubsub': CMAKE_PREFIX_PATH=${CMAKE_PREFIX_PATH}:/opt/ros/foxy /usr/bin/cmake --install /home/chen/ros2_ws/build/cpp_pubsub
[1.295s] -- Install configuration: "RelWithDebInfo"
[1.301s] -- Execute custom install script
[1.303s] -- Up-to-date symlink: /home/chen/ros2_ws/install/cpp_pubsub/lib/cpp_pubsub/talker
[1.309s] -- Up-to-date symlink: /home/chen/ros2_ws/install/cpp_pubsub/lib/cpp_pubsub/listener
[1.310s] -- Up-to-date symlink: /home/chen/ros2_ws/install/cpp_pubsub/share/ament_index/resource_index/package_run_dependencies/cpp_pubsub
[1.311s] -- Up-to-date symlink: /home/chen/ros2_ws/install/cpp_pubsub/share/ament_index/resource_index/parent_prefix_path/cpp_pubsub
[1.313s] -- Up-to-date symlink: /home/chen/ros2_ws/install/cpp_pubsub/share/cpp_pubsub/environment/ament_prefix_path.sh
[1.313s] -- Up-to-date symlink: /home/chen/ros2_ws/install/cpp_pubsub/share/cpp_pubsub/environment/ament_prefix_path.dsv
[1.316s] -- Up-to-date symlink: /home/chen/ros2_ws/install/cpp_pubsub/share/cpp_pubsub/environment/path.sh
[1.317s] -- Up-to-date symlink: /home/chen/ros2_ws/install/cpp_pubsub/share/cpp_pubsub/environment/path.dsv
[1.321s] -- Up-to-date symlink: /home/chen/ros2_ws/install/cpp_pubsub/share/cpp_pubsub/local_setup.bash
[1.330s] -- Up-to-date symlink: /home/chen/ros2_ws/install/cpp_pubsub/share/cpp_pubsub/local_setup.sh
[1.332s] -- Up-to-date symlink: /home/chen/ros2_ws/install/cpp_pubsub/share/cpp_pubsub/local_setup.zsh
[1.338s] -- Up-to-date symlink: /home/chen/ros2_ws/install/cpp_pubsub/share/cpp_pubsub/local_setup.dsv
[1.339s] -- Symlinking: /home/chen/ros2_ws/install/cpp_pubsub/share/cpp_pubsub/package.dsv
[1.386s] -- Up-to-date symlink: /home/chen/ros2_ws/install/cpp_pubsub/share/ament_index/resource_index/packages/cpp_pubsub
[1.397s] -- Up-to-date symlink: /home/chen/ros2_ws/install/cpp_pubsub/share/cpp_pubsub/cmake/cpp_pubsubConfig.cmake
[1.398s] -- Up-to-date symlink: /home/chen/ros2_ws/install/cpp_pubsub/share/cpp_pubsub/cmake/cpp_pubsubConfig-version.cmake
[1.399s] -- Up-to-date symlink: /home/chen/ros2_ws/install/cpp_pubsub/share/cpp_pubsub/package.xml
[1.425s] Invoked command in '/home/chen/ros2_ws/build/cpp_pubsub' returned '0': CMAKE_PREFIX_PATH=${CMAKE_PREFIX_PATH}:/opt/ros/foxy /usr/bin/cmake --install /home/chen/ros2_ws/build/cpp_pubsub
