[0.163s] Invoking command in '/home/chen/ros2_ws/build/cpp_pubsub': CMAKE_PREFIX_PATH=${CMAKE_PREFIX_PATH}:/opt/ros/foxy /usr/bin/cmake --build /home/chen/ros2_ws/build/cpp_pubsub -- -j2 -l2
[0.978s] [  1%] Built target cpp_pubsub__cpp
[1.477s] [ 11%] Built target cpp_pubsub__rosidl_generator_c
[1.843s] [ 15%] Built target talker
[2.254s] [ 19%] Built target listener
[2.525s] [ 29%] Built target cpp_pubsub__rosidl_typesupport_cpp
[2.845s] [ 39%] Built target cpp_pubsub__rosidl_typesupport_fastrtps_cpp
[3.080s] [ 49%] Built target cpp_pubsub__rosidl_typesupport_introspection_cpp
[3.321s] [ 58%] Built target cpp_pubsub__rosidl_typesupport_introspection_c
[3.535s] [ 68%] Built target cpp_pubsub__rosidl_typesupport_c
[3.744s] [ 78%] Built target cpp_pubsub__rosidl_typesupport_fastrtps_c
[3.877s] [ 78%] Built target cpp_pubsub
[4.012s] [ 80%] Built target cpp_pubsub__py
[4.157s] [ 88%] Built target cpp_pubsub__python
[4.234s] [ 92%] Built target cpp_pubsub__rosidl_typesupport_introspection_c__pyext
[4.374s] [ 96%] Built target cpp_pubsub__rosidl_typesupport_fastrtps_c__pyext
[4.494s] [100%] Built target cpp_pubsub__rosidl_typesupport_c__pyext
[4.569s] Invoked command in '/home/chen/ros2_ws/build/cpp_pubsub' returned '0': CMAKE_PREFIX_PATH=${CMAKE_PREFIX_PATH}:/opt/ros/foxy /usr/bin/cmake --build /home/chen/ros2_ws/build/cpp_pubsub -- -j2 -l2
[5.323s] Invoking command in '/home/chen/ros2_ws/build/cpp_pubsub': CMAKE_PREFIX_PATH=${CMAKE_PREFIX_PATH}:/opt/ros/foxy /usr/bin/cmake --install /home/chen/ros2_ws/build/cpp_pubsub
[5.448s] -- Install configuration: "RelWithDebInfo"
[5.462s] -- Execute custom install script
[5.462s] -- Up-to-date symlink: /home/chen/ros2_ws/install/cpp_pubsub/share/ament_index/resource_index/rosidl_interfaces/cpp_pubsub
[5.464s] -- Up-to-date symlink: /home/chen/ros2_ws/install/cpp_pubsub/include/cpp_pubsub/msg/detail/num__functions.h
[5.464s] -- Up-to-date symlink: /home/chen/ros2_ws/install/cpp_pubsub/include/cpp_pubsub/msg/detail/num__struct.h
[5.464s] -- Up-to-date symlink: /home/chen/ros2_ws/install/cpp_pubsub/include/cpp_pubsub/msg/detail/num__type_support.h
[5.464s] -- Up-to-date symlink: /home/chen/ros2_ws/install/cpp_pubsub/include/cpp_pubsub/msg/detail/sphere__functions.h
[5.466s] -- Up-to-date symlink: /home/chen/ros2_ws/install/cpp_pubsub/include/cpp_pubsub/msg/detail/sphere__struct.h
[5.466s] -- Up-to-date symlink: /home/chen/ros2_ws/install/cpp_pubsub/include/cpp_pubsub/msg/detail/sphere__type_support.h
[5.467s] -- Up-to-date symlink: /home/chen/ros2_ws/install/cpp_pubsub/include/cpp_pubsub/msg/num.h
[5.467s] -- Up-to-date symlink: /home/chen/ros2_ws/install/cpp_pubsub/include/cpp_pubsub/msg/rosidl_generator_c__visibility_control.h
[5.468s] -- Up-to-date symlink: /home/chen/ros2_ws/install/cpp_pubsub/include/cpp_pubsub/msg/sphere.h
[5.468s] -- Up-to-date symlink: /home/chen/ros2_ws/install/cpp_pubsub/include/cpp_pubsub/srv/add_three_ints.h
[5.469s] -- Up-to-date symlink: /home/chen/ros2_ws/install/cpp_pubsub/include/cpp_pubsub/srv/detail/add_three_ints__functions.h
[5.473s] -- Up-to-date symlink: /home/chen/ros2_ws/install/cpp_pubsub/include/cpp_pubsub/srv/detail/add_three_ints__struct.h
[5.478s] -- Up-to-date symlink: /home/chen/ros2_ws/install/cpp_pubsub/include/cpp_pubsub/srv/detail/add_three_ints__type_support.h
[5.478s] -- Up-to-date symlink: /home/chen/ros2_ws/install/cpp_pubsub/share/cpp_pubsub/environment/library_path.sh
[5.479s] -- Up-to-date symlink: /home/chen/ros2_ws/install/cpp_pubsub/share/cpp_pubsub/environment/library_path.dsv
[5.485s] -- Up-to-date symlink: /home/chen/ros2_ws/install/cpp_pubsub/include/cpp_pubsub/msg/detail/num__rosidl_typesupport_fastrtps_c.h
[5.493s] -- Up-to-date symlink: /home/chen/ros2_ws/install/cpp_pubsub/include/cpp_pubsub/msg/detail/sphere__rosidl_typesupport_fastrtps_c.h
[5.494s] -- Up-to-date symlink: /home/chen/ros2_ws/install/cpp_pubsub/include/cpp_pubsub/msg/rosidl_typesupport_fastrtps_c__visibility_control.h
[5.494s] -- Up-to-date symlink: /home/chen/ros2_ws/install/cpp_pubsub/include/cpp_pubsub/srv/detail/add_three_ints__rosidl_typesupport_fastrtps_c.h
[5.497s] -- Up-to-date symlink: /home/chen/ros2_ws/install/cpp_pubsub/lib/libcpp_pubsub__rosidl_typesupport_fastrtps_c.so
[5.499s] -- Up-to-date symlink: /home/chen/ros2_ws/install/cpp_pubsub/include/cpp_pubsub/msg/detail/num__rosidl_typesupport_fastrtps_cpp.hpp
[5.500s] -- Up-to-date symlink: /home/chen/ros2_ws/install/cpp_pubsub/include/cpp_pubsub/msg/detail/sphere__rosidl_typesupport_fastrtps_cpp.hpp
[5.500s] -- Up-to-date symlink: /home/chen/ros2_ws/install/cpp_pubsub/include/cpp_pubsub/msg/rosidl_typesupport_fastrtps_cpp__visibility_control.h
[5.500s] -- Up-to-date symlink: /home/chen/ros2_ws/install/cpp_pubsub/include/cpp_pubsub/srv/detail/add_three_ints__rosidl_typesupport_fastrtps_cpp.hpp
[5.507s] -- Up-to-date symlink: /home/chen/ros2_ws/install/cpp_pubsub/lib/libcpp_pubsub__rosidl_typesupport_fastrtps_cpp.so
[5.508s] -- Up-to-date symlink: /home/chen/ros2_ws/install/cpp_pubsub/include/cpp_pubsub/msg/detail/num__rosidl_typesupport_introspection_c.h
[5.509s] -- Up-to-date symlink: /home/chen/ros2_ws/install/cpp_pubsub/include/cpp_pubsub/msg/detail/sphere__rosidl_typesupport_introspection_c.h
[5.509s] -- Up-to-date symlink: /home/chen/ros2_ws/install/cpp_pubsub/include/cpp_pubsub/msg/rosidl_typesupport_introspection_c__visibility_control.h
[5.510s] -- Up-to-date symlink: /home/chen/ros2_ws/install/cpp_pubsub/include/cpp_pubsub/srv/detail/add_three_ints__rosidl_typesupport_introspection_c.h
[5.510s] -- Up-to-date symlink: /home/chen/ros2_ws/install/cpp_pubsub/include/cpp_pubsub/msg/detail/num__builder.hpp
[5.510s] -- Up-to-date symlink: /home/chen/ros2_ws/install/cpp_pubsub/include/cpp_pubsub/msg/detail/num__struct.hpp
[5.520s] -- Up-to-date symlink: /home/chen/ros2_ws/install/cpp_pubsub/include/cpp_pubsub/msg/detail/num__traits.hpp
[5.524s] -- Up-to-date symlink: /home/chen/ros2_ws/install/cpp_pubsub/include/cpp_pubsub/msg/detail/sphere__builder.hpp
[5.525s] -- Up-to-date symlink: /home/chen/ros2_ws/install/cpp_pubsub/include/cpp_pubsub/msg/detail/sphere__struct.hpp
[5.525s] -- Up-to-date symlink: /home/chen/ros2_ws/install/cpp_pubsub/include/cpp_pubsub/msg/detail/sphere__traits.hpp
[5.525s] -- Up-to-date symlink: /home/chen/ros2_ws/install/cpp_pubsub/include/cpp_pubsub/msg/num.hpp
[5.525s] -- Up-to-date symlink: /home/chen/ros2_ws/install/cpp_pubsub/include/cpp_pubsub/msg/sphere.hpp
[5.527s] -- Up-to-date symlink: /home/chen/ros2_ws/install/cpp_pubsub/include/cpp_pubsub/srv/add_three_ints.hpp
[5.527s] -- Up-to-date symlink: /home/chen/ros2_ws/install/cpp_pubsub/include/cpp_pubsub/srv/detail/add_three_ints__builder.hpp
[5.527s] -- Up-to-date symlink: /home/chen/ros2_ws/install/cpp_pubsub/include/cpp_pubsub/srv/detail/add_three_ints__struct.hpp
[5.527s] -- Up-to-date symlink: /home/chen/ros2_ws/install/cpp_pubsub/include/cpp_pubsub/srv/detail/add_three_ints__traits.hpp
[5.534s] -- Up-to-date symlink: /home/chen/ros2_ws/install/cpp_pubsub/include/cpp_pubsub/msg/detail/num__rosidl_typesupport_introspection_cpp.hpp
[5.538s] -- Up-to-date symlink: /home/chen/ros2_ws/install/cpp_pubsub/include/cpp_pubsub/msg/detail/sphere__rosidl_typesupport_introspection_cpp.hpp
[5.544s] -- Up-to-date symlink: /home/chen/ros2_ws/install/cpp_pubsub/include/cpp_pubsub/srv/detail/add_three_ints__rosidl_typesupport_introspection_cpp.hpp
[5.551s] -- Up-to-date symlink: /home/chen/ros2_ws/install/cpp_pubsub/share/cpp_pubsub/environment/pythonpath.sh
[5.552s] -- Up-to-date symlink: /home/chen/ros2_ws/install/cpp_pubsub/share/cpp_pubsub/environment/pythonpath.dsv
[5.552s] -- Up-to-date symlink: /home/chen/ros2_ws/install/cpp_pubsub/lib/python3.8/site-packages/cpp_pubsub/__init__.py
[5.552s] -- Up-to-date symlink: /home/chen/ros2_ws/install/cpp_pubsub/lib/python3.8/site-packages/cpp_pubsub/msg/__init__.py
[5.552s] -- Up-to-date symlink: /home/chen/ros2_ws/install/cpp_pubsub/lib/python3.8/site-packages/cpp_pubsub/msg/_num.py
[5.552s] -- Up-to-date symlink: /home/chen/ros2_ws/install/cpp_pubsub/lib/python3.8/site-packages/cpp_pubsub/msg/_sphere.py
[5.552s] -- Up-to-date symlink: /home/chen/ros2_ws/install/cpp_pubsub/lib/python3.8/site-packages/cpp_pubsub/srv/__init__.py
[5.552s] -- Up-to-date symlink: /home/chen/ros2_ws/install/cpp_pubsub/lib/python3.8/site-packages/cpp_pubsub/srv/_add_three_ints.py
[5.553s] -- Up-to-date symlink: /home/chen/ros2_ws/install/cpp_pubsub/lib/python3.8/site-packages/cpp_pubsub/cpp_pubsub_s__rosidl_typesupport_fastrtps_c.cpython-38-x86_64-linux-gnu.so
[5.556s] -- Up-to-date symlink: /home/chen/ros2_ws/install/cpp_pubsub/lib/python3.8/site-packages/cpp_pubsub/cpp_pubsub_s__rosidl_typesupport_introspection_c.cpython-38-x86_64-linux-gnu.so
[5.558s] -- Up-to-date symlink: /home/chen/ros2_ws/install/cpp_pubsub/lib/python3.8/site-packages/cpp_pubsub/cpp_pubsub_s__rosidl_typesupport_c.cpython-38-x86_64-linux-gnu.so
[5.566s] -- Up-to-date symlink: /home/chen/ros2_ws/install/cpp_pubsub/lib/libcpp_pubsub__python.so
[5.567s] -- Up-to-date symlink: /home/chen/ros2_ws/install/cpp_pubsub/share/cpp_pubsub/msg/Num.idl
[5.567s] -- Up-to-date symlink: /home/chen/ros2_ws/install/cpp_pubsub/share/cpp_pubsub/msg/Sphere.idl
[5.575s] -- Up-to-date symlink: /home/chen/ros2_ws/install/cpp_pubsub/share/cpp_pubsub/srv/AddThreeInts.idl
[5.575s] -- Up-to-date symlink: /home/chen/ros2_ws/install/cpp_pubsub/share/cpp_pubsub/msg/Num.msg
[5.576s] -- Up-to-date symlink: /home/chen/ros2_ws/install/cpp_pubsub/share/cpp_pubsub/msg/Sphere.msg
[5.576s] -- Up-to-date symlink: /home/chen/ros2_ws/install/cpp_pubsub/share/cpp_pubsub/srv/AddThreeInts.srv
[5.576s] -- Up-to-date symlink: /home/chen/ros2_ws/install/cpp_pubsub/share/cpp_pubsub/srv/AddThreeInts_Request.msg
[5.583s] -- Up-to-date symlink: /home/chen/ros2_ws/install/cpp_pubsub/share/cpp_pubsub/srv/AddThreeInts_Response.msg
[5.601s] -- Up-to-date symlink: /home/chen/ros2_ws/install/cpp_pubsub/lib/cpp_pubsub/talker
[5.602s] -- Up-to-date symlink: /home/chen/ros2_ws/install/cpp_pubsub/lib/cpp_pubsub/listener
[5.604s] -- Up-to-date symlink: /home/chen/ros2_ws/install/cpp_pubsub/share/ament_index/resource_index/package_run_dependencies/cpp_pubsub
[5.610s] -- Up-to-date symlink: /home/chen/ros2_ws/install/cpp_pubsub/share/ament_index/resource_index/parent_prefix_path/cpp_pubsub
[5.610s] -- Up-to-date symlink: /home/chen/ros2_ws/install/cpp_pubsub/share/cpp_pubsub/environment/ament_prefix_path.sh
[5.617s] -- Up-to-date symlink: /home/chen/ros2_ws/install/cpp_pubsub/share/cpp_pubsub/environment/ament_prefix_path.dsv
[5.624s] -- Up-to-date symlink: /home/chen/ros2_ws/install/cpp_pubsub/share/cpp_pubsub/environment/path.sh
[5.627s] -- Up-to-date symlink: /home/chen/ros2_ws/install/cpp_pubsub/share/cpp_pubsub/environment/path.dsv
[5.627s] -- Up-to-date symlink: /home/chen/ros2_ws/install/cpp_pubsub/share/cpp_pubsub/local_setup.bash
[5.628s] -- Up-to-date symlink: /home/chen/ros2_ws/install/cpp_pubsub/share/cpp_pubsub/local_setup.sh
[5.628s] -- Up-to-date symlink: /home/chen/ros2_ws/install/cpp_pubsub/share/cpp_pubsub/local_setup.zsh
[5.629s] -- Up-to-date symlink: /home/chen/ros2_ws/install/cpp_pubsub/share/cpp_pubsub/local_setup.dsv
[5.633s] -- Symlinking: /home/chen/ros2_ws/install/cpp_pubsub/share/cpp_pubsub/package.dsv
[5.727s] -- Up-to-date symlink: /home/chen/ros2_ws/install/cpp_pubsub/share/ament_index/resource_index/packages/cpp_pubsub
[5.728s] -- Up-to-date symlink: /home/chen/ros2_ws/install/cpp_pubsub/share/cpp_pubsub/cmake/rosidl_cmake-extras.cmake
[5.729s] -- Up-to-date symlink: /home/chen/ros2_ws/install/cpp_pubsub/share/cpp_pubsub/cmake/ament_cmake_export_dependencies-extras.cmake
[5.731s] -- Up-to-date symlink: /home/chen/ros2_ws/install/cpp_pubsub/share/cpp_pubsub/cmake/ament_cmake_export_libraries-extras.cmake
[5.732s] -- Up-to-date symlink: /home/chen/ros2_ws/install/cpp_pubsub/share/cpp_pubsub/cmake/ament_cmake_export_targets-extras.cmake
[5.732s] -- Up-to-date symlink: /home/chen/ros2_ws/install/cpp_pubsub/share/cpp_pubsub/cmake/ament_cmake_export_include_directories-extras.cmake
[5.733s] -- Up-to-date symlink: /home/chen/ros2_ws/install/cpp_pubsub/share/cpp_pubsub/cmake/rosidl_cmake_export_typesupport_libraries-extras.cmake
[5.733s] -- Up-to-date symlink: /home/chen/ros2_ws/install/cpp_pubsub/share/cpp_pubsub/cmake/rosidl_cmake_export_typesupport_targets-extras.cmake
[5.734s] -- Up-to-date symlink: /home/chen/ros2_ws/install/cpp_pubsub/share/cpp_pubsub/cmake/cpp_pubsubConfig.cmake
[5.734s] -- Up-to-date symlink: /home/chen/ros2_ws/install/cpp_pubsub/share/cpp_pubsub/cmake/cpp_pubsubConfig-version.cmake
[5.734s] -- Up-to-date symlink: /home/chen/ros2_ws/install/cpp_pubsub/share/cpp_pubsub/package.xml
[5.744s] -- Up-to-date: /home/chen/ros2_ws/install/cpp_pubsub/lib/libcpp_pubsub__rosidl_generator_c.so
[5.749s] -- Up-to-date: /home/chen/ros2_ws/install/cpp_pubsub/lib/libcpp_pubsub__rosidl_typesupport_introspection_c.so
[5.752s] -- Up-to-date: /home/chen/ros2_ws/install/cpp_pubsub/lib/libcpp_pubsub__rosidl_typesupport_c.so
[5.765s] -- Up-to-date: /home/chen/ros2_ws/install/cpp_pubsub/lib/libcpp_pubsub__rosidl_typesupport_introspection_cpp.so
[5.773s] -- Up-to-date: /home/chen/ros2_ws/install/cpp_pubsub/lib/libcpp_pubsub__rosidl_typesupport_cpp.so
[5.925s] -- Up-to-date: /home/chen/ros2_ws/install/cpp_pubsub/share/cpp_pubsub/cmake/cpp_pubsub__rosidl_generator_cExport.cmake
[5.925s] -- Up-to-date: /home/chen/ros2_ws/install/cpp_pubsub/share/cpp_pubsub/cmake/cpp_pubsub__rosidl_generator_cExport-relwithdebinfo.cmake
[5.926s] -- Up-to-date: /home/chen/ros2_ws/install/cpp_pubsub/share/cpp_pubsub/cmake/cpp_pubsub__rosidl_typesupport_introspection_cExport.cmake
[5.926s] -- Up-to-date: /home/chen/ros2_ws/install/cpp_pubsub/share/cpp_pubsub/cmake/cpp_pubsub__rosidl_typesupport_introspection_cExport-relwithdebinfo.cmake
[5.927s] -- Up-to-date: /home/chen/ros2_ws/install/cpp_pubsub/share/cpp_pubsub/cmake/cpp_pubsub__rosidl_typesupport_cExport.cmake
[5.928s] -- Up-to-date: /home/chen/ros2_ws/install/cpp_pubsub/share/cpp_pubsub/cmake/cpp_pubsub__rosidl_typesupport_cExport-relwithdebinfo.cmake
[5.930s] -- Up-to-date: /home/chen/ros2_ws/install/cpp_pubsub/share/cpp_pubsub/cmake/cpp_pubsub__rosidl_generator_cppExport.cmake
[5.935s] -- Up-to-date: /home/chen/ros2_ws/install/cpp_pubsub/share/cpp_pubsub/cmake/cpp_pubsub__rosidl_typesupport_introspection_cppExport.cmake
[5.935s] -- Up-to-date: /home/chen/ros2_ws/install/cpp_pubsub/share/cpp_pubsub/cmake/cpp_pubsub__rosidl_typesupport_introspection_cppExport-relwithdebinfo.cmake
[5.939s] -- Up-to-date: /home/chen/ros2_ws/install/cpp_pubsub/share/cpp_pubsub/cmake/cpp_pubsub__rosidl_typesupport_cppExport.cmake
[5.943s] -- Up-to-date: /home/chen/ros2_ws/install/cpp_pubsub/share/cpp_pubsub/cmake/cpp_pubsub__rosidl_typesupport_cppExport-relwithdebinfo.cmake
[5.986s] Invoked command in '/home/chen/ros2_ws/build/cpp_pubsub' returned '0': CMAKE_PREFIX_PATH=${CMAKE_PREFIX_PATH}:/opt/ros/foxy /usr/bin/cmake --install /home/chen/ros2_ws/build/cpp_pubsub
