[0.120s] Invoking command in '/home/chen/ros2_ws/build/cpp_pubsub': CMAKE_PREFIX_PATH=${CMAKE_PREFIX_PATH}:/opt/ros/foxy /usr/bin/cmake --build /home/chen/ros2_ws/build/cpp_pubsub -- -j2 -l2
[0.438s] [  1%] Built target cpp_pubsub__cpp
[0.597s] [ 11%] Built target cpp_pubsub__rosidl_generator_c
[0.682s] [35m[1mScanning dependencies of target talker[0m
[0.902s] [ 13%] [32mBuilding CXX object CMakeFiles/talker.dir/src/publisher_member_function.cpp.o[0m
[17.296s] [ 15%] [32m[1mLinking CXX executable talker[0m
[17.799s] [ 15%] Built target talker
[17.926s] [ 19%] Built target listener
[18.031s] [ 29%] Built target cpp_pubsub__rosidl_typesupport_cpp
[18.171s] [ 39%] Built target cpp_pubsub__rosidl_typesupport_fastrtps_cpp
[18.277s] [ 49%] Built target cpp_pubsub__rosidl_typesupport_introspection_cpp
[18.397s] [ 58%] Built target cpp_pubsub__rosidl_typesupport_introspection_c
[18.507s] [ 68%] Built target cpp_pubsub__rosidl_typesupport_c
[18.616s] [ 78%] Built target cpp_pubsub__rosidl_typesupport_fastrtps_c
[18.696s] [ 78%] Built target cpp_pubsub
[18.758s] [ 80%] Built target cpp_pubsub__py
[18.902s] [ 88%] Built target cpp_pubsub__python
[19.017s] [ 92%] Built target cpp_pubsub__rosidl_typesupport_introspection_c__pyext
[19.123s] [ 96%] Built target cpp_pubsub__rosidl_typesupport_fastrtps_c__pyext
[19.220s] [100%] Built target cpp_pubsub__rosidl_typesupport_c__pyext
[19.274s] Invoked command in '/home/chen/ros2_ws/build/cpp_pubsub' returned '0': CMAKE_PREFIX_PATH=${CMAKE_PREFIX_PATH}:/opt/ros/foxy /usr/bin/cmake --build /home/chen/ros2_ws/build/cpp_pubsub -- -j2 -l2
[19.675s] Invoking command in '/home/chen/ros2_ws/build/cpp_pubsub': CMAKE_PREFIX_PATH=${CMAKE_PREFIX_PATH}:/opt/ros/foxy /usr/bin/cmake --install /home/chen/ros2_ws/build/cpp_pubsub
[19.712s] -- Install configuration: "RelWithDebInfo"
[19.713s] -- Execute custom install script
[19.718s] -- Up-to-date symlink: /home/chen/ros2_ws/install/cpp_pubsub/share/ament_index/resource_index/rosidl_interfaces/cpp_pubsub
[19.722s] -- Up-to-date symlink: /home/chen/ros2_ws/install/cpp_pubsub/include/cpp_pubsub/msg/detail/num__functions.h
[19.722s] -- Up-to-date symlink: /home/chen/ros2_ws/install/cpp_pubsub/include/cpp_pubsub/msg/detail/num__struct.h
[19.723s] -- Up-to-date symlink: /home/chen/ros2_ws/install/cpp_pubsub/include/cpp_pubsub/msg/detail/num__type_support.h
[19.723s] -- Up-to-date symlink: /home/chen/ros2_ws/install/cpp_pubsub/include/cpp_pubsub/msg/detail/sphere__functions.h
[19.724s] -- Up-to-date symlink: /home/chen/ros2_ws/install/cpp_pubsub/include/cpp_pubsub/msg/detail/sphere__struct.h
[19.724s] -- Up-to-date symlink: /home/chen/ros2_ws/install/cpp_pubsub/include/cpp_pubsub/msg/detail/sphere__type_support.h
[19.725s] -- Up-to-date symlink: /home/chen/ros2_ws/install/cpp_pubsub/include/cpp_pubsub/msg/num.h
[19.726s] -- Up-to-date symlink: /home/chen/ros2_ws/install/cpp_pubsub/include/cpp_pubsub/msg/rosidl_generator_c__visibility_control.h
[19.726s] -- Up-to-date symlink: /home/chen/ros2_ws/install/cpp_pubsub/include/cpp_pubsub/msg/sphere.h
[19.727s] -- Up-to-date symlink: /home/chen/ros2_ws/install/cpp_pubsub/include/cpp_pubsub/srv/add_three_ints.h
[19.730s] -- Up-to-date symlink: /home/chen/ros2_ws/install/cpp_pubsub/include/cpp_pubsub/srv/detail/add_three_ints__functions.h
[19.730s] -- Up-to-date symlink: /home/chen/ros2_ws/install/cpp_pubsub/include/cpp_pubsub/srv/detail/add_three_ints__struct.h
[19.731s] -- Up-to-date symlink: /home/chen/ros2_ws/install/cpp_pubsub/include/cpp_pubsub/srv/detail/add_three_ints__type_support.h
[19.732s] -- Up-to-date symlink: /home/chen/ros2_ws/install/cpp_pubsub/share/cpp_pubsub/environment/library_path.sh
[19.733s] -- Up-to-date symlink: /home/chen/ros2_ws/install/cpp_pubsub/share/cpp_pubsub/environment/library_path.dsv
[19.739s] -- Up-to-date symlink: /home/chen/ros2_ws/install/cpp_pubsub/include/cpp_pubsub/msg/detail/num__rosidl_typesupport_fastrtps_c.h
[19.742s] -- Up-to-date symlink: /home/chen/ros2_ws/install/cpp_pubsub/include/cpp_pubsub/msg/detail/sphere__rosidl_typesupport_fastrtps_c.h
[19.742s] -- Up-to-date symlink: /home/chen/ros2_ws/install/cpp_pubsub/include/cpp_pubsub/msg/rosidl_typesupport_fastrtps_c__visibility_control.h
[19.743s] -- Up-to-date symlink: /home/chen/ros2_ws/install/cpp_pubsub/include/cpp_pubsub/srv/detail/add_three_ints__rosidl_typesupport_fastrtps_c.h
[19.744s] -- Up-to-date symlink: /home/chen/ros2_ws/install/cpp_pubsub/lib/libcpp_pubsub__rosidl_typesupport_fastrtps_c.so
[19.747s] -- Up-to-date symlink: /home/chen/ros2_ws/install/cpp_pubsub/include/cpp_pubsub/msg/detail/num__rosidl_typesupport_fastrtps_cpp.hpp
[19.748s] -- Up-to-date symlink: /home/chen/ros2_ws/install/cpp_pubsub/include/cpp_pubsub/msg/detail/sphere__rosidl_typesupport_fastrtps_cpp.hpp
[19.748s] -- Up-to-date symlink: /home/chen/ros2_ws/install/cpp_pubsub/include/cpp_pubsub/msg/rosidl_typesupport_fastrtps_cpp__visibility_control.h
[19.750s] -- Up-to-date symlink: /home/chen/ros2_ws/install/cpp_pubsub/include/cpp_pubsub/srv/detail/add_three_ints__rosidl_typesupport_fastrtps_cpp.hpp
[19.751s] -- Up-to-date symlink: /home/chen/ros2_ws/install/cpp_pubsub/lib/libcpp_pubsub__rosidl_typesupport_fastrtps_cpp.so
[19.752s] -- Up-to-date symlink: /home/chen/ros2_ws/install/cpp_pubsub/include/cpp_pubsub/msg/detail/num__rosidl_typesupport_introspection_c.h
[19.753s] -- Up-to-date symlink: /home/chen/ros2_ws/install/cpp_pubsub/include/cpp_pubsub/msg/detail/sphere__rosidl_typesupport_introspection_c.h
[19.753s] -- Up-to-date symlink: /home/chen/ros2_ws/install/cpp_pubsub/include/cpp_pubsub/msg/rosidl_typesupport_introspection_c__visibility_control.h
[19.754s] -- Up-to-date symlink: /home/chen/ros2_ws/install/cpp_pubsub/include/cpp_pubsub/srv/detail/add_three_ints__rosidl_typesupport_introspection_c.h
[19.758s] -- Up-to-date symlink: /home/chen/ros2_ws/install/cpp_pubsub/include/cpp_pubsub/msg/detail/num__builder.hpp
[19.762s] -- Up-to-date symlink: /home/chen/ros2_ws/install/cpp_pubsub/include/cpp_pubsub/msg/detail/num__struct.hpp
[19.763s] -- Up-to-date symlink: /home/chen/ros2_ws/install/cpp_pubsub/include/cpp_pubsub/msg/detail/num__traits.hpp
[19.765s] -- Up-to-date symlink: /home/chen/ros2_ws/install/cpp_pubsub/include/cpp_pubsub/msg/detail/sphere__builder.hpp
[19.766s] -- Up-to-date symlink: /home/chen/ros2_ws/install/cpp_pubsub/include/cpp_pubsub/msg/detail/sphere__struct.hpp
[19.767s] -- Up-to-date symlink: /home/chen/ros2_ws/install/cpp_pubsub/include/cpp_pubsub/msg/detail/sphere__traits.hpp
[19.767s] -- Up-to-date symlink: /home/chen/ros2_ws/install/cpp_pubsub/include/cpp_pubsub/msg/num.hpp
[19.768s] -- Up-to-date symlink: /home/chen/ros2_ws/install/cpp_pubsub/include/cpp_pubsub/msg/sphere.hpp
[19.769s] -- Up-to-date symlink: /home/chen/ros2_ws/install/cpp_pubsub/include/cpp_pubsub/srv/add_three_ints.hpp
[19.770s] -- Up-to-date symlink: /home/chen/ros2_ws/install/cpp_pubsub/include/cpp_pubsub/srv/detail/add_three_ints__builder.hpp
[19.777s] -- Up-to-date symlink: /home/chen/ros2_ws/install/cpp_pubsub/include/cpp_pubsub/srv/detail/add_three_ints__struct.hpp
[19.780s] -- Up-to-date symlink: /home/chen/ros2_ws/install/cpp_pubsub/include/cpp_pubsub/srv/detail/add_three_ints__traits.hpp
[19.782s] -- Up-to-date symlink: /home/chen/ros2_ws/install/cpp_pubsub/include/cpp_pubsub/msg/detail/num__rosidl_typesupport_introspection_cpp.hpp
[19.783s] -- Up-to-date symlink: /home/chen/ros2_ws/install/cpp_pubsub/include/cpp_pubsub/msg/detail/sphere__rosidl_typesupport_introspection_cpp.hpp
[19.785s] -- Up-to-date symlink: /home/chen/ros2_ws/install/cpp_pubsub/include/cpp_pubsub/srv/detail/add_three_ints__rosidl_typesupport_introspection_cpp.hpp
[19.788s] -- Up-to-date symlink: /home/chen/ros2_ws/install/cpp_pubsub/share/cpp_pubsub/environment/pythonpath.sh
[19.789s] -- Up-to-date symlink: /home/chen/ros2_ws/install/cpp_pubsub/share/cpp_pubsub/environment/pythonpath.dsv
[19.790s] -- Up-to-date symlink: /home/chen/ros2_ws/install/cpp_pubsub/lib/python3.8/site-packages/cpp_pubsub/__init__.py
[19.792s] -- Up-to-date symlink: /home/chen/ros2_ws/install/cpp_pubsub/lib/python3.8/site-packages/cpp_pubsub/msg/__init__.py
[19.795s] -- Up-to-date symlink: /home/chen/ros2_ws/install/cpp_pubsub/lib/python3.8/site-packages/cpp_pubsub/msg/_num.py
[19.804s] -- Up-to-date symlink: /home/chen/ros2_ws/install/cpp_pubsub/lib/python3.8/site-packages/cpp_pubsub/msg/_sphere.py
[19.806s] -- Up-to-date symlink: /home/chen/ros2_ws/install/cpp_pubsub/lib/python3.8/site-packages/cpp_pubsub/srv/__init__.py
[19.807s] -- Up-to-date symlink: /home/chen/ros2_ws/install/cpp_pubsub/lib/python3.8/site-packages/cpp_pubsub/srv/_add_three_ints.py
[19.808s] -- Up-to-date symlink: /home/chen/ros2_ws/install/cpp_pubsub/lib/python3.8/site-packages/cpp_pubsub/cpp_pubsub_s__rosidl_typesupport_fastrtps_c.cpython-38-x86_64-linux-gnu.so
[19.809s] -- Up-to-date symlink: /home/chen/ros2_ws/install/cpp_pubsub/lib/python3.8/site-packages/cpp_pubsub/cpp_pubsub_s__rosidl_typesupport_introspection_c.cpython-38-x86_64-linux-gnu.so
[19.810s] -- Up-to-date symlink: /home/chen/ros2_ws/install/cpp_pubsub/lib/python3.8/site-packages/cpp_pubsub/cpp_pubsub_s__rosidl_typesupport_c.cpython-38-x86_64-linux-gnu.so
[19.811s] -- Up-to-date symlink: /home/chen/ros2_ws/install/cpp_pubsub/lib/libcpp_pubsub__python.so
[19.811s] -- Up-to-date symlink: /home/chen/ros2_ws/install/cpp_pubsub/share/cpp_pubsub/msg/Num.idl
[19.812s] -- Up-to-date symlink: /home/chen/ros2_ws/install/cpp_pubsub/share/cpp_pubsub/msg/Sphere.idl
[19.813s] -- Up-to-date symlink: /home/chen/ros2_ws/install/cpp_pubsub/share/cpp_pubsub/srv/AddThreeInts.idl
[19.814s] -- Up-to-date symlink: /home/chen/ros2_ws/install/cpp_pubsub/share/cpp_pubsub/msg/Num.msg
[19.814s] -- Up-to-date symlink: /home/chen/ros2_ws/install/cpp_pubsub/share/cpp_pubsub/msg/Sphere.msg
[19.815s] -- Up-to-date symlink: /home/chen/ros2_ws/install/cpp_pubsub/share/cpp_pubsub/srv/AddThreeInts.srv
[19.816s] -- Up-to-date symlink: /home/chen/ros2_ws/install/cpp_pubsub/share/cpp_pubsub/srv/AddThreeInts_Request.msg
[19.817s] -- Up-to-date symlink: /home/chen/ros2_ws/install/cpp_pubsub/share/cpp_pubsub/srv/AddThreeInts_Response.msg
[19.818s] -- Up-to-date symlink: /home/chen/ros2_ws/install/cpp_pubsub/lib/cpp_pubsub/talker
[19.819s] -- Up-to-date symlink: /home/chen/ros2_ws/install/cpp_pubsub/lib/cpp_pubsub/listener
[19.819s] -- Up-to-date symlink: /home/chen/ros2_ws/install/cpp_pubsub/share/ament_index/resource_index/package_run_dependencies/cpp_pubsub
[19.829s] -- Up-to-date symlink: /home/chen/ros2_ws/install/cpp_pubsub/share/ament_index/resource_index/parent_prefix_path/cpp_pubsub
[19.832s] -- Up-to-date symlink: /home/chen/ros2_ws/install/cpp_pubsub/share/cpp_pubsub/environment/ament_prefix_path.sh
[19.835s] -- Up-to-date symlink: /home/chen/ros2_ws/install/cpp_pubsub/share/cpp_pubsub/environment/ament_prefix_path.dsv
[19.840s] -- Up-to-date symlink: /home/chen/ros2_ws/install/cpp_pubsub/share/cpp_pubsub/environment/path.sh
[19.841s] -- Up-to-date symlink: /home/chen/ros2_ws/install/cpp_pubsub/share/cpp_pubsub/environment/path.dsv
[19.843s] -- Up-to-date symlink: /home/chen/ros2_ws/install/cpp_pubsub/share/cpp_pubsub/local_setup.bash
[19.846s] -- Up-to-date symlink: /home/chen/ros2_ws/install/cpp_pubsub/share/cpp_pubsub/local_setup.sh
[19.847s] -- Up-to-date symlink: /home/chen/ros2_ws/install/cpp_pubsub/share/cpp_pubsub/local_setup.zsh
[19.849s] -- Up-to-date symlink: /home/chen/ros2_ws/install/cpp_pubsub/share/cpp_pubsub/local_setup.dsv
[19.850s] -- Symlinking: /home/chen/ros2_ws/install/cpp_pubsub/share/cpp_pubsub/package.dsv
[19.875s] -- Up-to-date symlink: /home/chen/ros2_ws/install/cpp_pubsub/share/ament_index/resource_index/packages/cpp_pubsub
[19.876s] -- Up-to-date symlink: /home/chen/ros2_ws/install/cpp_pubsub/share/cpp_pubsub/cmake/rosidl_cmake-extras.cmake
[19.879s] -- Up-to-date symlink: /home/chen/ros2_ws/install/cpp_pubsub/share/cpp_pubsub/cmake/ament_cmake_export_dependencies-extras.cmake
[19.880s] -- Up-to-date symlink: /home/chen/ros2_ws/install/cpp_pubsub/share/cpp_pubsub/cmake/ament_cmake_export_libraries-extras.cmake
[19.883s] -- Up-to-date symlink: /home/chen/ros2_ws/install/cpp_pubsub/share/cpp_pubsub/cmake/ament_cmake_export_targets-extras.cmake
[19.884s] -- Up-to-date symlink: /home/chen/ros2_ws/install/cpp_pubsub/share/cpp_pubsub/cmake/ament_cmake_export_include_directories-extras.cmake
[19.885s] -- Up-to-date symlink: /home/chen/ros2_ws/install/cpp_pubsub/share/cpp_pubsub/cmake/rosidl_cmake_export_typesupport_libraries-extras.cmake
[19.886s] -- Up-to-date symlink: /home/chen/ros2_ws/install/cpp_pubsub/share/cpp_pubsub/cmake/rosidl_cmake_export_typesupport_targets-extras.cmake
[19.886s] -- Up-to-date symlink: /home/chen/ros2_ws/install/cpp_pubsub/share/cpp_pubsub/cmake/cpp_pubsubConfig.cmake
[19.887s] -- Up-to-date symlink: /home/chen/ros2_ws/install/cpp_pubsub/share/cpp_pubsub/cmake/cpp_pubsubConfig-version.cmake
[19.888s] -- Up-to-date symlink: /home/chen/ros2_ws/install/cpp_pubsub/share/cpp_pubsub/package.xml
[19.888s] -- Up-to-date: /home/chen/ros2_ws/install/cpp_pubsub/lib/libcpp_pubsub__rosidl_generator_c.so
[19.894s] -- Up-to-date: /home/chen/ros2_ws/install/cpp_pubsub/lib/libcpp_pubsub__rosidl_typesupport_introspection_c.so
[19.895s] -- Up-to-date: /home/chen/ros2_ws/install/cpp_pubsub/lib/libcpp_pubsub__rosidl_typesupport_c.so
[19.896s] -- Up-to-date: /home/chen/ros2_ws/install/cpp_pubsub/lib/libcpp_pubsub__rosidl_typesupport_introspection_cpp.so
[19.897s] -- Up-to-date: /home/chen/ros2_ws/install/cpp_pubsub/lib/libcpp_pubsub__rosidl_typesupport_cpp.so
[20.001s] -- Up-to-date: /home/chen/ros2_ws/install/cpp_pubsub/share/cpp_pubsub/cmake/cpp_pubsub__rosidl_generator_cExport.cmake
[20.001s] -- Up-to-date: /home/chen/ros2_ws/install/cpp_pubsub/share/cpp_pubsub/cmake/cpp_pubsub__rosidl_generator_cExport-relwithdebinfo.cmake
[20.002s] -- Up-to-date: /home/chen/ros2_ws/install/cpp_pubsub/share/cpp_pubsub/cmake/cpp_pubsub__rosidl_typesupport_introspection_cExport.cmake
[20.003s] -- Up-to-date: /home/chen/ros2_ws/install/cpp_pubsub/share/cpp_pubsub/cmake/cpp_pubsub__rosidl_typesupport_introspection_cExport-relwithdebinfo.cmake
[20.003s] -- Up-to-date: /home/chen/ros2_ws/install/cpp_pubsub/share/cpp_pubsub/cmake/cpp_pubsub__rosidl_typesupport_cExport.cmake
[20.003s] -- Up-to-date: /home/chen/ros2_ws/install/cpp_pubsub/share/cpp_pubsub/cmake/cpp_pubsub__rosidl_typesupport_cExport-relwithdebinfo.cmake
[20.004s] -- Up-to-date: /home/chen/ros2_ws/install/cpp_pubsub/share/cpp_pubsub/cmake/cpp_pubsub__rosidl_generator_cppExport.cmake
[20.004s] -- Up-to-date: /home/chen/ros2_ws/install/cpp_pubsub/share/cpp_pubsub/cmake/cpp_pubsub__rosidl_typesupport_introspection_cppExport.cmake
[20.005s] -- Up-to-date: /home/chen/ros2_ws/install/cpp_pubsub/share/cpp_pubsub/cmake/cpp_pubsub__rosidl_typesupport_introspection_cppExport-relwithdebinfo.cmake
[20.013s] -- Up-to-date: /home/chen/ros2_ws/install/cpp_pubsub/share/cpp_pubsub/cmake/cpp_pubsub__rosidl_typesupport_cppExport.cmake
[20.015s] -- Up-to-date: /home/chen/ros2_ws/install/cpp_pubsub/share/cpp_pubsub/cmake/cpp_pubsub__rosidl_typesupport_cppExport-relwithdebinfo.cmake
[20.030s] Invoked command in '/home/chen/ros2_ws/build/cpp_pubsub' returned '0': CMAKE_PREFIX_PATH=${CMAKE_PREFIX_PATH}:/opt/ros/foxy /usr/bin/cmake --install /home/chen/ros2_ws/build/cpp_pubsub
