[0.423s] DEBUG:colcon:Command line arguments: ['/usr/bin/colcon', 'build']
[0.423s] DEBUG:colcon:Parsed command line arguments: Namespace(allow_overriding=[], ament_cmake_args=None, base_paths=['.'], build_base='build', catkin_cmake_args=None, catkin_skip_building_tests=False, cmake_args=None, cmake_clean_cache=False, cmake_clean_first=False, cmake_force_configure=False, cmake_target=None, cmake_target_skip_unavailable=False, continue_on_error=False, event_handlers=None, executor='parallel', ignore_user_meta=False, install_base='install', log_base=None, log_level=None, main=<bound method BuildVerb.main of <colcon_core.verb.build.BuildVerb object at 0x7fa845401280>>, merge_install=False, metas=['./colcon.meta'], packages_above=None, packages_above_and_dependencies=None, packages_above_depth=None, packages_end=None, packages_ignore=None, packages_ignore_regex=None, packages_select=None, packages_select_build_failed=False, packages_select_by_dep=None, packages_select_regex=None, packages_select_test_failures=False, packages_skip=None, packages_skip_build_finished=False, packages_skip_by_dep=None, packages_skip_regex=None, packages_skip_test_passed=False, packages_skip_up_to=None, packages_start=None, packages_up_to=None, packages_up_to_regex=None, parallel_workers=2, paths=None, symlink_install=False, test_result_base=None, verb_extension=<colcon_core.verb.build.BuildVerb object at 0x7fa845401280>, verb_name='build', verb_parser=<colcon_defaults.argument_parser.defaults.DefaultArgumentsDecorator object at 0x7fa8454017c0>)
[0.458s] Level 1:colcon.colcon_core.package_discovery:discover_packages(colcon_meta) check parameters
[0.458s] Level 1:colcon.colcon_core.package_discovery:discover_packages(recursive) check parameters
[0.458s] Level 1:colcon.colcon_core.package_discovery:discover_packages(ignore) check parameters
[0.458s] Level 1:colcon.colcon_core.package_discovery:discover_packages(path) check parameters
[0.458s] Level 1:colcon.colcon_core.package_discovery:discover_packages(colcon_meta) discover
[0.458s] Level 1:colcon.colcon_core.package_discovery:discover_packages(recursive) discover
[0.458s] INFO:colcon.colcon_core.package_discovery:Crawling recursively for packages in '/home/chen/ros2_ws'
[0.458s] Level 1:colcon.colcon_core.package_identification:_identify(.) by extensions ['ignore', 'ignore_ament_install']
[0.459s] Level 1:colcon.colcon_core.package_identification:_identify(.) by extension 'ignore'
[0.459s] Level 1:colcon.colcon_core.package_identification:_identify(.) by extension 'ignore_ament_install'
[0.459s] Level 1:colcon.colcon_core.package_identification:_identify(.) by extensions ['colcon_pkg']
[0.459s] Level 1:colcon.colcon_core.package_identification:_identify(.) by extension 'colcon_pkg'
[0.459s] Level 1:colcon.colcon_core.package_identification:_identify(.) by extensions ['colcon_meta']
[0.459s] Level 1:colcon.colcon_core.package_identification:_identify(.) by extension 'colcon_meta'
[0.459s] Level 1:colcon.colcon_core.package_identification:_identify(.) by extensions ['ros']
[0.459s] Level 1:colcon.colcon_core.package_identification:_identify(.) by extension 'ros'
[0.485s] Level 1:colcon.colcon_core.package_identification:_identify(.) by extensions ['cmake', 'python']
[0.485s] Level 1:colcon.colcon_core.package_identification:_identify(.) by extension 'cmake'
[0.485s] Level 1:colcon.colcon_core.package_identification:_identify(.) by extension 'python'
[0.486s] Level 1:colcon.colcon_core.package_identification:_identify(.) by extensions ['python_setup_py']
[0.486s] Level 1:colcon.colcon_core.package_identification:_identify(.) by extension 'python_setup_py'
[0.486s] Level 1:colcon.colcon_core.package_identification:_identify(build) by extensions ['ignore', 'ignore_ament_install']
[0.486s] Level 1:colcon.colcon_core.package_identification:_identify(build) by extension 'ignore'
[0.486s] Level 1:colcon.colcon_core.package_identification:_identify(build) ignored
[0.486s] Level 1:colcon.colcon_core.package_identification:_identify(install) by extensions ['ignore', 'ignore_ament_install']
[0.487s] Level 1:colcon.colcon_core.package_identification:_identify(install) by extension 'ignore'
[0.487s] Level 1:colcon.colcon_core.package_identification:_identify(install) ignored
[0.487s] Level 1:colcon.colcon_core.package_identification:_identify(log) by extensions ['ignore', 'ignore_ament_install']
[0.487s] Level 1:colcon.colcon_core.package_identification:_identify(log) by extension 'ignore'
[0.487s] Level 1:colcon.colcon_core.package_identification:_identify(log) ignored
[0.487s] Level 1:colcon.colcon_core.package_identification:_identify(src) by extensions ['ignore', 'ignore_ament_install']
[0.487s] Level 1:colcon.colcon_core.package_identification:_identify(src) by extension 'ignore'
[0.487s] Level 1:colcon.colcon_core.package_identification:_identify(src) by extension 'ignore_ament_install'
[0.488s] Level 1:colcon.colcon_core.package_identification:_identify(src) by extensions ['colcon_pkg']
[0.488s] Level 1:colcon.colcon_core.package_identification:_identify(src) by extension 'colcon_pkg'
[0.488s] Level 1:colcon.colcon_core.package_identification:_identify(src) by extensions ['colcon_meta']
[0.488s] Level 1:colcon.colcon_core.package_identification:_identify(src) by extension 'colcon_meta'
[0.488s] Level 1:colcon.colcon_core.package_identification:_identify(src) by extensions ['ros']
[0.488s] Level 1:colcon.colcon_core.package_identification:_identify(src) by extension 'ros'
[0.488s] Level 1:colcon.colcon_core.package_identification:_identify(src) by extensions ['cmake', 'python']
[0.488s] Level 1:colcon.colcon_core.package_identification:_identify(src) by extension 'cmake'
[0.488s] Level 1:colcon.colcon_core.package_identification:_identify(src) by extension 'python'
[0.488s] Level 1:colcon.colcon_core.package_identification:_identify(src) by extensions ['python_setup_py']
[0.488s] Level 1:colcon.colcon_core.package_identification:_identify(src) by extension 'python_setup_py'
[0.488s] Level 1:colcon.colcon_core.package_identification:_identify(src/cpp_pubsub) by extensions ['ignore', 'ignore_ament_install']
[0.489s] Level 1:colcon.colcon_core.package_identification:_identify(src/cpp_pubsub) by extension 'ignore'
[0.489s] Level 1:colcon.colcon_core.package_identification:_identify(src/cpp_pubsub) by extension 'ignore_ament_install'
[0.489s] Level 1:colcon.colcon_core.package_identification:_identify(src/cpp_pubsub) by extensions ['colcon_pkg']
[0.489s] Level 1:colcon.colcon_core.package_identification:_identify(src/cpp_pubsub) by extension 'colcon_pkg'
[0.489s] Level 1:colcon.colcon_core.package_identification:_identify(src/cpp_pubsub) by extensions ['colcon_meta']
[0.489s] Level 1:colcon.colcon_core.package_identification:_identify(src/cpp_pubsub) by extension 'colcon_meta'
[0.489s] Level 1:colcon.colcon_core.package_identification:_identify(src/cpp_pubsub) by extensions ['ros']
[0.489s] Level 1:colcon.colcon_core.package_identification:_identify(src/cpp_pubsub) by extension 'ros'
[0.492s] DEBUG:colcon.colcon_core.package_identification:Package 'src/cpp_pubsub' with type 'ros.ament_cmake' and name 'cpp_pubsub'
[0.493s] Level 1:colcon.colcon_core.package_identification:_identify(src/cpp_srvcli) by extensions ['ignore', 'ignore_ament_install']
[0.494s] Level 1:colcon.colcon_core.package_identification:_identify(src/cpp_srvcli) by extension 'ignore'
[0.494s] Level 1:colcon.colcon_core.package_identification:_identify(src/cpp_srvcli) by extension 'ignore_ament_install'
[0.494s] Level 1:colcon.colcon_core.package_identification:_identify(src/cpp_srvcli) by extensions ['colcon_pkg']
[0.494s] Level 1:colcon.colcon_core.package_identification:_identify(src/cpp_srvcli) by extension 'colcon_pkg'
[0.494s] Level 1:colcon.colcon_core.package_identification:_identify(src/cpp_srvcli) by extensions ['colcon_meta']
[0.495s] Level 1:colcon.colcon_core.package_identification:_identify(src/cpp_srvcli) by extension 'colcon_meta'
[0.495s] Level 1:colcon.colcon_core.package_identification:_identify(src/cpp_srvcli) by extensions ['ros']
[0.495s] Level 1:colcon.colcon_core.package_identification:_identify(src/cpp_srvcli) by extension 'ros'
[0.496s] DEBUG:colcon.colcon_core.package_identification:Package 'src/cpp_srvcli' with type 'ros.ament_cmake' and name 'cpp_srvcli'
[0.496s] Level 1:colcon.colcon_core.package_discovery:discover_packages(recursive) using defaults
[0.496s] Level 1:colcon.colcon_core.package_discovery:discover_packages(ignore) discover
[0.496s] Level 1:colcon.colcon_core.package_discovery:discover_packages(ignore) using defaults
[0.496s] Level 1:colcon.colcon_core.package_discovery:discover_packages(path) discover
[0.496s] Level 1:colcon.colcon_core.package_discovery:discover_packages(path) using defaults
[0.521s] Level 1:colcon.colcon_core.package_discovery:discover_packages(prefix_path) check parameters
[0.521s] Level 1:colcon.colcon_core.package_discovery:discover_packages(prefix_path) discover
[0.525s] DEBUG:colcon.colcon_installed_package_information.package_discovery:Found 2 installed packages in /home/chen/ros2_ws/install
[0.528s] DEBUG:colcon.colcon_installed_package_information.package_discovery:Found 256 installed packages in /opt/ros/foxy
[0.532s] Level 1:colcon.colcon_core.package_discovery:discover_packages(prefix_path) using defaults
[0.633s] Level 5:colcon.colcon_core.verb:set package 'cpp_pubsub' build argument 'cmake_args' from command line to 'None'
[0.633s] Level 5:colcon.colcon_core.verb:set package 'cpp_pubsub' build argument 'cmake_target' from command line to 'None'
[0.633s] Level 5:colcon.colcon_core.verb:set package 'cpp_pubsub' build argument 'cmake_target_skip_unavailable' from command line to 'False'
[0.633s] Level 5:colcon.colcon_core.verb:set package 'cpp_pubsub' build argument 'cmake_clean_cache' from command line to 'False'
[0.633s] Level 5:colcon.colcon_core.verb:set package 'cpp_pubsub' build argument 'cmake_clean_first' from command line to 'False'
[0.633s] Level 5:colcon.colcon_core.verb:set package 'cpp_pubsub' build argument 'cmake_force_configure' from command line to 'False'
[0.634s] Level 5:colcon.colcon_core.verb:set package 'cpp_pubsub' build argument 'ament_cmake_args' from command line to 'None'
[0.634s] Level 5:colcon.colcon_core.verb:set package 'cpp_pubsub' build argument 'catkin_cmake_args' from command line to 'None'
[0.634s] Level 5:colcon.colcon_core.verb:set package 'cpp_pubsub' build argument 'catkin_skip_building_tests' from command line to 'False'
[0.634s] DEBUG:colcon.colcon_core.verb:Building package 'cpp_pubsub' with the following arguments: {'ament_cmake_args': None, 'build_base': '/home/chen/ros2_ws/build/cpp_pubsub', 'catkin_cmake_args': None, 'catkin_skip_building_tests': False, 'cmake_args': None, 'cmake_clean_cache': False, 'cmake_clean_first': False, 'cmake_force_configure': False, 'cmake_target': None, 'cmake_target_skip_unavailable': False, 'install_base': '/home/chen/ros2_ws/install/cpp_pubsub', 'merge_install': False, 'path': '/home/chen/ros2_ws/src/cpp_pubsub', 'symlink_install': False, 'test_result_base': None}
[0.636s] Level 5:colcon.colcon_core.verb:set package 'cpp_srvcli' build argument 'cmake_args' from command line to 'None'
[0.636s] Level 5:colcon.colcon_core.verb:set package 'cpp_srvcli' build argument 'cmake_target' from command line to 'None'
[0.636s] Level 5:colcon.colcon_core.verb:set package 'cpp_srvcli' build argument 'cmake_target_skip_unavailable' from command line to 'False'
[0.636s] Level 5:colcon.colcon_core.verb:set package 'cpp_srvcli' build argument 'cmake_clean_cache' from command line to 'False'
[0.636s] Level 5:colcon.colcon_core.verb:set package 'cpp_srvcli' build argument 'cmake_clean_first' from command line to 'False'
[0.637s] Level 5:colcon.colcon_core.verb:set package 'cpp_srvcli' build argument 'cmake_force_configure' from command line to 'False'
[0.637s] Level 5:colcon.colcon_core.verb:set package 'cpp_srvcli' build argument 'ament_cmake_args' from command line to 'None'
[0.637s] Level 5:colcon.colcon_core.verb:set package 'cpp_srvcli' build argument 'catkin_cmake_args' from command line to 'None'
[0.637s] Level 5:colcon.colcon_core.verb:set package 'cpp_srvcli' build argument 'catkin_skip_building_tests' from command line to 'False'
[0.637s] DEBUG:colcon.colcon_core.verb:Building package 'cpp_srvcli' with the following arguments: {'ament_cmake_args': None, 'build_base': '/home/chen/ros2_ws/build/cpp_srvcli', 'catkin_cmake_args': None, 'catkin_skip_building_tests': False, 'cmake_args': None, 'cmake_clean_cache': False, 'cmake_clean_first': False, 'cmake_force_configure': False, 'cmake_target': None, 'cmake_target_skip_unavailable': False, 'install_base': '/home/chen/ros2_ws/install/cpp_srvcli', 'merge_install': False, 'path': '/home/chen/ros2_ws/src/cpp_srvcli', 'symlink_install': False, 'test_result_base': None}
[0.638s] INFO:colcon.colcon_core.executor:Executing jobs using 'parallel' executor
[0.642s] DEBUG:colcon.colcon_parallel_executor.executor.parallel:run_until_complete
[0.642s] INFO:colcon.colcon_ros.task.ament_cmake.build:Building ROS package in '/home/chen/ros2_ws/src/cpp_pubsub' with build type 'ament_cmake'
[0.643s] INFO:colcon.colcon_cmake.task.cmake.build:Building CMake package in '/home/chen/ros2_ws/src/cpp_pubsub'
[0.650s] INFO:colcon.colcon_core.plugin_system:Skipping extension 'colcon_core.shell.bat': Not used on non-Windows systems
[0.651s] INFO:colcon.colcon_core.shell:Skip shell extension 'powershell' for command environment: Not usable outside of PowerShell
[0.651s] DEBUG:colcon.colcon_core.shell:Skip shell extension 'dsv' for command environment
[0.679s] INFO:colcon.colcon_ros.task.ament_cmake.build:Building ROS package in '/home/chen/ros2_ws/src/cpp_srvcli' with build type 'ament_cmake'
[0.682s] INFO:colcon.colcon_cmake.task.cmake.build:Building CMake package in '/home/chen/ros2_ws/src/cpp_srvcli'
[0.686s] INFO:colcon.colcon_core.shell:Skip shell extension 'powershell' for command environment: Not usable outside of PowerShell
[0.698s] DEBUG:colcon.colcon_core.shell:Skip shell extension 'dsv' for command environment
[0.725s] DEBUG:colcon.colcon_core.event_handler.log_command:Invoking command in '/home/chen/ros2_ws/build/cpp_pubsub': CMAKE_PREFIX_PATH=${CMAKE_PREFIX_PATH}:/opt/ros/foxy /usr/bin/cmake --build /home/chen/ros2_ws/build/cpp_pubsub -- -j2 -l2
[0.751s] DEBUG:colcon.colcon_core.event_handler.log_command:Invoking command in '/home/chen/ros2_ws/build/cpp_srvcli': CMAKE_PREFIX_PATH=${CMAKE_PREFIX_PATH}:/opt/ros/foxy /usr/bin/cmake --build /home/chen/ros2_ws/build/cpp_srvcli -- -j2 -l2
[1.020s] DEBUG:colcon.colcon_core.event_handler.log_command:Invoked command in '/home/chen/ros2_ws/build/cpp_srvcli' returned '0': CMAKE_PREFIX_PATH=${CMAKE_PREFIX_PATH}:/opt/ros/foxy /usr/bin/cmake --build /home/chen/ros2_ws/build/cpp_srvcli -- -j2 -l2
[1.301s] DEBUG:colcon.colcon_core.event_handler.log_command:Invoking command in '/home/chen/ros2_ws/build/cpp_srvcli': CMAKE_PREFIX_PATH=${CMAKE_PREFIX_PATH}:/opt/ros/foxy /usr/bin/cmake --install /home/chen/ros2_ws/build/cpp_srvcli
[1.395s] Level 1:colcon.colcon_core.environment:create_environment_scripts_only(cpp_srvcli)
[1.398s] DEBUG:colcon.colcon_core.event_handler.log_command:Invoked command in '/home/chen/ros2_ws/build/cpp_srvcli' returned '0': CMAKE_PREFIX_PATH=${CMAKE_PREFIX_PATH}:/opt/ros/foxy /usr/bin/cmake --install /home/chen/ros2_ws/build/cpp_srvcli
[1.410s] Level 1:colcon.colcon_core.environment:checking '/home/chen/ros2_ws/install/cpp_srvcli' for CMake module files
[1.411s] Level 1:colcon.colcon_core.environment:checking '/home/chen/ros2_ws/install/cpp_srvcli' for CMake config files
[1.412s] Level 1:colcon.colcon_core.shell:create_environment_hook('cpp_srvcli', 'cmake_prefix_path')
[1.414s] INFO:colcon.colcon_core.shell:Creating environment hook '/home/chen/ros2_ws/install/cpp_srvcli/share/cpp_srvcli/hook/cmake_prefix_path.ps1'
[1.415s] INFO:colcon.colcon_core.shell:Creating environment descriptor '/home/chen/ros2_ws/install/cpp_srvcli/share/cpp_srvcli/hook/cmake_prefix_path.dsv'
[1.416s] INFO:colcon.colcon_core.shell:Creating environment hook '/home/chen/ros2_ws/install/cpp_srvcli/share/cpp_srvcli/hook/cmake_prefix_path.sh'
[1.420s] Level 1:colcon.colcon_core.environment:checking '/home/chen/ros2_ws/install/cpp_srvcli/lib'
[1.421s] Level 1:colcon.colcon_core.shell:create_environment_hook('cpp_srvcli', 'ld_library_path_lib')
[1.424s] INFO:colcon.colcon_core.shell:Creating environment hook '/home/chen/ros2_ws/install/cpp_srvcli/share/cpp_srvcli/hook/ld_library_path_lib.ps1'
[1.426s] INFO:colcon.colcon_core.shell:Creating environment descriptor '/home/chen/ros2_ws/install/cpp_srvcli/share/cpp_srvcli/hook/ld_library_path_lib.dsv'
[1.427s] INFO:colcon.colcon_core.shell:Creating environment hook '/home/chen/ros2_ws/install/cpp_srvcli/share/cpp_srvcli/hook/ld_library_path_lib.sh'
[1.428s] Level 1:colcon.colcon_core.environment:checking '/home/chen/ros2_ws/install/cpp_srvcli/bin'
[1.428s] Level 1:colcon.colcon_core.environment:checking '/home/chen/ros2_ws/install/cpp_srvcli/lib/pkgconfig/cpp_srvcli.pc'
[1.428s] Level 1:colcon.colcon_core.environment:checking '/home/chen/ros2_ws/install/cpp_srvcli/lib/python3.8/site-packages'
[1.429s] Level 1:colcon.colcon_core.shell:create_environment_hook('cpp_srvcli', 'pythonpath')
[1.432s] INFO:colcon.colcon_core.shell:Creating environment hook '/home/chen/ros2_ws/install/cpp_srvcli/share/cpp_srvcli/hook/pythonpath.ps1'
[1.433s] INFO:colcon.colcon_core.shell:Creating environment descriptor '/home/chen/ros2_ws/install/cpp_srvcli/share/cpp_srvcli/hook/pythonpath.dsv'
[1.434s] INFO:colcon.colcon_core.shell:Creating environment hook '/home/chen/ros2_ws/install/cpp_srvcli/share/cpp_srvcli/hook/pythonpath.sh'
[1.435s] Level 1:colcon.colcon_core.environment:checking '/home/chen/ros2_ws/install/cpp_srvcli/bin'
[1.439s] INFO:colcon.colcon_core.shell:Creating package script '/home/chen/ros2_ws/install/cpp_srvcli/share/cpp_srvcli/package.ps1'
[1.440s] INFO:colcon.colcon_core.shell:Creating package descriptor '/home/chen/ros2_ws/install/cpp_srvcli/share/cpp_srvcli/package.dsv'
[1.441s] INFO:colcon.colcon_core.shell:Creating package script '/home/chen/ros2_ws/install/cpp_srvcli/share/cpp_srvcli/package.sh'
[1.442s] INFO:colcon.colcon_core.shell:Creating package script '/home/chen/ros2_ws/install/cpp_srvcli/share/cpp_srvcli/package.bash'
[1.443s] INFO:colcon.colcon_core.shell:Creating package script '/home/chen/ros2_ws/install/cpp_srvcli/share/cpp_srvcli/package.zsh'
[1.444s] Level 1:colcon.colcon_core.environment:create_file_with_runtime_dependencies(/home/chen/ros2_ws/install/cpp_srvcli/share/colcon-core/packages/cpp_srvcli)
[1.523s] Level 1:colcon.colcon_core.environment:create_environment_scripts_only(cpp_srvcli)
[1.527s] Level 1:colcon.colcon_core.environment:checking '/home/chen/ros2_ws/install/cpp_srvcli' for CMake module files
[1.529s] Level 1:colcon.colcon_core.environment:checking '/home/chen/ros2_ws/install/cpp_srvcli' for CMake config files
[1.531s] Level 1:colcon.colcon_core.shell:create_environment_hook('cpp_srvcli', 'cmake_prefix_path')
[1.532s] INFO:colcon.colcon_core.shell:Creating environment hook '/home/chen/ros2_ws/install/cpp_srvcli/share/cpp_srvcli/hook/cmake_prefix_path.ps1'
[1.533s] INFO:colcon.colcon_core.shell:Creating environment descriptor '/home/chen/ros2_ws/install/cpp_srvcli/share/cpp_srvcli/hook/cmake_prefix_path.dsv'
[1.534s] INFO:colcon.colcon_core.shell:Creating environment hook '/home/chen/ros2_ws/install/cpp_srvcli/share/cpp_srvcli/hook/cmake_prefix_path.sh'
[1.536s] Level 1:colcon.colcon_core.environment:checking '/home/chen/ros2_ws/install/cpp_srvcli/lib'
[1.536s] Level 1:colcon.colcon_core.shell:create_environment_hook('cpp_srvcli', 'ld_library_path_lib')
[1.538s] INFO:colcon.colcon_core.shell:Creating environment hook '/home/chen/ros2_ws/install/cpp_srvcli/share/cpp_srvcli/hook/ld_library_path_lib.ps1'
[1.539s] INFO:colcon.colcon_core.shell:Creating environment descriptor '/home/chen/ros2_ws/install/cpp_srvcli/share/cpp_srvcli/hook/ld_library_path_lib.dsv'
[1.540s] INFO:colcon.colcon_core.shell:Creating environment hook '/home/chen/ros2_ws/install/cpp_srvcli/share/cpp_srvcli/hook/ld_library_path_lib.sh'
[1.541s] Level 1:colcon.colcon_core.environment:checking '/home/chen/ros2_ws/install/cpp_srvcli/bin'
[1.541s] Level 1:colcon.colcon_core.environment:checking '/home/chen/ros2_ws/install/cpp_srvcli/lib/pkgconfig/cpp_srvcli.pc'
[1.542s] Level 1:colcon.colcon_core.environment:checking '/home/chen/ros2_ws/install/cpp_srvcli/lib/python3.8/site-packages'
[1.542s] Level 1:colcon.colcon_core.shell:create_environment_hook('cpp_srvcli', 'pythonpath')
[1.544s] INFO:colcon.colcon_core.shell:Creating environment hook '/home/chen/ros2_ws/install/cpp_srvcli/share/cpp_srvcli/hook/pythonpath.ps1'
[1.545s] INFO:colcon.colcon_core.shell:Creating environment descriptor '/home/chen/ros2_ws/install/cpp_srvcli/share/cpp_srvcli/hook/pythonpath.dsv'
[1.546s] INFO:colcon.colcon_core.shell:Creating environment hook '/home/chen/ros2_ws/install/cpp_srvcli/share/cpp_srvcli/hook/pythonpath.sh'
[1.547s] Level 1:colcon.colcon_core.environment:checking '/home/chen/ros2_ws/install/cpp_srvcli/bin'
[1.550s] INFO:colcon.colcon_core.shell:Creating package script '/home/chen/ros2_ws/install/cpp_srvcli/share/cpp_srvcli/package.ps1'
[1.552s] INFO:colcon.colcon_core.shell:Creating package descriptor '/home/chen/ros2_ws/install/cpp_srvcli/share/cpp_srvcli/package.dsv'
[1.553s] INFO:colcon.colcon_core.shell:Creating package script '/home/chen/ros2_ws/install/cpp_srvcli/share/cpp_srvcli/package.sh'
[1.554s] INFO:colcon.colcon_core.shell:Creating package script '/home/chen/ros2_ws/install/cpp_srvcli/share/cpp_srvcli/package.bash'
[1.554s] INFO:colcon.colcon_core.shell:Creating package script '/home/chen/ros2_ws/install/cpp_srvcli/share/cpp_srvcli/package.zsh'
[1.555s] Level 1:colcon.colcon_core.environment:create_file_with_runtime_dependencies(/home/chen/ros2_ws/install/cpp_srvcli/share/colcon-core/packages/cpp_srvcli)
[24.780s] DEBUG:colcon.colcon_core.event_handler.log_command:Invoked command in '/home/chen/ros2_ws/build/cpp_pubsub' returned '0': CMAKE_PREFIX_PATH=${CMAKE_PREFIX_PATH}:/opt/ros/foxy /usr/bin/cmake --build /home/chen/ros2_ws/build/cpp_pubsub -- -j2 -l2
[24.955s] DEBUG:colcon.colcon_core.event_handler.log_command:Invoking command in '/home/chen/ros2_ws/build/cpp_pubsub': CMAKE_PREFIX_PATH=${CMAKE_PREFIX_PATH}:/opt/ros/foxy /usr/bin/cmake --install /home/chen/ros2_ws/build/cpp_pubsub
[25.180s] Level 1:colcon.colcon_core.environment:create_environment_scripts_only(cpp_pubsub)
[25.185s] Level 1:colcon.colcon_core.environment:checking '/home/chen/ros2_ws/install/cpp_pubsub' for CMake module files
[25.186s] DEBUG:colcon.colcon_core.event_handler.log_command:Invoked command in '/home/chen/ros2_ws/build/cpp_pubsub' returned '0': CMAKE_PREFIX_PATH=${CMAKE_PREFIX_PATH}:/opt/ros/foxy /usr/bin/cmake --install /home/chen/ros2_ws/build/cpp_pubsub
[25.187s] Level 1:colcon.colcon_core.environment:checking '/home/chen/ros2_ws/install/cpp_pubsub' for CMake config files
[25.189s] Level 1:colcon.colcon_core.shell:create_environment_hook('cpp_pubsub', 'cmake_prefix_path')
[25.191s] INFO:colcon.colcon_core.shell:Creating environment hook '/home/chen/ros2_ws/install/cpp_pubsub/share/cpp_pubsub/hook/cmake_prefix_path.ps1'
[25.192s] INFO:colcon.colcon_core.shell:Creating environment descriptor '/home/chen/ros2_ws/install/cpp_pubsub/share/cpp_pubsub/hook/cmake_prefix_path.dsv'
[25.194s] INFO:colcon.colcon_core.shell:Creating environment hook '/home/chen/ros2_ws/install/cpp_pubsub/share/cpp_pubsub/hook/cmake_prefix_path.sh'
[25.196s] Level 1:colcon.colcon_core.environment:checking '/home/chen/ros2_ws/install/cpp_pubsub/lib'
[25.196s] Level 1:colcon.colcon_core.shell:create_environment_hook('cpp_pubsub', 'ld_library_path_lib')
[25.199s] INFO:colcon.colcon_core.shell:Creating environment hook '/home/chen/ros2_ws/install/cpp_pubsub/share/cpp_pubsub/hook/ld_library_path_lib.ps1'
[25.201s] INFO:colcon.colcon_core.shell:Creating environment descriptor '/home/chen/ros2_ws/install/cpp_pubsub/share/cpp_pubsub/hook/ld_library_path_lib.dsv'
[25.202s] INFO:colcon.colcon_core.shell:Creating environment hook '/home/chen/ros2_ws/install/cpp_pubsub/share/cpp_pubsub/hook/ld_library_path_lib.sh'
[25.203s] Level 1:colcon.colcon_core.environment:checking '/home/chen/ros2_ws/install/cpp_pubsub/bin'
[25.203s] Level 1:colcon.colcon_core.environment:checking '/home/chen/ros2_ws/install/cpp_pubsub/lib/pkgconfig/cpp_pubsub.pc'
[25.203s] Level 1:colcon.colcon_core.environment:checking '/home/chen/ros2_ws/install/cpp_pubsub/lib/python3.8/site-packages'
[25.204s] Level 1:colcon.colcon_core.shell:create_environment_hook('cpp_pubsub', 'pythonpath')
[25.205s] INFO:colcon.colcon_core.shell:Creating environment hook '/home/chen/ros2_ws/install/cpp_pubsub/share/cpp_pubsub/hook/pythonpath.ps1'
[25.207s] INFO:colcon.colcon_core.shell:Creating environment descriptor '/home/chen/ros2_ws/install/cpp_pubsub/share/cpp_pubsub/hook/pythonpath.dsv'
[25.207s] INFO:colcon.colcon_core.shell:Creating environment hook '/home/chen/ros2_ws/install/cpp_pubsub/share/cpp_pubsub/hook/pythonpath.sh'
[25.209s] Level 1:colcon.colcon_core.environment:checking '/home/chen/ros2_ws/install/cpp_pubsub/bin'
[25.211s] INFO:colcon.colcon_core.shell:Creating package script '/home/chen/ros2_ws/install/cpp_pubsub/share/cpp_pubsub/package.ps1'
[25.212s] INFO:colcon.colcon_core.shell:Creating package descriptor '/home/chen/ros2_ws/install/cpp_pubsub/share/cpp_pubsub/package.dsv'
[25.213s] INFO:colcon.colcon_core.shell:Creating package script '/home/chen/ros2_ws/install/cpp_pubsub/share/cpp_pubsub/package.sh'
[25.215s] INFO:colcon.colcon_core.shell:Creating package script '/home/chen/ros2_ws/install/cpp_pubsub/share/cpp_pubsub/package.bash'
[25.218s] INFO:colcon.colcon_core.shell:Creating package script '/home/chen/ros2_ws/install/cpp_pubsub/share/cpp_pubsub/package.zsh'
[25.219s] Level 1:colcon.colcon_core.environment:create_file_with_runtime_dependencies(/home/chen/ros2_ws/install/cpp_pubsub/share/colcon-core/packages/cpp_pubsub)
[25.407s] Level 1:colcon.colcon_core.environment:create_environment_scripts_only(cpp_pubsub)
[25.410s] Level 1:colcon.colcon_core.environment:checking '/home/chen/ros2_ws/install/cpp_pubsub' for CMake module files
[25.411s] Level 1:colcon.colcon_core.environment:checking '/home/chen/ros2_ws/install/cpp_pubsub' for CMake config files
[25.413s] Level 1:colcon.colcon_core.shell:create_environment_hook('cpp_pubsub', 'cmake_prefix_path')
[25.416s] INFO:colcon.colcon_core.shell:Creating environment hook '/home/chen/ros2_ws/install/cpp_pubsub/share/cpp_pubsub/hook/cmake_prefix_path.ps1'
[25.420s] INFO:colcon.colcon_core.shell:Creating environment descriptor '/home/chen/ros2_ws/install/cpp_pubsub/share/cpp_pubsub/hook/cmake_prefix_path.dsv'
[25.421s] INFO:colcon.colcon_core.shell:Creating environment hook '/home/chen/ros2_ws/install/cpp_pubsub/share/cpp_pubsub/hook/cmake_prefix_path.sh'
[25.423s] Level 1:colcon.colcon_core.environment:checking '/home/chen/ros2_ws/install/cpp_pubsub/lib'
[25.423s] Level 1:colcon.colcon_core.shell:create_environment_hook('cpp_pubsub', 'ld_library_path_lib')
[25.425s] INFO:colcon.colcon_core.shell:Creating environment hook '/home/chen/ros2_ws/install/cpp_pubsub/share/cpp_pubsub/hook/ld_library_path_lib.ps1'
[25.426s] INFO:colcon.colcon_core.shell:Creating environment descriptor '/home/chen/ros2_ws/install/cpp_pubsub/share/cpp_pubsub/hook/ld_library_path_lib.dsv'
[25.427s] INFO:colcon.colcon_core.shell:Creating environment hook '/home/chen/ros2_ws/install/cpp_pubsub/share/cpp_pubsub/hook/ld_library_path_lib.sh'
[25.428s] Level 1:colcon.colcon_core.environment:checking '/home/chen/ros2_ws/install/cpp_pubsub/bin'
[25.428s] Level 1:colcon.colcon_core.environment:checking '/home/chen/ros2_ws/install/cpp_pubsub/lib/pkgconfig/cpp_pubsub.pc'
[25.429s] Level 1:colcon.colcon_core.environment:checking '/home/chen/ros2_ws/install/cpp_pubsub/lib/python3.8/site-packages'
[25.429s] Level 1:colcon.colcon_core.shell:create_environment_hook('cpp_pubsub', 'pythonpath')
[25.433s] INFO:colcon.colcon_core.shell:Creating environment hook '/home/chen/ros2_ws/install/cpp_pubsub/share/cpp_pubsub/hook/pythonpath.ps1'
[25.436s] INFO:colcon.colcon_core.shell:Creating environment descriptor '/home/chen/ros2_ws/install/cpp_pubsub/share/cpp_pubsub/hook/pythonpath.dsv'
[25.438s] INFO:colcon.colcon_core.shell:Creating environment hook '/home/chen/ros2_ws/install/cpp_pubsub/share/cpp_pubsub/hook/pythonpath.sh'
[25.441s] Level 1:colcon.colcon_core.environment:checking '/home/chen/ros2_ws/install/cpp_pubsub/bin'
[25.448s] INFO:colcon.colcon_core.shell:Creating package script '/home/chen/ros2_ws/install/cpp_pubsub/share/cpp_pubsub/package.ps1'
[25.453s] INFO:colcon.colcon_core.shell:Creating package descriptor '/home/chen/ros2_ws/install/cpp_pubsub/share/cpp_pubsub/package.dsv'
[25.456s] INFO:colcon.colcon_core.shell:Creating package script '/home/chen/ros2_ws/install/cpp_pubsub/share/cpp_pubsub/package.sh'
[25.457s] INFO:colcon.colcon_core.shell:Creating package script '/home/chen/ros2_ws/install/cpp_pubsub/share/cpp_pubsub/package.bash'
[25.458s] INFO:colcon.colcon_core.shell:Creating package script '/home/chen/ros2_ws/install/cpp_pubsub/share/cpp_pubsub/package.zsh'
[25.460s] Level 1:colcon.colcon_core.environment:create_file_with_runtime_dependencies(/home/chen/ros2_ws/install/cpp_pubsub/share/colcon-core/packages/cpp_pubsub)
[25.462s] DEBUG:colcon.colcon_parallel_executor.executor.parallel:closing loop
[25.465s] DEBUG:colcon.colcon_parallel_executor.executor.parallel:loop closed
[25.466s] DEBUG:colcon.colcon_parallel_executor.executor.parallel:run_until_complete finished with '0'
[25.466s] DEBUG:colcon.colcon_core.event_reactor:joining thread
[25.492s] INFO:colcon.colcon_core.plugin_system:Skipping extension 'colcon_notification.desktop_notification.terminal_notifier': Not used on non-Darwin systems
[25.492s] INFO:colcon.colcon_core.plugin_system:Skipping extension 'colcon_notification.desktop_notification.win32': Not used on non-Windows systems
[25.492s] INFO:colcon.colcon_notification.desktop_notification:Sending desktop notification using 'notify2'
[25.529s] DEBUG:colcon.colcon_core.event_reactor:joined thread
[25.531s] INFO:colcon.colcon_core.shell:Creating prefix script '/home/chen/ros2_ws/install/local_setup.ps1'
[25.533s] INFO:colcon.colcon_core.shell:Creating prefix util module '/home/chen/ros2_ws/install/_local_setup_util_ps1.py'
[25.534s] INFO:colcon.colcon_core.shell:Creating prefix chain script '/home/chen/ros2_ws/install/setup.ps1'
[25.542s] INFO:colcon.colcon_core.shell:Creating prefix script '/home/chen/ros2_ws/install/local_setup.sh'
[25.543s] INFO:colcon.colcon_core.shell:Creating prefix util module '/home/chen/ros2_ws/install/_local_setup_util_sh.py'
[25.544s] INFO:colcon.colcon_core.shell:Creating prefix chain script '/home/chen/ros2_ws/install/setup.sh'
[25.546s] INFO:colcon.colcon_core.shell:Creating prefix script '/home/chen/ros2_ws/install/local_setup.bash'
[25.548s] INFO:colcon.colcon_core.shell:Creating prefix chain script '/home/chen/ros2_ws/install/setup.bash'
[25.557s] INFO:colcon.colcon_core.shell:Creating prefix script '/home/chen/ros2_ws/install/local_setup.zsh'
[25.558s] INFO:colcon.colcon_core.shell:Creating prefix chain script '/home/chen/ros2_ws/install/setup.zsh'
