[0.207s] Invoking command in '/home/chen/ros2_ws/build/cpp_srvcli': CMAKE_PREFIX_PATH=${CMAKE_PREFIX_PATH}:/opt/ros/foxy /usr/bin/cmake --build /home/chen/ros2_ws/build/cpp_srvcli -- -j2 -l2
[0.352s] -- Found ament_cmake: 0.9.11 (/opt/ros/foxy/share/ament_cmake/cmake)
[0.601s] -- Found PythonInterp: /usr/bin/python3 (found suitable version "3.8.10", minimum required is "3") 
[0.603s] -- Using PYTHON_EXECUTABLE: /usr/bin/python3
[1.917s] -- Override CMake install command with custom implementation using symlinks instead of copying resources
[1.963s] -- Found rclcpp: 2.4.2 (/opt/ros/foxy/share/rclcpp/cmake)
[2.079s] -- Using all available rosidl_typesupport_c: rosidl_typesupport_fastrtps_c;rosidl_typesupport_introspection_c
[2.091s] -- Found rosidl_adapter: 1.3.0 (/opt/ros/foxy/share/rosidl_adapter/cmake)
[2.531s] -- Using all available rosidl_typesupport_cpp: rosidl_typesupport_fastrtps_cpp;rosidl_typesupport_introspection_cpp
[2.704s] -- Found rmw_implementation_cmake: 1.0.4 (/opt/ros/foxy/share/rmw_implementation_cmake/cmake)
[2.713s] -- Using RMW implementation 'rmw_fastrtps_cpp' as default
[3.149s] -- Found example_interfaces: 0.9.1 (/opt/ros/foxy/share/example_interfaces/cmake)
[3.462s] -- Found geometry_msgs: 2.0.5 (/opt/ros/foxy/share/geometry_msgs/cmake)
[3.562s] -- Found rosidl_default_generators: 1.0.1 (/opt/ros/foxy/share/rosidl_default_generators/cmake)
[3.593s] -- Found ament_lint_auto: 0.9.8 (/opt/ros/foxy/share/ament_lint_auto/cmake)
[3.914s] -- Found PythonInterp: /usr/bin/python3 (found version "3.8.10") 
[4.360s] -- Found ament_cmake_ros: 0.9.2 (/opt/ros/foxy/share/ament_cmake_ros/cmake)
[5.028s] -- Using all available rosidl_typesupport_c: rosidl_typesupport_fastrtps_c;rosidl_typesupport_introspection_c
[5.291s] -- Using all available rosidl_typesupport_cpp: rosidl_typesupport_fastrtps_cpp;rosidl_typesupport_introspection_cpp
[5.357s] -- Found PythonInterp: /usr/bin/python3 (found suitable version "3.8.10", minimum required is "3.5") 
[5.371s] -- Found python_cmake_module: 0.8.1 (/opt/ros/foxy/share/python_cmake_module/cmake)
[5.456s] -- Found PythonLibs: /usr/lib/x86_64-linux-gnu/libpython3.8.so (found suitable version "3.8.10", minimum required is "3.5") 
[5.457s] -- Using PYTHON_EXECUTABLE: /usr/bin/python3
[5.457s] -- Using PYTHON_INCLUDE_DIRS: /usr/include/python3.8
[5.457s] -- Using PYTHON_LIBRARIES: /usr/lib/x86_64-linux-gnu/libpython3.8.so
[5.580s] -- Found PythonExtra: .so  
[5.852s] -- Added test 'copyright' to check source files copyright and LICENSE
[5.868s] -- Added test 'cppcheck' to perform static code analysis on C / C++ code
[5.873s] -- Configured cppcheck include dirs: 
[5.873s] -- Configured cppcheck exclude dirs and/or files: 
[5.876s] -- Added test 'cpplint' to check C / C++ code against the Google style
[5.876s] -- Configured cpplint exclude dirs and/or files: 
[5.887s] -- Added test 'lint_cmake' to check CMake code style
[5.891s] -- Added test 'uncrustify' to check C / C++ code style
[5.891s] -- Configured uncrustify additional arguments: 
[5.892s] -- Added test 'xmllint' to check XML markup files
[5.936s] -- Configuring done
[6.154s] -- Generating done
[6.160s] -- Build files have been written to: /home/chen/ros2_ws/build/cpp_srvcli
[6.256s] [35m[1mScanning dependencies of target cpp_srvcli__cpp[0m
[6.281s] [  1%] [34m[1mGenerating C++ code for ROS interfaces[0m
[6.312s] [  3%] [34m[1mGenerating C code for ROS interfaces[0m
[8.109s] [  3%] Built target cpp_srvcli__cpp
[8.201s] [35m[1mScanning dependencies of target server[0m
[8.364s] [  5%] [32mBuilding CXX object CMakeFiles/server.dir/src/add_two_ints_server.cpp.o[0m
[8.711s] [35m[1mScanning dependencies of target cpp_srvcli__rosidl_generator_c[0m
[8.805s] [  7%] [32mBuilding C object CMakeFiles/cpp_srvcli__rosidl_generator_c.dir/rosidl_generator_c/cpp_srvcli/msg/detail/num__functions.c.o[0m
[9.452s] [  9%] [32mBuilding C object CMakeFiles/cpp_srvcli__rosidl_generator_c.dir/rosidl_generator_c/cpp_srvcli/msg/detail/sphere__functions.c.o[0m
[10.030s] [ 11%] [32mBuilding C object CMakeFiles/cpp_srvcli__rosidl_generator_c.dir/rosidl_generator_c/cpp_srvcli/srv/detail/add_three_ints__functions.c.o[0m
[10.778s] [ 13%] [32m[1mLinking C shared library libcpp_srvcli__rosidl_generator_c.so[0m
[11.038s] [ 13%] Built target cpp_srvcli__rosidl_generator_c
[11.102s] [35m[1mScanning dependencies of target client[0m
[11.193s] [ 15%] [32mBuilding CXX object CMakeFiles/client.dir/src/add_two_ints_client.cpp.o[0m
[26.899s] [ 17%] [32m[1mLinking CXX executable server[0m
[27.891s] [ 17%] Built target server
[30.032s] [ 19%] [32m[1mLinking CXX executable client[0m
[30.462s] [ 19%] Built target client
[30.534s] [ 21%] [34m[1mGenerating C++ type support dispatch for ROS interfaces[0m
[31.216s] [35m[1mScanning dependencies of target cpp_srvcli__rosidl_typesupport_cpp[0m
[31.261s] [ 23%] [32mBuilding CXX object CMakeFiles/cpp_srvcli__rosidl_typesupport_cpp.dir/rosidl_typesupport_cpp/cpp_srvcli/msg/num__type_support.cpp.o[0m
[32.108s] [ 25%] [32mBuilding CXX object CMakeFiles/cpp_srvcli__rosidl_typesupport_cpp.dir/rosidl_typesupport_cpp/cpp_srvcli/msg/sphere__type_support.cpp.o[0m
[33.041s] [ 27%] [32mBuilding CXX object CMakeFiles/cpp_srvcli__rosidl_typesupport_cpp.dir/rosidl_typesupport_cpp/cpp_srvcli/srv/add_three_ints__type_support.cpp.o[0m
[33.873s] [ 29%] [32m[1mLinking CXX shared library libcpp_srvcli__rosidl_typesupport_cpp.so[0m
[34.021s] [ 29%] Built target cpp_srvcli__rosidl_typesupport_cpp
[34.075s] [ 31%] [34m[1mGenerating C type support dispatch for ROS interfaces[0m
[34.781s] [35m[1mScanning dependencies of target cpp_srvcli__rosidl_typesupport_c[0m
[34.827s] [ 33%] [32mBuilding CXX object CMakeFiles/cpp_srvcli__rosidl_typesupport_c.dir/rosidl_typesupport_c/cpp_srvcli/msg/num__type_support.cpp.o[0m
[34.953s] [ 35%] [32mBuilding CXX object CMakeFiles/cpp_srvcli__rosidl_typesupport_c.dir/rosidl_typesupport_c/cpp_srvcli/msg/sphere__type_support.cpp.o[0m
[35.105s] [ 37%] [32mBuilding CXX object CMakeFiles/cpp_srvcli__rosidl_typesupport_c.dir/rosidl_typesupport_c/cpp_srvcli/srv/add_three_ints__type_support.cpp.o[0m
[35.254s] [ 39%] [32m[1mLinking CXX shared library libcpp_srvcli__rosidl_typesupport_c.so[0m
[35.414s] [ 39%] Built target cpp_srvcli__rosidl_typesupport_c
[35.457s] [ 41%] [34m[1mGenerating C++ introspection for ROS interfaces[0m
[36.420s] [35m[1mScanning dependencies of target cpp_srvcli__rosidl_typesupport_introspection_cpp[0m
[36.508s] [ 43%] [32mBuilding CXX object CMakeFiles/cpp_srvcli__rosidl_typesupport_introspection_cpp.dir/rosidl_typesupport_introspection_cpp/cpp_srvcli/msg/detail/num__type_support.cpp.o[0m
[37.496s] [ 45%] [32mBuilding CXX object CMakeFiles/cpp_srvcli__rosidl_typesupport_introspection_cpp.dir/rosidl_typesupport_introspection_cpp/cpp_srvcli/msg/detail/sphere__type_support.cpp.o[0m
[38.509s] [ 47%] [32mBuilding CXX object CMakeFiles/cpp_srvcli__rosidl_typesupport_introspection_cpp.dir/rosidl_typesupport_introspection_cpp/cpp_srvcli/srv/detail/add_three_ints__type_support.cpp.o[0m
[39.445s] [ 49%] [32m[1mLinking CXX shared library libcpp_srvcli__rosidl_typesupport_introspection_cpp.so[0m
[39.618s] [ 49%] Built target cpp_srvcli__rosidl_typesupport_introspection_cpp
[39.668s] [ 50%] [34m[1mGenerating C introspection for ROS interfaces[0m
[40.549s] [35m[1mScanning dependencies of target cpp_srvcli__rosidl_typesupport_introspection_c[0m
[40.615s] [ 52%] [32mBuilding C object CMakeFiles/cpp_srvcli__rosidl_typesupport_introspection_c.dir/rosidl_typesupport_introspection_c/cpp_srvcli/msg/detail/num__type_support.c.o[0m
[40.736s] [ 54%] [32mBuilding C object CMakeFiles/cpp_srvcli__rosidl_typesupport_introspection_c.dir/rosidl_typesupport_introspection_c/cpp_srvcli/msg/detail/sphere__type_support.c.o[0m
[40.861s] [ 56%] [32mBuilding C object CMakeFiles/cpp_srvcli__rosidl_typesupport_introspection_c.dir/rosidl_typesupport_introspection_c/cpp_srvcli/srv/detail/add_three_ints__type_support.c.o[0m
[41.002s] [ 58%] [32m[1mLinking C shared library libcpp_srvcli__rosidl_typesupport_introspection_c.so[0m
[41.117s] [ 58%] Built target cpp_srvcli__rosidl_typesupport_introspection_c
[41.164s] [ 60%] [34m[1mGenerating C++ type support for eProsima Fast-RTPS[0m
[42.158s] [35m[1mScanning dependencies of target cpp_srvcli__rosidl_typesupport_fastrtps_cpp[0m
[42.301s] [ 62%] [32mBuilding CXX object CMakeFiles/cpp_srvcli__rosidl_typesupport_fastrtps_cpp.dir/rosidl_typesupport_fastrtps_cpp/cpp_srvcli/msg/detail/dds_fastrtps/num__type_support.cpp.o[0m
[44.032s] [ 64%] [32mBuilding CXX object CMakeFiles/cpp_srvcli__rosidl_typesupport_fastrtps_cpp.dir/rosidl_typesupport_fastrtps_cpp/cpp_srvcli/msg/detail/dds_fastrtps/sphere__type_support.cpp.o[0m
[45.802s] [ 66%] [32mBuilding CXX object CMakeFiles/cpp_srvcli__rosidl_typesupport_fastrtps_cpp.dir/rosidl_typesupport_fastrtps_cpp/cpp_srvcli/srv/detail/dds_fastrtps/add_three_ints__type_support.cpp.o[0m
[47.620s] [ 68%] [32m[1mLinking CXX shared library libcpp_srvcli__rosidl_typesupport_fastrtps_cpp.so[0m
[48.089s] [ 68%] Built target cpp_srvcli__rosidl_typesupport_fastrtps_cpp
[48.160s] [ 70%] [34m[1mGenerating C type support for eProsima Fast-RTPS[0m
[49.342s] [35m[1mScanning dependencies of target cpp_srvcli__rosidl_typesupport_fastrtps_c[0m
[49.460s] [ 72%] [32mBuilding CXX object CMakeFiles/cpp_srvcli__rosidl_typesupport_fastrtps_c.dir/rosidl_typesupport_fastrtps_c/cpp_srvcli/msg/detail/num__type_support_c.cpp.o[0m
[50.701s] [ 74%] [32mBuilding CXX object CMakeFiles/cpp_srvcli__rosidl_typesupport_fastrtps_c.dir/rosidl_typesupport_fastrtps_c/cpp_srvcli/msg/detail/sphere__type_support_c.cpp.o[0m
[51.709s] [ 76%] [32mBuilding CXX object CMakeFiles/cpp_srvcli__rosidl_typesupport_fastrtps_c.dir/rosidl_typesupport_fastrtps_c/cpp_srvcli/srv/detail/add_three_ints__type_support_c.cpp.o[0m
[52.946s] [ 78%] [32m[1mLinking CXX shared library libcpp_srvcli__rosidl_typesupport_fastrtps_c.so[0m
[53.284s] [ 78%] Built target cpp_srvcli__rosidl_typesupport_fastrtps_c
[53.335s] [35m[1mScanning dependencies of target cpp_srvcli[0m
[53.367s] [ 78%] Built target cpp_srvcli
[53.408s] [35m[1mScanning dependencies of target cpp_srvcli__py[0m
[53.453s] [ 80%] [34m[1mGenerating Python code for ROS interfaces[0m
[55.496s] [ 80%] Built target cpp_srvcli__py
[55.523s] [35m[1mScanning dependencies of target cpp_srvcli__python[0m
[55.649s] [ 82%] [32mBuilding C object CMakeFiles/cpp_srvcli__python.dir/rosidl_generator_py/cpp_srvcli/msg/_num_s.c.o[0m
[55.990s] [ 84%] [32mBuilding C object CMakeFiles/cpp_srvcli__python.dir/rosidl_generator_py/cpp_srvcli/msg/_sphere_s.c.o[0m
[56.418s] [ 86%] [32mBuilding C object CMakeFiles/cpp_srvcli__python.dir/rosidl_generator_py/cpp_srvcli/srv/_add_three_ints_s.c.o[0m
[56.864s] [ 88%] [32m[1mLinking C shared library rosidl_generator_py/cpp_srvcli/libcpp_srvcli__python.so[0m
[57.044s] [ 88%] Built target cpp_srvcli__python
[57.099s] [35m[1mScanning dependencies of target cpp_srvcli__rosidl_typesupport_fastrtps_c__pyext[0m
[57.200s] [ 90%] [32mBuilding C object CMakeFiles/cpp_srvcli__rosidl_typesupport_fastrtps_c__pyext.dir/rosidl_generator_py/cpp_srvcli/_cpp_srvcli_s.ep.rosidl_typesupport_fastrtps_c.c.o[0m
[57.723s] [ 92%] [32m[1mLinking CXX shared library rosidl_generator_py/cpp_srvcli/cpp_srvcli_s__rosidl_typesupport_fastrtps_c.cpython-38-x86_64-linux-gnu.so[0m
[57.964s] [ 92%] Built target cpp_srvcli__rosidl_typesupport_fastrtps_c__pyext
[58.004s] [35m[1mScanning dependencies of target cpp_srvcli__rosidl_typesupport_c__pyext[0m
[58.081s] [ 94%] [32mBuilding C object CMakeFiles/cpp_srvcli__rosidl_typesupport_c__pyext.dir/rosidl_generator_py/cpp_srvcli/_cpp_srvcli_s.ep.rosidl_typesupport_c.c.o[0m
[58.679s] [ 96%] [32m[1mLinking C shared library rosidl_generator_py/cpp_srvcli/cpp_srvcli_s__rosidl_typesupport_c.cpython-38-x86_64-linux-gnu.so[0m
[58.870s] [ 96%] Built target cpp_srvcli__rosidl_typesupport_c__pyext
[58.904s] [35m[1mScanning dependencies of target cpp_srvcli__rosidl_typesupport_introspection_c__pyext[0m
[58.958s] [ 98%] [32mBuilding C object CMakeFiles/cpp_srvcli__rosidl_typesupport_introspection_c__pyext.dir/rosidl_generator_py/cpp_srvcli/_cpp_srvcli_s.ep.rosidl_typesupport_introspection_c.c.o[0m
[59.451s] [100%] [32m[1mLinking C shared library rosidl_generator_py/cpp_srvcli/cpp_srvcli_s__rosidl_typesupport_introspection_c.cpython-38-x86_64-linux-gnu.so[0m
[59.713s] [100%] Built target cpp_srvcli__rosidl_typesupport_introspection_c__pyext
[59.773s] Invoked command in '/home/chen/ros2_ws/build/cpp_srvcli' returned '0': CMAKE_PREFIX_PATH=${CMAKE_PREFIX_PATH}:/opt/ros/foxy /usr/bin/cmake --build /home/chen/ros2_ws/build/cpp_srvcli -- -j2 -l2
[60.231s] Invoking command in '/home/chen/ros2_ws/build/cpp_srvcli': CMAKE_PREFIX_PATH=${CMAKE_PREFIX_PATH}:/opt/ros/foxy /usr/bin/cmake --install /home/chen/ros2_ws/build/cpp_srvcli
[60.258s] -- Install configuration: "RelWithDebInfo"
[60.260s] -- Execute custom install script
[60.262s] -- Symlinking: /home/chen/ros2_ws/install/cpp_srvcli/share/ament_index/resource_index/rosidl_interfaces/cpp_srvcli
[60.286s] -- Symlinking: /home/chen/ros2_ws/install/cpp_srvcli/include/cpp_srvcli/msg/detail/num__functions.h
[60.313s] -- Symlinking: /home/chen/ros2_ws/install/cpp_srvcli/include/cpp_srvcli/msg/detail/num__struct.h
[60.331s] -- Symlinking: /home/chen/ros2_ws/install/cpp_srvcli/include/cpp_srvcli/msg/detail/num__type_support.h
[60.368s] -- Symlinking: /home/chen/ros2_ws/install/cpp_srvcli/include/cpp_srvcli/msg/detail/sphere__functions.h
[60.405s] -- Symlinking: /home/chen/ros2_ws/install/cpp_srvcli/include/cpp_srvcli/msg/detail/sphere__struct.h
[60.434s] -- Symlinking: /home/chen/ros2_ws/install/cpp_srvcli/include/cpp_srvcli/msg/detail/sphere__type_support.h
[60.474s] -- Symlinking: /home/chen/ros2_ws/install/cpp_srvcli/include/cpp_srvcli/msg/num.h
[60.501s] -- Symlinking: /home/chen/ros2_ws/install/cpp_srvcli/include/cpp_srvcli/msg/rosidl_generator_c__visibility_control.h
[60.527s] -- Symlinking: /home/chen/ros2_ws/install/cpp_srvcli/include/cpp_srvcli/msg/sphere.h
[60.548s] -- Symlinking: /home/chen/ros2_ws/install/cpp_srvcli/include/cpp_srvcli/srv/add_three_ints.h
[60.577s] -- Symlinking: /home/chen/ros2_ws/install/cpp_srvcli/include/cpp_srvcli/srv/detail/add_three_ints__functions.h
[60.608s] -- Symlinking: /home/chen/ros2_ws/install/cpp_srvcli/include/cpp_srvcli/srv/detail/add_three_ints__struct.h
[60.643s] -- Symlinking: /home/chen/ros2_ws/install/cpp_srvcli/include/cpp_srvcli/srv/detail/add_three_ints__type_support.h
[60.703s] -- Symlinking: /home/chen/ros2_ws/install/cpp_srvcli/share/cpp_srvcli/environment/library_path.sh
[60.745s] -- Symlinking: /home/chen/ros2_ws/install/cpp_srvcli/share/cpp_srvcli/environment/library_path.dsv
[60.780s] -- Symlinking: /home/chen/ros2_ws/install/cpp_srvcli/include/cpp_srvcli/msg/detail/num__rosidl_typesupport_fastrtps_c.h
[60.821s] -- Symlinking: /home/chen/ros2_ws/install/cpp_srvcli/include/cpp_srvcli/msg/detail/sphere__rosidl_typesupport_fastrtps_c.h
[60.857s] -- Symlinking: /home/chen/ros2_ws/install/cpp_srvcli/include/cpp_srvcli/msg/rosidl_typesupport_fastrtps_c__visibility_control.h
[60.913s] -- Symlinking: /home/chen/ros2_ws/install/cpp_srvcli/include/cpp_srvcli/srv/detail/add_three_ints__rosidl_typesupport_fastrtps_c.h
[60.965s] -- Symlinking: /home/chen/ros2_ws/install/cpp_srvcli/lib/libcpp_srvcli__rosidl_typesupport_fastrtps_c.so
[61.014s] -- Symlinking: /home/chen/ros2_ws/install/cpp_srvcli/include/cpp_srvcli/msg/detail/num__rosidl_typesupport_fastrtps_cpp.hpp
[61.048s] -- Symlinking: /home/chen/ros2_ws/install/cpp_srvcli/include/cpp_srvcli/msg/detail/sphere__rosidl_typesupport_fastrtps_cpp.hpp
[61.090s] -- Symlinking: /home/chen/ros2_ws/install/cpp_srvcli/include/cpp_srvcli/msg/rosidl_typesupport_fastrtps_cpp__visibility_control.h
[61.144s] -- Symlinking: /home/chen/ros2_ws/install/cpp_srvcli/include/cpp_srvcli/srv/detail/add_three_ints__rosidl_typesupport_fastrtps_cpp.hpp
[61.189s] -- Symlinking: /home/chen/ros2_ws/install/cpp_srvcli/lib/libcpp_srvcli__rosidl_typesupport_fastrtps_cpp.so
[61.257s] -- Symlinking: /home/chen/ros2_ws/install/cpp_srvcli/include/cpp_srvcli/msg/detail/num__rosidl_typesupport_introspection_c.h
[61.307s] -- Symlinking: /home/chen/ros2_ws/install/cpp_srvcli/include/cpp_srvcli/msg/detail/sphere__rosidl_typesupport_introspection_c.h
[61.340s] -- Symlinking: /home/chen/ros2_ws/install/cpp_srvcli/include/cpp_srvcli/msg/rosidl_typesupport_introspection_c__visibility_control.h
[61.369s] -- Symlinking: /home/chen/ros2_ws/install/cpp_srvcli/include/cpp_srvcli/srv/detail/add_three_ints__rosidl_typesupport_introspection_c.h
[61.408s] -- Symlinking: /home/chen/ros2_ws/install/cpp_srvcli/include/cpp_srvcli/msg/detail/num__builder.hpp
[61.440s] -- Symlinking: /home/chen/ros2_ws/install/cpp_srvcli/include/cpp_srvcli/msg/detail/num__struct.hpp
[61.469s] -- Symlinking: /home/chen/ros2_ws/install/cpp_srvcli/include/cpp_srvcli/msg/detail/num__traits.hpp
[61.485s] -- Symlinking: /home/chen/ros2_ws/install/cpp_srvcli/include/cpp_srvcli/msg/detail/sphere__builder.hpp
[61.505s] -- Symlinking: /home/chen/ros2_ws/install/cpp_srvcli/include/cpp_srvcli/msg/detail/sphere__struct.hpp
[61.540s] -- Symlinking: /home/chen/ros2_ws/install/cpp_srvcli/include/cpp_srvcli/msg/detail/sphere__traits.hpp
[61.579s] -- Symlinking: /home/chen/ros2_ws/install/cpp_srvcli/include/cpp_srvcli/msg/num.hpp
[61.606s] -- Symlinking: /home/chen/ros2_ws/install/cpp_srvcli/include/cpp_srvcli/msg/sphere.hpp
[61.632s] -- Symlinking: /home/chen/ros2_ws/install/cpp_srvcli/include/cpp_srvcli/srv/add_three_ints.hpp
[61.662s] -- Symlinking: /home/chen/ros2_ws/install/cpp_srvcli/include/cpp_srvcli/srv/detail/add_three_ints__builder.hpp
[61.685s] -- Symlinking: /home/chen/ros2_ws/install/cpp_srvcli/include/cpp_srvcli/srv/detail/add_three_ints__struct.hpp
[61.713s] -- Symlinking: /home/chen/ros2_ws/install/cpp_srvcli/include/cpp_srvcli/srv/detail/add_three_ints__traits.hpp
[61.739s] -- Symlinking: /home/chen/ros2_ws/install/cpp_srvcli/include/cpp_srvcli/msg/detail/num__rosidl_typesupport_introspection_cpp.hpp
[61.762s] -- Symlinking: /home/chen/ros2_ws/install/cpp_srvcli/include/cpp_srvcli/msg/detail/sphere__rosidl_typesupport_introspection_cpp.hpp
[61.781s] -- Symlinking: /home/chen/ros2_ws/install/cpp_srvcli/include/cpp_srvcli/srv/detail/add_three_ints__rosidl_typesupport_introspection_cpp.hpp
[61.804s] -- Symlinking: /home/chen/ros2_ws/install/cpp_srvcli/share/cpp_srvcli/environment/pythonpath.sh
[61.827s] -- Symlinking: /home/chen/ros2_ws/install/cpp_srvcli/share/cpp_srvcli/environment/pythonpath.dsv
[61.852s] -- Symlinking: /home/chen/ros2_ws/install/cpp_srvcli/lib/python3.8/site-packages/cpp_srvcli/__init__.py
[61.875s] -- Symlinking: /home/chen/ros2_ws/install/cpp_srvcli/lib/python3.8/site-packages/cpp_srvcli/msg/__init__.py
[61.903s] -- Symlinking: /home/chen/ros2_ws/install/cpp_srvcli/lib/python3.8/site-packages/cpp_srvcli/msg/_num.py
[61.923s] -- Symlinking: /home/chen/ros2_ws/install/cpp_srvcli/lib/python3.8/site-packages/cpp_srvcli/msg/_sphere.py
[61.956s] -- Symlinking: /home/chen/ros2_ws/install/cpp_srvcli/lib/python3.8/site-packages/cpp_srvcli/srv/__init__.py
[61.992s] -- Symlinking: /home/chen/ros2_ws/install/cpp_srvcli/lib/python3.8/site-packages/cpp_srvcli/srv/_add_three_ints.py
[62.017s] -- Symlinking: /home/chen/ros2_ws/install/cpp_srvcli/lib/python3.8/site-packages/cpp_srvcli/cpp_srvcli_s__rosidl_typesupport_fastrtps_c.cpython-38-x86_64-linux-gnu.so
[62.048s] -- Symlinking: /home/chen/ros2_ws/install/cpp_srvcli/lib/python3.8/site-packages/cpp_srvcli/cpp_srvcli_s__rosidl_typesupport_introspection_c.cpython-38-x86_64-linux-gnu.so
[62.079s] -- Symlinking: /home/chen/ros2_ws/install/cpp_srvcli/lib/python3.8/site-packages/cpp_srvcli/cpp_srvcli_s__rosidl_typesupport_c.cpython-38-x86_64-linux-gnu.so
[62.105s] -- Symlinking: /home/chen/ros2_ws/install/cpp_srvcli/lib/libcpp_srvcli__python.so
[62.131s] -- Symlinking: /home/chen/ros2_ws/install/cpp_srvcli/share/cpp_srvcli/msg/Num.idl
[62.167s] -- Symlinking: /home/chen/ros2_ws/install/cpp_srvcli/share/cpp_srvcli/msg/Sphere.idl
[62.194s] -- Symlinking: /home/chen/ros2_ws/install/cpp_srvcli/share/cpp_srvcli/srv/AddThreeInts.idl
[62.215s] -- Symlinking: /home/chen/ros2_ws/install/cpp_srvcli/share/cpp_srvcli/msg/Num.msg
[62.242s] -- Symlinking: /home/chen/ros2_ws/install/cpp_srvcli/share/cpp_srvcli/msg/Sphere.msg
[62.257s] -- Symlinking: /home/chen/ros2_ws/install/cpp_srvcli/share/cpp_srvcli/srv/AddThreeInts.srv
[62.277s] -- Symlinking: /home/chen/ros2_ws/install/cpp_srvcli/share/cpp_srvcli/srv/AddThreeInts_Request.msg
[62.306s] -- Symlinking: /home/chen/ros2_ws/install/cpp_srvcli/share/cpp_srvcli/srv/AddThreeInts_Response.msg
[62.344s] -- Up-to-date symlink: /home/chen/ros2_ws/install/cpp_srvcli/lib/cpp_srvcli/server
[62.345s] -- Up-to-date symlink: /home/chen/ros2_ws/install/cpp_srvcli/lib/cpp_srvcli/client
[62.345s] -- Up-to-date symlink: /home/chen/ros2_ws/install/cpp_srvcli/share/ament_index/resource_index/package_run_dependencies/cpp_srvcli
[62.345s] -- Up-to-date symlink: /home/chen/ros2_ws/install/cpp_srvcli/share/ament_index/resource_index/parent_prefix_path/cpp_srvcli
[62.345s] -- Up-to-date symlink: /home/chen/ros2_ws/install/cpp_srvcli/share/cpp_srvcli/environment/ament_prefix_path.sh
[62.345s] -- Up-to-date symlink: /home/chen/ros2_ws/install/cpp_srvcli/share/cpp_srvcli/environment/ament_prefix_path.dsv
[62.345s] -- Up-to-date symlink: /home/chen/ros2_ws/install/cpp_srvcli/share/cpp_srvcli/environment/path.sh
[62.346s] -- Up-to-date symlink: /home/chen/ros2_ws/install/cpp_srvcli/share/cpp_srvcli/environment/path.dsv
[62.346s] -- Up-to-date symlink: /home/chen/ros2_ws/install/cpp_srvcli/share/cpp_srvcli/local_setup.bash
[62.347s] -- Up-to-date symlink: /home/chen/ros2_ws/install/cpp_srvcli/share/cpp_srvcli/local_setup.sh
[62.347s] -- Up-to-date symlink: /home/chen/ros2_ws/install/cpp_srvcli/share/cpp_srvcli/local_setup.zsh
[62.348s] -- Up-to-date symlink: /home/chen/ros2_ws/install/cpp_srvcli/share/cpp_srvcli/local_setup.dsv
[62.348s] -- Symlinking: /home/chen/ros2_ws/install/cpp_srvcli/share/cpp_srvcli/package.dsv
[62.380s] -- Up-to-date symlink: /home/chen/ros2_ws/install/cpp_srvcli/share/ament_index/resource_index/packages/cpp_srvcli
[62.381s] -- Symlinking: /home/chen/ros2_ws/install/cpp_srvcli/share/cpp_srvcli/cmake/rosidl_cmake-extras.cmake
[62.402s] -- Symlinking: /home/chen/ros2_ws/install/cpp_srvcli/share/cpp_srvcli/cmake/ament_cmake_export_dependencies-extras.cmake
[62.422s] -- Symlinking: /home/chen/ros2_ws/install/cpp_srvcli/share/cpp_srvcli/cmake/ament_cmake_export_libraries-extras.cmake
[62.447s] -- Symlinking: /home/chen/ros2_ws/install/cpp_srvcli/share/cpp_srvcli/cmake/ament_cmake_export_targets-extras.cmake
[62.467s] -- Symlinking: /home/chen/ros2_ws/install/cpp_srvcli/share/cpp_srvcli/cmake/ament_cmake_export_include_directories-extras.cmake
[62.490s] -- Symlinking: /home/chen/ros2_ws/install/cpp_srvcli/share/cpp_srvcli/cmake/rosidl_cmake_export_typesupport_libraries-extras.cmake
[62.515s] -- Symlinking: /home/chen/ros2_ws/install/cpp_srvcli/share/cpp_srvcli/cmake/rosidl_cmake_export_typesupport_targets-extras.cmake
[62.532s] -- Up-to-date symlink: /home/chen/ros2_ws/install/cpp_srvcli/share/cpp_srvcli/cmake/cpp_srvcliConfig.cmake
[62.532s] -- Up-to-date symlink: /home/chen/ros2_ws/install/cpp_srvcli/share/cpp_srvcli/cmake/cpp_srvcliConfig-version.cmake
[62.533s] -- Up-to-date symlink: /home/chen/ros2_ws/install/cpp_srvcli/share/cpp_srvcli/package.xml
[62.533s] -- Installing: /home/chen/ros2_ws/install/cpp_srvcli/lib/libcpp_srvcli__rosidl_generator_c.so
[62.534s] -- Set runtime path of "/home/chen/ros2_ws/install/cpp_srvcli/lib/libcpp_srvcli__rosidl_generator_c.so" to ""
[62.534s] -- Installing: /home/chen/ros2_ws/install/cpp_srvcli/lib/libcpp_srvcli__rosidl_typesupport_introspection_c.so
[62.535s] -- Set runtime path of "/home/chen/ros2_ws/install/cpp_srvcli/lib/libcpp_srvcli__rosidl_typesupport_introspection_c.so" to ""
[62.535s] -- Installing: /home/chen/ros2_ws/install/cpp_srvcli/lib/libcpp_srvcli__rosidl_typesupport_c.so
[62.536s] -- Set runtime path of "/home/chen/ros2_ws/install/cpp_srvcli/lib/libcpp_srvcli__rosidl_typesupport_c.so" to ""
[62.536s] -- Installing: /home/chen/ros2_ws/install/cpp_srvcli/lib/libcpp_srvcli__rosidl_typesupport_introspection_cpp.so
[62.537s] -- Set runtime path of "/home/chen/ros2_ws/install/cpp_srvcli/lib/libcpp_srvcli__rosidl_typesupport_introspection_cpp.so" to ""
[62.537s] -- Installing: /home/chen/ros2_ws/install/cpp_srvcli/lib/libcpp_srvcli__rosidl_typesupport_cpp.so
[62.538s] -- Set runtime path of "/home/chen/ros2_ws/install/cpp_srvcli/lib/libcpp_srvcli__rosidl_typesupport_cpp.so" to ""
[62.616s] Compiling '/home/chen/ros2_ws/install/cpp_srvcli/lib/python3.8/site-packages/cpp_srvcli/__init__.py'...
[62.633s] -- Installing: /home/chen/ros2_ws/install/cpp_srvcli/share/cpp_srvcli/cmake/cpp_srvcli__rosidl_generator_cExport.cmake
[62.639s] -- Installing: /home/chen/ros2_ws/install/cpp_srvcli/share/cpp_srvcli/cmake/cpp_srvcli__rosidl_generator_cExport-relwithdebinfo.cmake
[62.641s] -- Installing: /home/chen/ros2_ws/install/cpp_srvcli/share/cpp_srvcli/cmake/cpp_srvcli__rosidl_typesupport_introspection_cExport.cmake
[62.641s] -- Installing: /home/chen/ros2_ws/install/cpp_srvcli/share/cpp_srvcli/cmake/cpp_srvcli__rosidl_typesupport_introspection_cExport-relwithdebinfo.cmake
[62.641s] -- Installing: /home/chen/ros2_ws/install/cpp_srvcli/share/cpp_srvcli/cmake/cpp_srvcli__rosidl_typesupport_cExport.cmake
[62.642s] -- Installing: /home/chen/ros2_ws/install/cpp_srvcli/share/cpp_srvcli/cmake/cpp_srvcli__rosidl_typesupport_cExport-relwithdebinfo.cmake
[62.642s] -- Installing: /home/chen/ros2_ws/install/cpp_srvcli/share/cpp_srvcli/cmake/cpp_srvcli__rosidl_generator_cppExport.cmake
[62.642s] -- Installing: /home/chen/ros2_ws/install/cpp_srvcli/share/cpp_srvcli/cmake/cpp_srvcli__rosidl_typesupport_introspection_cppExport.cmake
[62.643s] -- Installing: /home/chen/ros2_ws/install/cpp_srvcli/share/cpp_srvcli/cmake/cpp_srvcli__rosidl_typesupport_introspection_cppExport-relwithdebinfo.cmake
[62.645s] -- Installing: /home/chen/ros2_ws/install/cpp_srvcli/share/cpp_srvcli/cmake/cpp_srvcli__rosidl_typesupport_cppExport.cmake
[62.645s] -- Installing: /home/chen/ros2_ws/install/cpp_srvcli/share/cpp_srvcli/cmake/cpp_srvcli__rosidl_typesupport_cppExport-relwithdebinfo.cmake
[62.652s] Invoked command in '/home/chen/ros2_ws/build/cpp_srvcli' returned '0': CMAKE_PREFIX_PATH=${CMAKE_PREFIX_PATH}:/opt/ros/foxy /usr/bin/cmake --install /home/chen/ros2_ws/build/cpp_srvcli
