[0.074s] Invoking command in '/home/chen/ros2_ws/build/cpp_pubsub': CMAKE_PREFIX_PATH=/opt/ros/foxy /usr/bin/cmake --build /home/chen/ros2_ws/build/cpp_pubsub -- -j2 -l2
[0.158s] -- Found ament_cmake: 0.9.11 (/opt/ros/foxy/share/ament_cmake/cmake)
[0.194s] -- Using PYTHON_EXECUTABLE: /usr/bin/python3
[0.753s] -- Override CMake install command with custom implementation using symlinks instead of copying resources
[0.777s] -- Found rclcpp: 2.4.2 (/opt/ros/foxy/share/rclcpp/cmake)
[0.838s] -- Using all available rosidl_typesupport_c: rosidl_typesupport_fastrtps_c;rosidl_typesupport_introspection_c
[0.848s] -- Found rosidl_adapter: 1.3.0 (/opt/ros/foxy/share/rosidl_adapter/cmake)
[1.091s] -- Using all available rosidl_typesupport_cpp: rosidl_typesupport_fastrtps_cpp;rosidl_typesupport_introspection_cpp
[1.276s] -- Found rmw_implementation_cmake: 1.0.4 (/opt/ros/foxy/share/rmw_implementation_cmake/cmake)
[1.285s] -- Using RMW implementation 'rmw_fastrtps_cpp' as default
[1.578s] -- Found PythonInterp: /usr/bin/python3 (found version "3.8.10") 
[1.693s] CMake Error at /opt/ros/foxy/share/rosidl_cmake/cmake/rosidl_generate_interfaces.cmake:162 (message):
[1.693s]   rosidl_generate_interfaces() the passed dependency 'geometry_msgs' has not
[1.693s]   been found before using find_package()
[1.693s] Call Stack (most recent call first):
[1.693s]   CMakeLists.txt:23 (rosidl_generate_interfaces)
[1.693s] 
[1.694s] 
[1.701s] -- Configuring incomplete, errors occurred!
[1.701s] See also "/home/chen/ros2_ws/build/cpp_pubsub/CMakeFiles/CMakeOutput.log".
[1.701s] See also "/home/chen/ros2_ws/build/cpp_pubsub/CMakeFiles/CMakeError.log".
[1.714s] make: *** [Makefile:310：cmake_check_build_system] 错误 1
[1.720s] Invoked command in '/home/chen/ros2_ws/build/cpp_pubsub' returned '2': CMAKE_PREFIX_PATH=/opt/ros/foxy /usr/bin/cmake --build /home/chen/ros2_ws/build/cpp_pubsub -- -j2 -l2
