[0.058s] Invoking command in '/home/chen/ros2_ws/build/cpp_pubsub': CMAKE_PREFIX_PATH=/opt/ros/foxy /usr/bin/cmake /home/chen/ros2_ws/src/cpp_pubsub -DCMAKE_INSTALL_PREFIX=/home/chen/ros2_ws/install/cpp_pubsub
[0.256s] -- The C compiler identification is GNU 9.4.0
[0.391s] -- The CXX compiler identification is GNU 9.4.0
[0.401s] -- Check for working C compiler: /usr/bin/cc
[0.591s] -- Check for working C compiler: /usr/bin/cc -- works
[0.594s] -- Detecting C compiler ABI info
[0.810s] -- Detecting C compiler ABI info - done
[0.834s] -- Detecting C compile features
[0.835s] -- Detecting C compile features - done
[0.841s] -- Check for working CXX compiler: /usr/bin/c++
[1.050s] -- Check for working CXX compiler: /usr/bin/c++ -- works
[1.055s] -- Detecting CXX compiler ABI info
[1.273s] -- Detecting CXX compiler ABI info - done
[1.300s] -- Detecting CXX compile features
[1.302s] -- Detecting CXX compile features - done
[1.305s] -- Found ament_cmake: 0.9.11 (/opt/ros/foxy/share/ament_cmake/cmake)
[1.366s] -- Found PythonInterp: /usr/bin/python3 (found suitable version "3.8.10", minimum required is "3") 
[1.367s] -- Using PYTHON_EXECUTABLE: /usr/bin/python3
[1.883s] -- Found rclcpp: 2.4.2 (/opt/ros/foxy/share/rclcpp/cmake)
[2.006s] -- Using all available rosidl_typesupport_c: rosidl_typesupport_fastrtps_c;rosidl_typesupport_introspection_c
[2.023s] -- Found rosidl_adapter: 1.3.0 (/opt/ros/foxy/share/rosidl_adapter/cmake)
[2.299s] -- Found OpenSSL: /usr/lib/x86_64-linux-gnu/libcrypto.so (found version "1.1.1f")  
[2.522s] -- Found FastRTPS: /opt/ros/foxy/include  
[2.875s] -- Using all available rosidl_typesupport_cpp: rosidl_typesupport_fastrtps_cpp;rosidl_typesupport_introspection_cpp
[3.047s] -- Found rmw_implementation_cmake: 1.0.4 (/opt/ros/foxy/share/rmw_implementation_cmake/cmake)
[3.051s] -- Using RMW implementation 'rmw_fastrtps_cpp' as default
[3.053s] -- Looking for pthread.h
[3.319s] -- Looking for pthread.h - found
[3.319s] -- Performing Test CMAKE_HAVE_LIBC_PTHREAD
[3.570s] -- Performing Test CMAKE_HAVE_LIBC_PTHREAD - Failed
[3.571s] -- Looking for pthread_create in pthreads
[3.739s] -- Looking for pthread_create in pthreads - not found
[3.740s] -- Looking for pthread_create in pthread
[4.179s] -- Looking for pthread_create in pthread - found
[4.186s] -- Found Threads: TRUE  
[4.923s] -- Configuring done
[4.971s] -- Generating done
[4.975s] -- Build files have been written to: /home/chen/ros2_ws/build/cpp_pubsub
[4.990s] Invoked command in '/home/chen/ros2_ws/build/cpp_pubsub' returned '0': CMAKE_PREFIX_PATH=/opt/ros/foxy /usr/bin/cmake /home/chen/ros2_ws/src/cpp_pubsub -DCMAKE_INSTALL_PREFIX=/home/chen/ros2_ws/install/cpp_pubsub
[5.001s] Invoking command in '/home/chen/ros2_ws/build/cpp_pubsub': CMAKE_PREFIX_PATH=/opt/ros/foxy /usr/bin/cmake --build /home/chen/ros2_ws/build/cpp_pubsub -- -j2 -l2
[5.124s] [35m[1mScanning dependencies of target talker[0m
[5.133s] [35m[1mScanning dependencies of target listener[0m
[5.327s] [ 25%] [32mBuilding CXX object CMakeFiles/listener.dir/src/subscriber_member_function.cpp.o[0m
[5.363s] [ 50%] [32mBuilding CXX object CMakeFiles/talker.dir/src/publisher_member_function.cpp.o[0m
[19.227s] [ 75%] [32m[1mLinking CXX executable talker[0m
[19.789s] [ 75%] Built target talker
[22.194s] [100%] [32m[1mLinking CXX executable listener[0m
[22.679s] [100%] Built target listener
[22.702s] Invoked command in '/home/chen/ros2_ws/build/cpp_pubsub' returned '0': CMAKE_PREFIX_PATH=/opt/ros/foxy /usr/bin/cmake --build /home/chen/ros2_ws/build/cpp_pubsub -- -j2 -l2
[22.772s] Invoking command in '/home/chen/ros2_ws/build/cpp_pubsub': CMAKE_PREFIX_PATH=/opt/ros/foxy /usr/bin/cmake --install /home/chen/ros2_ws/build/cpp_pubsub
[22.788s] -- Install configuration: ""
[22.788s] -- Installing: /home/chen/ros2_ws/install/cpp_pubsub/lib/cpp_pubsub/talker
[22.790s] -- Set runtime path of "/home/chen/ros2_ws/install/cpp_pubsub/lib/cpp_pubsub/talker" to ""
[22.790s] -- Installing: /home/chen/ros2_ws/install/cpp_pubsub/lib/cpp_pubsub/listener
[22.793s] -- Set runtime path of "/home/chen/ros2_ws/install/cpp_pubsub/lib/cpp_pubsub/listener" to ""
[22.793s] -- Installing: /home/chen/ros2_ws/install/cpp_pubsub/share/ament_index/resource_index/package_run_dependencies/cpp_pubsub
[22.794s] -- Installing: /home/chen/ros2_ws/install/cpp_pubsub/share/ament_index/resource_index/parent_prefix_path/cpp_pubsub
[22.794s] -- Installing: /home/chen/ros2_ws/install/cpp_pubsub/share/cpp_pubsub/environment/ament_prefix_path.sh
[22.795s] -- Installing: /home/chen/ros2_ws/install/cpp_pubsub/share/cpp_pubsub/environment/ament_prefix_path.dsv
[22.795s] -- Installing: /home/chen/ros2_ws/install/cpp_pubsub/share/cpp_pubsub/environment/path.sh
[22.796s] -- Installing: /home/chen/ros2_ws/install/cpp_pubsub/share/cpp_pubsub/environment/path.dsv
[22.797s] -- Installing: /home/chen/ros2_ws/install/cpp_pubsub/share/cpp_pubsub/local_setup.bash
[22.798s] -- Installing: /home/chen/ros2_ws/install/cpp_pubsub/share/cpp_pubsub/local_setup.sh
[22.799s] -- Installing: /home/chen/ros2_ws/install/cpp_pubsub/share/cpp_pubsub/local_setup.zsh
[22.799s] -- Installing: /home/chen/ros2_ws/install/cpp_pubsub/share/cpp_pubsub/local_setup.dsv
[22.800s] -- Installing: /home/chen/ros2_ws/install/cpp_pubsub/share/cpp_pubsub/package.dsv
[22.801s] -- Installing: /home/chen/ros2_ws/install/cpp_pubsub/share/ament_index/resource_index/packages/cpp_pubsub
[22.801s] -- Installing: /home/chen/ros2_ws/install/cpp_pubsub/share/cpp_pubsub/cmake/cpp_pubsubConfig.cmake
[22.801s] -- Installing: /home/chen/ros2_ws/install/cpp_pubsub/share/cpp_pubsub/cmake/cpp_pubsubConfig-version.cmake
[22.802s] -- Installing: /home/chen/ros2_ws/install/cpp_pubsub/share/cpp_pubsub/package.xml
[22.806s] Invoked command in '/home/chen/ros2_ws/build/cpp_pubsub' returned '0': CMAKE_PREFIX_PATH=/opt/ros/foxy /usr/bin/cmake --install /home/chen/ros2_ws/build/cpp_pubsub
