[0.061s] Invoking command in '/home/chen/ros2_ws/build/cpp_srvcli': CMAKE_PREFIX_PATH=/opt/ros/foxy /usr/bin/cmake /home/chen/ros2_ws/src/cpp_srvcli -DCMAKE_INSTALL_PREFIX=/home/chen/ros2_ws/install/cpp_srvcli
[0.144s] -- Found ament_cmake: 0.9.11 (/opt/ros/foxy/share/ament_cmake/cmake)
[0.272s] -- Found PythonInterp: /usr/bin/python3 (found suitable version "3.8.10", minimum required is "3") 
[0.273s] -- Using PYTHON_EXECUTABLE: /usr/bin/python3
[1.048s] -- Override CMake install command with custom implementation using symlinks instead of copying resources
[1.078s] -- Found rclcpp: 2.4.2 (/opt/ros/foxy/share/rclcpp/cmake)
[1.172s] -- Using all available rosidl_typesupport_c: rosidl_typesupport_fastrtps_c;rosidl_typesupport_introspection_c
[1.190s] -- Found rosidl_adapter: 1.3.0 (/opt/ros/foxy/share/rosidl_adapter/cmake)
[1.612s] -- Using all available rosidl_typesupport_cpp: rosidl_typesupport_fastrtps_cpp;rosidl_typesupport_introspection_cpp
[1.825s] -- Found rmw_implementation_cmake: 1.0.4 (/opt/ros/foxy/share/rmw_implementation_cmake/cmake)
[1.827s] -- Using RMW implementation 'rmw_fastrtps_cpp' as default
[2.380s] -- Found example_interfaces: 0.9.1 (/opt/ros/foxy/share/example_interfaces/cmake)
[2.828s] -- Found geometry_msgs: 2.0.5 (/opt/ros/foxy/share/geometry_msgs/cmake)
[2.895s] -- Found rosidl_default_generators: 1.0.1 (/opt/ros/foxy/share/rosidl_default_generators/cmake)
[2.929s] -- Found ament_lint_auto: 0.9.8 (/opt/ros/foxy/share/ament_lint_auto/cmake)
[3.120s] CMake Error at /opt/ros/foxy/share/rosidl_cmake/cmake/rosidl_generate_interfaces.cmake:93 (message):
[3.120s]   rosidl_generate_interfaces() the passed file 'msg/Num.msg' doesn't exist
[3.120s]   relative to the CMAKE_CURRENT_SOURCE_DIR
[3.120s]   '/home/chen/ros2_ws/src/cpp_srvcli'
[3.120s] Call Stack (most recent call first):
[3.120s]   CMakeLists.txt:43 (rosidl_generate_interfaces)
[3.120s] 
[3.120s] 
[3.133s] -- Configuring incomplete, errors occurred!
[3.140s] See also "/home/chen/ros2_ws/build/cpp_srvcli/CMakeFiles/CMakeOutput.log".
[3.140s] See also "/home/chen/ros2_ws/build/cpp_srvcli/CMakeFiles/CMakeError.log".
[3.213s] Invoked command in '/home/chen/ros2_ws/build/cpp_srvcli' returned '1': CMAKE_PREFIX_PATH=/opt/ros/foxy /usr/bin/cmake /home/chen/ros2_ws/src/cpp_srvcli -DCMAKE_INSTALL_PREFIX=/home/chen/ros2_ws/install/cpp_srvcli
