[1.845s] DEBUG:colcon:Command line arguments: ['/usr/bin/colcon', 'list', '-p', '--base-paths', '/home/chen/ros2_ws']
[1.846s] DEBUG:colcon:Parsed command line arguments: Namespace(allow_overriding=[], base_paths=['/home/chen/ros2_ws'], build_base='build', ignore_user_meta=False, log_base=None, log_level=None, main=<bound method ListVerb.main of <colcon_package_information.verb.list.ListVerb object at 0x7f80e2e87d00>>, metas=['./colcon.meta'], names_only=False, packages_above=None, packages_above_and_dependencies=None, packages_above_depth=None, packages_end=None, packages_ignore=None, packages_ignore_regex=None, packages_select=None, packages_select_build_failed=False, packages_select_by_dep=None, packages_select_regex=None, packages_select_test_failures=False, packages_skip=None, packages_skip_build_finished=False, packages_skip_by_dep=None, packages_skip_regex=None, packages_skip_test_passed=False, packages_skip_up_to=None, packages_start=None, packages_up_to=None, packages_up_to_regex=None, paths=None, paths_only=True, topological_graph=False, topological_graph_density=False, topological_graph_dot=False, topological_graph_dot_cluster=False, topological_graph_dot_include_skipped=False, topological_graph_legend=False, topological_order=False, verb_extension=<colcon_package_information.verb.list.ListVerb object at 0x7f80e2e87d00>, verb_name='list', verb_parser=<colcon_defaults.argument_parser.defaults.DefaultArgumentsDecorator object at 0x7f80e2d78c40>)
[2.075s] Level 1:colcon.colcon_core.package_discovery:discover_packages(colcon_meta) check parameters
[2.075s] Level 1:colcon.colcon_core.package_discovery:discover_packages(recursive) check parameters
[2.075s] Level 1:colcon.colcon_core.package_discovery:discover_packages(ignore) check parameters
[2.075s] Level 1:colcon.colcon_core.package_discovery:discover_packages(path) check parameters
[2.075s] Level 1:colcon.colcon_core.package_discovery:discover_packages(recursive) discover
[2.075s] INFO:colcon.colcon_core.package_discovery:Crawling recursively for packages in '/home/chen/ros2_ws'
[2.076s] Level 1:colcon.colcon_core.package_identification:_identify(/home/chen/ros2_ws) by extensions ['ignore', 'ignore_ament_install']
[2.076s] Level 1:colcon.colcon_core.package_identification:_identify(/home/chen/ros2_ws) by extension 'ignore'
[2.079s] Level 1:colcon.colcon_core.package_identification:_identify(/home/chen/ros2_ws) by extension 'ignore_ament_install'
[2.079s] Level 1:colcon.colcon_core.package_identification:_identify(/home/chen/ros2_ws) by extensions ['colcon_pkg']
[2.079s] Level 1:colcon.colcon_core.package_identification:_identify(/home/chen/ros2_ws) by extension 'colcon_pkg'
[2.079s] Level 1:colcon.colcon_core.package_identification:_identify(/home/chen/ros2_ws) by extensions ['colcon_meta']
[2.080s] Level 1:colcon.colcon_core.package_identification:_identify(/home/chen/ros2_ws) by extension 'colcon_meta'
[2.080s] Level 1:colcon.colcon_core.package_identification:_identify(/home/chen/ros2_ws) by extensions ['ros']
[2.080s] Level 1:colcon.colcon_core.package_identification:_identify(/home/chen/ros2_ws) by extension 'ros'
[2.146s] Level 1:colcon.colcon_core.package_identification:_identify(/home/chen/ros2_ws) by extensions ['cmake', 'python']
[2.147s] Level 1:colcon.colcon_core.package_identification:_identify(/home/chen/ros2_ws) by extension 'cmake'
[2.147s] Level 1:colcon.colcon_core.package_identification:_identify(/home/chen/ros2_ws) by extension 'python'
[2.147s] Level 1:colcon.colcon_core.package_identification:_identify(/home/chen/ros2_ws) by extensions ['python_setup_py']
[2.147s] Level 1:colcon.colcon_core.package_identification:_identify(/home/chen/ros2_ws) by extension 'python_setup_py'
[2.155s] Level 1:colcon.colcon_core.package_identification:_identify(/home/chen/ros2_ws/build) by extensions ['ignore', 'ignore_ament_install']
[2.155s] Level 1:colcon.colcon_core.package_identification:_identify(/home/chen/ros2_ws/build) by extension 'ignore'
[2.155s] Level 1:colcon.colcon_core.package_identification:_identify(/home/chen/ros2_ws/build) ignored
[2.156s] Level 1:colcon.colcon_core.package_identification:_identify(/home/chen/ros2_ws/install) by extensions ['ignore', 'ignore_ament_install']
[2.156s] Level 1:colcon.colcon_core.package_identification:_identify(/home/chen/ros2_ws/install) by extension 'ignore'
[2.156s] Level 1:colcon.colcon_core.package_identification:_identify(/home/chen/ros2_ws/install) ignored
[2.157s] Level 1:colcon.colcon_core.package_identification:_identify(/home/chen/ros2_ws/log) by extensions ['ignore', 'ignore_ament_install']
[2.157s] Level 1:colcon.colcon_core.package_identification:_identify(/home/chen/ros2_ws/log) by extension 'ignore'
[2.157s] Level 1:colcon.colcon_core.package_identification:_identify(/home/chen/ros2_ws/log) ignored
[2.157s] Level 1:colcon.colcon_core.package_identification:_identify(/home/chen/ros2_ws/src) by extensions ['ignore', 'ignore_ament_install']
[2.157s] Level 1:colcon.colcon_core.package_identification:_identify(/home/chen/ros2_ws/src) by extension 'ignore'
[2.157s] Level 1:colcon.colcon_core.package_identification:_identify(/home/chen/ros2_ws/src) by extension 'ignore_ament_install'
[2.158s] Level 1:colcon.colcon_core.package_identification:_identify(/home/chen/ros2_ws/src) by extensions ['colcon_pkg']
[2.158s] Level 1:colcon.colcon_core.package_identification:_identify(/home/chen/ros2_ws/src) by extension 'colcon_pkg'
[2.158s] Level 1:colcon.colcon_core.package_identification:_identify(/home/chen/ros2_ws/src) by extensions ['colcon_meta']
[2.158s] Level 1:colcon.colcon_core.package_identification:_identify(/home/chen/ros2_ws/src) by extension 'colcon_meta'
[2.158s] Level 1:colcon.colcon_core.package_identification:_identify(/home/chen/ros2_ws/src) by extensions ['ros']
[2.158s] Level 1:colcon.colcon_core.package_identification:_identify(/home/chen/ros2_ws/src) by extension 'ros'
[2.158s] Level 1:colcon.colcon_core.package_identification:_identify(/home/chen/ros2_ws/src) by extensions ['cmake', 'python']
[2.158s] Level 1:colcon.colcon_core.package_identification:_identify(/home/chen/ros2_ws/src) by extension 'cmake'
[2.158s] Level 1:colcon.colcon_core.package_identification:_identify(/home/chen/ros2_ws/src) by extension 'python'
[2.159s] Level 1:colcon.colcon_core.package_identification:_identify(/home/chen/ros2_ws/src) by extensions ['python_setup_py']
[2.159s] Level 1:colcon.colcon_core.package_identification:_identify(/home/chen/ros2_ws/src) by extension 'python_setup_py'
[2.159s] Level 1:colcon.colcon_core.package_identification:_identify(/home/chen/ros2_ws/src/cpp_pubsub) by extensions ['ignore', 'ignore_ament_install']
[2.159s] Level 1:colcon.colcon_core.package_identification:_identify(/home/chen/ros2_ws/src/cpp_pubsub) by extension 'ignore'
[2.160s] Level 1:colcon.colcon_core.package_identification:_identify(/home/chen/ros2_ws/src/cpp_pubsub) by extension 'ignore_ament_install'
[2.160s] Level 1:colcon.colcon_core.package_identification:_identify(/home/chen/ros2_ws/src/cpp_pubsub) by extensions ['colcon_pkg']
[2.160s] Level 1:colcon.colcon_core.package_identification:_identify(/home/chen/ros2_ws/src/cpp_pubsub) by extension 'colcon_pkg'
[2.160s] Level 1:colcon.colcon_core.package_identification:_identify(/home/chen/ros2_ws/src/cpp_pubsub) by extensions ['colcon_meta']
[2.160s] Level 1:colcon.colcon_core.package_identification:_identify(/home/chen/ros2_ws/src/cpp_pubsub) by extension 'colcon_meta'
[2.160s] Level 1:colcon.colcon_core.package_identification:_identify(/home/chen/ros2_ws/src/cpp_pubsub) by extensions ['ros']
[2.160s] Level 1:colcon.colcon_core.package_identification:_identify(/home/chen/ros2_ws/src/cpp_pubsub) by extension 'ros'
[2.174s] DEBUG:colcon.colcon_core.package_identification:Package '/home/chen/ros2_ws/src/cpp_pubsub' with type 'ros.ament_cmake' and name 'cpp_pubsub'
[2.175s] Level 1:colcon.colcon_core.package_identification:_identify(/home/chen/ros2_ws/src/cpp_srvcli) by extensions ['ignore', 'ignore_ament_install']
[2.175s] Level 1:colcon.colcon_core.package_identification:_identify(/home/chen/ros2_ws/src/cpp_srvcli) by extension 'ignore'
[2.175s] Level 1:colcon.colcon_core.package_identification:_identify(/home/chen/ros2_ws/src/cpp_srvcli) by extension 'ignore_ament_install'
[2.175s] Level 1:colcon.colcon_core.package_identification:_identify(/home/chen/ros2_ws/src/cpp_srvcli) by extensions ['colcon_pkg']
[2.175s] Level 1:colcon.colcon_core.package_identification:_identify(/home/chen/ros2_ws/src/cpp_srvcli) by extension 'colcon_pkg'
[2.176s] Level 1:colcon.colcon_core.package_identification:_identify(/home/chen/ros2_ws/src/cpp_srvcli) by extensions ['colcon_meta']
[2.176s] Level 1:colcon.colcon_core.package_identification:_identify(/home/chen/ros2_ws/src/cpp_srvcli) by extension 'colcon_meta'
[2.176s] Level 1:colcon.colcon_core.package_identification:_identify(/home/chen/ros2_ws/src/cpp_srvcli) by extensions ['ros']
[2.176s] Level 1:colcon.colcon_core.package_identification:_identify(/home/chen/ros2_ws/src/cpp_srvcli) by extension 'ros'
[2.177s] DEBUG:colcon.colcon_core.package_identification:Package '/home/chen/ros2_ws/src/cpp_srvcli' with type 'ros.ament_cmake' and name 'cpp_srvcli'
[2.178s] Level 1:colcon.colcon_core.package_discovery:discover_packages(recursive) using defaults
