[0.141s] Invoking command in '/home/chen/ros2_ws/build/cpp_srvcli': CMAKE_PREFIX_PATH=${CMAKE_PREFIX_PATH}:/opt/ros/foxy /usr/bin/cmake /home/chen/ros2_ws/src/cpp_srvcli -DCMAKE_BUILD_TYPE=RelWithDebInfo -DAMENT_CMAKE_SYMLINK_INSTALL=1 -DCMAKE_INSTALL_PREFIX=/home/chen/ros2_ws/install/cpp_srvcli
[0.235s] -- Found ament_cmake: 0.9.11 (/opt/ros/foxy/share/ament_cmake/cmake)
[0.353s] -- Using PYTHON_EXECUTABLE: /usr/bin/python3
[1.319s] -- Override CMake install command with custom implementation using symlinks instead of copying resources
[1.359s] -- Found rclcpp: 2.4.2 (/opt/ros/foxy/share/rclcpp/cmake)
[1.538s] -- Using all available rosidl_typesupport_c: rosidl_typesupport_fastrtps_c;rosidl_typesupport_introspection_c
[1.548s] -- Found rosidl_adapter: 1.3.0 (/opt/ros/foxy/share/rosidl_adapter/cmake)
[2.137s] -- Using all available rosidl_typesupport_cpp: rosidl_typesupport_fastrtps_cpp;rosidl_typesupport_introspection_cpp
[2.413s] -- Found rmw_implementation_cmake: 1.0.4 (/opt/ros/foxy/share/rmw_implementation_cmake/cmake)
[2.428s] -- Using RMW implementation 'rmw_fastrtps_cpp' as default
[3.185s] -- Found example_interfaces: 0.9.1 (/opt/ros/foxy/share/example_interfaces/cmake)
[3.743s] -- Found geometry_msgs: 2.0.5 (/opt/ros/foxy/share/geometry_msgs/cmake)
[3.935s] -- Found rosidl_default_generators: 1.0.1 (/opt/ros/foxy/share/rosidl_default_generators/cmake)
[4.042s] -- Found ament_lint_auto: 0.9.8 (/opt/ros/foxy/share/ament_lint_auto/cmake)
[4.389s] CMake Error at /opt/ros/foxy/share/rosidl_cmake/cmake/rosidl_generate_interfaces.cmake:93 (message):
[4.390s]   rosidl_generate_interfaces() the passed file 'msg/Num.msg' doesn't exist
[4.390s]   relative to the CMAKE_CURRENT_SOURCE_DIR
[4.390s]   '/home/chen/ros2_ws/src/cpp_srvcli'
[4.390s] Call Stack (most recent call first):
[4.390s]   CMakeLists.txt:43 (rosidl_generate_interfaces)
[4.390s] 
[4.399s] 
[4.414s] -- Configuring incomplete, errors occurred!
[4.415s] See also "/home/chen/ros2_ws/build/cpp_srvcli/CMakeFiles/CMakeOutput.log".
[4.415s] See also "/home/chen/ros2_ws/build/cpp_srvcli/CMakeFiles/CMakeError.log".
[4.446s] Invoked command in '/home/chen/ros2_ws/build/cpp_srvcli' returned '1': CMAKE_PREFIX_PATH=${CMAKE_PREFIX_PATH}:/opt/ros/foxy /usr/bin/cmake /home/chen/ros2_ws/src/cpp_srvcli -DCMAKE_BUILD_TYPE=RelWithDebInfo -DAMENT_CMAKE_SYMLINK_INSTALL=1 -DCMAKE_INSTALL_PREFIX=/home/chen/ros2_ws/install/cpp_srvcli
