[0.171s] Invoking command in '/home/chen/ros2_ws/build/cpp_srvcli': CMAKE_PREFIX_PATH=${CMAKE_PREFIX_PATH}:/opt/ros/foxy /usr/bin/cmake --build /home/chen/ros2_ws/build/cpp_srvcli -- -j2 -l2
[0.650s] [ 50%] Built target client
[0.678s] [100%] Built target server
[0.762s] Invoked command in '/home/chen/ros2_ws/build/cpp_srvcli' returned '0': CMAKE_PREFIX_PATH=${CMAKE_PREFIX_PATH}:/opt/ros/foxy /usr/bin/cmake --build /home/chen/ros2_ws/build/cpp_srvcli -- -j2 -l2
[1.181s] Invoking command in '/home/chen/ros2_ws/build/cpp_srvcli': CMAKE_PREFIX_PATH=${CMAKE_PREFIX_PATH}:/opt/ros/foxy /usr/bin/cmake --install /home/chen/ros2_ws/build/cpp_srvcli
[1.250s] -- Install configuration: "RelWithDebInfo"
[1.262s] -- Execute custom install script
[1.263s] -- Up-to-date symlink: /home/chen/ros2_ws/install/cpp_srvcli/lib/cpp_srvcli/server
[1.277s] -- Up-to-date symlink: /home/chen/ros2_ws/install/cpp_srvcli/lib/cpp_srvcli/client
[1.278s] -- Up-to-date symlink: /home/chen/ros2_ws/install/cpp_srvcli/share/ament_index/resource_index/package_run_dependencies/cpp_srvcli
[1.278s] -- Up-to-date symlink: /home/chen/ros2_ws/install/cpp_srvcli/share/ament_index/resource_index/parent_prefix_path/cpp_srvcli
[1.288s] -- Up-to-date symlink: /home/chen/ros2_ws/install/cpp_srvcli/share/cpp_srvcli/environment/ament_prefix_path.sh
[1.289s] -- Up-to-date symlink: /home/chen/ros2_ws/install/cpp_srvcli/share/cpp_srvcli/environment/ament_prefix_path.dsv
[1.291s] -- Up-to-date symlink: /home/chen/ros2_ws/install/cpp_srvcli/share/cpp_srvcli/environment/path.sh
[1.292s] -- Up-to-date symlink: /home/chen/ros2_ws/install/cpp_srvcli/share/cpp_srvcli/environment/path.dsv
[1.292s] -- Up-to-date symlink: /home/chen/ros2_ws/install/cpp_srvcli/share/cpp_srvcli/local_setup.bash
[1.292s] -- Up-to-date symlink: /home/chen/ros2_ws/install/cpp_srvcli/share/cpp_srvcli/local_setup.sh
[1.292s] -- Up-to-date symlink: /home/chen/ros2_ws/install/cpp_srvcli/share/cpp_srvcli/local_setup.zsh
[1.293s] -- Up-to-date symlink: /home/chen/ros2_ws/install/cpp_srvcli/share/cpp_srvcli/local_setup.dsv
[1.293s] -- Symlinking: /home/chen/ros2_ws/install/cpp_srvcli/share/cpp_srvcli/package.dsv
[1.423s] -- Up-to-date symlink: /home/chen/ros2_ws/install/cpp_srvcli/share/ament_index/resource_index/packages/cpp_srvcli
[1.423s] -- Up-to-date symlink: /home/chen/ros2_ws/install/cpp_srvcli/share/cpp_srvcli/cmake/cpp_srvcliConfig.cmake
[1.423s] -- Up-to-date symlink: /home/chen/ros2_ws/install/cpp_srvcli/share/cpp_srvcli/cmake/cpp_srvcliConfig-version.cmake
[1.423s] -- Up-to-date symlink: /home/chen/ros2_ws/install/cpp_srvcli/share/cpp_srvcli/package.xml
[1.437s] Invoked command in '/home/chen/ros2_ws/build/cpp_srvcli' returned '0': CMAKE_PREFIX_PATH=${CMAKE_PREFIX_PATH}:/opt/ros/foxy /usr/bin/cmake --install /home/chen/ros2_ws/build/cpp_srvcli
