[0.000000] (-) TimerEvent: {}
[0.003245] (cpp_pubsub) JobQueued: {'identifier': 'cpp_pubsub', 'dependencies': OrderedDict()}
[0.003471] (cpp_srvcli) JobQueued: {'identifier': 'cpp_srvcli', 'dependencies': OrderedDict()}
[0.003596] (cpp_pubsub) JobStarted: {'identifier': 'cpp_pubsub'}
[0.043083] (cpp_srvcli) JobStarted: {'identifier': 'cpp_srvcli'}
[0.114529] (-) TimerEvent: {}
[0.125701] (cpp_pubsub) JobProgress: {'identifier': 'cpp_pubsub', 'progress': 'cmake'}
[0.133822] (cpp_pubsub) JobProgress: {'identifier': 'cpp_pubsub', 'progress': 'build'}
[0.140010] (cpp_pubsub) Command: {'cmd': ['/usr/bin/cmake', '--build', '/home/chen/ros2_ws/build/cpp_pubsub', '--', '-j2', '-l2'], 'cwd': '/home/chen/ros2_ws/build/cpp_pubsub', 'env': OrderedDict([('GJS_DEBUG_TOPICS', 'JS ERROR;JS LOG'), ('LESSOPEN', '| /usr/bin/lesspipe %s'), ('VSCODE_CWD', '/home/chen'), ('VSCODE_CRASH_REPORTER_SANDBOXED_HINT', '1'), ('LANGUAGE', 'zh_CN:en_US:en'), ('USER', 'chen'), ('SNAP_COMMON', '/var/snap/code/common'), ('LC_TIME', 'en_US.UTF-8'), ('VSCODE_NLS_CONFIG', '{"locale":"zh-cn","osLocale":"zh-cn","availableLanguages":{"*":"zh-cn"},"_languagePackId":"e8139c6a810edc38ce118d65c4ecc4ca.zh-cn","_translationsConfigFile":"/home/chen/.config/Code/clp/e8139c6a810edc38ce118d65c4ecc4ca.zh-cn/tcf.json","_cacheRoot":"/home/chen/.config/Code/clp/e8139c6a810edc38ce118d65c4ecc4ca.zh-cn","_resolvedLanguagePackCoreLocation":"/home/chen/.config/Code/clp/e8139c6a810edc38ce118d65c4ecc4ca.zh-cn/252e5463d60e63238250799aef7375787f68b4ee","_corruptedFile":"/home/chen/.config/Code/clp/e8139c6a810edc38ce118d65c4ecc4ca.zh-cn/corrupted.info","_languagePackSupport":true}'), ('GIO_MODULE_DIR', '/home/chen/snap/code/common/.cache/gio-modules'), ('VSCODE_HANDLES_UNCAUGHT_ERRORS', 'true'), ('SSH_AGENT_PID', '1623'), ('XDG_SESSION_TYPE', 'x11'), ('GIT_ASKPASS', '/snap/code/127/usr/share/code/resources/app/extensions/git/dist/askpass.sh'), ('SHLVL', '0'), ('LD_LIBRARY_PATH', '/opt/ros/foxy/opt/yaml_cpp_vendor/lib:/opt/ros/foxy/opt/rviz_ogre_vendor/lib:/opt/ros/foxy/lib/x86_64-linux-gnu:/opt/ros/foxy/lib'), ('HOME', '/home/chen'), ('CHROME_DESKTOP', 'code-url-handler.desktop'), ('SNAP_LIBRARY_PATH', '/var/lib/snapd/lib/gl:/var/lib/snapd/lib/gl32:/var/lib/snapd/void'), ('TERM_PROGRAM_VERSION', '1.78.0'), ('DESKTOP_SESSION', 'ubuntu'), ('SNAP_USER_DATA', '/home/chen/snap/code/127'), ('GTK_PATH', '/snap/code/127/usr/lib/x86_64-linux-gnu/gtk-3.0'), ('VSCODE_IPC_HOOK', '/run/user/1000/vscode-9eb2e185-1.78-main.sock'), ('GTK_IM_MODULE_FILE', '/home/chen/snap/code/common/.cache/immodules/immodules.cache'), ('GIO_LAUNCHED_DESKTOP_FILE', '/var/lib/snapd/desktop/applications/code_code.desktop'), ('APPLICATION_INSIGHTS_NO_DIAGNOSTIC_CHANNEL', '1'), ('ROS_PYTHON_VERSION', '3'), ('GNOME_SHELL_SESSION_MODE', 'ubuntu'), ('GTK_MODULES', 'gail:atk-bridge'), ('VSCODE_GIT_ASKPASS_MAIN', '/snap/code/127/usr/share/code/resources/app/extensions/git/dist/askpass-main.js'), ('LC_MONETARY', 'en_US.UTF-8'), ('VSCODE_GIT_ASKPASS_NODE', '/snap/code/127/usr/share/code/code'), ('MANAGERPID', '984'), ('DBUS_SESSION_BUS_ADDRESS', 'unix:path=/run/user/1000/bus'), ('SNAP_REVISION', '127'), ('COLORTERM', 'truecolor'), ('GIO_LAUNCHED_DESKTOP_FILE_PID', '3988'), ('_colcon_cd_root', '/opt/ros/foxy/'), ('VSCODE_CRASH_REPORTER_PROCESS_TYPE', 'extensionHost'), ('MANDATORY_PATH', '/usr/share/gconf/ubuntu.mandatory.path'), ('IM_CONFIG_PHASE', '1'), ('COLCON_PREFIX_PATH', '/home/chen/ros2_ws/install'), ('ROS_DISTRO', 'foxy'), ('LOGNAME', 'chen'), ('_', '/usr/bin/colcon'), ('SNAP_CONTEXT', 'OgBwCAaQaxEDKAh8OHfl0NLbdB4suEWKTOrgMZFuLfLcTjT37Pas'), ('JOURNAL_STREAM', '8:48777'), ('ROS_VERSION', '2'), ('XDG_SESSION_CLASS', 'user'), ('DEFAULTS_PATH', '/usr/share/gconf/ubuntu.default.path'), ('SNAP_VERSION', '252e5463'), ('USERNAME', 'chen'), ('TERM', 'xterm-256color'), ('GNOME_DESKTOP_SESSION_ID', 'this-is-deprecated'), ('SNAP_INSTANCE_NAME', 'code'), ('ROS_LOCALHOST_ONLY', '0'), ('WINDOWPATH', '2'), ('PATH', '/opt/ros/foxy/bin:/usr/local/sbin:/usr/local/bin:/usr/sbin:/usr/bin:/sbin:/bin:/usr/games:/usr/local/games:/snap/bin'), ('SESSION_MANAGER', 'local/ubuntu:@/tmp/.ICE-unix/1661,unix/ubuntu:/tmp/.ICE-unix/1661'), ('VSCODE_AMD_ENTRYPOINT', 'vs/workbench/api/node/extensionHostProcess'), ('GTK_EXE_PREFIX', '/snap/code/127/usr'), ('INVOCATION_ID', '6f8a6e31496c4cc3b875e8e414f8c7b2'), ('PAPERSIZE', 'letter'), ('XDG_MENU_PREFIX', 'gnome-'), ('LC_ADDRESS', 'en_US.UTF-8'), ('BAMF_DESKTOP_FILE_HINT', '/var/lib/snapd/desktop/applications/code_code.desktop'), ('SNAP_DATA', '/var/snap/code/127'), ('XDG_RUNTIME_DIR', '/run/user/1000'), ('GDK_BACKEND', 'x11'), ('DISPLAY', ':0'), ('LOCPATH', '/snap/code/127/usr/lib/locale'), ('LANG', 'zh_CN.UTF-8'), ('XDG_CURRENT_DESKTOP', 'Unity'), ('LC_TELEPHONE', 'en_US.UTF-8'), ('XMODIFIERS', '@im=ibus'), ('XDG_SESSION_DESKTOP', 'ubuntu'), ('XAUTHORITY', '/run/user/1000/gdm/Xauthority'), ('LS_COLORS', ''), ('VSCODE_GIT_IPC_HANDLE', '/run/user/1000/vscode-git-c2d6e3f140.sock'), ('TERM_PROGRAM', 'vscode'), ('SNAP_USER_COMMON', '/home/chen/snap/code/common'), ('SSH_AUTH_SOCK', '/run/user/1000/keyring/ssh'), ('GSETTINGS_SCHEMA_DIR', '/home/chen/snap/code/127/.local/share/glib-2.0/schemas'), ('SNAP_ARCH', 'amd64'), ('AMENT_PREFIX_PATH', '/home/chen/ros2_ws/install/cpp_srvcli:/home/chen/ros2_ws/install/cpp_pubsub:/opt/ros/foxy'), ('SNAP_COOKIE', 'OgBwCAaQaxEDKAh8OHfl0NLbdB4suEWKTOrgMZFuLfLcTjT37Pas'), ('ORIGINAL_XDG_CURRENT_DESKTOP', 'ubuntu:GNOME'), ('SHELL', '/bin/bash'), ('LC_NAME', 'en_US.UTF-8'), ('GDK_PIXBUF_MODULEDIR', '/snap/code/127/usr/lib/x86_64-linux-gnu/gdk-pixbuf-2.0/2.10.0/loaders'), ('QT_ACCESSIBILITY', '1'), ('ELECTRON_RUN_AS_NODE', '1'), ('GDMSESSION', 'ubuntu'), ('LESSCLOSE', '/usr/bin/lesspipe %s %s'), ('SNAP_NAME', 'code'), ('LC_MEASUREMENT', 'en_US.UTF-8'), ('GDK_PIXBUF_MODULE_FILE', '/home/chen/snap/code/common/.cache/gdk-pixbuf-loaders.cache'), ('GPG_AGENT_INFO', '/run/user/1000/gnupg/S.gpg-agent:0:1'), ('GJS_DEBUG_OUTPUT', 'stderr'), ('LC_IDENTIFICATION', 'en_US.UTF-8'), ('SNAP_LAUNCHER_ARCH_TRIPLET', 'x86_64-linux-gnu'), ('VSCODE_GIT_ASKPASS_EXTRA_ARGS', '--ms-enable-electron-run-as-node'), ('QT_IM_MODULE', 'ibus'), ('PWD', '/home/chen/ros2_ws/build/cpp_pubsub'), ('VSCODE_CLI', '1'), ('XDG_CONFIG_DIRS', '/etc/xdg/xdg-ubuntu:/etc/xdg'), ('SNAP_REAL_HOME', '/home/chen'), ('VSCODE_CODE_CACHE_PATH', '/home/chen/.config/Code/CachedData/252e5463d60e63238250799aef7375787f68b4ee'), ('XDG_DATA_DIRS', '/home/chen/snap/code/127/.local/share:/home/chen/snap/code/127:/snap/code/127/usr/share:/usr/share/ubuntu:/usr/local/share/:/usr/share/:/var/lib/snapd/desktop'), ('PYTHONPATH', '/opt/ros/foxy/lib/python3.8/site-packages'), ('SNAP', '/snap/code/127'), ('LC_NUMERIC', 'en_US.UTF-8'), ('LC_PAPER', 'en_US.UTF-8'), ('COLCON', '1'), ('ELECTRON_NO_ATTACH_CONSOLE', '1'), ('CMAKE_PREFIX_PATH', '/home/chen/ros2_ws/install/cpp_srvcli:/home/chen/ros2_ws/install/cpp_pubsub:/opt/ros/foxy'), ('VSCODE_PID', '4033')]), 'shell': False}
[0.182624] (cpp_srvcli) JobProgress: {'identifier': 'cpp_srvcli', 'progress': 'cmake'}
[0.189553] (cpp_srvcli) JobProgress: {'identifier': 'cpp_srvcli', 'progress': 'build'}
[0.207564] (cpp_srvcli) Command: {'cmd': ['/usr/bin/cmake', '--build', '/home/chen/ros2_ws/build/cpp_srvcli', '--', '-j2', '-l2'], 'cwd': '/home/chen/ros2_ws/build/cpp_srvcli', 'env': OrderedDict([('GJS_DEBUG_TOPICS', 'JS ERROR;JS LOG'), ('LESSOPEN', '| /usr/bin/lesspipe %s'), ('VSCODE_CWD', '/home/chen'), ('VSCODE_CRASH_REPORTER_SANDBOXED_HINT', '1'), ('LANGUAGE', 'zh_CN:en_US:en'), ('USER', 'chen'), ('SNAP_COMMON', '/var/snap/code/common'), ('LC_TIME', 'en_US.UTF-8'), ('VSCODE_NLS_CONFIG', '{"locale":"zh-cn","osLocale":"zh-cn","availableLanguages":{"*":"zh-cn"},"_languagePackId":"e8139c6a810edc38ce118d65c4ecc4ca.zh-cn","_translationsConfigFile":"/home/chen/.config/Code/clp/e8139c6a810edc38ce118d65c4ecc4ca.zh-cn/tcf.json","_cacheRoot":"/home/chen/.config/Code/clp/e8139c6a810edc38ce118d65c4ecc4ca.zh-cn","_resolvedLanguagePackCoreLocation":"/home/chen/.config/Code/clp/e8139c6a810edc38ce118d65c4ecc4ca.zh-cn/252e5463d60e63238250799aef7375787f68b4ee","_corruptedFile":"/home/chen/.config/Code/clp/e8139c6a810edc38ce118d65c4ecc4ca.zh-cn/corrupted.info","_languagePackSupport":true}'), ('GIO_MODULE_DIR', '/home/chen/snap/code/common/.cache/gio-modules'), ('VSCODE_HANDLES_UNCAUGHT_ERRORS', 'true'), ('SSH_AGENT_PID', '1623'), ('XDG_SESSION_TYPE', 'x11'), ('GIT_ASKPASS', '/snap/code/127/usr/share/code/resources/app/extensions/git/dist/askpass.sh'), ('SHLVL', '0'), ('LD_LIBRARY_PATH', '/opt/ros/foxy/opt/yaml_cpp_vendor/lib:/opt/ros/foxy/opt/rviz_ogre_vendor/lib:/opt/ros/foxy/lib/x86_64-linux-gnu:/opt/ros/foxy/lib'), ('HOME', '/home/chen'), ('CHROME_DESKTOP', 'code-url-handler.desktop'), ('SNAP_LIBRARY_PATH', '/var/lib/snapd/lib/gl:/var/lib/snapd/lib/gl32:/var/lib/snapd/void'), ('TERM_PROGRAM_VERSION', '1.78.0'), ('DESKTOP_SESSION', 'ubuntu'), ('SNAP_USER_DATA', '/home/chen/snap/code/127'), ('GTK_PATH', '/snap/code/127/usr/lib/x86_64-linux-gnu/gtk-3.0'), ('VSCODE_IPC_HOOK', '/run/user/1000/vscode-9eb2e185-1.78-main.sock'), ('GTK_IM_MODULE_FILE', '/home/chen/snap/code/common/.cache/immodules/immodules.cache'), ('GIO_LAUNCHED_DESKTOP_FILE', '/var/lib/snapd/desktop/applications/code_code.desktop'), ('APPLICATION_INSIGHTS_NO_DIAGNOSTIC_CHANNEL', '1'), ('ROS_PYTHON_VERSION', '3'), ('GNOME_SHELL_SESSION_MODE', 'ubuntu'), ('GTK_MODULES', 'gail:atk-bridge'), ('VSCODE_GIT_ASKPASS_MAIN', '/snap/code/127/usr/share/code/resources/app/extensions/git/dist/askpass-main.js'), ('LC_MONETARY', 'en_US.UTF-8'), ('VSCODE_GIT_ASKPASS_NODE', '/snap/code/127/usr/share/code/code'), ('MANAGERPID', '984'), ('DBUS_SESSION_BUS_ADDRESS', 'unix:path=/run/user/1000/bus'), ('SNAP_REVISION', '127'), ('COLORTERM', 'truecolor'), ('GIO_LAUNCHED_DESKTOP_FILE_PID', '3988'), ('_colcon_cd_root', '/opt/ros/foxy/'), ('VSCODE_CRASH_REPORTER_PROCESS_TYPE', 'extensionHost'), ('MANDATORY_PATH', '/usr/share/gconf/ubuntu.mandatory.path'), ('IM_CONFIG_PHASE', '1'), ('COLCON_PREFIX_PATH', '/home/chen/ros2_ws/install'), ('ROS_DISTRO', 'foxy'), ('LOGNAME', 'chen'), ('_', '/usr/bin/colcon'), ('SNAP_CONTEXT', 'OgBwCAaQaxEDKAh8OHfl0NLbdB4suEWKTOrgMZFuLfLcTjT37Pas'), ('JOURNAL_STREAM', '8:48777'), ('ROS_VERSION', '2'), ('XDG_SESSION_CLASS', 'user'), ('DEFAULTS_PATH', '/usr/share/gconf/ubuntu.default.path'), ('SNAP_VERSION', '252e5463'), ('USERNAME', 'chen'), ('TERM', 'xterm-256color'), ('GNOME_DESKTOP_SESSION_ID', 'this-is-deprecated'), ('SNAP_INSTANCE_NAME', 'code'), ('ROS_LOCALHOST_ONLY', '0'), ('WINDOWPATH', '2'), ('PATH', '/opt/ros/foxy/bin:/usr/local/sbin:/usr/local/bin:/usr/sbin:/usr/bin:/sbin:/bin:/usr/games:/usr/local/games:/snap/bin'), ('SESSION_MANAGER', 'local/ubuntu:@/tmp/.ICE-unix/1661,unix/ubuntu:/tmp/.ICE-unix/1661'), ('VSCODE_AMD_ENTRYPOINT', 'vs/workbench/api/node/extensionHostProcess'), ('GTK_EXE_PREFIX', '/snap/code/127/usr'), ('INVOCATION_ID', '6f8a6e31496c4cc3b875e8e414f8c7b2'), ('PAPERSIZE', 'letter'), ('XDG_MENU_PREFIX', 'gnome-'), ('LC_ADDRESS', 'en_US.UTF-8'), ('BAMF_DESKTOP_FILE_HINT', '/var/lib/snapd/desktop/applications/code_code.desktop'), ('SNAP_DATA', '/var/snap/code/127'), ('XDG_RUNTIME_DIR', '/run/user/1000'), ('GDK_BACKEND', 'x11'), ('DISPLAY', ':0'), ('LOCPATH', '/snap/code/127/usr/lib/locale'), ('LANG', 'zh_CN.UTF-8'), ('XDG_CURRENT_DESKTOP', 'Unity'), ('LC_TELEPHONE', 'en_US.UTF-8'), ('XMODIFIERS', '@im=ibus'), ('XDG_SESSION_DESKTOP', 'ubuntu'), ('XAUTHORITY', '/run/user/1000/gdm/Xauthority'), ('LS_COLORS', ''), ('VSCODE_GIT_IPC_HANDLE', '/run/user/1000/vscode-git-c2d6e3f140.sock'), ('TERM_PROGRAM', 'vscode'), ('SNAP_USER_COMMON', '/home/chen/snap/code/common'), ('SSH_AUTH_SOCK', '/run/user/1000/keyring/ssh'), ('GSETTINGS_SCHEMA_DIR', '/home/chen/snap/code/127/.local/share/glib-2.0/schemas'), ('SNAP_ARCH', 'amd64'), ('AMENT_PREFIX_PATH', '/home/chen/ros2_ws/install/cpp_srvcli:/home/chen/ros2_ws/install/cpp_pubsub:/opt/ros/foxy'), ('SNAP_COOKIE', 'OgBwCAaQaxEDKAh8OHfl0NLbdB4suEWKTOrgMZFuLfLcTjT37Pas'), ('ORIGINAL_XDG_CURRENT_DESKTOP', 'ubuntu:GNOME'), ('SHELL', '/bin/bash'), ('LC_NAME', 'en_US.UTF-8'), ('GDK_PIXBUF_MODULEDIR', '/snap/code/127/usr/lib/x86_64-linux-gnu/gdk-pixbuf-2.0/2.10.0/loaders'), ('QT_ACCESSIBILITY', '1'), ('ELECTRON_RUN_AS_NODE', '1'), ('GDMSESSION', 'ubuntu'), ('LESSCLOSE', '/usr/bin/lesspipe %s %s'), ('SNAP_NAME', 'code'), ('LC_MEASUREMENT', 'en_US.UTF-8'), ('GDK_PIXBUF_MODULE_FILE', '/home/chen/snap/code/common/.cache/gdk-pixbuf-loaders.cache'), ('GPG_AGENT_INFO', '/run/user/1000/gnupg/S.gpg-agent:0:1'), ('GJS_DEBUG_OUTPUT', 'stderr'), ('LC_IDENTIFICATION', 'en_US.UTF-8'), ('SNAP_LAUNCHER_ARCH_TRIPLET', 'x86_64-linux-gnu'), ('VSCODE_GIT_ASKPASS_EXTRA_ARGS', '--ms-enable-electron-run-as-node'), ('QT_IM_MODULE', 'ibus'), ('PWD', '/home/chen/ros2_ws/build/cpp_srvcli'), ('VSCODE_CLI', '1'), ('XDG_CONFIG_DIRS', '/etc/xdg/xdg-ubuntu:/etc/xdg'), ('SNAP_REAL_HOME', '/home/chen'), ('VSCODE_CODE_CACHE_PATH', '/home/chen/.config/Code/CachedData/252e5463d60e63238250799aef7375787f68b4ee'), ('XDG_DATA_DIRS', '/home/chen/snap/code/127/.local/share:/home/chen/snap/code/127:/snap/code/127/usr/share:/usr/share/ubuntu:/usr/local/share/:/usr/share/:/var/lib/snapd/desktop'), ('PYTHONPATH', '/opt/ros/foxy/lib/python3.8/site-packages'), ('SNAP', '/snap/code/127'), ('LC_NUMERIC', 'en_US.UTF-8'), ('LC_PAPER', 'en_US.UTF-8'), ('COLCON', '1'), ('ELECTRON_NO_ATTACH_CONSOLE', '1'), ('CMAKE_PREFIX_PATH', '/home/chen/ros2_ws/install/cpp_srvcli:/home/chen/ros2_ws/install/cpp_pubsub:/opt/ros/foxy'), ('VSCODE_PID', '4033')]), 'shell': False}
[0.221996] (-) TimerEvent: {}
[0.325106] (-) TimerEvent: {}
[0.428305] (-) TimerEvent: {}
[0.531233] (-) TimerEvent: {}
[0.646421] (-) TimerEvent: {}
[0.693386] (cpp_srvcli) StdoutLine: {'line': b'[ 50%] Built target client\n'}
[0.720755] (cpp_srvcli) StdoutLine: {'line': b'[100%] Built target server\n'}
[0.748115] (-) TimerEvent: {}
[0.756680] (cpp_pubsub) StdoutLine: {'line': b'[  9%] Built target cpp_pubsub__rosidl_generator_c\n'}
[0.766022] (cpp_pubsub) StdoutLine: {'line': b'[ 11%] Built target cpp_pubsub__cpp\n'}
[0.804895] (cpp_srvcli) CommandEnded: {'returncode': 0}
[0.848357] (-) TimerEvent: {}
[0.873070] (cpp_pubsub) StdoutLine: {'line': b'\x1b[35m\x1b[1mScanning dependencies of target listener\x1b[0m\n'}
[0.948605] (-) TimerEvent: {}
[1.016359] (cpp_pubsub) StdoutLine: {'line': b'[ 13%] \x1b[32mBuilding CXX object CMakeFiles/listener.dir/src/subscriber_member_function.cpp.o\x1b[0m\n'}
[1.053412] (-) TimerEvent: {}
[1.069981] (cpp_pubsub) StdoutLine: {'line': b'[ 17%] Built target talker\n'}
[1.103883] (cpp_srvcli) JobProgress: {'identifier': 'cpp_srvcli', 'progress': 'install'}
[1.155525] (-) TimerEvent: {}
[1.220799] (cpp_srvcli) Command: {'cmd': ['/usr/bin/cmake', '--install', '/home/chen/ros2_ws/build/cpp_srvcli'], 'cwd': '/home/chen/ros2_ws/build/cpp_srvcli', 'env': OrderedDict([('GJS_DEBUG_TOPICS', 'JS ERROR;JS LOG'), ('LESSOPEN', '| /usr/bin/lesspipe %s'), ('VSCODE_CWD', '/home/chen'), ('VSCODE_CRASH_REPORTER_SANDBOXED_HINT', '1'), ('LANGUAGE', 'zh_CN:en_US:en'), ('USER', 'chen'), ('SNAP_COMMON', '/var/snap/code/common'), ('LC_TIME', 'en_US.UTF-8'), ('VSCODE_NLS_CONFIG', '{"locale":"zh-cn","osLocale":"zh-cn","availableLanguages":{"*":"zh-cn"},"_languagePackId":"e8139c6a810edc38ce118d65c4ecc4ca.zh-cn","_translationsConfigFile":"/home/chen/.config/Code/clp/e8139c6a810edc38ce118d65c4ecc4ca.zh-cn/tcf.json","_cacheRoot":"/home/chen/.config/Code/clp/e8139c6a810edc38ce118d65c4ecc4ca.zh-cn","_resolvedLanguagePackCoreLocation":"/home/chen/.config/Code/clp/e8139c6a810edc38ce118d65c4ecc4ca.zh-cn/252e5463d60e63238250799aef7375787f68b4ee","_corruptedFile":"/home/chen/.config/Code/clp/e8139c6a810edc38ce118d65c4ecc4ca.zh-cn/corrupted.info","_languagePackSupport":true}'), ('GIO_MODULE_DIR', '/home/chen/snap/code/common/.cache/gio-modules'), ('VSCODE_HANDLES_UNCAUGHT_ERRORS', 'true'), ('SSH_AGENT_PID', '1623'), ('XDG_SESSION_TYPE', 'x11'), ('GIT_ASKPASS', '/snap/code/127/usr/share/code/resources/app/extensions/git/dist/askpass.sh'), ('SHLVL', '0'), ('LD_LIBRARY_PATH', '/opt/ros/foxy/opt/yaml_cpp_vendor/lib:/opt/ros/foxy/opt/rviz_ogre_vendor/lib:/opt/ros/foxy/lib/x86_64-linux-gnu:/opt/ros/foxy/lib'), ('HOME', '/home/chen'), ('CHROME_DESKTOP', 'code-url-handler.desktop'), ('SNAP_LIBRARY_PATH', '/var/lib/snapd/lib/gl:/var/lib/snapd/lib/gl32:/var/lib/snapd/void'), ('TERM_PROGRAM_VERSION', '1.78.0'), ('DESKTOP_SESSION', 'ubuntu'), ('SNAP_USER_DATA', '/home/chen/snap/code/127'), ('GTK_PATH', '/snap/code/127/usr/lib/x86_64-linux-gnu/gtk-3.0'), ('VSCODE_IPC_HOOK', '/run/user/1000/vscode-9eb2e185-1.78-main.sock'), ('GTK_IM_MODULE_FILE', '/home/chen/snap/code/common/.cache/immodules/immodules.cache'), ('GIO_LAUNCHED_DESKTOP_FILE', '/var/lib/snapd/desktop/applications/code_code.desktop'), ('APPLICATION_INSIGHTS_NO_DIAGNOSTIC_CHANNEL', '1'), ('ROS_PYTHON_VERSION', '3'), ('GNOME_SHELL_SESSION_MODE', 'ubuntu'), ('GTK_MODULES', 'gail:atk-bridge'), ('VSCODE_GIT_ASKPASS_MAIN', '/snap/code/127/usr/share/code/resources/app/extensions/git/dist/askpass-main.js'), ('LC_MONETARY', 'en_US.UTF-8'), ('VSCODE_GIT_ASKPASS_NODE', '/snap/code/127/usr/share/code/code'), ('MANAGERPID', '984'), ('DBUS_SESSION_BUS_ADDRESS', 'unix:path=/run/user/1000/bus'), ('SNAP_REVISION', '127'), ('COLORTERM', 'truecolor'), ('GIO_LAUNCHED_DESKTOP_FILE_PID', '3988'), ('_colcon_cd_root', '/opt/ros/foxy/'), ('VSCODE_CRASH_REPORTER_PROCESS_TYPE', 'extensionHost'), ('MANDATORY_PATH', '/usr/share/gconf/ubuntu.mandatory.path'), ('IM_CONFIG_PHASE', '1'), ('COLCON_PREFIX_PATH', '/home/chen/ros2_ws/install'), ('ROS_DISTRO', 'foxy'), ('LOGNAME', 'chen'), ('_', '/usr/bin/colcon'), ('SNAP_CONTEXT', 'OgBwCAaQaxEDKAh8OHfl0NLbdB4suEWKTOrgMZFuLfLcTjT37Pas'), ('JOURNAL_STREAM', '8:48777'), ('ROS_VERSION', '2'), ('XDG_SESSION_CLASS', 'user'), ('DEFAULTS_PATH', '/usr/share/gconf/ubuntu.default.path'), ('SNAP_VERSION', '252e5463'), ('USERNAME', 'chen'), ('TERM', 'xterm-256color'), ('GNOME_DESKTOP_SESSION_ID', 'this-is-deprecated'), ('SNAP_INSTANCE_NAME', 'code'), ('ROS_LOCALHOST_ONLY', '0'), ('WINDOWPATH', '2'), ('PATH', '/opt/ros/foxy/bin:/usr/local/sbin:/usr/local/bin:/usr/sbin:/usr/bin:/sbin:/bin:/usr/games:/usr/local/games:/snap/bin'), ('SESSION_MANAGER', 'local/ubuntu:@/tmp/.ICE-unix/1661,unix/ubuntu:/tmp/.ICE-unix/1661'), ('VSCODE_AMD_ENTRYPOINT', 'vs/workbench/api/node/extensionHostProcess'), ('GTK_EXE_PREFIX', '/snap/code/127/usr'), ('INVOCATION_ID', '6f8a6e31496c4cc3b875e8e414f8c7b2'), ('PAPERSIZE', 'letter'), ('XDG_MENU_PREFIX', 'gnome-'), ('LC_ADDRESS', 'en_US.UTF-8'), ('BAMF_DESKTOP_FILE_HINT', '/var/lib/snapd/desktop/applications/code_code.desktop'), ('SNAP_DATA', '/var/snap/code/127'), ('XDG_RUNTIME_DIR', '/run/user/1000'), ('GDK_BACKEND', 'x11'), ('DISPLAY', ':0'), ('LOCPATH', '/snap/code/127/usr/lib/locale'), ('LANG', 'zh_CN.UTF-8'), ('XDG_CURRENT_DESKTOP', 'Unity'), ('LC_TELEPHONE', 'en_US.UTF-8'), ('XMODIFIERS', '@im=ibus'), ('XDG_SESSION_DESKTOP', 'ubuntu'), ('XAUTHORITY', '/run/user/1000/gdm/Xauthority'), ('LS_COLORS', ''), ('VSCODE_GIT_IPC_HANDLE', '/run/user/1000/vscode-git-c2d6e3f140.sock'), ('TERM_PROGRAM', 'vscode'), ('SNAP_USER_COMMON', '/home/chen/snap/code/common'), ('SSH_AUTH_SOCK', '/run/user/1000/keyring/ssh'), ('GSETTINGS_SCHEMA_DIR', '/home/chen/snap/code/127/.local/share/glib-2.0/schemas'), ('SNAP_ARCH', 'amd64'), ('AMENT_PREFIX_PATH', '/home/chen/ros2_ws/install/cpp_srvcli:/home/chen/ros2_ws/install/cpp_pubsub:/opt/ros/foxy'), ('SNAP_COOKIE', 'OgBwCAaQaxEDKAh8OHfl0NLbdB4suEWKTOrgMZFuLfLcTjT37Pas'), ('ORIGINAL_XDG_CURRENT_DESKTOP', 'ubuntu:GNOME'), ('SHELL', '/bin/bash'), ('LC_NAME', 'en_US.UTF-8'), ('GDK_PIXBUF_MODULEDIR', '/snap/code/127/usr/lib/x86_64-linux-gnu/gdk-pixbuf-2.0/2.10.0/loaders'), ('QT_ACCESSIBILITY', '1'), ('ELECTRON_RUN_AS_NODE', '1'), ('GDMSESSION', 'ubuntu'), ('LESSCLOSE', '/usr/bin/lesspipe %s %s'), ('SNAP_NAME', 'code'), ('LC_MEASUREMENT', 'en_US.UTF-8'), ('GDK_PIXBUF_MODULE_FILE', '/home/chen/snap/code/common/.cache/gdk-pixbuf-loaders.cache'), ('GPG_AGENT_INFO', '/run/user/1000/gnupg/S.gpg-agent:0:1'), ('GJS_DEBUG_OUTPUT', 'stderr'), ('LC_IDENTIFICATION', 'en_US.UTF-8'), ('SNAP_LAUNCHER_ARCH_TRIPLET', 'x86_64-linux-gnu'), ('VSCODE_GIT_ASKPASS_EXTRA_ARGS', '--ms-enable-electron-run-as-node'), ('QT_IM_MODULE', 'ibus'), ('PWD', '/home/chen/ros2_ws/build/cpp_srvcli'), ('VSCODE_CLI', '1'), ('XDG_CONFIG_DIRS', '/etc/xdg/xdg-ubuntu:/etc/xdg'), ('SNAP_REAL_HOME', '/home/chen'), ('VSCODE_CODE_CACHE_PATH', '/home/chen/.config/Code/CachedData/252e5463d60e63238250799aef7375787f68b4ee'), ('XDG_DATA_DIRS', '/home/chen/snap/code/127/.local/share:/home/chen/snap/code/127:/snap/code/127/usr/share:/usr/share/ubuntu:/usr/local/share/:/usr/share/:/var/lib/snapd/desktop'), ('PYTHONPATH', '/opt/ros/foxy/lib/python3.8/site-packages'), ('SNAP', '/snap/code/127'), ('LC_NUMERIC', 'en_US.UTF-8'), ('LC_PAPER', 'en_US.UTF-8'), ('COLCON', '1'), ('ELECTRON_NO_ATTACH_CONSOLE', '1'), ('CMAKE_PREFIX_PATH', '/home/chen/ros2_ws/install/cpp_srvcli:/home/chen/ros2_ws/install/cpp_pubsub:/opt/ros/foxy'), ('VSCODE_PID', '4033')]), 'shell': False}
[1.244318] (cpp_pubsub) StdoutLine: {'line': b'[ 27%] Built target cpp_pubsub__rosidl_typesupport_cpp\n'}
[1.256045] (-) TimerEvent: {}
[1.292883] (cpp_srvcli) StdoutLine: {'line': b'-- Install configuration: "RelWithDebInfo"\n'}
[1.305425] (cpp_srvcli) StdoutLine: {'line': b'-- Execute custom install script\n'}
[1.305828] (cpp_srvcli) StdoutLine: {'line': b'-- Up-to-date symlink: /home/chen/ros2_ws/install/cpp_srvcli/lib/cpp_srvcli/server\n'}
[1.320461] (cpp_srvcli) StdoutLine: {'line': b'-- Up-to-date symlink: /home/chen/ros2_ws/install/cpp_srvcli/lib/cpp_srvcli/client\n'}
[1.320696] (cpp_srvcli) StdoutLine: {'line': b'-- Up-to-date symlink: /home/chen/ros2_ws/install/cpp_srvcli/share/ament_index/resource_index/package_run_dependencies/cpp_srvcli\n'}
[1.320780] (cpp_srvcli) StdoutLine: {'line': b'-- Up-to-date symlink: /home/chen/ros2_ws/install/cpp_srvcli/share/ament_index/resource_index/parent_prefix_path/cpp_srvcli\n'}
[1.331175] (cpp_srvcli) StdoutLine: {'line': b'-- Up-to-date symlink: /home/chen/ros2_ws/install/cpp_srvcli/share/cpp_srvcli/environment/ament_prefix_path.sh\n'}
[1.332201] (cpp_srvcli) StdoutLine: {'line': b'-- Up-to-date symlink: /home/chen/ros2_ws/install/cpp_srvcli/share/cpp_srvcli/environment/ament_prefix_path.dsv\n'}
[1.333292] (cpp_srvcli) StdoutLine: {'line': b'-- Up-to-date symlink: /home/chen/ros2_ws/install/cpp_srvcli/share/cpp_srvcli/environment/path.sh\n'}
[1.334390] (cpp_srvcli) StdoutLine: {'line': b'-- Up-to-date symlink: /home/chen/ros2_ws/install/cpp_srvcli/share/cpp_srvcli/environment/path.dsv\n'}
[1.335045] (cpp_srvcli) StdoutLine: {'line': b'-- Up-to-date symlink: /home/chen/ros2_ws/install/cpp_srvcli/share/cpp_srvcli/local_setup.bash\n'}
[1.335240] (cpp_srvcli) StdoutLine: {'line': b'-- Up-to-date symlink: /home/chen/ros2_ws/install/cpp_srvcli/share/cpp_srvcli/local_setup.sh\n'}
[1.335465] (cpp_srvcli) StdoutLine: {'line': b'-- Up-to-date symlink: /home/chen/ros2_ws/install/cpp_srvcli/share/cpp_srvcli/local_setup.zsh\n'}
[1.335624] (cpp_srvcli) StdoutLine: {'line': b'-- Up-to-date symlink: /home/chen/ros2_ws/install/cpp_srvcli/share/cpp_srvcli/local_setup.dsv\n'}
[1.335755] (cpp_srvcli) StdoutLine: {'line': b'-- Symlinking: /home/chen/ros2_ws/install/cpp_srvcli/share/cpp_srvcli/package.dsv\n'}
[1.358107] (-) TimerEvent: {}
[1.463553] (-) TimerEvent: {}
[1.465529] (cpp_srvcli) StdoutLine: {'line': b'-- Up-to-date symlink: /home/chen/ros2_ws/install/cpp_srvcli/share/ament_index/resource_index/packages/cpp_srvcli\n'}
[1.465878] (cpp_srvcli) StdoutLine: {'line': b'-- Up-to-date symlink: /home/chen/ros2_ws/install/cpp_srvcli/share/cpp_srvcli/cmake/cpp_srvcliConfig.cmake\n'}
[1.466127] (cpp_srvcli) StdoutLine: {'line': b'-- Up-to-date symlink: /home/chen/ros2_ws/install/cpp_srvcli/share/cpp_srvcli/cmake/cpp_srvcliConfig-version.cmake\n'}
[1.466343] (cpp_srvcli) StdoutLine: {'line': b'-- Up-to-date symlink: /home/chen/ros2_ws/install/cpp_srvcli/share/cpp_srvcli/package.xml\n'}
[1.478899] (cpp_pubsub) StdoutLine: {'line': b'[ 37%] Built target cpp_pubsub__rosidl_typesupport_fastrtps_cpp\n'}
[1.479384] (cpp_srvcli) CommandEnded: {'returncode': 0}
[1.590052] (-) TimerEvent: {}
[1.609811] (cpp_pubsub) StdoutLine: {'line': b'[ 47%] Built target cpp_pubsub__rosidl_typesupport_introspection_cpp\n'}
[1.690436] (-) TimerEvent: {}
[1.798714] (-) TimerEvent: {}
[1.800491] (cpp_pubsub) StdoutLine: {'line': b'[ 56%] Built target cpp_pubsub__rosidl_typesupport_introspection_c\n'}
[1.913700] (-) TimerEvent: {}
[1.983146] (cpp_pubsub) StdoutLine: {'line': b'[ 66%] Built target cpp_pubsub__rosidl_typesupport_c\n'}
[2.013781] (-) TimerEvent: {}
[2.122941] (-) TimerEvent: {}
[2.195950] (cpp_pubsub) StdoutLine: {'line': b'[ 76%] Built target cpp_pubsub__rosidl_typesupport_fastrtps_c\n'}
[2.223308] (-) TimerEvent: {}
[2.330850] (-) TimerEvent: {}
[2.363445] (cpp_pubsub) StdoutLine: {'line': b'[ 76%] Built target cpp_pubsub\n'}
[2.440954] (-) TimerEvent: {}
[2.509808] (cpp_srvcli) JobEnded: {'identifier': 'cpp_srvcli', 'rc': 0}
[2.541101] (-) TimerEvent: {}
[2.627191] (cpp_pubsub) StdoutLine: {'line': b'[ 78%] Built target cpp_pubsub__py\n'}
[2.641548] (-) TimerEvent: {}
[2.743101] (-) TimerEvent: {}
[2.797159] (cpp_pubsub) StdoutLine: {'line': b'[ 86%] Built target cpp_pubsub__python\n'}
[2.843308] (-) TimerEvent: {}
[2.946615] (-) TimerEvent: {}
[2.952865] (cpp_pubsub) StdoutLine: {'line': b'[ 90%] Built target cpp_pubsub__rosidl_typesupport_introspection_c__pyext\n'}
[3.052847] (-) TimerEvent: {}
[3.096143] (cpp_pubsub) StdoutLine: {'line': b'[ 94%] Built target cpp_pubsub__rosidl_typesupport_fastrtps_c__pyext\n'}
[3.162958] (-) TimerEvent: {}
[3.242295] (cpp_pubsub) StdoutLine: {'line': b'[ 98%] Built target cpp_pubsub__rosidl_typesupport_c__pyext\n'}
[3.265748] (-) TimerEvent: {}
[3.366719] (-) TimerEvent: {}
[3.468547] (-) TimerEvent: {}
[3.570585] (-) TimerEvent: {}
[3.671409] (-) TimerEvent: {}
[3.772567] (-) TimerEvent: {}
[3.873879] (-) TimerEvent: {}
[3.977500] (-) TimerEvent: {}
[4.078284] (-) TimerEvent: {}
[4.179011] (-) TimerEvent: {}
[4.279679] (-) TimerEvent: {}
[4.380552] (-) TimerEvent: {}
[4.481525] (-) TimerEvent: {}
[4.583452] (-) TimerEvent: {}
[4.684986] (-) TimerEvent: {}
[4.786275] (-) TimerEvent: {}
[4.887687] (-) TimerEvent: {}
[4.988402] (-) TimerEvent: {}
[5.089207] (-) TimerEvent: {}
[5.190389] (-) TimerEvent: {}
[5.290995] (-) TimerEvent: {}
[5.391874] (-) TimerEvent: {}
[5.492957] (-) TimerEvent: {}
[5.595205] (-) TimerEvent: {}
[5.695971] (-) TimerEvent: {}
[5.796934] (-) TimerEvent: {}
[5.898275] (-) TimerEvent: {}
[5.999412] (-) TimerEvent: {}
[6.100656] (-) TimerEvent: {}
[6.204510] (-) TimerEvent: {}
[6.305431] (-) TimerEvent: {}
[6.406724] (-) TimerEvent: {}
[6.509799] (-) TimerEvent: {}
[6.611007] (-) TimerEvent: {}
[6.711865] (-) TimerEvent: {}
[6.812841] (-) TimerEvent: {}
[6.913374] (-) TimerEvent: {}
[7.014049] (-) TimerEvent: {}
[7.114638] (-) TimerEvent: {}
[7.215069] (-) TimerEvent: {}
[7.315931] (-) TimerEvent: {}
[7.417189] (-) TimerEvent: {}
[7.519922] (-) TimerEvent: {}
[7.621247] (-) TimerEvent: {}
[7.722014] (-) TimerEvent: {}
[7.822753] (-) TimerEvent: {}
[7.923399] (-) TimerEvent: {}
[8.023858] (-) TimerEvent: {}
[8.124743] (-) TimerEvent: {}
[8.225588] (-) TimerEvent: {}
[8.326830] (-) TimerEvent: {}
[8.427437] (-) TimerEvent: {}
[8.528090] (-) TimerEvent: {}
[8.629609] (-) TimerEvent: {}
[8.730673] (-) TimerEvent: {}
[8.831914] (-) TimerEvent: {}
[8.933910] (-) TimerEvent: {}
[9.035867] (-) TimerEvent: {}
[9.137909] (-) TimerEvent: {}
[9.238996] (-) TimerEvent: {}
[9.340204] (-) TimerEvent: {}
[9.443130] (-) TimerEvent: {}
[9.544190] (-) TimerEvent: {}
[9.644968] (-) TimerEvent: {}
[9.745559] (-) TimerEvent: {}
[9.846949] (-) TimerEvent: {}
[9.949085] (-) TimerEvent: {}
[10.050037] (-) TimerEvent: {}
[10.151795] (-) TimerEvent: {}
[10.254284] (-) TimerEvent: {}
[10.356446] (-) TimerEvent: {}
[10.457140] (-) TimerEvent: {}
[10.557683] (-) TimerEvent: {}
[10.658415] (-) TimerEvent: {}
[10.758914] (-) TimerEvent: {}
[10.860459] (-) TimerEvent: {}
[10.961469] (-) TimerEvent: {}
[11.063138] (-) TimerEvent: {}
[11.164172] (-) TimerEvent: {}
[11.265680] (-) TimerEvent: {}
[11.367621] (-) TimerEvent: {}
[11.468750] (-) TimerEvent: {}
[11.570185] (-) TimerEvent: {}
[11.671516] (-) TimerEvent: {}
[11.772263] (-) TimerEvent: {}
[11.874177] (-) TimerEvent: {}
[11.975451] (-) TimerEvent: {}
[12.076531] (-) TimerEvent: {}
[12.177683] (-) TimerEvent: {}
[12.279699] (-) TimerEvent: {}
[12.381133] (-) TimerEvent: {}
[12.482619] (-) TimerEvent: {}
[12.585430] (-) TimerEvent: {}
[12.689611] (-) TimerEvent: {}
[12.791474] (-) TimerEvent: {}
[12.893208] (-) TimerEvent: {}
[12.995550] (-) TimerEvent: {}
[13.104811] (-) TimerEvent: {}
[13.207974] (-) TimerEvent: {}
[13.311220] (-) TimerEvent: {}
[13.414746] (-) TimerEvent: {}
[13.525629] (-) TimerEvent: {}
[13.627236] (-) TimerEvent: {}
[13.731203] (-) TimerEvent: {}
[13.834409] (-) TimerEvent: {}
[13.940944] (-) TimerEvent: {}
[14.041753] (-) TimerEvent: {}
[14.143705] (-) TimerEvent: {}
[14.245140] (-) TimerEvent: {}
[14.348007] (-) TimerEvent: {}
[14.449962] (-) TimerEvent: {}
[14.553646] (-) TimerEvent: {}
[14.655061] (-) TimerEvent: {}
[14.755702] (-) TimerEvent: {}
[14.856393] (-) TimerEvent: {}
[14.957907] (-) TimerEvent: {}
[15.059378] (-) TimerEvent: {}
[15.165123] (-) TimerEvent: {}
[15.265991] (-) TimerEvent: {}
[15.367002] (-) TimerEvent: {}
[15.468360] (-) TimerEvent: {}
[15.571606] (-) TimerEvent: {}
[15.674604] (-) TimerEvent: {}
[15.777100] (-) TimerEvent: {}
[15.879826] (-) TimerEvent: {}
[15.983730] (-) TimerEvent: {}
[16.085540] (-) TimerEvent: {}
[16.189214] (-) TimerEvent: {}
[16.290577] (-) TimerEvent: {}
[16.391804] (-) TimerEvent: {}
[16.492690] (-) TimerEvent: {}
[16.594006] (-) TimerEvent: {}
[16.695784] (-) TimerEvent: {}
[16.796927] (-) TimerEvent: {}
[16.897928] (-) TimerEvent: {}
[16.999488] (-) TimerEvent: {}
[17.106627] (-) TimerEvent: {}
[17.208441] (-) TimerEvent: {}
[17.309574] (-) TimerEvent: {}
[17.410448] (-) TimerEvent: {}
[17.511115] (-) TimerEvent: {}
[17.612226] (-) TimerEvent: {}
[17.713125] (-) TimerEvent: {}
[17.813916] (-) TimerEvent: {}
[17.916696] (-) TimerEvent: {}
[18.017398] (-) TimerEvent: {}
[18.128525] (-) TimerEvent: {}
[18.229479] (-) TimerEvent: {}
[18.330623] (-) TimerEvent: {}
[18.431533] (-) TimerEvent: {}
[18.533883] (-) TimerEvent: {}
[18.636336] (-) TimerEvent: {}
[18.737396] (-) TimerEvent: {}
[18.838468] (-) TimerEvent: {}
[18.940268] (-) TimerEvent: {}
[19.042334] (-) TimerEvent: {}
[19.143710] (-) TimerEvent: {}
[19.244730] (-) TimerEvent: {}
[19.345904] (-) TimerEvent: {}
[19.447213] (-) TimerEvent: {}
[19.550258] (-) TimerEvent: {}
[19.651383] (-) TimerEvent: {}
[19.752104] (-) TimerEvent: {}
[19.853386] (-) TimerEvent: {}
[19.955037] (-) TimerEvent: {}
[20.055956] (-) TimerEvent: {}
[20.158107] (-) TimerEvent: {}
[20.259338] (-) TimerEvent: {}
[20.360154] (-) TimerEvent: {}
[20.461026] (-) TimerEvent: {}
[20.561607] (-) TimerEvent: {}
[20.662893] (-) TimerEvent: {}
[20.763647] (-) TimerEvent: {}
[20.864824] (-) TimerEvent: {}
[20.965647] (-) TimerEvent: {}
[21.066591] (-) TimerEvent: {}
[21.168189] (-) TimerEvent: {}
[21.270151] (-) TimerEvent: {}
[21.372134] (-) TimerEvent: {}
[21.472945] (-) TimerEvent: {}
[21.574389] (-) TimerEvent: {}
[21.676621] (-) TimerEvent: {}
[21.777694] (-) TimerEvent: {}
[21.879239] (-) TimerEvent: {}
[21.980215] (-) TimerEvent: {}
[22.081236] (-) TimerEvent: {}
[22.181775] (-) TimerEvent: {}
[22.283253] (-) TimerEvent: {}
[22.384330] (-) TimerEvent: {}
[22.485593] (-) TimerEvent: {}
[22.586183] (-) TimerEvent: {}
[22.686896] (-) TimerEvent: {}
[22.788222] (-) TimerEvent: {}
[22.889752] (-) TimerEvent: {}
[22.991184] (-) TimerEvent: {}
[23.092407] (-) TimerEvent: {}
[23.193033] (-) TimerEvent: {}
[23.293853] (-) TimerEvent: {}
[23.394772] (-) TimerEvent: {}
[23.495208] (-) TimerEvent: {}
[23.596024] (-) TimerEvent: {}
[23.696992] (-) TimerEvent: {}
[23.797618] (-) TimerEvent: {}
[23.898340] (-) TimerEvent: {}
[23.999284] (-) TimerEvent: {}
[24.100389] (-) TimerEvent: {}
[24.201280] (-) TimerEvent: {}
[24.302424] (-) TimerEvent: {}
[24.403398] (-) TimerEvent: {}
[24.504540] (-) TimerEvent: {}
[24.606115] (-) TimerEvent: {}
[24.709213] (-) TimerEvent: {}
[24.810623] (-) TimerEvent: {}
[24.911416] (-) TimerEvent: {}
[25.012136] (-) TimerEvent: {}
[25.112995] (-) TimerEvent: {}
[25.213957] (-) TimerEvent: {}
[25.314556] (-) TimerEvent: {}
[25.415251] (-) TimerEvent: {}
[25.516170] (-) TimerEvent: {}
[25.617329] (-) TimerEvent: {}
[25.718601] (-) TimerEvent: {}
[25.821267] (-) TimerEvent: {}
[25.923243] (-) TimerEvent: {}
[26.025169] (-) TimerEvent: {}
[26.126674] (-) TimerEvent: {}
[26.227196] (-) TimerEvent: {}
[26.327679] (-) TimerEvent: {}
[26.428568] (-) TimerEvent: {}
[26.529709] (-) TimerEvent: {}
[26.630804] (-) TimerEvent: {}
[26.731568] (-) TimerEvent: {}
[26.833406] (-) TimerEvent: {}
[26.934833] (-) TimerEvent: {}
[27.037844] (-) TimerEvent: {}
[27.138912] (-) TimerEvent: {}
[27.240107] (-) TimerEvent: {}
[27.341980] (-) TimerEvent: {}
[27.443014] (-) TimerEvent: {}
[27.543755] (-) TimerEvent: {}
[27.646088] (-) TimerEvent: {}
[27.749057] (-) TimerEvent: {}
[27.853934] (-) TimerEvent: {}
[27.956591] (-) TimerEvent: {}
[28.059861] (-) TimerEvent: {}
[28.161364] (-) TimerEvent: {}
[28.263375] (-) TimerEvent: {}
[28.367371] (-) TimerEvent: {}
[28.470720] (-) TimerEvent: {}
[28.574059] (-) TimerEvent: {}
[28.675996] (-) TimerEvent: {}
[28.778922] (-) TimerEvent: {}
[28.883082] (-) TimerEvent: {}
[28.985881] (-) TimerEvent: {}
[29.086830] (-) TimerEvent: {}
[29.187696] (-) TimerEvent: {}
[29.288705] (-) TimerEvent: {}
[29.389452] (-) TimerEvent: {}
[29.491251] (-) TimerEvent: {}
[29.593734] (-) TimerEvent: {}
[29.696162] (-) TimerEvent: {}
[29.799857] (-) TimerEvent: {}
[29.901308] (-) TimerEvent: {}
[30.002596] (-) TimerEvent: {}
[30.105991] (-) TimerEvent: {}
[30.210062] (-) TimerEvent: {}
[30.312010] (-) TimerEvent: {}
[30.416124] (-) TimerEvent: {}
[30.517453] (-) TimerEvent: {}
[30.620579] (-) TimerEvent: {}
[30.722242] (-) TimerEvent: {}
[30.823260] (-) TimerEvent: {}
[30.924333] (-) TimerEvent: {}
[31.030172] (-) TimerEvent: {}
[31.131132] (-) TimerEvent: {}
[31.232296] (-) TimerEvent: {}
[31.333291] (-) TimerEvent: {}
[31.434625] (-) TimerEvent: {}
[31.536717] (-) TimerEvent: {}
[31.639044] (-) TimerEvent: {}
[31.740843] (-) TimerEvent: {}
[31.800888] (cpp_pubsub) StdoutLine: {'line': b'[100%] \x1b[32m\x1b[1mLinking CXX executable listener\x1b[0m\n'}
[31.842020] (-) TimerEvent: {}
[31.948534] (-) TimerEvent: {}
[32.051899] (-) TimerEvent: {}
[32.153596] (-) TimerEvent: {}
[32.254164] (-) TimerEvent: {}
[32.354915] (-) TimerEvent: {}
[32.455713] (-) TimerEvent: {}
[32.504698] (cpp_pubsub) StdoutLine: {'line': b'[100%] Built target listener\n'}
[32.553946] (cpp_pubsub) CommandEnded: {'returncode': 0}
[32.558923] (-) TimerEvent: {}
[32.661489] (-) TimerEvent: {}
[32.762453] (-) TimerEvent: {}
[32.863725] (-) TimerEvent: {}
[32.876408] (cpp_pubsub) JobProgress: {'identifier': 'cpp_pubsub', 'progress': 'install'}
[32.877346] (cpp_pubsub) Command: {'cmd': ['/usr/bin/cmake', '--install', '/home/chen/ros2_ws/build/cpp_pubsub'], 'cwd': '/home/chen/ros2_ws/build/cpp_pubsub', 'env': OrderedDict([('GJS_DEBUG_TOPICS', 'JS ERROR;JS LOG'), ('LESSOPEN', '| /usr/bin/lesspipe %s'), ('VSCODE_CWD', '/home/chen'), ('VSCODE_CRASH_REPORTER_SANDBOXED_HINT', '1'), ('LANGUAGE', 'zh_CN:en_US:en'), ('USER', 'chen'), ('SNAP_COMMON', '/var/snap/code/common'), ('LC_TIME', 'en_US.UTF-8'), ('VSCODE_NLS_CONFIG', '{"locale":"zh-cn","osLocale":"zh-cn","availableLanguages":{"*":"zh-cn"},"_languagePackId":"e8139c6a810edc38ce118d65c4ecc4ca.zh-cn","_translationsConfigFile":"/home/chen/.config/Code/clp/e8139c6a810edc38ce118d65c4ecc4ca.zh-cn/tcf.json","_cacheRoot":"/home/chen/.config/Code/clp/e8139c6a810edc38ce118d65c4ecc4ca.zh-cn","_resolvedLanguagePackCoreLocation":"/home/chen/.config/Code/clp/e8139c6a810edc38ce118d65c4ecc4ca.zh-cn/252e5463d60e63238250799aef7375787f68b4ee","_corruptedFile":"/home/chen/.config/Code/clp/e8139c6a810edc38ce118d65c4ecc4ca.zh-cn/corrupted.info","_languagePackSupport":true}'), ('GIO_MODULE_DIR', '/home/chen/snap/code/common/.cache/gio-modules'), ('VSCODE_HANDLES_UNCAUGHT_ERRORS', 'true'), ('SSH_AGENT_PID', '1623'), ('XDG_SESSION_TYPE', 'x11'), ('GIT_ASKPASS', '/snap/code/127/usr/share/code/resources/app/extensions/git/dist/askpass.sh'), ('SHLVL', '0'), ('LD_LIBRARY_PATH', '/opt/ros/foxy/opt/yaml_cpp_vendor/lib:/opt/ros/foxy/opt/rviz_ogre_vendor/lib:/opt/ros/foxy/lib/x86_64-linux-gnu:/opt/ros/foxy/lib'), ('HOME', '/home/chen'), ('CHROME_DESKTOP', 'code-url-handler.desktop'), ('SNAP_LIBRARY_PATH', '/var/lib/snapd/lib/gl:/var/lib/snapd/lib/gl32:/var/lib/snapd/void'), ('TERM_PROGRAM_VERSION', '1.78.0'), ('DESKTOP_SESSION', 'ubuntu'), ('SNAP_USER_DATA', '/home/chen/snap/code/127'), ('GTK_PATH', '/snap/code/127/usr/lib/x86_64-linux-gnu/gtk-3.0'), ('VSCODE_IPC_HOOK', '/run/user/1000/vscode-9eb2e185-1.78-main.sock'), ('GTK_IM_MODULE_FILE', '/home/chen/snap/code/common/.cache/immodules/immodules.cache'), ('GIO_LAUNCHED_DESKTOP_FILE', '/var/lib/snapd/desktop/applications/code_code.desktop'), ('APPLICATION_INSIGHTS_NO_DIAGNOSTIC_CHANNEL', '1'), ('ROS_PYTHON_VERSION', '3'), ('GNOME_SHELL_SESSION_MODE', 'ubuntu'), ('GTK_MODULES', 'gail:atk-bridge'), ('VSCODE_GIT_ASKPASS_MAIN', '/snap/code/127/usr/share/code/resources/app/extensions/git/dist/askpass-main.js'), ('LC_MONETARY', 'en_US.UTF-8'), ('VSCODE_GIT_ASKPASS_NODE', '/snap/code/127/usr/share/code/code'), ('MANAGERPID', '984'), ('DBUS_SESSION_BUS_ADDRESS', 'unix:path=/run/user/1000/bus'), ('SNAP_REVISION', '127'), ('COLORTERM', 'truecolor'), ('GIO_LAUNCHED_DESKTOP_FILE_PID', '3988'), ('_colcon_cd_root', '/opt/ros/foxy/'), ('VSCODE_CRASH_REPORTER_PROCESS_TYPE', 'extensionHost'), ('MANDATORY_PATH', '/usr/share/gconf/ubuntu.mandatory.path'), ('IM_CONFIG_PHASE', '1'), ('COLCON_PREFIX_PATH', '/home/chen/ros2_ws/install'), ('ROS_DISTRO', 'foxy'), ('LOGNAME', 'chen'), ('_', '/usr/bin/colcon'), ('SNAP_CONTEXT', 'OgBwCAaQaxEDKAh8OHfl0NLbdB4suEWKTOrgMZFuLfLcTjT37Pas'), ('JOURNAL_STREAM', '8:48777'), ('ROS_VERSION', '2'), ('XDG_SESSION_CLASS', 'user'), ('DEFAULTS_PATH', '/usr/share/gconf/ubuntu.default.path'), ('SNAP_VERSION', '252e5463'), ('USERNAME', 'chen'), ('TERM', 'xterm-256color'), ('GNOME_DESKTOP_SESSION_ID', 'this-is-deprecated'), ('SNAP_INSTANCE_NAME', 'code'), ('ROS_LOCALHOST_ONLY', '0'), ('WINDOWPATH', '2'), ('PATH', '/opt/ros/foxy/bin:/usr/local/sbin:/usr/local/bin:/usr/sbin:/usr/bin:/sbin:/bin:/usr/games:/usr/local/games:/snap/bin'), ('SESSION_MANAGER', 'local/ubuntu:@/tmp/.ICE-unix/1661,unix/ubuntu:/tmp/.ICE-unix/1661'), ('VSCODE_AMD_ENTRYPOINT', 'vs/workbench/api/node/extensionHostProcess'), ('GTK_EXE_PREFIX', '/snap/code/127/usr'), ('INVOCATION_ID', '6f8a6e31496c4cc3b875e8e414f8c7b2'), ('PAPERSIZE', 'letter'), ('XDG_MENU_PREFIX', 'gnome-'), ('LC_ADDRESS', 'en_US.UTF-8'), ('BAMF_DESKTOP_FILE_HINT', '/var/lib/snapd/desktop/applications/code_code.desktop'), ('SNAP_DATA', '/var/snap/code/127'), ('XDG_RUNTIME_DIR', '/run/user/1000'), ('GDK_BACKEND', 'x11'), ('DISPLAY', ':0'), ('LOCPATH', '/snap/code/127/usr/lib/locale'), ('LANG', 'zh_CN.UTF-8'), ('XDG_CURRENT_DESKTOP', 'Unity'), ('LC_TELEPHONE', 'en_US.UTF-8'), ('XMODIFIERS', '@im=ibus'), ('XDG_SESSION_DESKTOP', 'ubuntu'), ('XAUTHORITY', '/run/user/1000/gdm/Xauthority'), ('LS_COLORS', ''), ('VSCODE_GIT_IPC_HANDLE', '/run/user/1000/vscode-git-c2d6e3f140.sock'), ('TERM_PROGRAM', 'vscode'), ('SNAP_USER_COMMON', '/home/chen/snap/code/common'), ('SSH_AUTH_SOCK', '/run/user/1000/keyring/ssh'), ('GSETTINGS_SCHEMA_DIR', '/home/chen/snap/code/127/.local/share/glib-2.0/schemas'), ('SNAP_ARCH', 'amd64'), ('AMENT_PREFIX_PATH', '/home/chen/ros2_ws/install/cpp_srvcli:/home/chen/ros2_ws/install/cpp_pubsub:/opt/ros/foxy'), ('SNAP_COOKIE', 'OgBwCAaQaxEDKAh8OHfl0NLbdB4suEWKTOrgMZFuLfLcTjT37Pas'), ('ORIGINAL_XDG_CURRENT_DESKTOP', 'ubuntu:GNOME'), ('SHELL', '/bin/bash'), ('LC_NAME', 'en_US.UTF-8'), ('GDK_PIXBUF_MODULEDIR', '/snap/code/127/usr/lib/x86_64-linux-gnu/gdk-pixbuf-2.0/2.10.0/loaders'), ('QT_ACCESSIBILITY', '1'), ('ELECTRON_RUN_AS_NODE', '1'), ('GDMSESSION', 'ubuntu'), ('LESSCLOSE', '/usr/bin/lesspipe %s %s'), ('SNAP_NAME', 'code'), ('LC_MEASUREMENT', 'en_US.UTF-8'), ('GDK_PIXBUF_MODULE_FILE', '/home/chen/snap/code/common/.cache/gdk-pixbuf-loaders.cache'), ('GPG_AGENT_INFO', '/run/user/1000/gnupg/S.gpg-agent:0:1'), ('GJS_DEBUG_OUTPUT', 'stderr'), ('LC_IDENTIFICATION', 'en_US.UTF-8'), ('SNAP_LAUNCHER_ARCH_TRIPLET', 'x86_64-linux-gnu'), ('VSCODE_GIT_ASKPASS_EXTRA_ARGS', '--ms-enable-electron-run-as-node'), ('QT_IM_MODULE', 'ibus'), ('PWD', '/home/chen/ros2_ws/build/cpp_pubsub'), ('VSCODE_CLI', '1'), ('XDG_CONFIG_DIRS', '/etc/xdg/xdg-ubuntu:/etc/xdg'), ('SNAP_REAL_HOME', '/home/chen'), ('VSCODE_CODE_CACHE_PATH', '/home/chen/.config/Code/CachedData/252e5463d60e63238250799aef7375787f68b4ee'), ('XDG_DATA_DIRS', '/home/chen/snap/code/127/.local/share:/home/chen/snap/code/127:/snap/code/127/usr/share:/usr/share/ubuntu:/usr/local/share/:/usr/share/:/var/lib/snapd/desktop'), ('PYTHONPATH', '/opt/ros/foxy/lib/python3.8/site-packages'), ('SNAP', '/snap/code/127'), ('LC_NUMERIC', 'en_US.UTF-8'), ('LC_PAPER', 'en_US.UTF-8'), ('COLCON', '1'), ('ELECTRON_NO_ATTACH_CONSOLE', '1'), ('CMAKE_PREFIX_PATH', '/home/chen/ros2_ws/install/cpp_srvcli:/home/chen/ros2_ws/install/cpp_pubsub:/opt/ros/foxy'), ('VSCODE_PID', '4033')]), 'shell': False}
[32.920973] (cpp_pubsub) StdoutLine: {'line': b'-- Install configuration: "RelWithDebInfo"\n'}
[32.924313] (cpp_pubsub) StdoutLine: {'line': b'-- Execute custom install script\n'}
[32.933303] (cpp_pubsub) StdoutLine: {'line': b'-- Up-to-date symlink: /home/chen/ros2_ws/install/cpp_pubsub/share/ament_index/resource_index/rosidl_interfaces/cpp_pubsub\n'}
[32.938096] (cpp_pubsub) StdoutLine: {'line': b'-- Up-to-date symlink: /home/chen/ros2_ws/install/cpp_pubsub/include/cpp_pubsub/msg/detail/num__functions.h\n'}
[32.941553] (cpp_pubsub) StdoutLine: {'line': b'-- Up-to-date symlink: /home/chen/ros2_ws/install/cpp_pubsub/include/cpp_pubsub/msg/detail/num__struct.h\n'}
[32.943046] (cpp_pubsub) StdoutLine: {'line': b'-- Up-to-date symlink: /home/chen/ros2_ws/install/cpp_pubsub/include/cpp_pubsub/msg/detail/num__type_support.h\n'}
[32.943847] (cpp_pubsub) StdoutLine: {'line': b'-- Up-to-date symlink: /home/chen/ros2_ws/install/cpp_pubsub/include/cpp_pubsub/msg/detail/sphere__functions.h\n'}
[32.945033] (cpp_pubsub) StdoutLine: {'line': b'-- Up-to-date symlink: /home/chen/ros2_ws/install/cpp_pubsub/include/cpp_pubsub/msg/detail/sphere__struct.h\n'}
[32.946008] (cpp_pubsub) StdoutLine: {'line': b'-- Up-to-date symlink: /home/chen/ros2_ws/install/cpp_pubsub/include/cpp_pubsub/msg/detail/sphere__type_support.h\n'}
[32.949812] (cpp_pubsub) StdoutLine: {'line': b'-- Up-to-date symlink: /home/chen/ros2_ws/install/cpp_pubsub/include/cpp_pubsub/msg/num.h\n'}
[32.950859] (cpp_pubsub) StdoutLine: {'line': b'-- Up-to-date symlink: /home/chen/ros2_ws/install/cpp_pubsub/include/cpp_pubsub/msg/rosidl_generator_c__visibility_control.h\n'}
[32.951536] (cpp_pubsub) StdoutLine: {'line': b'-- Up-to-date symlink: /home/chen/ros2_ws/install/cpp_pubsub/include/cpp_pubsub/msg/sphere.h\n'}
[32.952280] (cpp_pubsub) StdoutLine: {'line': b'-- Up-to-date symlink: /home/chen/ros2_ws/install/cpp_pubsub/include/cpp_pubsub/srv/add_three_ints.h\n'}
[32.953050] (cpp_pubsub) StdoutLine: {'line': b'-- Up-to-date symlink: /home/chen/ros2_ws/install/cpp_pubsub/include/cpp_pubsub/srv/detail/add_three_ints__functions.h\n'}
[32.953769] (cpp_pubsub) StdoutLine: {'line': b'-- Up-to-date symlink: /home/chen/ros2_ws/install/cpp_pubsub/include/cpp_pubsub/srv/detail/add_three_ints__struct.h\n'}
[32.957326] (cpp_pubsub) StdoutLine: {'line': b'-- Up-to-date symlink: /home/chen/ros2_ws/install/cpp_pubsub/include/cpp_pubsub/srv/detail/add_three_ints__type_support.h\n'}
[32.958308] (cpp_pubsub) StdoutLine: {'line': b'-- Up-to-date symlink: /home/chen/ros2_ws/install/cpp_pubsub/share/cpp_pubsub/environment/library_path.sh\n'}
[32.959089] (cpp_pubsub) StdoutLine: {'line': b'-- Up-to-date symlink: /home/chen/ros2_ws/install/cpp_pubsub/share/cpp_pubsub/environment/library_path.dsv\n'}
[32.961288] (cpp_pubsub) StdoutLine: {'line': b'-- Up-to-date symlink: /home/chen/ros2_ws/install/cpp_pubsub/include/cpp_pubsub/msg/detail/num__rosidl_typesupport_fastrtps_c.h\n'}
[32.962309] (cpp_pubsub) StdoutLine: {'line': b'-- Up-to-date symlink: /home/chen/ros2_ws/install/cpp_pubsub/include/cpp_pubsub/msg/detail/sphere__rosidl_typesupport_fastrtps_c.h\n'}
[32.965248] (-) TimerEvent: {}
[32.966079] (cpp_pubsub) StdoutLine: {'line': b'-- Up-to-date symlink: /home/chen/ros2_ws/install/cpp_pubsub/include/cpp_pubsub/msg/rosidl_typesupport_fastrtps_c__visibility_control.h\n'}
[32.975009] (cpp_pubsub) StdoutLine: {'line': b'-- Up-to-date symlink: /home/chen/ros2_ws/install/cpp_pubsub/include/cpp_pubsub/srv/detail/add_three_ints__rosidl_typesupport_fastrtps_c.h\n'}
[32.976696] (cpp_pubsub) StdoutLine: {'line': b'-- Up-to-date symlink: /home/chen/ros2_ws/install/cpp_pubsub/lib/libcpp_pubsub__rosidl_typesupport_fastrtps_c.so\n'}
[32.978015] (cpp_pubsub) StdoutLine: {'line': b'-- Up-to-date symlink: /home/chen/ros2_ws/install/cpp_pubsub/include/cpp_pubsub/msg/detail/num__rosidl_typesupport_fastrtps_cpp.hpp\n'}
[32.978457] (cpp_pubsub) StdoutLine: {'line': b'-- Up-to-date symlink: /home/chen/ros2_ws/install/cpp_pubsub/include/cpp_pubsub/msg/detail/sphere__rosidl_typesupport_fastrtps_cpp.hpp\n'}
[32.978970] (cpp_pubsub) StdoutLine: {'line': b'-- Up-to-date symlink: /home/chen/ros2_ws/install/cpp_pubsub/include/cpp_pubsub/msg/rosidl_typesupport_fastrtps_cpp__visibility_control.h\n'}
[32.979699] (cpp_pubsub) StdoutLine: {'line': b'-- Up-to-date symlink: /home/chen/ros2_ws/install/cpp_pubsub/include/cpp_pubsub/srv/detail/add_three_ints__rosidl_typesupport_fastrtps_cpp.hpp\n'}
[32.981095] (cpp_pubsub) StdoutLine: {'line': b'-- Up-to-date symlink: /home/chen/ros2_ws/install/cpp_pubsub/lib/libcpp_pubsub__rosidl_typesupport_fastrtps_cpp.so\n'}
[32.982732] (cpp_pubsub) StdoutLine: {'line': b'-- Up-to-date symlink: /home/chen/ros2_ws/install/cpp_pubsub/include/cpp_pubsub/msg/detail/num__rosidl_typesupport_introspection_c.h\n'}
[32.983295] (cpp_pubsub) StdoutLine: {'line': b'-- Up-to-date symlink: /home/chen/ros2_ws/install/cpp_pubsub/include/cpp_pubsub/msg/detail/sphere__rosidl_typesupport_introspection_c.h\n'}
[32.983821] (cpp_pubsub) StdoutLine: {'line': b'-- Up-to-date symlink: /home/chen/ros2_ws/install/cpp_pubsub/include/cpp_pubsub/msg/rosidl_typesupport_introspection_c__visibility_control.h\n'}
[32.984348] (cpp_pubsub) StdoutLine: {'line': b'-- Up-to-date symlink: /home/chen/ros2_ws/install/cpp_pubsub/include/cpp_pubsub/srv/detail/add_three_ints__rosidl_typesupport_introspection_c.h\n'}
[32.985554] (cpp_pubsub) StdoutLine: {'line': b'-- Up-to-date symlink: /home/chen/ros2_ws/install/cpp_pubsub/include/cpp_pubsub/msg/detail/num__builder.hpp\n'}
[32.989841] (cpp_pubsub) StdoutLine: {'line': b'-- Up-to-date symlink: /home/chen/ros2_ws/install/cpp_pubsub/include/cpp_pubsub/msg/detail/num__struct.hpp\n'}
[32.991038] (cpp_pubsub) StdoutLine: {'line': b'-- Up-to-date symlink: /home/chen/ros2_ws/install/cpp_pubsub/include/cpp_pubsub/msg/detail/num__traits.hpp\n'}
[32.992449] (cpp_pubsub) StdoutLine: {'line': b'-- Up-to-date symlink: /home/chen/ros2_ws/install/cpp_pubsub/include/cpp_pubsub/msg/detail/sphere__builder.hpp\n'}
[32.993568] (cpp_pubsub) StdoutLine: {'line': b'-- Up-to-date symlink: /home/chen/ros2_ws/install/cpp_pubsub/include/cpp_pubsub/msg/detail/sphere__struct.hpp\n'}
[32.994787] (cpp_pubsub) StdoutLine: {'line': b'-- Up-to-date symlink: /home/chen/ros2_ws/install/cpp_pubsub/include/cpp_pubsub/msg/detail/sphere__traits.hpp\n'}
[32.995446] (cpp_pubsub) StdoutLine: {'line': b'-- Up-to-date symlink: /home/chen/ros2_ws/install/cpp_pubsub/include/cpp_pubsub/msg/num.hpp\n'}
[32.996015] (cpp_pubsub) StdoutLine: {'line': b'-- Up-to-date symlink: /home/chen/ros2_ws/install/cpp_pubsub/include/cpp_pubsub/msg/sphere.hpp\n'}
[32.996487] (cpp_pubsub) StdoutLine: {'line': b'-- Up-to-date symlink: /home/chen/ros2_ws/install/cpp_pubsub/include/cpp_pubsub/srv/add_three_ints.hpp\n'}
[32.997380] (cpp_pubsub) StdoutLine: {'line': b'-- Up-to-date symlink: /home/chen/ros2_ws/install/cpp_pubsub/include/cpp_pubsub/srv/detail/add_three_ints__builder.hpp\n'}
[32.998441] (cpp_pubsub) StdoutLine: {'line': b'-- Up-to-date symlink: /home/chen/ros2_ws/install/cpp_pubsub/include/cpp_pubsub/srv/detail/add_three_ints__struct.hpp\n'}
[33.002110] (cpp_pubsub) StdoutLine: {'line': b'-- Up-to-date symlink: /home/chen/ros2_ws/install/cpp_pubsub/include/cpp_pubsub/srv/detail/add_three_ints__traits.hpp\n'}
[33.004271] (cpp_pubsub) StdoutLine: {'line': b'-- Up-to-date symlink: /home/chen/ros2_ws/install/cpp_pubsub/include/cpp_pubsub/msg/detail/num__rosidl_typesupport_introspection_cpp.hpp\n'}
[33.010563] (cpp_pubsub) StdoutLine: {'line': b'-- Up-to-date symlink: /home/chen/ros2_ws/install/cpp_pubsub/include/cpp_pubsub/msg/detail/sphere__rosidl_typesupport_introspection_cpp.hpp\n'}
[33.013856] (cpp_pubsub) StdoutLine: {'line': b'-- Up-to-date symlink: /home/chen/ros2_ws/install/cpp_pubsub/include/cpp_pubsub/srv/detail/add_three_ints__rosidl_typesupport_introspection_cpp.hpp\n'}
[33.016064] (cpp_pubsub) StdoutLine: {'line': b'-- Up-to-date symlink: /home/chen/ros2_ws/install/cpp_pubsub/share/cpp_pubsub/environment/pythonpath.sh\n'}
[33.017450] (cpp_pubsub) StdoutLine: {'line': b'-- Up-to-date symlink: /home/chen/ros2_ws/install/cpp_pubsub/share/cpp_pubsub/environment/pythonpath.dsv\n'}
[33.019077] (cpp_pubsub) StdoutLine: {'line': b'-- Up-to-date symlink: /home/chen/ros2_ws/install/cpp_pubsub/lib/python3.8/site-packages/cpp_pubsub/__init__.py\n'}
[33.025609] (cpp_pubsub) StdoutLine: {'line': b'-- Up-to-date symlink: /home/chen/ros2_ws/install/cpp_pubsub/lib/python3.8/site-packages/cpp_pubsub/msg/__init__.py\n'}
[33.026591] (cpp_pubsub) StdoutLine: {'line': b'-- Up-to-date symlink: /home/chen/ros2_ws/install/cpp_pubsub/lib/python3.8/site-packages/cpp_pubsub/msg/_num.py\n'}
[33.027290] (cpp_pubsub) StdoutLine: {'line': b'-- Up-to-date symlink: /home/chen/ros2_ws/install/cpp_pubsub/lib/python3.8/site-packages/cpp_pubsub/msg/_sphere.py\n'}
[33.028452] (cpp_pubsub) StdoutLine: {'line': b'-- Up-to-date symlink: /home/chen/ros2_ws/install/cpp_pubsub/lib/python3.8/site-packages/cpp_pubsub/srv/__init__.py\n'}
[33.030464] (cpp_pubsub) StdoutLine: {'line': b'-- Up-to-date symlink: /home/chen/ros2_ws/install/cpp_pubsub/lib/python3.8/site-packages/cpp_pubsub/srv/_add_three_ints.py\n'}
[33.032877] (cpp_pubsub) StdoutLine: {'line': b'-- Up-to-date symlink: /home/chen/ros2_ws/install/cpp_pubsub/lib/python3.8/site-packages/cpp_pubsub/cpp_pubsub_s__rosidl_typesupport_fastrtps_c.cpython-38-x86_64-linux-gnu.so\n'}
[33.034615] (cpp_pubsub) StdoutLine: {'line': b'-- Up-to-date symlink: /home/chen/ros2_ws/install/cpp_pubsub/lib/python3.8/site-packages/cpp_pubsub/cpp_pubsub_s__rosidl_typesupport_introspection_c.cpython-38-x86_64-linux-gnu.so\n'}
[33.041487] (cpp_pubsub) StdoutLine: {'line': b'-- Up-to-date symlink: /home/chen/ros2_ws/install/cpp_pubsub/lib/python3.8/site-packages/cpp_pubsub/cpp_pubsub_s__rosidl_typesupport_c.cpython-38-x86_64-linux-gnu.so\n'}
[33.043371] (cpp_pubsub) StdoutLine: {'line': b'-- Up-to-date symlink: /home/chen/ros2_ws/install/cpp_pubsub/lib/libcpp_pubsub__python.so\n'}
[33.044002] (cpp_pubsub) StdoutLine: {'line': b'-- Up-to-date symlink: /home/chen/ros2_ws/install/cpp_pubsub/share/cpp_pubsub/msg/Num.idl\n'}
[33.044648] (cpp_pubsub) StdoutLine: {'line': b'-- Up-to-date symlink: /home/chen/ros2_ws/install/cpp_pubsub/share/cpp_pubsub/msg/Sphere.idl\n'}
[33.045364] (cpp_pubsub) StdoutLine: {'line': b'-- Up-to-date symlink: /home/chen/ros2_ws/install/cpp_pubsub/share/cpp_pubsub/srv/AddThreeInts.idl\n'}
[33.046299] (cpp_pubsub) StdoutLine: {'line': b'-- Up-to-date symlink: /home/chen/ros2_ws/install/cpp_pubsub/share/cpp_pubsub/msg/Num.msg\n'}
[33.047413] (cpp_pubsub) StdoutLine: {'line': b'-- Up-to-date symlink: /home/chen/ros2_ws/install/cpp_pubsub/share/cpp_pubsub/msg/Sphere.msg\n'}
[33.048356] (cpp_pubsub) StdoutLine: {'line': b'-- Up-to-date symlink: /home/chen/ros2_ws/install/cpp_pubsub/share/cpp_pubsub/srv/AddThreeInts.srv\n'}
[33.049324] (cpp_pubsub) StdoutLine: {'line': b'-- Up-to-date symlink: /home/chen/ros2_ws/install/cpp_pubsub/share/cpp_pubsub/srv/AddThreeInts_Request.msg\n'}
[33.052473] (cpp_pubsub) StdoutLine: {'line': b'-- Up-to-date symlink: /home/chen/ros2_ws/install/cpp_pubsub/share/cpp_pubsub/srv/AddThreeInts_Response.msg\n'}
[33.056050] (cpp_pubsub) StdoutLine: {'line': b'-- Up-to-date symlink: /home/chen/ros2_ws/install/cpp_pubsub/lib/cpp_pubsub/talker\n'}
[33.061977] (cpp_pubsub) StdoutLine: {'line': b'-- Up-to-date symlink: /home/chen/ros2_ws/install/cpp_pubsub/lib/cpp_pubsub/listener\n'}
[33.063873] (cpp_pubsub) StdoutLine: {'line': b'-- Up-to-date symlink: /home/chen/ros2_ws/install/cpp_pubsub/share/ament_index/resource_index/package_run_dependencies/cpp_pubsub\n'}
[33.065559] (-) TimerEvent: {}
[33.066361] (cpp_pubsub) StdoutLine: {'line': b'-- Up-to-date symlink: /home/chen/ros2_ws/install/cpp_pubsub/share/ament_index/resource_index/parent_prefix_path/cpp_pubsub\n'}
[33.067840] (cpp_pubsub) StdoutLine: {'line': b'-- Up-to-date symlink: /home/chen/ros2_ws/install/cpp_pubsub/share/cpp_pubsub/environment/ament_prefix_path.sh\n'}
[33.073620] (cpp_pubsub) StdoutLine: {'line': b'-- Up-to-date symlink: /home/chen/ros2_ws/install/cpp_pubsub/share/cpp_pubsub/environment/ament_prefix_path.dsv\n'}
[33.074800] (cpp_pubsub) StdoutLine: {'line': b'-- Up-to-date symlink: /home/chen/ros2_ws/install/cpp_pubsub/share/cpp_pubsub/environment/path.sh\n'}
[33.075819] (cpp_pubsub) StdoutLine: {'line': b'-- Up-to-date symlink: /home/chen/ros2_ws/install/cpp_pubsub/share/cpp_pubsub/environment/path.dsv\n'}
[33.076970] (cpp_pubsub) StdoutLine: {'line': b'-- Up-to-date symlink: /home/chen/ros2_ws/install/cpp_pubsub/share/cpp_pubsub/local_setup.bash\n'}
[33.078253] (cpp_pubsub) StdoutLine: {'line': b'-- Up-to-date symlink: /home/chen/ros2_ws/install/cpp_pubsub/share/cpp_pubsub/local_setup.sh\n'}
[33.078856] (cpp_pubsub) StdoutLine: {'line': b'-- Up-to-date symlink: /home/chen/ros2_ws/install/cpp_pubsub/share/cpp_pubsub/local_setup.zsh\n'}
[33.079509] (cpp_pubsub) StdoutLine: {'line': b'-- Up-to-date symlink: /home/chen/ros2_ws/install/cpp_pubsub/share/cpp_pubsub/local_setup.dsv\n'}
[33.080420] (cpp_pubsub) StdoutLine: {'line': b'-- Symlinking: /home/chen/ros2_ws/install/cpp_pubsub/share/cpp_pubsub/package.dsv\n'}
[33.120979] (cpp_pubsub) StdoutLine: {'line': b'-- Up-to-date symlink: /home/chen/ros2_ws/install/cpp_pubsub/share/ament_index/resource_index/packages/cpp_pubsub\n'}
[33.121290] (cpp_pubsub) StdoutLine: {'line': b'-- Up-to-date symlink: /home/chen/ros2_ws/install/cpp_pubsub/share/cpp_pubsub/cmake/rosidl_cmake-extras.cmake\n'}
[33.121394] (cpp_pubsub) StdoutLine: {'line': b'-- Up-to-date symlink: /home/chen/ros2_ws/install/cpp_pubsub/share/cpp_pubsub/cmake/ament_cmake_export_dependencies-extras.cmake\n'}
[33.121561] (cpp_pubsub) StdoutLine: {'line': b'-- Up-to-date symlink: /home/chen/ros2_ws/install/cpp_pubsub/share/cpp_pubsub/cmake/ament_cmake_export_libraries-extras.cmake\n'}
[33.121657] (cpp_pubsub) StdoutLine: {'line': b'-- Up-to-date symlink: /home/chen/ros2_ws/install/cpp_pubsub/share/cpp_pubsub/cmake/ament_cmake_export_targets-extras.cmake\n'}
[33.122430] (cpp_pubsub) StdoutLine: {'line': b'-- Up-to-date symlink: /home/chen/ros2_ws/install/cpp_pubsub/share/cpp_pubsub/cmake/ament_cmake_export_include_directories-extras.cmake\n'}
[33.124962] (cpp_pubsub) StdoutLine: {'line': b'-- Up-to-date symlink: /home/chen/ros2_ws/install/cpp_pubsub/share/cpp_pubsub/cmake/rosidl_cmake_export_typesupport_libraries-extras.cmake\n'}
[33.125908] (cpp_pubsub) StdoutLine: {'line': b'-- Up-to-date symlink: /home/chen/ros2_ws/install/cpp_pubsub/share/cpp_pubsub/cmake/rosidl_cmake_export_typesupport_targets-extras.cmake\n'}
[33.126596] (cpp_pubsub) StdoutLine: {'line': b'-- Up-to-date symlink: /home/chen/ros2_ws/install/cpp_pubsub/share/cpp_pubsub/cmake/cpp_pubsubConfig.cmake\n'}
[33.127202] (cpp_pubsub) StdoutLine: {'line': b'-- Up-to-date symlink: /home/chen/ros2_ws/install/cpp_pubsub/share/cpp_pubsub/cmake/cpp_pubsubConfig-version.cmake\n'}
[33.127881] (cpp_pubsub) StdoutLine: {'line': b'-- Up-to-date symlink: /home/chen/ros2_ws/install/cpp_pubsub/share/cpp_pubsub/package.xml\n'}
[33.133674] (cpp_pubsub) StdoutLine: {'line': b'-- Up-to-date: /home/chen/ros2_ws/install/cpp_pubsub/lib/libcpp_pubsub__rosidl_generator_c.so\n'}
[33.136711] (cpp_pubsub) StdoutLine: {'line': b'-- Up-to-date: /home/chen/ros2_ws/install/cpp_pubsub/lib/libcpp_pubsub__rosidl_typesupport_introspection_c.so\n'}
[33.137874] (cpp_pubsub) StdoutLine: {'line': b'-- Up-to-date: /home/chen/ros2_ws/install/cpp_pubsub/lib/libcpp_pubsub__rosidl_typesupport_c.so\n'}
[33.138737] (cpp_pubsub) StdoutLine: {'line': b'-- Up-to-date: /home/chen/ros2_ws/install/cpp_pubsub/lib/libcpp_pubsub__rosidl_typesupport_introspection_cpp.so\n'}
[33.139590] (cpp_pubsub) StdoutLine: {'line': b'-- Up-to-date: /home/chen/ros2_ws/install/cpp_pubsub/lib/libcpp_pubsub__rosidl_typesupport_cpp.so\n'}
[33.165986] (-) TimerEvent: {}
[33.246681] (cpp_pubsub) StdoutLine: {'line': b'-- Up-to-date: /home/chen/ros2_ws/install/cpp_pubsub/share/cpp_pubsub/cmake/cpp_pubsub__rosidl_generator_cExport.cmake\n'}
[33.247747] (cpp_pubsub) StdoutLine: {'line': b'-- Up-to-date: /home/chen/ros2_ws/install/cpp_pubsub/share/cpp_pubsub/cmake/cpp_pubsub__rosidl_generator_cExport-relwithdebinfo.cmake\n'}
[33.249133] (cpp_pubsub) StdoutLine: {'line': b'-- Up-to-date: /home/chen/ros2_ws/install/cpp_pubsub/share/cpp_pubsub/cmake/cpp_pubsub__rosidl_typesupport_introspection_cExport.cmake\n'}
[33.250963] (cpp_pubsub) StdoutLine: {'line': b'-- Up-to-date: /home/chen/ros2_ws/install/cpp_pubsub/share/cpp_pubsub/cmake/cpp_pubsub__rosidl_typesupport_introspection_cExport-relwithdebinfo.cmake\n'}
[33.251499] (cpp_pubsub) StdoutLine: {'line': b'-- Up-to-date: /home/chen/ros2_ws/install/cpp_pubsub/share/cpp_pubsub/cmake/cpp_pubsub__rosidl_typesupport_cExport.cmake\n'}
[33.253005] (cpp_pubsub) StdoutLine: {'line': b'-- Up-to-date: /home/chen/ros2_ws/install/cpp_pubsub/share/cpp_pubsub/cmake/cpp_pubsub__rosidl_typesupport_cExport-relwithdebinfo.cmake\n'}
[33.253256] (cpp_pubsub) StdoutLine: {'line': b'-- Up-to-date: /home/chen/ros2_ws/install/cpp_pubsub/share/cpp_pubsub/cmake/cpp_pubsub__rosidl_generator_cppExport.cmake\n'}
[33.254134] (cpp_pubsub) StdoutLine: {'line': b'-- Up-to-date: /home/chen/ros2_ws/install/cpp_pubsub/share/cpp_pubsub/cmake/cpp_pubsub__rosidl_typesupport_introspection_cppExport.cmake\n'}
[33.255226] (cpp_pubsub) StdoutLine: {'line': b'-- Up-to-date: /home/chen/ros2_ws/install/cpp_pubsub/share/cpp_pubsub/cmake/cpp_pubsub__rosidl_typesupport_introspection_cppExport-relwithdebinfo.cmake\n'}
[33.256194] (cpp_pubsub) StdoutLine: {'line': b'-- Up-to-date: /home/chen/ros2_ws/install/cpp_pubsub/share/cpp_pubsub/cmake/cpp_pubsub__rosidl_typesupport_cppExport.cmake\n'}
[33.257625] (cpp_pubsub) StdoutLine: {'line': b'-- Up-to-date: /home/chen/ros2_ws/install/cpp_pubsub/share/cpp_pubsub/cmake/cpp_pubsub__rosidl_typesupport_cppExport-relwithdebinfo.cmake\n'}
[33.266493] (cpp_pubsub) CommandEnded: {'returncode': 0}
[33.272859] (-) TimerEvent: {}
[33.374794] (-) TimerEvent: {}
[33.479476] (-) TimerEvent: {}
[33.581415] (-) TimerEvent: {}
[33.682540] (-) TimerEvent: {}
[33.783722] (-) TimerEvent: {}
[33.816640] (cpp_pubsub) JobEnded: {'identifier': 'cpp_pubsub', 'rc': 0}
[33.824855] (-) EventReactorShutdown: {}
