[1.181s] DEBUG:colcon:Command line arguments: ['/usr/bin/colcon', 'build', '--symlink-install', '--event-handlers', 'console_cohesion+', '--base-paths', '/home/chen/ros2_ws', '--cmake-args', '-DCMAKE_BUILD_TYPE=RelWithDebInfo']
[1.181s] DEBUG:colcon:Parsed command line arguments: Namespace(allow_overriding=[], ament_cmake_args=None, base_paths=['/home/chen/ros2_ws'], build_base='build', catkin_cmake_args=None, catkin_skip_building_tests=False, cmake_args=['-DCMAKE_BUILD_TYPE=RelWithDebInfo'], cmake_clean_cache=False, cmake_clean_first=False, cmake_force_configure=False, cmake_target=None, cmake_target_skip_unavailable=False, continue_on_error=False, event_handlers=['console_cohesion+'], executor='parallel', ignore_user_meta=False, install_base='install', log_base=None, log_level=None, main=<bound method BuildVerb.main of <colcon_core.verb.build.BuildVerb object at 0x7f6a25e147f0>>, merge_install=False, metas=['./colcon.meta'], packages_above=None, packages_above_and_dependencies=None, packages_above_depth=None, packages_end=None, packages_ignore=None, packages_ignore_regex=None, packages_select=None, packages_select_build_failed=False, packages_select_by_dep=None, packages_select_regex=None, packages_select_test_failures=False, packages_skip=None, packages_skip_build_finished=False, packages_skip_by_dep=None, packages_skip_regex=None, packages_skip_test_passed=False, packages_skip_up_to=None, packages_start=None, packages_up_to=None, packages_up_to_regex=None, parallel_workers=2, paths=None, symlink_install=True, test_result_base=None, verb_extension=<colcon_core.verb.build.BuildVerb object at 0x7f6a25e147f0>, verb_name='build', verb_parser=<colcon_defaults.argument_parser.defaults.DefaultArgumentsDecorator object at 0x7f6a25d9f4f0>)
[1.263s] Level 1:colcon.colcon_core.package_discovery:discover_packages(colcon_meta) check parameters
[1.263s] Level 1:colcon.colcon_core.package_discovery:discover_packages(recursive) check parameters
[1.263s] Level 1:colcon.colcon_core.package_discovery:discover_packages(ignore) check parameters
[1.263s] Level 1:colcon.colcon_core.package_discovery:discover_packages(path) check parameters
[1.263s] Level 1:colcon.colcon_core.package_discovery:discover_packages(recursive) discover
[1.263s] INFO:colcon.colcon_core.package_discovery:Crawling recursively for packages in '/home/chen/ros2_ws'
[1.263s] Level 1:colcon.colcon_core.package_identification:_identify(/home/chen/ros2_ws) by extensions ['ignore', 'ignore_ament_install']
[1.263s] Level 1:colcon.colcon_core.package_identification:_identify(/home/chen/ros2_ws) by extension 'ignore'
[1.264s] Level 1:colcon.colcon_core.package_identification:_identify(/home/chen/ros2_ws) by extension 'ignore_ament_install'
[1.264s] Level 1:colcon.colcon_core.package_identification:_identify(/home/chen/ros2_ws) by extensions ['colcon_pkg']
[1.264s] Level 1:colcon.colcon_core.package_identification:_identify(/home/chen/ros2_ws) by extension 'colcon_pkg'
[1.264s] Level 1:colcon.colcon_core.package_identification:_identify(/home/chen/ros2_ws) by extensions ['colcon_meta']
[1.264s] Level 1:colcon.colcon_core.package_identification:_identify(/home/chen/ros2_ws) by extension 'colcon_meta'
[1.264s] Level 1:colcon.colcon_core.package_identification:_identify(/home/chen/ros2_ws) by extensions ['ros']
[1.264s] Level 1:colcon.colcon_core.package_identification:_identify(/home/chen/ros2_ws) by extension 'ros'
[1.343s] Level 1:colcon.colcon_core.package_identification:_identify(/home/chen/ros2_ws) by extensions ['cmake', 'python']
[1.343s] Level 1:colcon.colcon_core.package_identification:_identify(/home/chen/ros2_ws) by extension 'cmake'
[1.343s] Level 1:colcon.colcon_core.package_identification:_identify(/home/chen/ros2_ws) by extension 'python'
[1.344s] Level 1:colcon.colcon_core.package_identification:_identify(/home/chen/ros2_ws) by extensions ['python_setup_py']
[1.344s] Level 1:colcon.colcon_core.package_identification:_identify(/home/chen/ros2_ws) by extension 'python_setup_py'
[1.345s] Level 1:colcon.colcon_core.package_identification:_identify(/home/chen/ros2_ws/build) by extensions ['ignore', 'ignore_ament_install']
[1.345s] Level 1:colcon.colcon_core.package_identification:_identify(/home/chen/ros2_ws/build) by extension 'ignore'
[1.345s] Level 1:colcon.colcon_core.package_identification:_identify(/home/chen/ros2_ws/build) ignored
[1.346s] Level 1:colcon.colcon_core.package_identification:_identify(/home/chen/ros2_ws/install) by extensions ['ignore', 'ignore_ament_install']
[1.346s] Level 1:colcon.colcon_core.package_identification:_identify(/home/chen/ros2_ws/install) by extension 'ignore'
[1.346s] Level 1:colcon.colcon_core.package_identification:_identify(/home/chen/ros2_ws/install) ignored
[1.347s] Level 1:colcon.colcon_core.package_identification:_identify(/home/chen/ros2_ws/log) by extensions ['ignore', 'ignore_ament_install']
[1.347s] Level 1:colcon.colcon_core.package_identification:_identify(/home/chen/ros2_ws/log) by extension 'ignore'
[1.347s] Level 1:colcon.colcon_core.package_identification:_identify(/home/chen/ros2_ws/log) ignored
[1.349s] Level 1:colcon.colcon_core.package_identification:_identify(/home/chen/ros2_ws/src) by extensions ['ignore', 'ignore_ament_install']
[1.349s] Level 1:colcon.colcon_core.package_identification:_identify(/home/chen/ros2_ws/src) by extension 'ignore'
[1.349s] Level 1:colcon.colcon_core.package_identification:_identify(/home/chen/ros2_ws/src) by extension 'ignore_ament_install'
[1.349s] Level 1:colcon.colcon_core.package_identification:_identify(/home/chen/ros2_ws/src) by extensions ['colcon_pkg']
[1.349s] Level 1:colcon.colcon_core.package_identification:_identify(/home/chen/ros2_ws/src) by extension 'colcon_pkg'
[1.350s] Level 1:colcon.colcon_core.package_identification:_identify(/home/chen/ros2_ws/src) by extensions ['colcon_meta']
[1.350s] Level 1:colcon.colcon_core.package_identification:_identify(/home/chen/ros2_ws/src) by extension 'colcon_meta'
[1.350s] Level 1:colcon.colcon_core.package_identification:_identify(/home/chen/ros2_ws/src) by extensions ['ros']
[1.350s] Level 1:colcon.colcon_core.package_identification:_identify(/home/chen/ros2_ws/src) by extension 'ros'
[1.350s] Level 1:colcon.colcon_core.package_identification:_identify(/home/chen/ros2_ws/src) by extensions ['cmake', 'python']
[1.350s] Level 1:colcon.colcon_core.package_identification:_identify(/home/chen/ros2_ws/src) by extension 'cmake'
[1.350s] Level 1:colcon.colcon_core.package_identification:_identify(/home/chen/ros2_ws/src) by extension 'python'
[1.350s] Level 1:colcon.colcon_core.package_identification:_identify(/home/chen/ros2_ws/src) by extensions ['python_setup_py']
[1.350s] Level 1:colcon.colcon_core.package_identification:_identify(/home/chen/ros2_ws/src) by extension 'python_setup_py'
[1.351s] Level 1:colcon.colcon_core.package_identification:_identify(/home/chen/ros2_ws/src/cpp_pubsub) by extensions ['ignore', 'ignore_ament_install']
[1.351s] Level 1:colcon.colcon_core.package_identification:_identify(/home/chen/ros2_ws/src/cpp_pubsub) by extension 'ignore'
[1.351s] Level 1:colcon.colcon_core.package_identification:_identify(/home/chen/ros2_ws/src/cpp_pubsub) by extension 'ignore_ament_install'
[1.351s] Level 1:colcon.colcon_core.package_identification:_identify(/home/chen/ros2_ws/src/cpp_pubsub) by extensions ['colcon_pkg']
[1.351s] Level 1:colcon.colcon_core.package_identification:_identify(/home/chen/ros2_ws/src/cpp_pubsub) by extension 'colcon_pkg'
[1.351s] Level 1:colcon.colcon_core.package_identification:_identify(/home/chen/ros2_ws/src/cpp_pubsub) by extensions ['colcon_meta']
[1.351s] Level 1:colcon.colcon_core.package_identification:_identify(/home/chen/ros2_ws/src/cpp_pubsub) by extension 'colcon_meta'
[1.352s] Level 1:colcon.colcon_core.package_identification:_identify(/home/chen/ros2_ws/src/cpp_pubsub) by extensions ['ros']
[1.352s] Level 1:colcon.colcon_core.package_identification:_identify(/home/chen/ros2_ws/src/cpp_pubsub) by extension 'ros'
[1.366s] DEBUG:colcon.colcon_core.package_identification:Package '/home/chen/ros2_ws/src/cpp_pubsub' with type 'ros.ament_cmake' and name 'cpp_pubsub'
[1.366s] Level 1:colcon.colcon_core.package_identification:_identify(/home/chen/ros2_ws/src/cpp_srvcli) by extensions ['ignore', 'ignore_ament_install']
[1.367s] Level 1:colcon.colcon_core.package_identification:_identify(/home/chen/ros2_ws/src/cpp_srvcli) by extension 'ignore'
[1.368s] Level 1:colcon.colcon_core.package_identification:_identify(/home/chen/ros2_ws/src/cpp_srvcli) by extension 'ignore_ament_install'
[1.371s] Level 1:colcon.colcon_core.package_identification:_identify(/home/chen/ros2_ws/src/cpp_srvcli) by extensions ['colcon_pkg']
[1.372s] Level 1:colcon.colcon_core.package_identification:_identify(/home/chen/ros2_ws/src/cpp_srvcli) by extension 'colcon_pkg'
[1.372s] Level 1:colcon.colcon_core.package_identification:_identify(/home/chen/ros2_ws/src/cpp_srvcli) by extensions ['colcon_meta']
[1.372s] Level 1:colcon.colcon_core.package_identification:_identify(/home/chen/ros2_ws/src/cpp_srvcli) by extension 'colcon_meta'
[1.372s] Level 1:colcon.colcon_core.package_identification:_identify(/home/chen/ros2_ws/src/cpp_srvcli) by extensions ['ros']
[1.372s] Level 1:colcon.colcon_core.package_identification:_identify(/home/chen/ros2_ws/src/cpp_srvcli) by extension 'ros'
[1.378s] DEBUG:colcon.colcon_core.package_identification:Package '/home/chen/ros2_ws/src/cpp_srvcli' with type 'ros.ament_cmake' and name 'cpp_srvcli'
[1.379s] Level 1:colcon.colcon_core.package_discovery:discover_packages(recursive) using defaults
[1.448s] Level 1:colcon.colcon_core.package_discovery:discover_packages(prefix_path) check parameters
[1.448s] Level 1:colcon.colcon_core.package_discovery:discover_packages(prefix_path) discover
[1.456s] DEBUG:colcon.colcon_installed_package_information.package_discovery:Found 2 installed packages in /home/chen/ros2_ws/install
[1.459s] DEBUG:colcon.colcon_installed_package_information.package_discovery:Found 256 installed packages in /opt/ros/foxy
[1.462s] Level 1:colcon.colcon_core.package_discovery:discover_packages(prefix_path) using defaults
[1.706s] Level 5:colcon.colcon_core.verb:set package 'cpp_pubsub' build argument 'cmake_args' from command line to '['-DCMAKE_BUILD_TYPE=RelWithDebInfo']'
[1.706s] Level 5:colcon.colcon_core.verb:set package 'cpp_pubsub' build argument 'cmake_target' from command line to 'None'
[1.706s] Level 5:colcon.colcon_core.verb:set package 'cpp_pubsub' build argument 'cmake_target_skip_unavailable' from command line to 'False'
[1.706s] Level 5:colcon.colcon_core.verb:set package 'cpp_pubsub' build argument 'cmake_clean_cache' from command line to 'False'
[1.706s] Level 5:colcon.colcon_core.verb:set package 'cpp_pubsub' build argument 'cmake_clean_first' from command line to 'False'
[1.706s] Level 5:colcon.colcon_core.verb:set package 'cpp_pubsub' build argument 'cmake_force_configure' from command line to 'False'
[1.706s] Level 5:colcon.colcon_core.verb:set package 'cpp_pubsub' build argument 'ament_cmake_args' from command line to 'None'
[1.706s] Level 5:colcon.colcon_core.verb:set package 'cpp_pubsub' build argument 'catkin_cmake_args' from command line to 'None'
[1.706s] Level 5:colcon.colcon_core.verb:set package 'cpp_pubsub' build argument 'catkin_skip_building_tests' from command line to 'False'
[1.706s] DEBUG:colcon.colcon_core.verb:Building package 'cpp_pubsub' with the following arguments: {'ament_cmake_args': None, 'build_base': '/home/chen/ros2_ws/build/cpp_pubsub', 'catkin_cmake_args': None, 'catkin_skip_building_tests': False, 'cmake_args': ['-DCMAKE_BUILD_TYPE=RelWithDebInfo'], 'cmake_clean_cache': False, 'cmake_clean_first': False, 'cmake_force_configure': False, 'cmake_target': None, 'cmake_target_skip_unavailable': False, 'install_base': '/home/chen/ros2_ws/install/cpp_pubsub', 'merge_install': False, 'path': '/home/chen/ros2_ws/src/cpp_pubsub', 'symlink_install': True, 'test_result_base': None}
[1.708s] Level 5:colcon.colcon_core.verb:set package 'cpp_srvcli' build argument 'cmake_args' from command line to '['-DCMAKE_BUILD_TYPE=RelWithDebInfo']'
[1.708s] Level 5:colcon.colcon_core.verb:set package 'cpp_srvcli' build argument 'cmake_target' from command line to 'None'
[1.708s] Level 5:colcon.colcon_core.verb:set package 'cpp_srvcli' build argument 'cmake_target_skip_unavailable' from command line to 'False'
[1.708s] Level 5:colcon.colcon_core.verb:set package 'cpp_srvcli' build argument 'cmake_clean_cache' from command line to 'False'
[1.709s] Level 5:colcon.colcon_core.verb:set package 'cpp_srvcli' build argument 'cmake_clean_first' from command line to 'False'
[1.709s] Level 5:colcon.colcon_core.verb:set package 'cpp_srvcli' build argument 'cmake_force_configure' from command line to 'False'
[1.709s] Level 5:colcon.colcon_core.verb:set package 'cpp_srvcli' build argument 'ament_cmake_args' from command line to 'None'
[1.709s] Level 5:colcon.colcon_core.verb:set package 'cpp_srvcli' build argument 'catkin_cmake_args' from command line to 'None'
[1.709s] Level 5:colcon.colcon_core.verb:set package 'cpp_srvcli' build argument 'catkin_skip_building_tests' from command line to 'False'
[1.709s] DEBUG:colcon.colcon_core.verb:Building package 'cpp_srvcli' with the following arguments: {'ament_cmake_args': None, 'build_base': '/home/chen/ros2_ws/build/cpp_srvcli', 'catkin_cmake_args': None, 'catkin_skip_building_tests': False, 'cmake_args': ['-DCMAKE_BUILD_TYPE=RelWithDebInfo'], 'cmake_clean_cache': False, 'cmake_clean_first': False, 'cmake_force_configure': False, 'cmake_target': None, 'cmake_target_skip_unavailable': False, 'install_base': '/home/chen/ros2_ws/install/cpp_srvcli', 'merge_install': False, 'path': '/home/chen/ros2_ws/src/cpp_srvcli', 'symlink_install': True, 'test_result_base': None}
[1.710s] INFO:colcon.colcon_core.executor:Executing jobs using 'parallel' executor
[1.717s] DEBUG:colcon.colcon_parallel_executor.executor.parallel:run_until_complete
[1.717s] INFO:colcon.colcon_ros.task.ament_cmake.build:Building ROS package in '/home/chen/ros2_ws/src/cpp_pubsub' with build type 'ament_cmake'
[1.717s] INFO:colcon.colcon_cmake.task.cmake.build:Building CMake package in '/home/chen/ros2_ws/src/cpp_pubsub'
[1.749s] INFO:colcon.colcon_core.plugin_system:Skipping extension 'colcon_core.shell.bat': Not used on non-Windows systems
[1.750s] INFO:colcon.colcon_core.shell:Skip shell extension 'powershell' for command environment: Not usable outside of PowerShell
[1.750s] DEBUG:colcon.colcon_core.shell:Skip shell extension 'dsv' for command environment
[1.772s] INFO:colcon.colcon_ros.task.ament_cmake.build:Building ROS package in '/home/chen/ros2_ws/src/cpp_srvcli' with build type 'ament_cmake'
[1.773s] INFO:colcon.colcon_cmake.task.cmake.build:Building CMake package in '/home/chen/ros2_ws/src/cpp_srvcli'
[1.778s] INFO:colcon.colcon_core.shell:Skip shell extension 'powershell' for command environment: Not usable outside of PowerShell
[1.781s] DEBUG:colcon.colcon_core.shell:Skip shell extension 'dsv' for command environment
[1.833s] DEBUG:colcon.colcon_core.event_handler.log_command:Invoking command in '/home/chen/ros2_ws/build/cpp_pubsub': CMAKE_PREFIX_PATH=${CMAKE_PREFIX_PATH}:/opt/ros/foxy /usr/bin/cmake /home/chen/ros2_ws/src/cpp_pubsub -DCMAKE_BUILD_TYPE=RelWithDebInfo -DAMENT_CMAKE_SYMLINK_INSTALL=1 -DCMAKE_INSTALL_PREFIX=/home/chen/ros2_ws/install/cpp_pubsub
[1.920s] DEBUG:colcon.colcon_core.event_handler.log_command:Invoking command in '/home/chen/ros2_ws/build/cpp_srvcli': CMAKE_PREFIX_PATH=${CMAKE_PREFIX_PATH}:/opt/ros/foxy /usr/bin/cmake /home/chen/ros2_ws/src/cpp_srvcli -DCMAKE_BUILD_TYPE=RelWithDebInfo -DAMENT_CMAKE_SYMLINK_INSTALL=1 -DCMAKE_INSTALL_PREFIX=/home/chen/ros2_ws/install/cpp_srvcli
[5.355s] DEBUG:colcon.colcon_core.event_handler.log_command:Invoked command in '/home/chen/ros2_ws/build/cpp_pubsub' returned '0': CMAKE_PREFIX_PATH=${CMAKE_PREFIX_PATH}:/opt/ros/foxy /usr/bin/cmake /home/chen/ros2_ws/src/cpp_pubsub -DCMAKE_BUILD_TYPE=RelWithDebInfo -DAMENT_CMAKE_SYMLINK_INSTALL=1 -DCMAKE_INSTALL_PREFIX=/home/chen/ros2_ws/install/cpp_pubsub
[5.356s] DEBUG:colcon.colcon_core.event_handler.log_command:Invoking command in '/home/chen/ros2_ws/build/cpp_pubsub': CMAKE_PREFIX_PATH=${CMAKE_PREFIX_PATH}:/opt/ros/foxy /usr/bin/cmake --build /home/chen/ros2_ws/build/cpp_pubsub -- -j2 -l2
[6.228s] DEBUG:colcon.colcon_core.event_handler.log_command:Invoked command in '/home/chen/ros2_ws/build/cpp_srvcli' returned '1': CMAKE_PREFIX_PATH=${CMAKE_PREFIX_PATH}:/opt/ros/foxy /usr/bin/cmake /home/chen/ros2_ws/src/cpp_srvcli -DCMAKE_BUILD_TYPE=RelWithDebInfo -DAMENT_CMAKE_SYMLINK_INSTALL=1 -DCMAKE_INSTALL_PREFIX=/home/chen/ros2_ws/install/cpp_srvcli
[6.292s] Level 1:colcon.colcon_core.environment:create_environment_scripts_only(cpp_srvcli)
[6.317s] Level 1:colcon.colcon_core.environment:checking '/home/chen/ros2_ws/install/cpp_srvcli' for CMake module files
[6.319s] Level 1:colcon.colcon_core.environment:checking '/home/chen/ros2_ws/install/cpp_srvcli' for CMake config files
[6.322s] Level 1:colcon.colcon_core.shell:create_environment_hook('cpp_srvcli', 'cmake_prefix_path')
[6.323s] INFO:colcon.colcon_core.shell:Creating environment hook '/home/chen/ros2_ws/install/cpp_srvcli/share/cpp_srvcli/hook/cmake_prefix_path.ps1'
[6.333s] INFO:colcon.colcon_core.shell:Creating environment descriptor '/home/chen/ros2_ws/install/cpp_srvcli/share/cpp_srvcli/hook/cmake_prefix_path.dsv'
[6.334s] INFO:colcon.colcon_core.shell:Creating environment hook '/home/chen/ros2_ws/install/cpp_srvcli/share/cpp_srvcli/hook/cmake_prefix_path.sh'
[6.335s] Level 1:colcon.colcon_core.environment:checking '/home/chen/ros2_ws/install/cpp_srvcli/lib'
[6.336s] Level 1:colcon.colcon_core.shell:create_environment_hook('cpp_srvcli', 'ld_library_path_lib')
[6.337s] INFO:colcon.colcon_core.shell:Creating environment hook '/home/chen/ros2_ws/install/cpp_srvcli/share/cpp_srvcli/hook/ld_library_path_lib.ps1'
[6.341s] INFO:colcon.colcon_core.shell:Creating environment descriptor '/home/chen/ros2_ws/install/cpp_srvcli/share/cpp_srvcli/hook/ld_library_path_lib.dsv'
[6.344s] INFO:colcon.colcon_core.shell:Creating environment hook '/home/chen/ros2_ws/install/cpp_srvcli/share/cpp_srvcli/hook/ld_library_path_lib.sh'
[6.349s] Level 1:colcon.colcon_core.environment:checking '/home/chen/ros2_ws/install/cpp_srvcli/bin'
[6.349s] Level 1:colcon.colcon_core.environment:checking '/home/chen/ros2_ws/install/cpp_srvcli/lib/pkgconfig/cpp_srvcli.pc'
[6.350s] Level 1:colcon.colcon_core.environment:checking '/home/chen/ros2_ws/install/cpp_srvcli/lib/python3.8/site-packages'
[6.350s] Level 1:colcon.colcon_core.shell:create_environment_hook('cpp_srvcli', 'pythonpath')
[6.352s] INFO:colcon.colcon_core.shell:Creating environment hook '/home/chen/ros2_ws/install/cpp_srvcli/share/cpp_srvcli/hook/pythonpath.ps1'
[6.362s] INFO:colcon.colcon_core.shell:Creating environment descriptor '/home/chen/ros2_ws/install/cpp_srvcli/share/cpp_srvcli/hook/pythonpath.dsv'
[6.364s] INFO:colcon.colcon_core.shell:Creating environment hook '/home/chen/ros2_ws/install/cpp_srvcli/share/cpp_srvcli/hook/pythonpath.sh'
[6.365s] Level 1:colcon.colcon_core.environment:checking '/home/chen/ros2_ws/install/cpp_srvcli/bin'
[6.377s] INFO:colcon.colcon_core.shell:Creating package script '/home/chen/ros2_ws/install/cpp_srvcli/share/cpp_srvcli/package.ps1'
[6.390s] INFO:colcon.colcon_core.shell:Creating package descriptor '/home/chen/ros2_ws/install/cpp_srvcli/share/cpp_srvcli/package.dsv'
[6.391s] INFO:colcon.colcon_core.shell:Creating package script '/home/chen/ros2_ws/install/cpp_srvcli/share/cpp_srvcli/package.sh'
[6.393s] INFO:colcon.colcon_core.shell:Creating package script '/home/chen/ros2_ws/install/cpp_srvcli/share/cpp_srvcli/package.bash'
[6.394s] INFO:colcon.colcon_core.shell:Creating package script '/home/chen/ros2_ws/install/cpp_srvcli/share/cpp_srvcli/package.zsh'
[6.397s] Level 1:colcon.colcon_core.environment:create_file_with_runtime_dependencies(/home/chen/ros2_ws/install/cpp_srvcli/share/colcon-core/packages/cpp_srvcli)
[22.692s] DEBUG:colcon.colcon_parallel_executor.executor.parallel:closing loop
[22.693s] DEBUG:colcon.colcon_parallel_executor.executor.parallel:loop closed
[22.693s] DEBUG:colcon.colcon_parallel_executor.executor.parallel:run_until_complete finished with '1'
[22.693s] DEBUG:colcon.colcon_core.event_reactor:joining thread
[22.714s] INFO:colcon.colcon_core.plugin_system:Skipping extension 'colcon_notification.desktop_notification.terminal_notifier': Not used on non-Darwin systems
[22.714s] INFO:colcon.colcon_core.plugin_system:Skipping extension 'colcon_notification.desktop_notification.win32': Not used on non-Windows systems
[22.714s] INFO:colcon.colcon_notification.desktop_notification:Sending desktop notification using 'notify2'
[22.764s] DEBUG:colcon.colcon_core.event_reactor:joined thread
[22.767s] INFO:colcon.colcon_core.shell:Creating prefix script '/home/chen/ros2_ws/install/local_setup.ps1'
[22.777s] INFO:colcon.colcon_core.shell:Creating prefix util module '/home/chen/ros2_ws/install/_local_setup_util_ps1.py'
[22.783s] INFO:colcon.colcon_core.shell:Creating prefix chain script '/home/chen/ros2_ws/install/setup.ps1'
[22.788s] INFO:colcon.colcon_core.shell:Creating prefix script '/home/chen/ros2_ws/install/local_setup.sh'
[22.794s] INFO:colcon.colcon_core.shell:Creating prefix util module '/home/chen/ros2_ws/install/_local_setup_util_sh.py'
[22.796s] INFO:colcon.colcon_core.shell:Creating prefix chain script '/home/chen/ros2_ws/install/setup.sh'
[22.798s] INFO:colcon.colcon_core.shell:Creating prefix script '/home/chen/ros2_ws/install/local_setup.bash'
[22.803s] INFO:colcon.colcon_core.shell:Creating prefix chain script '/home/chen/ros2_ws/install/setup.bash'
[22.815s] INFO:colcon.colcon_core.shell:Creating prefix script '/home/chen/ros2_ws/install/local_setup.zsh'
[22.817s] INFO:colcon.colcon_core.shell:Creating prefix chain script '/home/chen/ros2_ws/install/setup.zsh'
