[0.000000] (-) TimerEvent: {}
[0.000263] (cpp_pubsub) JobQueued: {'identifier': 'cpp_pubsub', 'dependencies': OrderedDict()}
[0.000311] (cpp_srvcli) JobQueued: {'identifier': 'cpp_srvcli', 'dependencies': OrderedDict()}
[0.000360] (cpp_pubsub) JobStarted: {'identifier': 'cpp_pubsub'}
[0.032164] (cpp_srvcli) JobStarted: {'identifier': 'cpp_srvcli'}
[0.081601] (-) TimerEvent: {}
[0.108715] (cpp_pubsub) JobProgress: {'identifier': 'cpp_pubsub', 'progress': 'cmake'}
[0.113998] (cpp_pubsub) JobProgress: {'identifier': 'cpp_pubsub', 'progress': 'build'}
[0.114922] (cpp_pubsub) Command: {'cmd': ['/usr/bin/cmake', '--build', '/home/chen/ros2_ws/build/cpp_pubsub', '--', '-j2', '-l2'], 'cwd': '/home/chen/ros2_ws/build/cpp_pubsub', 'env': OrderedDict([('GJS_DEBUG_TOPICS', 'JS ERROR;JS LOG'), ('LESSOPEN', '| /usr/bin/lesspipe %s'), ('VSCODE_CWD', '/home/chen'), ('VSCODE_CRASH_REPORTER_SANDBOXED_HINT', '1'), ('LANGUAGE', 'zh_CN:en_US:en'), ('USER', 'chen'), ('SNAP_COMMON', '/var/snap/code/common'), ('LC_TIME', 'en_US.UTF-8'), ('VSCODE_NLS_CONFIG', '{"locale":"zh-cn","osLocale":"zh-cn","availableLanguages":{"*":"zh-cn"},"_languagePackId":"e8139c6a810edc38ce118d65c4ecc4ca.zh-cn","_translationsConfigFile":"/home/chen/.config/Code/clp/e8139c6a810edc38ce118d65c4ecc4ca.zh-cn/tcf.json","_cacheRoot":"/home/chen/.config/Code/clp/e8139c6a810edc38ce118d65c4ecc4ca.zh-cn","_resolvedLanguagePackCoreLocation":"/home/chen/.config/Code/clp/e8139c6a810edc38ce118d65c4ecc4ca.zh-cn/252e5463d60e63238250799aef7375787f68b4ee","_corruptedFile":"/home/chen/.config/Code/clp/e8139c6a810edc38ce118d65c4ecc4ca.zh-cn/corrupted.info","_languagePackSupport":true}'), ('GIO_MODULE_DIR', '/home/chen/snap/code/common/.cache/gio-modules'), ('VSCODE_HANDLES_UNCAUGHT_ERRORS', 'true'), ('SSH_AGENT_PID', '1623'), ('XDG_SESSION_TYPE', 'x11'), ('GIT_ASKPASS', '/snap/code/127/usr/share/code/resources/app/extensions/git/dist/askpass.sh'), ('SHLVL', '0'), ('LD_LIBRARY_PATH', '/opt/ros/foxy/opt/yaml_cpp_vendor/lib:/opt/ros/foxy/opt/rviz_ogre_vendor/lib:/opt/ros/foxy/lib/x86_64-linux-gnu:/opt/ros/foxy/lib'), ('HOME', '/home/chen'), ('CHROME_DESKTOP', 'code-url-handler.desktop'), ('SNAP_LIBRARY_PATH', '/var/lib/snapd/lib/gl:/var/lib/snapd/lib/gl32:/var/lib/snapd/void'), ('TERM_PROGRAM_VERSION', '1.78.0'), ('DESKTOP_SESSION', 'ubuntu'), ('SNAP_USER_DATA', '/home/chen/snap/code/127'), ('GTK_PATH', '/snap/code/127/usr/lib/x86_64-linux-gnu/gtk-3.0'), ('VSCODE_IPC_HOOK', '/run/user/1000/vscode-9eb2e185-1.78-main.sock'), ('GTK_IM_MODULE_FILE', '/home/chen/snap/code/common/.cache/immodules/immodules.cache'), ('GIO_LAUNCHED_DESKTOP_FILE', '/var/lib/snapd/desktop/applications/code_code.desktop'), ('APPLICATION_INSIGHTS_NO_DIAGNOSTIC_CHANNEL', '1'), ('ROS_PYTHON_VERSION', '3'), ('GNOME_SHELL_SESSION_MODE', 'ubuntu'), ('GTK_MODULES', 'gail:atk-bridge'), ('VSCODE_GIT_ASKPASS_MAIN', '/snap/code/127/usr/share/code/resources/app/extensions/git/dist/askpass-main.js'), ('LC_MONETARY', 'en_US.UTF-8'), ('VSCODE_GIT_ASKPASS_NODE', '/snap/code/127/usr/share/code/code'), ('MANAGERPID', '984'), ('DBUS_SESSION_BUS_ADDRESS', 'unix:path=/run/user/1000/bus'), ('SNAP_REVISION', '127'), ('COLORTERM', 'truecolor'), ('GIO_LAUNCHED_DESKTOP_FILE_PID', '3988'), ('_colcon_cd_root', '/opt/ros/foxy/'), ('VSCODE_CRASH_REPORTER_PROCESS_TYPE', 'extensionHost'), ('MANDATORY_PATH', '/usr/share/gconf/ubuntu.mandatory.path'), ('IM_CONFIG_PHASE', '1'), ('COLCON_PREFIX_PATH', '/home/chen/ros2_ws/install'), ('ROS_DISTRO', 'foxy'), ('LOGNAME', 'chen'), ('_', '/usr/bin/colcon'), ('SNAP_CONTEXT', 'OgBwCAaQaxEDKAh8OHfl0NLbdB4suEWKTOrgMZFuLfLcTjT37Pas'), ('JOURNAL_STREAM', '8:48777'), ('ROS_VERSION', '2'), ('XDG_SESSION_CLASS', 'user'), ('DEFAULTS_PATH', '/usr/share/gconf/ubuntu.default.path'), ('SNAP_VERSION', '252e5463'), ('USERNAME', 'chen'), ('TERM', 'xterm-256color'), ('GNOME_DESKTOP_SESSION_ID', 'this-is-deprecated'), ('SNAP_INSTANCE_NAME', 'code'), ('ROS_LOCALHOST_ONLY', '0'), ('WINDOWPATH', '2'), ('PATH', '/opt/ros/foxy/bin:/usr/local/sbin:/usr/local/bin:/usr/sbin:/usr/bin:/sbin:/bin:/usr/games:/usr/local/games:/snap/bin'), ('SESSION_MANAGER', 'local/ubuntu:@/tmp/.ICE-unix/1661,unix/ubuntu:/tmp/.ICE-unix/1661'), ('VSCODE_AMD_ENTRYPOINT', 'vs/workbench/api/node/extensionHostProcess'), ('GTK_EXE_PREFIX', '/snap/code/127/usr'), ('INVOCATION_ID', '6f8a6e31496c4cc3b875e8e414f8c7b2'), ('PAPERSIZE', 'letter'), ('XDG_MENU_PREFIX', 'gnome-'), ('LC_ADDRESS', 'en_US.UTF-8'), ('BAMF_DESKTOP_FILE_HINT', '/var/lib/snapd/desktop/applications/code_code.desktop'), ('SNAP_DATA', '/var/snap/code/127'), ('XDG_RUNTIME_DIR', '/run/user/1000'), ('GDK_BACKEND', 'x11'), ('DISPLAY', ':0'), ('LOCPATH', '/snap/code/127/usr/lib/locale'), ('LANG', 'zh_CN.UTF-8'), ('XDG_CURRENT_DESKTOP', 'Unity'), ('LC_TELEPHONE', 'en_US.UTF-8'), ('XMODIFIERS', '@im=ibus'), ('XDG_SESSION_DESKTOP', 'ubuntu'), ('XAUTHORITY', '/run/user/1000/gdm/Xauthority'), ('LS_COLORS', ''), ('VSCODE_GIT_IPC_HANDLE', '/run/user/1000/vscode-git-c2d6e3f140.sock'), ('TERM_PROGRAM', 'vscode'), ('SNAP_USER_COMMON', '/home/chen/snap/code/common'), ('SSH_AUTH_SOCK', '/run/user/1000/keyring/ssh'), ('GSETTINGS_SCHEMA_DIR', '/home/chen/snap/code/127/.local/share/glib-2.0/schemas'), ('SNAP_ARCH', 'amd64'), ('AMENT_PREFIX_PATH', '/home/chen/ros2_ws/install/cpp_srvcli:/home/chen/ros2_ws/install/cpp_pubsub:/opt/ros/foxy'), ('SNAP_COOKIE', 'OgBwCAaQaxEDKAh8OHfl0NLbdB4suEWKTOrgMZFuLfLcTjT37Pas'), ('ORIGINAL_XDG_CURRENT_DESKTOP', 'ubuntu:GNOME'), ('SHELL', '/bin/bash'), ('LC_NAME', 'en_US.UTF-8'), ('GDK_PIXBUF_MODULEDIR', '/snap/code/127/usr/lib/x86_64-linux-gnu/gdk-pixbuf-2.0/2.10.0/loaders'), ('QT_ACCESSIBILITY', '1'), ('ELECTRON_RUN_AS_NODE', '1'), ('GDMSESSION', 'ubuntu'), ('LESSCLOSE', '/usr/bin/lesspipe %s %s'), ('SNAP_NAME', 'code'), ('LC_MEASUREMENT', 'en_US.UTF-8'), ('GDK_PIXBUF_MODULE_FILE', '/home/chen/snap/code/common/.cache/gdk-pixbuf-loaders.cache'), ('GPG_AGENT_INFO', '/run/user/1000/gnupg/S.gpg-agent:0:1'), ('GJS_DEBUG_OUTPUT', 'stderr'), ('LC_IDENTIFICATION', 'en_US.UTF-8'), ('SNAP_LAUNCHER_ARCH_TRIPLET', 'x86_64-linux-gnu'), ('VSCODE_GIT_ASKPASS_EXTRA_ARGS', '--ms-enable-electron-run-as-node'), ('QT_IM_MODULE', 'ibus'), ('PWD', '/home/chen/ros2_ws/build/cpp_pubsub'), ('VSCODE_CLI', '1'), ('XDG_CONFIG_DIRS', '/etc/xdg/xdg-ubuntu:/etc/xdg'), ('SNAP_REAL_HOME', '/home/chen'), ('VSCODE_CODE_CACHE_PATH', '/home/chen/.config/Code/CachedData/252e5463d60e63238250799aef7375787f68b4ee'), ('XDG_DATA_DIRS', '/home/chen/snap/code/127/.local/share:/home/chen/snap/code/127:/snap/code/127/usr/share:/usr/share/ubuntu:/usr/local/share/:/usr/share/:/var/lib/snapd/desktop'), ('PYTHONPATH', '/opt/ros/foxy/lib/python3.8/site-packages'), ('SNAP', '/snap/code/127'), ('LC_NUMERIC', 'en_US.UTF-8'), ('LC_PAPER', 'en_US.UTF-8'), ('COLCON', '1'), ('ELECTRON_NO_ATTACH_CONSOLE', '1'), ('CMAKE_PREFIX_PATH', '/home/chen/ros2_ws/install/cpp_srvcli:/home/chen/ros2_ws/install/cpp_pubsub:/opt/ros/foxy'), ('VSCODE_PID', '4033')]), 'shell': False}
[0.213741] (cpp_srvcli) JobProgress: {'identifier': 'cpp_srvcli', 'progress': 'cmake'}
[0.214075] (-) TimerEvent: {}
[0.224254] (cpp_srvcli) JobProgress: {'identifier': 'cpp_srvcli', 'progress': 'build'}
[0.224904] (cpp_srvcli) Command: {'cmd': ['/usr/bin/cmake', '--build', '/home/chen/ros2_ws/build/cpp_srvcli', '--', '-j2', '-l2'], 'cwd': '/home/chen/ros2_ws/build/cpp_srvcli', 'env': OrderedDict([('GJS_DEBUG_TOPICS', 'JS ERROR;JS LOG'), ('LESSOPEN', '| /usr/bin/lesspipe %s'), ('VSCODE_CWD', '/home/chen'), ('VSCODE_CRASH_REPORTER_SANDBOXED_HINT', '1'), ('LANGUAGE', 'zh_CN:en_US:en'), ('USER', 'chen'), ('SNAP_COMMON', '/var/snap/code/common'), ('LC_TIME', 'en_US.UTF-8'), ('VSCODE_NLS_CONFIG', '{"locale":"zh-cn","osLocale":"zh-cn","availableLanguages":{"*":"zh-cn"},"_languagePackId":"e8139c6a810edc38ce118d65c4ecc4ca.zh-cn","_translationsConfigFile":"/home/chen/.config/Code/clp/e8139c6a810edc38ce118d65c4ecc4ca.zh-cn/tcf.json","_cacheRoot":"/home/chen/.config/Code/clp/e8139c6a810edc38ce118d65c4ecc4ca.zh-cn","_resolvedLanguagePackCoreLocation":"/home/chen/.config/Code/clp/e8139c6a810edc38ce118d65c4ecc4ca.zh-cn/252e5463d60e63238250799aef7375787f68b4ee","_corruptedFile":"/home/chen/.config/Code/clp/e8139c6a810edc38ce118d65c4ecc4ca.zh-cn/corrupted.info","_languagePackSupport":true}'), ('GIO_MODULE_DIR', '/home/chen/snap/code/common/.cache/gio-modules'), ('VSCODE_HANDLES_UNCAUGHT_ERRORS', 'true'), ('SSH_AGENT_PID', '1623'), ('XDG_SESSION_TYPE', 'x11'), ('GIT_ASKPASS', '/snap/code/127/usr/share/code/resources/app/extensions/git/dist/askpass.sh'), ('SHLVL', '0'), ('LD_LIBRARY_PATH', '/opt/ros/foxy/opt/yaml_cpp_vendor/lib:/opt/ros/foxy/opt/rviz_ogre_vendor/lib:/opt/ros/foxy/lib/x86_64-linux-gnu:/opt/ros/foxy/lib'), ('HOME', '/home/chen'), ('CHROME_DESKTOP', 'code-url-handler.desktop'), ('SNAP_LIBRARY_PATH', '/var/lib/snapd/lib/gl:/var/lib/snapd/lib/gl32:/var/lib/snapd/void'), ('TERM_PROGRAM_VERSION', '1.78.0'), ('DESKTOP_SESSION', 'ubuntu'), ('SNAP_USER_DATA', '/home/chen/snap/code/127'), ('GTK_PATH', '/snap/code/127/usr/lib/x86_64-linux-gnu/gtk-3.0'), ('VSCODE_IPC_HOOK', '/run/user/1000/vscode-9eb2e185-1.78-main.sock'), ('GTK_IM_MODULE_FILE', '/home/chen/snap/code/common/.cache/immodules/immodules.cache'), ('GIO_LAUNCHED_DESKTOP_FILE', '/var/lib/snapd/desktop/applications/code_code.desktop'), ('APPLICATION_INSIGHTS_NO_DIAGNOSTIC_CHANNEL', '1'), ('ROS_PYTHON_VERSION', '3'), ('GNOME_SHELL_SESSION_MODE', 'ubuntu'), ('GTK_MODULES', 'gail:atk-bridge'), ('VSCODE_GIT_ASKPASS_MAIN', '/snap/code/127/usr/share/code/resources/app/extensions/git/dist/askpass-main.js'), ('LC_MONETARY', 'en_US.UTF-8'), ('VSCODE_GIT_ASKPASS_NODE', '/snap/code/127/usr/share/code/code'), ('MANAGERPID', '984'), ('DBUS_SESSION_BUS_ADDRESS', 'unix:path=/run/user/1000/bus'), ('SNAP_REVISION', '127'), ('COLORTERM', 'truecolor'), ('GIO_LAUNCHED_DESKTOP_FILE_PID', '3988'), ('_colcon_cd_root', '/opt/ros/foxy/'), ('VSCODE_CRASH_REPORTER_PROCESS_TYPE', 'extensionHost'), ('MANDATORY_PATH', '/usr/share/gconf/ubuntu.mandatory.path'), ('IM_CONFIG_PHASE', '1'), ('COLCON_PREFIX_PATH', '/home/chen/ros2_ws/install'), ('ROS_DISTRO', 'foxy'), ('LOGNAME', 'chen'), ('_', '/usr/bin/colcon'), ('SNAP_CONTEXT', 'OgBwCAaQaxEDKAh8OHfl0NLbdB4suEWKTOrgMZFuLfLcTjT37Pas'), ('JOURNAL_STREAM', '8:48777'), ('ROS_VERSION', '2'), ('XDG_SESSION_CLASS', 'user'), ('DEFAULTS_PATH', '/usr/share/gconf/ubuntu.default.path'), ('SNAP_VERSION', '252e5463'), ('USERNAME', 'chen'), ('TERM', 'xterm-256color'), ('GNOME_DESKTOP_SESSION_ID', 'this-is-deprecated'), ('SNAP_INSTANCE_NAME', 'code'), ('ROS_LOCALHOST_ONLY', '0'), ('WINDOWPATH', '2'), ('PATH', '/opt/ros/foxy/bin:/usr/local/sbin:/usr/local/bin:/usr/sbin:/usr/bin:/sbin:/bin:/usr/games:/usr/local/games:/snap/bin'), ('SESSION_MANAGER', 'local/ubuntu:@/tmp/.ICE-unix/1661,unix/ubuntu:/tmp/.ICE-unix/1661'), ('VSCODE_AMD_ENTRYPOINT', 'vs/workbench/api/node/extensionHostProcess'), ('GTK_EXE_PREFIX', '/snap/code/127/usr'), ('INVOCATION_ID', '6f8a6e31496c4cc3b875e8e414f8c7b2'), ('PAPERSIZE', 'letter'), ('XDG_MENU_PREFIX', 'gnome-'), ('LC_ADDRESS', 'en_US.UTF-8'), ('BAMF_DESKTOP_FILE_HINT', '/var/lib/snapd/desktop/applications/code_code.desktop'), ('SNAP_DATA', '/var/snap/code/127'), ('XDG_RUNTIME_DIR', '/run/user/1000'), ('GDK_BACKEND', 'x11'), ('DISPLAY', ':0'), ('LOCPATH', '/snap/code/127/usr/lib/locale'), ('LANG', 'zh_CN.UTF-8'), ('XDG_CURRENT_DESKTOP', 'Unity'), ('LC_TELEPHONE', 'en_US.UTF-8'), ('XMODIFIERS', '@im=ibus'), ('XDG_SESSION_DESKTOP', 'ubuntu'), ('XAUTHORITY', '/run/user/1000/gdm/Xauthority'), ('LS_COLORS', ''), ('VSCODE_GIT_IPC_HANDLE', '/run/user/1000/vscode-git-c2d6e3f140.sock'), ('TERM_PROGRAM', 'vscode'), ('SNAP_USER_COMMON', '/home/chen/snap/code/common'), ('SSH_AUTH_SOCK', '/run/user/1000/keyring/ssh'), ('GSETTINGS_SCHEMA_DIR', '/home/chen/snap/code/127/.local/share/glib-2.0/schemas'), ('SNAP_ARCH', 'amd64'), ('AMENT_PREFIX_PATH', '/home/chen/ros2_ws/install/cpp_srvcli:/home/chen/ros2_ws/install/cpp_pubsub:/opt/ros/foxy'), ('SNAP_COOKIE', 'OgBwCAaQaxEDKAh8OHfl0NLbdB4suEWKTOrgMZFuLfLcTjT37Pas'), ('ORIGINAL_XDG_CURRENT_DESKTOP', 'ubuntu:GNOME'), ('SHELL', '/bin/bash'), ('LC_NAME', 'en_US.UTF-8'), ('GDK_PIXBUF_MODULEDIR', '/snap/code/127/usr/lib/x86_64-linux-gnu/gdk-pixbuf-2.0/2.10.0/loaders'), ('QT_ACCESSIBILITY', '1'), ('ELECTRON_RUN_AS_NODE', '1'), ('GDMSESSION', 'ubuntu'), ('LESSCLOSE', '/usr/bin/lesspipe %s %s'), ('SNAP_NAME', 'code'), ('LC_MEASUREMENT', 'en_US.UTF-8'), ('GDK_PIXBUF_MODULE_FILE', '/home/chen/snap/code/common/.cache/gdk-pixbuf-loaders.cache'), ('GPG_AGENT_INFO', '/run/user/1000/gnupg/S.gpg-agent:0:1'), ('GJS_DEBUG_OUTPUT', 'stderr'), ('LC_IDENTIFICATION', 'en_US.UTF-8'), ('SNAP_LAUNCHER_ARCH_TRIPLET', 'x86_64-linux-gnu'), ('VSCODE_GIT_ASKPASS_EXTRA_ARGS', '--ms-enable-electron-run-as-node'), ('QT_IM_MODULE', 'ibus'), ('PWD', '/home/chen/ros2_ws/build/cpp_srvcli'), ('VSCODE_CLI', '1'), ('XDG_CONFIG_DIRS', '/etc/xdg/xdg-ubuntu:/etc/xdg'), ('SNAP_REAL_HOME', '/home/chen'), ('VSCODE_CODE_CACHE_PATH', '/home/chen/.config/Code/CachedData/252e5463d60e63238250799aef7375787f68b4ee'), ('XDG_DATA_DIRS', '/home/chen/snap/code/127/.local/share:/home/chen/snap/code/127:/snap/code/127/usr/share:/usr/share/ubuntu:/usr/local/share/:/usr/share/:/var/lib/snapd/desktop'), ('PYTHONPATH', '/opt/ros/foxy/lib/python3.8/site-packages'), ('SNAP', '/snap/code/127'), ('LC_NUMERIC', 'en_US.UTF-8'), ('LC_PAPER', 'en_US.UTF-8'), ('COLCON', '1'), ('ELECTRON_NO_ATTACH_CONSOLE', '1'), ('CMAKE_PREFIX_PATH', '/home/chen/ros2_ws/install/cpp_srvcli:/home/chen/ros2_ws/install/cpp_pubsub:/opt/ros/foxy'), ('VSCODE_PID', '4033')]), 'shell': False}
[0.318872] (-) TimerEvent: {}
[0.380673] (cpp_srvcli) StdoutLine: {'line': b'-- Found ament_cmake: 0.9.11 (/opt/ros/foxy/share/ament_cmake/cmake)\n'}
[0.419194] (-) TimerEvent: {}
[0.522335] (-) TimerEvent: {}
[0.629158] (-) TimerEvent: {}
[0.633161] (cpp_srvcli) StdoutLine: {'line': b'-- Found PythonInterp: /usr/bin/python3 (found suitable version "3.8.10", minimum required is "3") \n'}
[0.635542] (cpp_srvcli) StdoutLine: {'line': b'-- Using PYTHON_EXECUTABLE: /usr/bin/python3\n'}
[0.729845] (-) TimerEvent: {}
[0.798879] (cpp_pubsub) StdoutLine: {'line': b'[ 75%] Built target listener\n'}
[0.805216] (cpp_pubsub) StdoutLine: {'line': b'[100%] Built target talker\n'}
[0.834887] (-) TimerEvent: {}
[0.895196] (cpp_pubsub) CommandEnded: {'returncode': 0}
[0.939916] (-) TimerEvent: {}
[1.045065] (-) TimerEvent: {}
[1.151907] (cpp_pubsub) JobProgress: {'identifier': 'cpp_pubsub', 'progress': 'install'}
[1.153133] (-) TimerEvent: {}
[1.238270] (cpp_pubsub) Command: {'cmd': ['/usr/bin/cmake', '--install', '/home/chen/ros2_ws/build/cpp_pubsub'], 'cwd': '/home/chen/ros2_ws/build/cpp_pubsub', 'env': OrderedDict([('GJS_DEBUG_TOPICS', 'JS ERROR;JS LOG'), ('LESSOPEN', '| /usr/bin/lesspipe %s'), ('VSCODE_CWD', '/home/chen'), ('VSCODE_CRASH_REPORTER_SANDBOXED_HINT', '1'), ('LANGUAGE', 'zh_CN:en_US:en'), ('USER', 'chen'), ('SNAP_COMMON', '/var/snap/code/common'), ('LC_TIME', 'en_US.UTF-8'), ('VSCODE_NLS_CONFIG', '{"locale":"zh-cn","osLocale":"zh-cn","availableLanguages":{"*":"zh-cn"},"_languagePackId":"e8139c6a810edc38ce118d65c4ecc4ca.zh-cn","_translationsConfigFile":"/home/chen/.config/Code/clp/e8139c6a810edc38ce118d65c4ecc4ca.zh-cn/tcf.json","_cacheRoot":"/home/chen/.config/Code/clp/e8139c6a810edc38ce118d65c4ecc4ca.zh-cn","_resolvedLanguagePackCoreLocation":"/home/chen/.config/Code/clp/e8139c6a810edc38ce118d65c4ecc4ca.zh-cn/252e5463d60e63238250799aef7375787f68b4ee","_corruptedFile":"/home/chen/.config/Code/clp/e8139c6a810edc38ce118d65c4ecc4ca.zh-cn/corrupted.info","_languagePackSupport":true}'), ('GIO_MODULE_DIR', '/home/chen/snap/code/common/.cache/gio-modules'), ('VSCODE_HANDLES_UNCAUGHT_ERRORS', 'true'), ('SSH_AGENT_PID', '1623'), ('XDG_SESSION_TYPE', 'x11'), ('GIT_ASKPASS', '/snap/code/127/usr/share/code/resources/app/extensions/git/dist/askpass.sh'), ('SHLVL', '0'), ('LD_LIBRARY_PATH', '/opt/ros/foxy/opt/yaml_cpp_vendor/lib:/opt/ros/foxy/opt/rviz_ogre_vendor/lib:/opt/ros/foxy/lib/x86_64-linux-gnu:/opt/ros/foxy/lib'), ('HOME', '/home/chen'), ('CHROME_DESKTOP', 'code-url-handler.desktop'), ('SNAP_LIBRARY_PATH', '/var/lib/snapd/lib/gl:/var/lib/snapd/lib/gl32:/var/lib/snapd/void'), ('TERM_PROGRAM_VERSION', '1.78.0'), ('DESKTOP_SESSION', 'ubuntu'), ('SNAP_USER_DATA', '/home/chen/snap/code/127'), ('GTK_PATH', '/snap/code/127/usr/lib/x86_64-linux-gnu/gtk-3.0'), ('VSCODE_IPC_HOOK', '/run/user/1000/vscode-9eb2e185-1.78-main.sock'), ('GTK_IM_MODULE_FILE', '/home/chen/snap/code/common/.cache/immodules/immodules.cache'), ('GIO_LAUNCHED_DESKTOP_FILE', '/var/lib/snapd/desktop/applications/code_code.desktop'), ('APPLICATION_INSIGHTS_NO_DIAGNOSTIC_CHANNEL', '1'), ('ROS_PYTHON_VERSION', '3'), ('GNOME_SHELL_SESSION_MODE', 'ubuntu'), ('GTK_MODULES', 'gail:atk-bridge'), ('VSCODE_GIT_ASKPASS_MAIN', '/snap/code/127/usr/share/code/resources/app/extensions/git/dist/askpass-main.js'), ('LC_MONETARY', 'en_US.UTF-8'), ('VSCODE_GIT_ASKPASS_NODE', '/snap/code/127/usr/share/code/code'), ('MANAGERPID', '984'), ('DBUS_SESSION_BUS_ADDRESS', 'unix:path=/run/user/1000/bus'), ('SNAP_REVISION', '127'), ('COLORTERM', 'truecolor'), ('GIO_LAUNCHED_DESKTOP_FILE_PID', '3988'), ('_colcon_cd_root', '/opt/ros/foxy/'), ('VSCODE_CRASH_REPORTER_PROCESS_TYPE', 'extensionHost'), ('MANDATORY_PATH', '/usr/share/gconf/ubuntu.mandatory.path'), ('IM_CONFIG_PHASE', '1'), ('COLCON_PREFIX_PATH', '/home/chen/ros2_ws/install'), ('ROS_DISTRO', 'foxy'), ('LOGNAME', 'chen'), ('_', '/usr/bin/colcon'), ('SNAP_CONTEXT', 'OgBwCAaQaxEDKAh8OHfl0NLbdB4suEWKTOrgMZFuLfLcTjT37Pas'), ('JOURNAL_STREAM', '8:48777'), ('ROS_VERSION', '2'), ('XDG_SESSION_CLASS', 'user'), ('DEFAULTS_PATH', '/usr/share/gconf/ubuntu.default.path'), ('SNAP_VERSION', '252e5463'), ('USERNAME', 'chen'), ('TERM', 'xterm-256color'), ('GNOME_DESKTOP_SESSION_ID', 'this-is-deprecated'), ('SNAP_INSTANCE_NAME', 'code'), ('ROS_LOCALHOST_ONLY', '0'), ('WINDOWPATH', '2'), ('PATH', '/opt/ros/foxy/bin:/usr/local/sbin:/usr/local/bin:/usr/sbin:/usr/bin:/sbin:/bin:/usr/games:/usr/local/games:/snap/bin'), ('SESSION_MANAGER', 'local/ubuntu:@/tmp/.ICE-unix/1661,unix/ubuntu:/tmp/.ICE-unix/1661'), ('VSCODE_AMD_ENTRYPOINT', 'vs/workbench/api/node/extensionHostProcess'), ('GTK_EXE_PREFIX', '/snap/code/127/usr'), ('INVOCATION_ID', '6f8a6e31496c4cc3b875e8e414f8c7b2'), ('PAPERSIZE', 'letter'), ('XDG_MENU_PREFIX', 'gnome-'), ('LC_ADDRESS', 'en_US.UTF-8'), ('BAMF_DESKTOP_FILE_HINT', '/var/lib/snapd/desktop/applications/code_code.desktop'), ('SNAP_DATA', '/var/snap/code/127'), ('XDG_RUNTIME_DIR', '/run/user/1000'), ('GDK_BACKEND', 'x11'), ('DISPLAY', ':0'), ('LOCPATH', '/snap/code/127/usr/lib/locale'), ('LANG', 'zh_CN.UTF-8'), ('XDG_CURRENT_DESKTOP', 'Unity'), ('LC_TELEPHONE', 'en_US.UTF-8'), ('XMODIFIERS', '@im=ibus'), ('XDG_SESSION_DESKTOP', 'ubuntu'), ('XAUTHORITY', '/run/user/1000/gdm/Xauthority'), ('LS_COLORS', ''), ('VSCODE_GIT_IPC_HANDLE', '/run/user/1000/vscode-git-c2d6e3f140.sock'), ('TERM_PROGRAM', 'vscode'), ('SNAP_USER_COMMON', '/home/chen/snap/code/common'), ('SSH_AUTH_SOCK', '/run/user/1000/keyring/ssh'), ('GSETTINGS_SCHEMA_DIR', '/home/chen/snap/code/127/.local/share/glib-2.0/schemas'), ('SNAP_ARCH', 'amd64'), ('AMENT_PREFIX_PATH', '/home/chen/ros2_ws/install/cpp_srvcli:/home/chen/ros2_ws/install/cpp_pubsub:/opt/ros/foxy'), ('SNAP_COOKIE', 'OgBwCAaQaxEDKAh8OHfl0NLbdB4suEWKTOrgMZFuLfLcTjT37Pas'), ('ORIGINAL_XDG_CURRENT_DESKTOP', 'ubuntu:GNOME'), ('SHELL', '/bin/bash'), ('LC_NAME', 'en_US.UTF-8'), ('GDK_PIXBUF_MODULEDIR', '/snap/code/127/usr/lib/x86_64-linux-gnu/gdk-pixbuf-2.0/2.10.0/loaders'), ('QT_ACCESSIBILITY', '1'), ('ELECTRON_RUN_AS_NODE', '1'), ('GDMSESSION', 'ubuntu'), ('LESSCLOSE', '/usr/bin/lesspipe %s %s'), ('SNAP_NAME', 'code'), ('LC_MEASUREMENT', 'en_US.UTF-8'), ('GDK_PIXBUF_MODULE_FILE', '/home/chen/snap/code/common/.cache/gdk-pixbuf-loaders.cache'), ('GPG_AGENT_INFO', '/run/user/1000/gnupg/S.gpg-agent:0:1'), ('GJS_DEBUG_OUTPUT', 'stderr'), ('LC_IDENTIFICATION', 'en_US.UTF-8'), ('SNAP_LAUNCHER_ARCH_TRIPLET', 'x86_64-linux-gnu'), ('VSCODE_GIT_ASKPASS_EXTRA_ARGS', '--ms-enable-electron-run-as-node'), ('QT_IM_MODULE', 'ibus'), ('PWD', '/home/chen/ros2_ws/build/cpp_pubsub'), ('VSCODE_CLI', '1'), ('XDG_CONFIG_DIRS', '/etc/xdg/xdg-ubuntu:/etc/xdg'), ('SNAP_REAL_HOME', '/home/chen'), ('VSCODE_CODE_CACHE_PATH', '/home/chen/.config/Code/CachedData/252e5463d60e63238250799aef7375787f68b4ee'), ('XDG_DATA_DIRS', '/home/chen/snap/code/127/.local/share:/home/chen/snap/code/127:/snap/code/127/usr/share:/usr/share/ubuntu:/usr/local/share/:/usr/share/:/var/lib/snapd/desktop'), ('PYTHONPATH', '/opt/ros/foxy/lib/python3.8/site-packages'), ('SNAP', '/snap/code/127'), ('LC_NUMERIC', 'en_US.UTF-8'), ('LC_PAPER', 'en_US.UTF-8'), ('COLCON', '1'), ('ELECTRON_NO_ATTACH_CONSOLE', '1'), ('CMAKE_PREFIX_PATH', '/home/chen/ros2_ws/install/cpp_srvcli:/home/chen/ros2_ws/install/cpp_pubsub:/opt/ros/foxy'), ('VSCODE_PID', '4033')]), 'shell': False}
[1.260338] (-) TimerEvent: {}
[1.294795] (cpp_pubsub) StdoutLine: {'line': b'-- Install configuration: "RelWithDebInfo"\n'}
[1.300964] (cpp_pubsub) StdoutLine: {'line': b'-- Execute custom install script\n'}
[1.302872] (cpp_pubsub) StdoutLine: {'line': b'-- Up-to-date symlink: /home/chen/ros2_ws/install/cpp_pubsub/lib/cpp_pubsub/talker\n'}
[1.308715] (cpp_pubsub) StdoutLine: {'line': b'-- Up-to-date symlink: /home/chen/ros2_ws/install/cpp_pubsub/lib/cpp_pubsub/listener\n'}
[1.309921] (cpp_pubsub) StdoutLine: {'line': b'-- Up-to-date symlink: /home/chen/ros2_ws/install/cpp_pubsub/share/ament_index/resource_index/package_run_dependencies/cpp_pubsub\n'}
[1.310747] (cpp_pubsub) StdoutLine: {'line': b'-- Up-to-date symlink: /home/chen/ros2_ws/install/cpp_pubsub/share/ament_index/resource_index/parent_prefix_path/cpp_pubsub\n'}
[1.312982] (cpp_pubsub) StdoutLine: {'line': b'-- Up-to-date symlink: /home/chen/ros2_ws/install/cpp_pubsub/share/cpp_pubsub/environment/ament_prefix_path.sh\n'}
[1.313667] (cpp_pubsub) StdoutLine: {'line': b'-- Up-to-date symlink: /home/chen/ros2_ws/install/cpp_pubsub/share/cpp_pubsub/environment/ament_prefix_path.dsv\n'}
[1.316292] (cpp_pubsub) StdoutLine: {'line': b'-- Up-to-date symlink: /home/chen/ros2_ws/install/cpp_pubsub/share/cpp_pubsub/environment/path.sh\n'}
[1.317552] (cpp_pubsub) StdoutLine: {'line': b'-- Up-to-date symlink: /home/chen/ros2_ws/install/cpp_pubsub/share/cpp_pubsub/environment/path.dsv\n'}
[1.320806] (cpp_pubsub) StdoutLine: {'line': b'-- Up-to-date symlink: /home/chen/ros2_ws/install/cpp_pubsub/share/cpp_pubsub/local_setup.bash\n'}
[1.330133] (cpp_pubsub) StdoutLine: {'line': b'-- Up-to-date symlink: /home/chen/ros2_ws/install/cpp_pubsub/share/cpp_pubsub/local_setup.sh\n'}
[1.332196] (cpp_pubsub) StdoutLine: {'line': b'-- Up-to-date symlink: /home/chen/ros2_ws/install/cpp_pubsub/share/cpp_pubsub/local_setup.zsh\n'}
[1.337532] (cpp_pubsub) StdoutLine: {'line': b'-- Up-to-date symlink: /home/chen/ros2_ws/install/cpp_pubsub/share/cpp_pubsub/local_setup.dsv\n'}
[1.339043] (cpp_pubsub) StdoutLine: {'line': b'-- Symlinking: /home/chen/ros2_ws/install/cpp_pubsub/share/cpp_pubsub/package.dsv\n'}
[1.365047] (-) TimerEvent: {}
[1.385930] (cpp_pubsub) StdoutLine: {'line': b'-- Up-to-date symlink: /home/chen/ros2_ws/install/cpp_pubsub/share/ament_index/resource_index/packages/cpp_pubsub\n'}
[1.397270] (cpp_pubsub) StdoutLine: {'line': b'-- Up-to-date symlink: /home/chen/ros2_ws/install/cpp_pubsub/share/cpp_pubsub/cmake/cpp_pubsubConfig.cmake\n'}
[1.397985] (cpp_pubsub) StdoutLine: {'line': b'-- Up-to-date symlink: /home/chen/ros2_ws/install/cpp_pubsub/share/cpp_pubsub/cmake/cpp_pubsubConfig-version.cmake\n'}
[1.398912] (cpp_pubsub) StdoutLine: {'line': b'-- Up-to-date symlink: /home/chen/ros2_ws/install/cpp_pubsub/share/cpp_pubsub/package.xml\n'}
[1.425263] (cpp_pubsub) CommandEnded: {'returncode': 0}
[1.468769] (-) TimerEvent: {}
[1.570101] (-) TimerEvent: {}
[1.671193] (-) TimerEvent: {}
[1.772214] (-) TimerEvent: {}
[1.879175] (-) TimerEvent: {}
[1.889053] (cpp_pubsub) JobEnded: {'identifier': 'cpp_pubsub', 'rc': 0}
[1.944703] (cpp_srvcli) StdoutLine: {'line': b'-- Override CMake install command with custom implementation using symlinks instead of copying resources\n'}
[1.979527] (-) TimerEvent: {}
[1.995035] (cpp_srvcli) StdoutLine: {'line': b'-- Found rclcpp: 2.4.2 (/opt/ros/foxy/share/rclcpp/cmake)\n'}
[2.081037] (-) TimerEvent: {}
[2.111381] (cpp_srvcli) StdoutLine: {'line': b'-- Using all available rosidl_typesupport_c: rosidl_typesupport_fastrtps_c;rosidl_typesupport_introspection_c\n'}
[2.122910] (cpp_srvcli) StdoutLine: {'line': b'-- Found rosidl_adapter: 1.3.0 (/opt/ros/foxy/share/rosidl_adapter/cmake)\n'}
[2.181203] (-) TimerEvent: {}
[2.282004] (-) TimerEvent: {}
[2.383446] (-) TimerEvent: {}
[2.483936] (-) TimerEvent: {}
[2.562988] (cpp_srvcli) StdoutLine: {'line': b'-- Using all available rosidl_typesupport_cpp: rosidl_typesupport_fastrtps_cpp;rosidl_typesupport_introspection_cpp\n'}
[2.589521] (-) TimerEvent: {}
[2.692478] (-) TimerEvent: {}
[2.735978] (cpp_srvcli) StdoutLine: {'line': b'-- Found rmw_implementation_cmake: 1.0.4 (/opt/ros/foxy/share/rmw_implementation_cmake/cmake)\n'}
[2.742860] (cpp_srvcli) StdoutLine: {'line': b"-- Using RMW implementation 'rmw_fastrtps_cpp' as default\n"}
[2.797181] (-) TimerEvent: {}
[2.898423] (-) TimerEvent: {}
[2.999439] (-) TimerEvent: {}
[3.105009] (-) TimerEvent: {}
[3.181453] (cpp_srvcli) StdoutLine: {'line': b'-- Found example_interfaces: 0.9.1 (/opt/ros/foxy/share/example_interfaces/cmake)\n'}
[3.205624] (-) TimerEvent: {}
[3.308966] (-) TimerEvent: {}
[3.409393] (-) TimerEvent: {}
[3.494424] (cpp_srvcli) StdoutLine: {'line': b'-- Found geometry_msgs: 2.0.5 (/opt/ros/foxy/share/geometry_msgs/cmake)\n'}
[3.513707] (-) TimerEvent: {}
[3.592661] (cpp_srvcli) StdoutLine: {'line': b'-- Found rosidl_default_generators: 1.0.1 (/opt/ros/foxy/share/rosidl_default_generators/cmake)\n'}
[3.615334] (-) TimerEvent: {}
[3.624676] (cpp_srvcli) StdoutLine: {'line': b'-- Found ament_lint_auto: 0.9.8 (/opt/ros/foxy/share/ament_lint_auto/cmake)\n'}
[3.717606] (-) TimerEvent: {}
[3.818163] (-) TimerEvent: {}
[3.918920] (-) TimerEvent: {}
[3.946103] (cpp_srvcli) StdoutLine: {'line': b'-- Found PythonInterp: /usr/bin/python3 (found version "3.8.10") \n'}
[4.019397] (-) TimerEvent: {}
[4.125038] (-) TimerEvent: {}
[4.226149] (-) TimerEvent: {}
[4.328066] (-) TimerEvent: {}
[4.392214] (cpp_srvcli) StdoutLine: {'line': b'-- Found ament_cmake_ros: 0.9.2 (/opt/ros/foxy/share/ament_cmake_ros/cmake)\n'}
[4.428491] (-) TimerEvent: {}
[4.529164] (-) TimerEvent: {}
[4.630706] (-) TimerEvent: {}
[4.733464] (-) TimerEvent: {}
[4.835092] (-) TimerEvent: {}
[4.936956] (-) TimerEvent: {}
[5.039955] (-) TimerEvent: {}
[5.059410] (cpp_srvcli) StdoutLine: {'line': b'-- Using all available rosidl_typesupport_c: rosidl_typesupport_fastrtps_c;rosidl_typesupport_introspection_c\n'}
[5.140526] (-) TimerEvent: {}
[5.241763] (-) TimerEvent: {}
[5.323116] (cpp_srvcli) StdoutLine: {'line': b'-- Using all available rosidl_typesupport_cpp: rosidl_typesupport_fastrtps_cpp;rosidl_typesupport_introspection_cpp\n'}
[5.342749] (-) TimerEvent: {}
[5.388655] (cpp_srvcli) StdoutLine: {'line': b'-- Found PythonInterp: /usr/bin/python3 (found suitable version "3.8.10", minimum required is "3.5") \n'}
[5.403263] (cpp_srvcli) StdoutLine: {'line': b'-- Found python_cmake_module: 0.8.1 (/opt/ros/foxy/share/python_cmake_module/cmake)\n'}
[5.443231] (-) TimerEvent: {}
[5.488345] (cpp_srvcli) StdoutLine: {'line': b'-- Found PythonLibs: /usr/lib/x86_64-linux-gnu/libpython3.8.so (found suitable version "3.8.10", minimum required is "3.5") \n'}
[5.488931] (cpp_srvcli) StdoutLine: {'line': b'-- Using PYTHON_EXECUTABLE: /usr/bin/python3\n'}
[5.489154] (cpp_srvcli) StdoutLine: {'line': b'-- Using PYTHON_INCLUDE_DIRS: /usr/include/python3.8\n'}
[5.489238] (cpp_srvcli) StdoutLine: {'line': b'-- Using PYTHON_LIBRARIES: /usr/lib/x86_64-linux-gnu/libpython3.8.so\n'}
[5.543552] (-) TimerEvent: {}
[5.612318] (cpp_srvcli) StdoutLine: {'line': b'-- Found PythonExtra: .so  \n'}
[5.643752] (-) TimerEvent: {}
[5.744459] (-) TimerEvent: {}
[5.845233] (-) TimerEvent: {}
[5.883972] (cpp_srvcli) StdoutLine: {'line': b"-- Added test 'copyright' to check source files copyright and LICENSE\n"}
[5.899648] (cpp_srvcli) StdoutLine: {'line': b"-- Added test 'cppcheck' to perform static code analysis on C / C++ code\n"}
[5.904416] (cpp_srvcli) StdoutLine: {'line': b'-- Configured cppcheck include dirs: \n'}
[5.905090] (cpp_srvcli) StdoutLine: {'line': b'-- Configured cppcheck exclude dirs and/or files: \n'}
[5.907745] (cpp_srvcli) StdoutLine: {'line': b"-- Added test 'cpplint' to check C / C++ code against the Google style\n"}
[5.908151] (cpp_srvcli) StdoutLine: {'line': b'-- Configured cpplint exclude dirs and/or files: \n'}
[5.919164] (cpp_srvcli) StdoutLine: {'line': b"-- Added test 'lint_cmake' to check CMake code style\n"}
[5.922683] (cpp_srvcli) StdoutLine: {'line': b"-- Added test 'uncrustify' to check C / C++ code style\n"}
[5.923190] (cpp_srvcli) StdoutLine: {'line': b'-- Configured uncrustify additional arguments: \n'}
[5.924321] (cpp_srvcli) StdoutLine: {'line': b"-- Added test 'xmllint' to check XML markup files\n"}
[5.945474] (-) TimerEvent: {}
[5.968116] (cpp_srvcli) StdoutLine: {'line': b'-- Configuring done\n'}
[6.045833] (-) TimerEvent: {}
[6.146683] (-) TimerEvent: {}
[6.185955] (cpp_srvcli) StdoutLine: {'line': b'-- Generating done\n'}
[6.191794] (cpp_srvcli) StdoutLine: {'line': b'-- Build files have been written to: /home/chen/ros2_ws/build/cpp_srvcli\n'}
[6.247647] (-) TimerEvent: {}
[6.287749] (cpp_srvcli) StdoutLine: {'line': b'\x1b[35m\x1b[1mScanning dependencies of target cpp_srvcli__cpp\x1b[0m\n'}
[6.312510] (cpp_srvcli) StdoutLine: {'line': b'[  1%] \x1b[34m\x1b[1mGenerating C++ code for ROS interfaces\x1b[0m\n'}
[6.343662] (cpp_srvcli) StdoutLine: {'line': b'[  3%] \x1b[34m\x1b[1mGenerating C code for ROS interfaces\x1b[0m\n'}
[6.347986] (-) TimerEvent: {}
[6.451237] (-) TimerEvent: {}
[6.553304] (-) TimerEvent: {}
[6.657370] (-) TimerEvent: {}
[6.765254] (-) TimerEvent: {}
[6.865768] (-) TimerEvent: {}
[6.966436] (-) TimerEvent: {}
[7.069595] (-) TimerEvent: {}
[7.176015] (-) TimerEvent: {}
[7.277516] (-) TimerEvent: {}
[7.378128] (-) TimerEvent: {}
[7.488509] (-) TimerEvent: {}
[7.592858] (-) TimerEvent: {}
[7.699354] (-) TimerEvent: {}
[7.800263] (-) TimerEvent: {}
[7.901167] (-) TimerEvent: {}
[8.005791] (-) TimerEvent: {}
[8.107281] (-) TimerEvent: {}
[8.139287] (cpp_srvcli) StdoutLine: {'line': b'[  3%] Built target cpp_srvcli__cpp\n'}
[8.208036] (-) TimerEvent: {}
[8.233089] (cpp_srvcli) StdoutLine: {'line': b'\x1b[35m\x1b[1mScanning dependencies of target server\x1b[0m\n'}
[8.309678] (-) TimerEvent: {}
[8.396322] (cpp_srvcli) StdoutLine: {'line': b'[  5%] \x1b[32mBuilding CXX object CMakeFiles/server.dir/src/add_two_ints_server.cpp.o\x1b[0m\n'}
[8.409930] (-) TimerEvent: {}
[8.513974] (-) TimerEvent: {}
[8.614578] (-) TimerEvent: {}
[8.715743] (-) TimerEvent: {}
[8.742710] (cpp_srvcli) StdoutLine: {'line': b'\x1b[35m\x1b[1mScanning dependencies of target cpp_srvcli__rosidl_generator_c\x1b[0m\n'}
[8.817073] (-) TimerEvent: {}
[8.837102] (cpp_srvcli) StdoutLine: {'line': b'[  7%] \x1b[32mBuilding C object CMakeFiles/cpp_srvcli__rosidl_generator_c.dir/rosidl_generator_c/cpp_srvcli/msg/detail/num__functions.c.o\x1b[0m\n'}
[8.917685] (-) TimerEvent: {}
[9.018863] (-) TimerEvent: {}
[9.119746] (-) TimerEvent: {}
[9.221568] (-) TimerEvent: {}
[9.322836] (-) TimerEvent: {}
[9.437036] (-) TimerEvent: {}
[9.483596] (cpp_srvcli) StdoutLine: {'line': b'[  9%] \x1b[32mBuilding C object CMakeFiles/cpp_srvcli__rosidl_generator_c.dir/rosidl_generator_c/cpp_srvcli/msg/detail/sphere__functions.c.o\x1b[0m\n'}
[9.537666] (-) TimerEvent: {}
[9.640295] (-) TimerEvent: {}
[9.741910] (-) TimerEvent: {}
[9.843458] (-) TimerEvent: {}
[9.944410] (-) TimerEvent: {}
[10.046286] (-) TimerEvent: {}
[10.062107] (cpp_srvcli) StdoutLine: {'line': b'[ 11%] \x1b[32mBuilding C object CMakeFiles/cpp_srvcli__rosidl_generator_c.dir/rosidl_generator_c/cpp_srvcli/srv/detail/add_three_ints__functions.c.o\x1b[0m\n'}
[10.148877] (-) TimerEvent: {}
[10.249846] (-) TimerEvent: {}
[10.352994] (-) TimerEvent: {}
[10.456581] (-) TimerEvent: {}
[10.558328] (-) TimerEvent: {}
[10.659286] (-) TimerEvent: {}
[10.760724] (-) TimerEvent: {}
[10.810249] (cpp_srvcli) StdoutLine: {'line': b'[ 13%] \x1b[32m\x1b[1mLinking C shared library libcpp_srvcli__rosidl_generator_c.so\x1b[0m\n'}
[10.863497] (-) TimerEvent: {}
[10.968095] (-) TimerEvent: {}
[11.069944] (cpp_srvcli) StdoutLine: {'line': b'[ 13%] Built target cpp_srvcli__rosidl_generator_c\n'}
[11.070187] (-) TimerEvent: {}
[11.133935] (cpp_srvcli) StdoutLine: {'line': b'\x1b[35m\x1b[1mScanning dependencies of target client\x1b[0m\n'}
[11.170598] (-) TimerEvent: {}
[11.225262] (cpp_srvcli) StdoutLine: {'line': b'[ 15%] \x1b[32mBuilding CXX object CMakeFiles/client.dir/src/add_two_ints_client.cpp.o\x1b[0m\n'}
[11.272150] (-) TimerEvent: {}
[11.373049] (-) TimerEvent: {}
[11.476096] (-) TimerEvent: {}
[11.577396] (-) TimerEvent: {}
[11.678192] (-) TimerEvent: {}
[11.779890] (-) TimerEvent: {}
[11.880717] (-) TimerEvent: {}
[11.985096] (-) TimerEvent: {}
[12.085916] (-) TimerEvent: {}
[12.187592] (-) TimerEvent: {}
[12.289029] (-) TimerEvent: {}
[12.389987] (-) TimerEvent: {}
[12.491128] (-) TimerEvent: {}
[12.592850] (-) TimerEvent: {}
[12.693474] (-) TimerEvent: {}
[12.796105] (-) TimerEvent: {}
[12.897438] (-) TimerEvent: {}
[13.001767] (-) TimerEvent: {}
[13.104980] (-) TimerEvent: {}
[13.208869] (-) TimerEvent: {}
[13.313006] (-) TimerEvent: {}
[13.414000] (-) TimerEvent: {}
[13.515685] (-) TimerEvent: {}
[13.620951] (-) TimerEvent: {}
[13.721979] (-) TimerEvent: {}
[13.823545] (-) TimerEvent: {}
[13.925427] (-) TimerEvent: {}
[14.028908] (-) TimerEvent: {}
[14.130782] (-) TimerEvent: {}
[14.232086] (-) TimerEvent: {}
[14.336787] (-) TimerEvent: {}
[14.437507] (-) TimerEvent: {}
[14.539357] (-) TimerEvent: {}
[14.640533] (-) TimerEvent: {}
[14.741304] (-) TimerEvent: {}
[14.845028] (-) TimerEvent: {}
[14.947811] (-) TimerEvent: {}
[15.048995] (-) TimerEvent: {}
[15.150071] (-) TimerEvent: {}
[15.251041] (-) TimerEvent: {}
[15.351853] (-) TimerEvent: {}
[15.452543] (-) TimerEvent: {}
[15.557581] (-) TimerEvent: {}
[15.661799] (-) TimerEvent: {}
[15.764957] (-) TimerEvent: {}
[15.865729] (-) TimerEvent: {}
[15.968906] (-) TimerEvent: {}
[16.070423] (-) TimerEvent: {}
[16.174593] (-) TimerEvent: {}
[16.277579] (-) TimerEvent: {}
[16.381188] (-) TimerEvent: {}
[16.481733] (-) TimerEvent: {}
[16.582554] (-) TimerEvent: {}
[16.685096] (-) TimerEvent: {}
[16.788962] (-) TimerEvent: {}
[16.892882] (-) TimerEvent: {}
[16.994822] (-) TimerEvent: {}
[17.096902] (-) TimerEvent: {}
[17.198864] (-) TimerEvent: {}
[17.300615] (-) TimerEvent: {}
[17.401940] (-) TimerEvent: {}
[17.502731] (-) TimerEvent: {}
[17.604867] (-) TimerEvent: {}
[17.707325] (-) TimerEvent: {}
[17.809298] (-) TimerEvent: {}
[17.911758] (-) TimerEvent: {}
[18.013293] (-) TimerEvent: {}
[18.114233] (-) TimerEvent: {}
[18.215017] (-) TimerEvent: {}
[18.317050] (-) TimerEvent: {}
[18.418848] (-) TimerEvent: {}
[18.520860] (-) TimerEvent: {}
[18.621476] (-) TimerEvent: {}
[18.724926] (-) TimerEvent: {}
[18.826090] (-) TimerEvent: {}
[18.930098] (-) TimerEvent: {}
[19.033143] (-) TimerEvent: {}
[19.134831] (-) TimerEvent: {}
[19.235582] (-) TimerEvent: {}
[19.336252] (-) TimerEvent: {}
[19.437231] (-) TimerEvent: {}
[19.538213] (-) TimerEvent: {}
[19.640941] (-) TimerEvent: {}
[19.741866] (-) TimerEvent: {}
[19.845051] (-) TimerEvent: {}
[19.946636] (-) TimerEvent: {}
[20.047847] (-) TimerEvent: {}
[20.149397] (-) TimerEvent: {}
[20.251028] (-) TimerEvent: {}
[20.353171] (-) TimerEvent: {}
[20.454981] (-) TimerEvent: {}
[20.556106] (-) TimerEvent: {}
[20.661045] (-) TimerEvent: {}
[20.762544] (-) TimerEvent: {}
[20.864617] (-) TimerEvent: {}
[20.965758] (-) TimerEvent: {}
[21.066368] (-) TimerEvent: {}
[21.168710] (-) TimerEvent: {}
[21.270926] (-) TimerEvent: {}
[21.375452] (-) TimerEvent: {}
[21.477412] (-) TimerEvent: {}
[21.578833] (-) TimerEvent: {}
[21.681179] (-) TimerEvent: {}
[21.782534] (-) TimerEvent: {}
[21.883205] (-) TimerEvent: {}
[21.985212] (-) TimerEvent: {}
[22.086558] (-) TimerEvent: {}
[22.187516] (-) TimerEvent: {}
[22.288679] (-) TimerEvent: {}
[22.390072] (-) TimerEvent: {}
[22.491411] (-) TimerEvent: {}
[22.592104] (-) TimerEvent: {}
[22.693446] (-) TimerEvent: {}
[22.794363] (-) TimerEvent: {}
[22.895875] (-) TimerEvent: {}
[22.997024] (-) TimerEvent: {}
[23.099223] (-) TimerEvent: {}
[23.200932] (-) TimerEvent: {}
[23.302073] (-) TimerEvent: {}
[23.404504] (-) TimerEvent: {}
[23.505206] (-) TimerEvent: {}
[23.605674] (-) TimerEvent: {}
[23.706906] (-) TimerEvent: {}
[23.809329] (-) TimerEvent: {}
[23.910369] (-) TimerEvent: {}
[24.013108] (-) TimerEvent: {}
[24.114035] (-) TimerEvent: {}
[24.214944] (-) TimerEvent: {}
[24.317051] (-) TimerEvent: {}
[24.418598] (-) TimerEvent: {}
[24.520884] (-) TimerEvent: {}
[24.622775] (-) TimerEvent: {}
[24.725476] (-) TimerEvent: {}
[24.832071] (-) TimerEvent: {}
[24.933314] (-) TimerEvent: {}
[25.034148] (-) TimerEvent: {}
[25.135134] (-) TimerEvent: {}
[25.236175] (-) TimerEvent: {}
[25.337402] (-) TimerEvent: {}
[25.440803] (-) TimerEvent: {}
[25.543605] (-) TimerEvent: {}
[25.644856] (-) TimerEvent: {}
[25.746310] (-) TimerEvent: {}
[25.850875] (-) TimerEvent: {}
[25.953563] (-) TimerEvent: {}
[26.055846] (-) TimerEvent: {}
[26.157429] (-) TimerEvent: {}
[26.268401] (-) TimerEvent: {}
[26.372705] (-) TimerEvent: {}
[26.476891] (-) TimerEvent: {}
[26.577771] (-) TimerEvent: {}
[26.679724] (-) TimerEvent: {}
[26.781094] (-) TimerEvent: {}
[26.885460] (-) TimerEvent: {}
[26.930289] (cpp_srvcli) StdoutLine: {'line': b'[ 17%] \x1b[32m\x1b[1mLinking CXX executable server\x1b[0m\n'}
[26.986134] (-) TimerEvent: {}
[27.087391] (-) TimerEvent: {}
[27.188976] (-) TimerEvent: {}
[27.289957] (-) TimerEvent: {}
[27.390902] (-) TimerEvent: {}
[27.493311] (-) TimerEvent: {}
[27.594639] (-) TimerEvent: {}
[27.695600] (-) TimerEvent: {}
[27.797756] (-) TimerEvent: {}
[27.902999] (-) TimerEvent: {}
[27.922654] (cpp_srvcli) StdoutLine: {'line': b'[ 17%] Built target server\n'}
[28.003351] (-) TimerEvent: {}
[28.106464] (-) TimerEvent: {}
[28.210423] (-) TimerEvent: {}
[28.312254] (-) TimerEvent: {}
[28.413374] (-) TimerEvent: {}
[28.514165] (-) TimerEvent: {}
[28.615765] (-) TimerEvent: {}
[28.716414] (-) TimerEvent: {}
[28.817421] (-) TimerEvent: {}
[28.918072] (-) TimerEvent: {}
[29.019526] (-) TimerEvent: {}
[29.121076] (-) TimerEvent: {}
[29.221995] (-) TimerEvent: {}
[29.323021] (-) TimerEvent: {}
[29.425511] (-) TimerEvent: {}
[29.529516] (-) TimerEvent: {}
[29.630260] (-) TimerEvent: {}
[29.731252] (-) TimerEvent: {}
[29.832036] (-) TimerEvent: {}
[29.933356] (-) TimerEvent: {}
[30.039255] (-) TimerEvent: {}
[30.062420] (cpp_srvcli) StdoutLine: {'line': b'[ 19%] \x1b[32m\x1b[1mLinking CXX executable client\x1b[0m\n'}
[30.139770] (-) TimerEvent: {}
[30.240468] (-) TimerEvent: {}
[30.341108] (-) TimerEvent: {}
[30.441566] (-) TimerEvent: {}
[30.494206] (cpp_srvcli) StdoutLine: {'line': b'[ 19%] Built target client\n'}
[30.541870] (-) TimerEvent: {}
[30.565806] (cpp_srvcli) StdoutLine: {'line': b'[ 21%] \x1b[34m\x1b[1mGenerating C++ type support dispatch for ROS interfaces\x1b[0m\n'}
[30.642038] (-) TimerEvent: {}
[30.742581] (-) TimerEvent: {}
[30.843130] (-) TimerEvent: {}
[30.943910] (-) TimerEvent: {}
[31.045030] (-) TimerEvent: {}
[31.146500] (-) TimerEvent: {}
[31.247290] (-) TimerEvent: {}
[31.248272] (cpp_srvcli) StdoutLine: {'line': b'\x1b[35m\x1b[1mScanning dependencies of target cpp_srvcli__rosidl_typesupport_cpp\x1b[0m\n'}
[31.292906] (cpp_srvcli) StdoutLine: {'line': b'[ 23%] \x1b[32mBuilding CXX object CMakeFiles/cpp_srvcli__rosidl_typesupport_cpp.dir/rosidl_typesupport_cpp/cpp_srvcli/msg/num__type_support.cpp.o\x1b[0m\n'}
[31.347551] (-) TimerEvent: {}
[31.448747] (-) TimerEvent: {}
[31.549835] (-) TimerEvent: {}
[31.651521] (-) TimerEvent: {}
[31.752942] (-) TimerEvent: {}
[31.854356] (-) TimerEvent: {}
[31.955775] (-) TimerEvent: {}
[32.056601] (-) TimerEvent: {}
[32.140419] (cpp_srvcli) StdoutLine: {'line': b'[ 25%] \x1b[32mBuilding CXX object CMakeFiles/cpp_srvcli__rosidl_typesupport_cpp.dir/rosidl_typesupport_cpp/cpp_srvcli/msg/sphere__type_support.cpp.o\x1b[0m\n'}
[32.156873] (-) TimerEvent: {}
[32.258169] (-) TimerEvent: {}
[32.363080] (-) TimerEvent: {}
[32.465744] (-) TimerEvent: {}
[32.568006] (-) TimerEvent: {}
[32.670102] (-) TimerEvent: {}
[32.770782] (-) TimerEvent: {}
[32.871357] (-) TimerEvent: {}
[32.972283] (-) TimerEvent: {}
[33.072591] (cpp_srvcli) StdoutLine: {'line': b'[ 27%] \x1b[32mBuilding CXX object CMakeFiles/cpp_srvcli__rosidl_typesupport_cpp.dir/rosidl_typesupport_cpp/cpp_srvcli/srv/add_three_ints__type_support.cpp.o\x1b[0m\n'}
[33.073128] (-) TimerEvent: {}
[33.175334] (-) TimerEvent: {}
[33.276582] (-) TimerEvent: {}
[33.377072] (-) TimerEvent: {}
[33.477702] (-) TimerEvent: {}
[33.578568] (-) TimerEvent: {}
[33.679930] (-) TimerEvent: {}
[33.780808] (-) TimerEvent: {}
[33.881736] (-) TimerEvent: {}
[33.902252] (cpp_srvcli) StdoutLine: {'line': b'[ 29%] \x1b[32m\x1b[1mLinking CXX shared library libcpp_srvcli__rosidl_typesupport_cpp.so\x1b[0m\n'}
[33.982469] (-) TimerEvent: {}
[34.053196] (cpp_srvcli) StdoutLine: {'line': b'[ 29%] Built target cpp_srvcli__rosidl_typesupport_cpp\n'}
[34.083253] (-) TimerEvent: {}
[34.106948] (cpp_srvcli) StdoutLine: {'line': b'[ 31%] \x1b[34m\x1b[1mGenerating C type support dispatch for ROS interfaces\x1b[0m\n'}
[34.184009] (-) TimerEvent: {}
[34.284891] (-) TimerEvent: {}
[34.386535] (-) TimerEvent: {}
[34.487740] (-) TimerEvent: {}
[34.590161] (-) TimerEvent: {}
[34.694208] (-) TimerEvent: {}
[34.795182] (-) TimerEvent: {}
[34.811644] (cpp_srvcli) StdoutLine: {'line': b'\x1b[35m\x1b[1mScanning dependencies of target cpp_srvcli__rosidl_typesupport_c\x1b[0m\n'}
[34.859062] (cpp_srvcli) StdoutLine: {'line': b'[ 33%] \x1b[32mBuilding CXX object CMakeFiles/cpp_srvcli__rosidl_typesupport_c.dir/rosidl_typesupport_c/cpp_srvcli/msg/num__type_support.cpp.o\x1b[0m\n'}
[34.895714] (-) TimerEvent: {}
[34.984385] (cpp_srvcli) StdoutLine: {'line': b'[ 35%] \x1b[32mBuilding CXX object CMakeFiles/cpp_srvcli__rosidl_typesupport_c.dir/rosidl_typesupport_c/cpp_srvcli/msg/sphere__type_support.cpp.o\x1b[0m\n'}
[34.996119] (-) TimerEvent: {}
[35.100998] (-) TimerEvent: {}
[35.136697] (cpp_srvcli) StdoutLine: {'line': b'[ 37%] \x1b[32mBuilding CXX object CMakeFiles/cpp_srvcli__rosidl_typesupport_c.dir/rosidl_typesupport_c/cpp_srvcli/srv/add_three_ints__type_support.cpp.o\x1b[0m\n'}
[35.201331] (-) TimerEvent: {}
[35.285591] (cpp_srvcli) StdoutLine: {'line': b'[ 39%] \x1b[32m\x1b[1mLinking CXX shared library libcpp_srvcli__rosidl_typesupport_c.so\x1b[0m\n'}
[35.303118] (-) TimerEvent: {}
[35.405431] (-) TimerEvent: {}
[35.445926] (cpp_srvcli) StdoutLine: {'line': b'[ 39%] Built target cpp_srvcli__rosidl_typesupport_c\n'}
[35.488704] (cpp_srvcli) StdoutLine: {'line': b'[ 41%] \x1b[34m\x1b[1mGenerating C++ introspection for ROS interfaces\x1b[0m\n'}
[35.505839] (-) TimerEvent: {}
[35.606539] (-) TimerEvent: {}
[35.707573] (-) TimerEvent: {}
[35.809257] (-) TimerEvent: {}
[35.910709] (-) TimerEvent: {}
[36.011136] (-) TimerEvent: {}
[36.111923] (-) TimerEvent: {}
[36.213292] (-) TimerEvent: {}
[36.313866] (-) TimerEvent: {}
[36.415756] (-) TimerEvent: {}
[36.451735] (cpp_srvcli) StdoutLine: {'line': b'\x1b[35m\x1b[1mScanning dependencies of target cpp_srvcli__rosidl_typesupport_introspection_cpp\x1b[0m\n'}
[36.520453] (-) TimerEvent: {}
[36.540469] (cpp_srvcli) StdoutLine: {'line': b'[ 43%] \x1b[32mBuilding CXX object CMakeFiles/cpp_srvcli__rosidl_typesupport_introspection_cpp.dir/rosidl_typesupport_introspection_cpp/cpp_srvcli/msg/detail/num__type_support.cpp.o\x1b[0m\n'}
[36.620938] (-) TimerEvent: {}
[36.723089] (-) TimerEvent: {}
[36.825295] (-) TimerEvent: {}
[36.926500] (-) TimerEvent: {}
[37.027248] (-) TimerEvent: {}
[37.129627] (-) TimerEvent: {}
[37.230919] (-) TimerEvent: {}
[37.331646] (-) TimerEvent: {}
[37.432528] (-) TimerEvent: {}
[37.528345] (cpp_srvcli) StdoutLine: {'line': b'[ 45%] \x1b[32mBuilding CXX object CMakeFiles/cpp_srvcli__rosidl_typesupport_introspection_cpp.dir/rosidl_typesupport_introspection_cpp/cpp_srvcli/msg/detail/sphere__type_support.cpp.o\x1b[0m\n'}
[37.533098] (-) TimerEvent: {}
[37.634722] (-) TimerEvent: {}
[37.737539] (-) TimerEvent: {}
[37.839583] (-) TimerEvent: {}
[37.940503] (-) TimerEvent: {}
[38.042006] (-) TimerEvent: {}
[38.144535] (-) TimerEvent: {}
[38.245951] (-) TimerEvent: {}
[38.347218] (-) TimerEvent: {}
[38.448212] (-) TimerEvent: {}
[38.540988] (cpp_srvcli) StdoutLine: {'line': b'[ 47%] \x1b[32mBuilding CXX object CMakeFiles/cpp_srvcli__rosidl_typesupport_introspection_cpp.dir/rosidl_typesupport_introspection_cpp/cpp_srvcli/srv/detail/add_three_ints__type_support.cpp.o\x1b[0m\n'}
[38.548751] (-) TimerEvent: {}
[38.649955] (-) TimerEvent: {}
[38.750646] (-) TimerEvent: {}
[38.851403] (-) TimerEvent: {}
[38.952146] (-) TimerEvent: {}
[39.053088] (-) TimerEvent: {}
[39.153840] (-) TimerEvent: {}
[39.255099] (-) TimerEvent: {}
[39.356305] (-) TimerEvent: {}
[39.457282] (-) TimerEvent: {}
[39.477305] (cpp_srvcli) StdoutLine: {'line': b'[ 49%] \x1b[32m\x1b[1mLinking CXX shared library libcpp_srvcli__rosidl_typesupport_introspection_cpp.so\x1b[0m\n'}
[39.557779] (-) TimerEvent: {}
[39.649724] (cpp_srvcli) StdoutLine: {'line': b'[ 49%] Built target cpp_srvcli__rosidl_typesupport_introspection_cpp\n'}
[39.658213] (-) TimerEvent: {}
[39.700519] (cpp_srvcli) StdoutLine: {'line': b'[ 50%] \x1b[34m\x1b[1mGenerating C introspection for ROS interfaces\x1b[0m\n'}
[39.758896] (-) TimerEvent: {}
[39.860353] (-) TimerEvent: {}
[39.961343] (-) TimerEvent: {}
[40.063016] (-) TimerEvent: {}
[40.164073] (-) TimerEvent: {}
[40.264847] (-) TimerEvent: {}
[40.367432] (-) TimerEvent: {}
[40.468169] (-) TimerEvent: {}
[40.568918] (-) TimerEvent: {}
[40.580667] (cpp_srvcli) StdoutLine: {'line': b'\x1b[35m\x1b[1mScanning dependencies of target cpp_srvcli__rosidl_typesupport_introspection_c\x1b[0m\n'}
[40.647207] (cpp_srvcli) StdoutLine: {'line': b'[ 52%] \x1b[32mBuilding C object CMakeFiles/cpp_srvcli__rosidl_typesupport_introspection_c.dir/rosidl_typesupport_introspection_c/cpp_srvcli/msg/detail/num__type_support.c.o\x1b[0m\n'}
[40.669239] (-) TimerEvent: {}
[40.768449] (cpp_srvcli) StdoutLine: {'line': b'[ 54%] \x1b[32mBuilding C object CMakeFiles/cpp_srvcli__rosidl_typesupport_introspection_c.dir/rosidl_typesupport_introspection_c/cpp_srvcli/msg/detail/sphere__type_support.c.o\x1b[0m\n'}
[40.769539] (-) TimerEvent: {}
[40.870775] (-) TimerEvent: {}
[40.893097] (cpp_srvcli) StdoutLine: {'line': b'[ 56%] \x1b[32mBuilding C object CMakeFiles/cpp_srvcli__rosidl_typesupport_introspection_c.dir/rosidl_typesupport_introspection_c/cpp_srvcli/srv/detail/add_three_ints__type_support.c.o\x1b[0m\n'}
[40.971001] (-) TimerEvent: {}
[41.033884] (cpp_srvcli) StdoutLine: {'line': b'[ 58%] \x1b[32m\x1b[1mLinking C shared library libcpp_srvcli__rosidl_typesupport_introspection_c.so\x1b[0m\n'}
[41.071580] (-) TimerEvent: {}
[41.149264] (cpp_srvcli) StdoutLine: {'line': b'[ 58%] Built target cpp_srvcli__rosidl_typesupport_introspection_c\n'}
[41.171913] (-) TimerEvent: {}
[41.195315] (cpp_srvcli) StdoutLine: {'line': b'[ 60%] \x1b[34m\x1b[1mGenerating C++ type support for eProsima Fast-RTPS\x1b[0m\n'}
[41.272614] (-) TimerEvent: {}
[41.374795] (-) TimerEvent: {}
[41.476192] (-) TimerEvent: {}
[41.577528] (-) TimerEvent: {}
[41.678722] (-) TimerEvent: {}
[41.780008] (-) TimerEvent: {}
[41.880854] (-) TimerEvent: {}
[41.981567] (-) TimerEvent: {}
[42.082293] (-) TimerEvent: {}
[42.183222] (-) TimerEvent: {}
[42.189523] (cpp_srvcli) StdoutLine: {'line': b'\x1b[35m\x1b[1mScanning dependencies of target cpp_srvcli__rosidl_typesupport_fastrtps_cpp\x1b[0m\n'}
[42.286357] (-) TimerEvent: {}
[42.333513] (cpp_srvcli) StdoutLine: {'line': b'[ 62%] \x1b[32mBuilding CXX object CMakeFiles/cpp_srvcli__rosidl_typesupport_fastrtps_cpp.dir/rosidl_typesupport_fastrtps_cpp/cpp_srvcli/msg/detail/dds_fastrtps/num__type_support.cpp.o\x1b[0m\n'}
[42.386420] (-) TimerEvent: {}
[42.487322] (-) TimerEvent: {}
[42.588338] (-) TimerEvent: {}
[42.689524] (-) TimerEvent: {}
[42.790734] (-) TimerEvent: {}
[42.892407] (-) TimerEvent: {}
[42.993911] (-) TimerEvent: {}
[43.096165] (-) TimerEvent: {}
[43.203912] (-) TimerEvent: {}
[43.304838] (-) TimerEvent: {}
[43.405897] (-) TimerEvent: {}
[43.506793] (-) TimerEvent: {}
[43.608113] (-) TimerEvent: {}
[43.709892] (-) TimerEvent: {}
[43.812038] (-) TimerEvent: {}
[43.912608] (-) TimerEvent: {}
[44.014444] (-) TimerEvent: {}
[44.063550] (cpp_srvcli) StdoutLine: {'line': b'[ 64%] \x1b[32mBuilding CXX object CMakeFiles/cpp_srvcli__rosidl_typesupport_fastrtps_cpp.dir/rosidl_typesupport_fastrtps_cpp/cpp_srvcli/msg/detail/dds_fastrtps/sphere__type_support.cpp.o\x1b[0m\n'}
[44.115159] (-) TimerEvent: {}
[44.216298] (-) TimerEvent: {}
[44.317037] (-) TimerEvent: {}
[44.417653] (-) TimerEvent: {}
[44.518544] (-) TimerEvent: {}
[44.619611] (-) TimerEvent: {}
[44.720501] (-) TimerEvent: {}
[44.821087] (-) TimerEvent: {}
[44.921832] (-) TimerEvent: {}
[45.023370] (-) TimerEvent: {}
[45.124479] (-) TimerEvent: {}
[45.225697] (-) TimerEvent: {}
[45.327412] (-) TimerEvent: {}
[45.428372] (-) TimerEvent: {}
[45.529390] (-) TimerEvent: {}
[45.630266] (-) TimerEvent: {}
[45.731741] (-) TimerEvent: {}
[45.833621] (cpp_srvcli) StdoutLine: {'line': b'[ 66%] \x1b[32mBuilding CXX object CMakeFiles/cpp_srvcli__rosidl_typesupport_fastrtps_cpp.dir/rosidl_typesupport_fastrtps_cpp/cpp_srvcli/srv/detail/dds_fastrtps/add_three_ints__type_support.cpp.o\x1b[0m\n'}
[45.834111] (-) TimerEvent: {}
[45.935784] (-) TimerEvent: {}
[46.036762] (-) TimerEvent: {}
[46.137611] (-) TimerEvent: {}
[46.238629] (-) TimerEvent: {}
[46.340783] (-) TimerEvent: {}
[46.442465] (-) TimerEvent: {}
[46.545723] (-) TimerEvent: {}
[46.647125] (-) TimerEvent: {}
[46.749675] (-) TimerEvent: {}
[46.852119] (-) TimerEvent: {}
[46.957013] (-) TimerEvent: {}
[47.058466] (-) TimerEvent: {}
[47.159705] (-) TimerEvent: {}
[47.261039] (-) TimerEvent: {}
[47.365668] (-) TimerEvent: {}
[47.466724] (-) TimerEvent: {}
[47.575555] (-) TimerEvent: {}
[47.652201] (cpp_srvcli) StdoutLine: {'line': b'[ 68%] \x1b[32m\x1b[1mLinking CXX shared library libcpp_srvcli__rosidl_typesupport_fastrtps_cpp.so\x1b[0m\n'}
[47.676363] (-) TimerEvent: {}
[47.777150] (-) TimerEvent: {}
[47.878166] (-) TimerEvent: {}
[47.979064] (-) TimerEvent: {}
[48.081173] (-) TimerEvent: {}
[48.121147] (cpp_srvcli) StdoutLine: {'line': b'[ 68%] Built target cpp_srvcli__rosidl_typesupport_fastrtps_cpp\n'}
[48.181995] (-) TimerEvent: {}
[48.191931] (cpp_srvcli) StdoutLine: {'line': b'[ 70%] \x1b[34m\x1b[1mGenerating C type support for eProsima Fast-RTPS\x1b[0m\n'}
[48.282845] (-) TimerEvent: {}
[48.384428] (-) TimerEvent: {}
[48.485640] (-) TimerEvent: {}
[48.586611] (-) TimerEvent: {}
[48.687699] (-) TimerEvent: {}
[48.789046] (-) TimerEvent: {}
[48.890830] (-) TimerEvent: {}
[48.991888] (-) TimerEvent: {}
[49.092925] (-) TimerEvent: {}
[49.194088] (-) TimerEvent: {}
[49.295689] (-) TimerEvent: {}
[49.374305] (cpp_srvcli) StdoutLine: {'line': b'\x1b[35m\x1b[1mScanning dependencies of target cpp_srvcli__rosidl_typesupport_fastrtps_c\x1b[0m\n'}
[49.396047] (-) TimerEvent: {}
[49.491540] (cpp_srvcli) StdoutLine: {'line': b'[ 72%] \x1b[32mBuilding CXX object CMakeFiles/cpp_srvcli__rosidl_typesupport_fastrtps_c.dir/rosidl_typesupport_fastrtps_c/cpp_srvcli/msg/detail/num__type_support_c.cpp.o\x1b[0m\n'}
[49.496445] (-) TimerEvent: {}
[49.597826] (-) TimerEvent: {}
[49.702157] (-) TimerEvent: {}
[49.802978] (-) TimerEvent: {}
[49.904590] (-) TimerEvent: {}
[50.006383] (-) TimerEvent: {}
[50.107700] (-) TimerEvent: {}
[50.212082] (-) TimerEvent: {}
[50.314941] (-) TimerEvent: {}
[50.415588] (-) TimerEvent: {}
[50.516447] (-) TimerEvent: {}
[50.618026] (-) TimerEvent: {}
[50.719286] (-) TimerEvent: {}
[50.732681] (cpp_srvcli) StdoutLine: {'line': b'[ 74%] \x1b[32mBuilding CXX object CMakeFiles/cpp_srvcli__rosidl_typesupport_fastrtps_c.dir/rosidl_typesupport_fastrtps_c/cpp_srvcli/msg/detail/sphere__type_support_c.cpp.o\x1b[0m\n'}
[50.820071] (-) TimerEvent: {}
[50.920999] (-) TimerEvent: {}
[51.021988] (-) TimerEvent: {}
[51.122397] (-) TimerEvent: {}
[51.223179] (-) TimerEvent: {}
[51.324325] (-) TimerEvent: {}
[51.425297] (-) TimerEvent: {}
[51.527399] (-) TimerEvent: {}
[51.628931] (-) TimerEvent: {}
[51.730928] (-) TimerEvent: {}
[51.740653] (cpp_srvcli) StdoutLine: {'line': b'[ 76%] \x1b[32mBuilding CXX object CMakeFiles/cpp_srvcli__rosidl_typesupport_fastrtps_c.dir/rosidl_typesupport_fastrtps_c/cpp_srvcli/srv/detail/add_three_ints__type_support_c.cpp.o\x1b[0m\n'}
[51.831781] (-) TimerEvent: {}
[51.933072] (-) TimerEvent: {}
[52.034186] (-) TimerEvent: {}
[52.134742] (-) TimerEvent: {}
[52.235829] (-) TimerEvent: {}
[52.336601] (-) TimerEvent: {}
[52.437797] (-) TimerEvent: {}
[52.538776] (-) TimerEvent: {}
[52.640051] (-) TimerEvent: {}
[52.741776] (-) TimerEvent: {}
[52.843451] (-) TimerEvent: {}
[52.949001] (-) TimerEvent: {}
[52.977901] (cpp_srvcli) StdoutLine: {'line': b'[ 78%] \x1b[32m\x1b[1mLinking CXX shared library libcpp_srvcli__rosidl_typesupport_fastrtps_c.so\x1b[0m\n'}
[53.049329] (-) TimerEvent: {}
[53.150565] (-) TimerEvent: {}
[53.251481] (-) TimerEvent: {}
[53.316510] (cpp_srvcli) StdoutLine: {'line': b'[ 78%] Built target cpp_srvcli__rosidl_typesupport_fastrtps_c\n'}
[53.351863] (-) TimerEvent: {}
[53.366940] (cpp_srvcli) StdoutLine: {'line': b'\x1b[35m\x1b[1mScanning dependencies of target cpp_srvcli\x1b[0m\n'}
[53.398683] (cpp_srvcli) StdoutLine: {'line': b'[ 78%] Built target cpp_srvcli\n'}
[53.440092] (cpp_srvcli) StdoutLine: {'line': b'\x1b[35m\x1b[1mScanning dependencies of target cpp_srvcli__py\x1b[0m\n'}
[53.452798] (-) TimerEvent: {}
[53.485025] (cpp_srvcli) StdoutLine: {'line': b'[ 80%] \x1b[34m\x1b[1mGenerating Python code for ROS interfaces\x1b[0m\n'}
[53.552976] (-) TimerEvent: {}
[53.653737] (-) TimerEvent: {}
[53.754468] (-) TimerEvent: {}
[53.855155] (-) TimerEvent: {}
[53.955824] (-) TimerEvent: {}
[54.056856] (-) TimerEvent: {}
[54.157948] (-) TimerEvent: {}
[54.258910] (-) TimerEvent: {}
[54.359517] (-) TimerEvent: {}
[54.460942] (-) TimerEvent: {}
[54.562006] (-) TimerEvent: {}
[54.663184] (-) TimerEvent: {}
[54.764420] (-) TimerEvent: {}
[54.865604] (-) TimerEvent: {}
[54.966545] (-) TimerEvent: {}
[55.067175] (-) TimerEvent: {}
[55.168047] (-) TimerEvent: {}
[55.269073] (-) TimerEvent: {}
[55.369658] (-) TimerEvent: {}
[55.470731] (-) TimerEvent: {}
[55.527681] (cpp_srvcli) StdoutLine: {'line': b'[ 80%] Built target cpp_srvcli__py\n'}
[55.555201] (cpp_srvcli) StdoutLine: {'line': b'\x1b[35m\x1b[1mScanning dependencies of target cpp_srvcli__python\x1b[0m\n'}
[55.571263] (-) TimerEvent: {}
[55.673688] (-) TimerEvent: {}
[55.680554] (cpp_srvcli) StdoutLine: {'line': b'[ 82%] \x1b[32mBuilding C object CMakeFiles/cpp_srvcli__python.dir/rosidl_generator_py/cpp_srvcli/msg/_num_s.c.o\x1b[0m\n'}
[55.774314] (-) TimerEvent: {}
[55.875019] (-) TimerEvent: {}
[55.977751] (-) TimerEvent: {}
[56.021696] (cpp_srvcli) StdoutLine: {'line': b'[ 84%] \x1b[32mBuilding C object CMakeFiles/cpp_srvcli__python.dir/rosidl_generator_py/cpp_srvcli/msg/_sphere_s.c.o\x1b[0m\n'}
[56.078000] (-) TimerEvent: {}
[56.178789] (-) TimerEvent: {}
[56.280816] (-) TimerEvent: {}
[56.381316] (-) TimerEvent: {}
[56.449903] (cpp_srvcli) StdoutLine: {'line': b'[ 86%] \x1b[32mBuilding C object CMakeFiles/cpp_srvcli__python.dir/rosidl_generator_py/cpp_srvcli/srv/_add_three_ints_s.c.o\x1b[0m\n'}
[56.481550] (-) TimerEvent: {}
[56.582784] (-) TimerEvent: {}
[56.683258] (-) TimerEvent: {}
[56.783779] (-) TimerEvent: {}
[56.885619] (-) TimerEvent: {}
[56.894093] (cpp_srvcli) StdoutLine: {'line': b'[ 88%] \x1b[32m\x1b[1mLinking C shared library rosidl_generator_py/cpp_srvcli/libcpp_srvcli__python.so\x1b[0m\n'}
[56.986596] (-) TimerEvent: {}
[57.076407] (cpp_srvcli) StdoutLine: {'line': b'[ 88%] Built target cpp_srvcli__python\n'}
[57.087216] (-) TimerEvent: {}
[57.131435] (cpp_srvcli) StdoutLine: {'line': b'\x1b[35m\x1b[1mScanning dependencies of target cpp_srvcli__rosidl_typesupport_fastrtps_c__pyext\x1b[0m\n'}
[57.188553] (-) TimerEvent: {}
[57.231806] (cpp_srvcli) StdoutLine: {'line': b'[ 90%] \x1b[32mBuilding C object CMakeFiles/cpp_srvcli__rosidl_typesupport_fastrtps_c__pyext.dir/rosidl_generator_py/cpp_srvcli/_cpp_srvcli_s.ep.rosidl_typesupport_fastrtps_c.c.o\x1b[0m\n'}
[57.288512] (-) TimerEvent: {}
[57.389528] (-) TimerEvent: {}
[57.490935] (-) TimerEvent: {}
[57.593881] (-) TimerEvent: {}
[57.695527] (-) TimerEvent: {}
[57.754743] (cpp_srvcli) StdoutLine: {'line': b'[ 92%] \x1b[32m\x1b[1mLinking CXX shared library rosidl_generator_py/cpp_srvcli/cpp_srvcli_s__rosidl_typesupport_fastrtps_c.cpython-38-x86_64-linux-gnu.so\x1b[0m\n'}
[57.797398] (-) TimerEvent: {}
[57.898065] (-) TimerEvent: {}
[57.995930] (cpp_srvcli) StdoutLine: {'line': b'[ 92%] Built target cpp_srvcli__rosidl_typesupport_fastrtps_c__pyext\n'}
[57.998621] (-) TimerEvent: {}
[58.036296] (cpp_srvcli) StdoutLine: {'line': b'\x1b[35m\x1b[1mScanning dependencies of target cpp_srvcli__rosidl_typesupport_c__pyext\x1b[0m\n'}
[58.101500] (-) TimerEvent: {}
[58.113395] (cpp_srvcli) StdoutLine: {'line': b'[ 94%] \x1b[32mBuilding C object CMakeFiles/cpp_srvcli__rosidl_typesupport_c__pyext.dir/rosidl_generator_py/cpp_srvcli/_cpp_srvcli_s.ep.rosidl_typesupport_c.c.o\x1b[0m\n'}
[58.203000] (-) TimerEvent: {}
[58.305442] (-) TimerEvent: {}
[58.413328] (-) TimerEvent: {}
[58.515930] (-) TimerEvent: {}
[58.616980] (-) TimerEvent: {}
[58.711140] (cpp_srvcli) StdoutLine: {'line': b'[ 96%] \x1b[32m\x1b[1mLinking C shared library rosidl_generator_py/cpp_srvcli/cpp_srvcli_s__rosidl_typesupport_c.cpython-38-x86_64-linux-gnu.so\x1b[0m\n'}
[58.717205] (-) TimerEvent: {}
[58.818554] (-) TimerEvent: {}
[58.901958] (cpp_srvcli) StdoutLine: {'line': b'[ 96%] Built target cpp_srvcli__rosidl_typesupport_c__pyext\n'}
[58.919507] (-) TimerEvent: {}
[58.935630] (cpp_srvcli) StdoutLine: {'line': b'\x1b[35m\x1b[1mScanning dependencies of target cpp_srvcli__rosidl_typesupport_introspection_c__pyext\x1b[0m\n'}
[58.989563] (cpp_srvcli) StdoutLine: {'line': b'[ 98%] \x1b[32mBuilding C object CMakeFiles/cpp_srvcli__rosidl_typesupport_introspection_c__pyext.dir/rosidl_generator_py/cpp_srvcli/_cpp_srvcli_s.ep.rosidl_typesupport_introspection_c.c.o\x1b[0m\n'}
[59.019708] (-) TimerEvent: {}
[59.120733] (-) TimerEvent: {}
[59.222325] (-) TimerEvent: {}
[59.324517] (-) TimerEvent: {}
[59.428666] (-) TimerEvent: {}
[59.482712] (cpp_srvcli) StdoutLine: {'line': b'[100%] \x1b[32m\x1b[1mLinking C shared library rosidl_generator_py/cpp_srvcli/cpp_srvcli_s__rosidl_typesupport_introspection_c.cpython-38-x86_64-linux-gnu.so\x1b[0m\n'}
[59.530267] (-) TimerEvent: {}
[59.631670] (-) TimerEvent: {}
[59.732903] (-) TimerEvent: {}
[59.745070] (cpp_srvcli) StdoutLine: {'line': b'[100%] Built target cpp_srvcli__rosidl_typesupport_introspection_c__pyext\n'}
[59.803596] (cpp_srvcli) CommandEnded: {'returncode': 0}
[59.836359] (-) TimerEvent: {}
[59.937207] (-) TimerEvent: {}
[60.039083] (-) TimerEvent: {}
[60.139871] (-) TimerEvent: {}
[60.242024] (-) TimerEvent: {}
[60.250521] (cpp_srvcli) JobProgress: {'identifier': 'cpp_srvcli', 'progress': 'install'}
[60.251488] (cpp_srvcli) Command: {'cmd': ['/usr/bin/cmake', '--install', '/home/chen/ros2_ws/build/cpp_srvcli'], 'cwd': '/home/chen/ros2_ws/build/cpp_srvcli', 'env': OrderedDict([('GJS_DEBUG_TOPICS', 'JS ERROR;JS LOG'), ('LESSOPEN', '| /usr/bin/lesspipe %s'), ('VSCODE_CWD', '/home/chen'), ('VSCODE_CRASH_REPORTER_SANDBOXED_HINT', '1'), ('LANGUAGE', 'zh_CN:en_US:en'), ('USER', 'chen'), ('SNAP_COMMON', '/var/snap/code/common'), ('LC_TIME', 'en_US.UTF-8'), ('VSCODE_NLS_CONFIG', '{"locale":"zh-cn","osLocale":"zh-cn","availableLanguages":{"*":"zh-cn"},"_languagePackId":"e8139c6a810edc38ce118d65c4ecc4ca.zh-cn","_translationsConfigFile":"/home/chen/.config/Code/clp/e8139c6a810edc38ce118d65c4ecc4ca.zh-cn/tcf.json","_cacheRoot":"/home/chen/.config/Code/clp/e8139c6a810edc38ce118d65c4ecc4ca.zh-cn","_resolvedLanguagePackCoreLocation":"/home/chen/.config/Code/clp/e8139c6a810edc38ce118d65c4ecc4ca.zh-cn/252e5463d60e63238250799aef7375787f68b4ee","_corruptedFile":"/home/chen/.config/Code/clp/e8139c6a810edc38ce118d65c4ecc4ca.zh-cn/corrupted.info","_languagePackSupport":true}'), ('GIO_MODULE_DIR', '/home/chen/snap/code/common/.cache/gio-modules'), ('VSCODE_HANDLES_UNCAUGHT_ERRORS', 'true'), ('SSH_AGENT_PID', '1623'), ('XDG_SESSION_TYPE', 'x11'), ('GIT_ASKPASS', '/snap/code/127/usr/share/code/resources/app/extensions/git/dist/askpass.sh'), ('SHLVL', '0'), ('LD_LIBRARY_PATH', '/opt/ros/foxy/opt/yaml_cpp_vendor/lib:/opt/ros/foxy/opt/rviz_ogre_vendor/lib:/opt/ros/foxy/lib/x86_64-linux-gnu:/opt/ros/foxy/lib'), ('HOME', '/home/chen'), ('CHROME_DESKTOP', 'code-url-handler.desktop'), ('SNAP_LIBRARY_PATH', '/var/lib/snapd/lib/gl:/var/lib/snapd/lib/gl32:/var/lib/snapd/void'), ('TERM_PROGRAM_VERSION', '1.78.0'), ('DESKTOP_SESSION', 'ubuntu'), ('SNAP_USER_DATA', '/home/chen/snap/code/127'), ('GTK_PATH', '/snap/code/127/usr/lib/x86_64-linux-gnu/gtk-3.0'), ('VSCODE_IPC_HOOK', '/run/user/1000/vscode-9eb2e185-1.78-main.sock'), ('GTK_IM_MODULE_FILE', '/home/chen/snap/code/common/.cache/immodules/immodules.cache'), ('GIO_LAUNCHED_DESKTOP_FILE', '/var/lib/snapd/desktop/applications/code_code.desktop'), ('APPLICATION_INSIGHTS_NO_DIAGNOSTIC_CHANNEL', '1'), ('ROS_PYTHON_VERSION', '3'), ('GNOME_SHELL_SESSION_MODE', 'ubuntu'), ('GTK_MODULES', 'gail:atk-bridge'), ('VSCODE_GIT_ASKPASS_MAIN', '/snap/code/127/usr/share/code/resources/app/extensions/git/dist/askpass-main.js'), ('LC_MONETARY', 'en_US.UTF-8'), ('VSCODE_GIT_ASKPASS_NODE', '/snap/code/127/usr/share/code/code'), ('MANAGERPID', '984'), ('DBUS_SESSION_BUS_ADDRESS', 'unix:path=/run/user/1000/bus'), ('SNAP_REVISION', '127'), ('COLORTERM', 'truecolor'), ('GIO_LAUNCHED_DESKTOP_FILE_PID', '3988'), ('_colcon_cd_root', '/opt/ros/foxy/'), ('VSCODE_CRASH_REPORTER_PROCESS_TYPE', 'extensionHost'), ('MANDATORY_PATH', '/usr/share/gconf/ubuntu.mandatory.path'), ('IM_CONFIG_PHASE', '1'), ('COLCON_PREFIX_PATH', '/home/chen/ros2_ws/install'), ('ROS_DISTRO', 'foxy'), ('LOGNAME', 'chen'), ('_', '/usr/bin/colcon'), ('SNAP_CONTEXT', 'OgBwCAaQaxEDKAh8OHfl0NLbdB4suEWKTOrgMZFuLfLcTjT37Pas'), ('JOURNAL_STREAM', '8:48777'), ('ROS_VERSION', '2'), ('XDG_SESSION_CLASS', 'user'), ('DEFAULTS_PATH', '/usr/share/gconf/ubuntu.default.path'), ('SNAP_VERSION', '252e5463'), ('USERNAME', 'chen'), ('TERM', 'xterm-256color'), ('GNOME_DESKTOP_SESSION_ID', 'this-is-deprecated'), ('SNAP_INSTANCE_NAME', 'code'), ('ROS_LOCALHOST_ONLY', '0'), ('WINDOWPATH', '2'), ('PATH', '/opt/ros/foxy/bin:/usr/local/sbin:/usr/local/bin:/usr/sbin:/usr/bin:/sbin:/bin:/usr/games:/usr/local/games:/snap/bin'), ('SESSION_MANAGER', 'local/ubuntu:@/tmp/.ICE-unix/1661,unix/ubuntu:/tmp/.ICE-unix/1661'), ('VSCODE_AMD_ENTRYPOINT', 'vs/workbench/api/node/extensionHostProcess'), ('GTK_EXE_PREFIX', '/snap/code/127/usr'), ('INVOCATION_ID', '6f8a6e31496c4cc3b875e8e414f8c7b2'), ('PAPERSIZE', 'letter'), ('XDG_MENU_PREFIX', 'gnome-'), ('LC_ADDRESS', 'en_US.UTF-8'), ('BAMF_DESKTOP_FILE_HINT', '/var/lib/snapd/desktop/applications/code_code.desktop'), ('SNAP_DATA', '/var/snap/code/127'), ('XDG_RUNTIME_DIR', '/run/user/1000'), ('GDK_BACKEND', 'x11'), ('DISPLAY', ':0'), ('LOCPATH', '/snap/code/127/usr/lib/locale'), ('LANG', 'zh_CN.UTF-8'), ('XDG_CURRENT_DESKTOP', 'Unity'), ('LC_TELEPHONE', 'en_US.UTF-8'), ('XMODIFIERS', '@im=ibus'), ('XDG_SESSION_DESKTOP', 'ubuntu'), ('XAUTHORITY', '/run/user/1000/gdm/Xauthority'), ('LS_COLORS', ''), ('VSCODE_GIT_IPC_HANDLE', '/run/user/1000/vscode-git-c2d6e3f140.sock'), ('TERM_PROGRAM', 'vscode'), ('SNAP_USER_COMMON', '/home/chen/snap/code/common'), ('SSH_AUTH_SOCK', '/run/user/1000/keyring/ssh'), ('GSETTINGS_SCHEMA_DIR', '/home/chen/snap/code/127/.local/share/glib-2.0/schemas'), ('SNAP_ARCH', 'amd64'), ('AMENT_PREFIX_PATH', '/home/chen/ros2_ws/install/cpp_srvcli:/home/chen/ros2_ws/install/cpp_pubsub:/opt/ros/foxy'), ('SNAP_COOKIE', 'OgBwCAaQaxEDKAh8OHfl0NLbdB4suEWKTOrgMZFuLfLcTjT37Pas'), ('ORIGINAL_XDG_CURRENT_DESKTOP', 'ubuntu:GNOME'), ('SHELL', '/bin/bash'), ('LC_NAME', 'en_US.UTF-8'), ('GDK_PIXBUF_MODULEDIR', '/snap/code/127/usr/lib/x86_64-linux-gnu/gdk-pixbuf-2.0/2.10.0/loaders'), ('QT_ACCESSIBILITY', '1'), ('ELECTRON_RUN_AS_NODE', '1'), ('GDMSESSION', 'ubuntu'), ('LESSCLOSE', '/usr/bin/lesspipe %s %s'), ('SNAP_NAME', 'code'), ('LC_MEASUREMENT', 'en_US.UTF-8'), ('GDK_PIXBUF_MODULE_FILE', '/home/chen/snap/code/common/.cache/gdk-pixbuf-loaders.cache'), ('GPG_AGENT_INFO', '/run/user/1000/gnupg/S.gpg-agent:0:1'), ('GJS_DEBUG_OUTPUT', 'stderr'), ('LC_IDENTIFICATION', 'en_US.UTF-8'), ('SNAP_LAUNCHER_ARCH_TRIPLET', 'x86_64-linux-gnu'), ('VSCODE_GIT_ASKPASS_EXTRA_ARGS', '--ms-enable-electron-run-as-node'), ('QT_IM_MODULE', 'ibus'), ('PWD', '/home/chen/ros2_ws/build/cpp_srvcli'), ('VSCODE_CLI', '1'), ('XDG_CONFIG_DIRS', '/etc/xdg/xdg-ubuntu:/etc/xdg'), ('SNAP_REAL_HOME', '/home/chen'), ('VSCODE_CODE_CACHE_PATH', '/home/chen/.config/Code/CachedData/252e5463d60e63238250799aef7375787f68b4ee'), ('XDG_DATA_DIRS', '/home/chen/snap/code/127/.local/share:/home/chen/snap/code/127:/snap/code/127/usr/share:/usr/share/ubuntu:/usr/local/share/:/usr/share/:/var/lib/snapd/desktop'), ('PYTHONPATH', '/opt/ros/foxy/lib/python3.8/site-packages'), ('SNAP', '/snap/code/127'), ('LC_NUMERIC', 'en_US.UTF-8'), ('LC_PAPER', 'en_US.UTF-8'), ('COLCON', '1'), ('ELECTRON_NO_ATTACH_CONSOLE', '1'), ('CMAKE_PREFIX_PATH', '/home/chen/ros2_ws/install/cpp_srvcli:/home/chen/ros2_ws/install/cpp_pubsub:/opt/ros/foxy'), ('VSCODE_PID', '4033')]), 'shell': False}
[60.289552] (cpp_srvcli) StdoutLine: {'line': b'-- Install configuration: "RelWithDebInfo"\n'}
[60.291498] (cpp_srvcli) StdoutLine: {'line': b'-- Execute custom install script\n'}
[60.293650] (cpp_srvcli) StdoutLine: {'line': b'-- Symlinking: /home/chen/ros2_ws/install/cpp_srvcli/share/ament_index/resource_index/rosidl_interfaces/cpp_srvcli\n'}
[60.318219] (cpp_srvcli) StdoutLine: {'line': b'-- Symlinking: /home/chen/ros2_ws/install/cpp_srvcli/include/cpp_srvcli/msg/detail/num__functions.h\n'}
[60.342222] (-) TimerEvent: {}
[60.344799] (cpp_srvcli) StdoutLine: {'line': b'-- Symlinking: /home/chen/ros2_ws/install/cpp_srvcli/include/cpp_srvcli/msg/detail/num__struct.h\n'}
[60.363433] (cpp_srvcli) StdoutLine: {'line': b'-- Symlinking: /home/chen/ros2_ws/install/cpp_srvcli/include/cpp_srvcli/msg/detail/num__type_support.h\n'}
[60.400014] (cpp_srvcli) StdoutLine: {'line': b'-- Symlinking: /home/chen/ros2_ws/install/cpp_srvcli/include/cpp_srvcli/msg/detail/sphere__functions.h\n'}
[60.437227] (cpp_srvcli) StdoutLine: {'line': b'-- Symlinking: /home/chen/ros2_ws/install/cpp_srvcli/include/cpp_srvcli/msg/detail/sphere__struct.h\n'}
[60.442842] (-) TimerEvent: {}
[60.465978] (cpp_srvcli) StdoutLine: {'line': b'-- Symlinking: /home/chen/ros2_ws/install/cpp_srvcli/include/cpp_srvcli/msg/detail/sphere__type_support.h\n'}
[60.505897] (cpp_srvcli) StdoutLine: {'line': b'-- Symlinking: /home/chen/ros2_ws/install/cpp_srvcli/include/cpp_srvcli/msg/num.h\n'}
[60.533497] (cpp_srvcli) StdoutLine: {'line': b'-- Symlinking: /home/chen/ros2_ws/install/cpp_srvcli/include/cpp_srvcli/msg/rosidl_generator_c__visibility_control.h\n'}
[60.543744] (-) TimerEvent: {}
[60.559507] (cpp_srvcli) StdoutLine: {'line': b'-- Symlinking: /home/chen/ros2_ws/install/cpp_srvcli/include/cpp_srvcli/msg/sphere.h\n'}
[60.579760] (cpp_srvcli) StdoutLine: {'line': b'-- Symlinking: /home/chen/ros2_ws/install/cpp_srvcli/include/cpp_srvcli/srv/add_three_ints.h\n'}
[60.609083] (cpp_srvcli) StdoutLine: {'line': b'-- Symlinking: /home/chen/ros2_ws/install/cpp_srvcli/include/cpp_srvcli/srv/detail/add_three_ints__functions.h\n'}
[60.640258] (cpp_srvcli) StdoutLine: {'line': b'-- Symlinking: /home/chen/ros2_ws/install/cpp_srvcli/include/cpp_srvcli/srv/detail/add_three_ints__struct.h\n'}
[60.643902] (-) TimerEvent: {}
[60.674893] (cpp_srvcli) StdoutLine: {'line': b'-- Symlinking: /home/chen/ros2_ws/install/cpp_srvcli/include/cpp_srvcli/srv/detail/add_three_ints__type_support.h\n'}
[60.735155] (cpp_srvcli) StdoutLine: {'line': b'-- Symlinking: /home/chen/ros2_ws/install/cpp_srvcli/share/cpp_srvcli/environment/library_path.sh\n'}
[60.744931] (-) TimerEvent: {}
[60.777450] (cpp_srvcli) StdoutLine: {'line': b'-- Symlinking: /home/chen/ros2_ws/install/cpp_srvcli/share/cpp_srvcli/environment/library_path.dsv\n'}
[60.811984] (cpp_srvcli) StdoutLine: {'line': b'-- Symlinking: /home/chen/ros2_ws/install/cpp_srvcli/include/cpp_srvcli/msg/detail/num__rosidl_typesupport_fastrtps_c.h\n'}
[60.845866] (-) TimerEvent: {}
[60.852518] (cpp_srvcli) StdoutLine: {'line': b'-- Symlinking: /home/chen/ros2_ws/install/cpp_srvcli/include/cpp_srvcli/msg/detail/sphere__rosidl_typesupport_fastrtps_c.h\n'}
[60.884367] (cpp_srvcli) StdoutLine: {'line': b'-- Symlinking: /home/chen/ros2_ws/install/cpp_srvcli/include/cpp_srvcli/msg/rosidl_typesupport_fastrtps_c__visibility_control.h\n'}
[60.944484] (cpp_srvcli) StdoutLine: {'line': b'-- Symlinking: /home/chen/ros2_ws/install/cpp_srvcli/include/cpp_srvcli/srv/detail/add_three_ints__rosidl_typesupport_fastrtps_c.h\n'}
[60.949573] (-) TimerEvent: {}
[60.996699] (cpp_srvcli) StdoutLine: {'line': b'-- Symlinking: /home/chen/ros2_ws/install/cpp_srvcli/lib/libcpp_srvcli__rosidl_typesupport_fastrtps_c.so\n'}
[61.046316] (cpp_srvcli) StdoutLine: {'line': b'-- Symlinking: /home/chen/ros2_ws/install/cpp_srvcli/include/cpp_srvcli/msg/detail/num__rosidl_typesupport_fastrtps_cpp.hpp\n'}
[61.049914] (-) TimerEvent: {}
[61.079865] (cpp_srvcli) StdoutLine: {'line': b'-- Symlinking: /home/chen/ros2_ws/install/cpp_srvcli/include/cpp_srvcli/msg/detail/sphere__rosidl_typesupport_fastrtps_cpp.hpp\n'}
[61.122095] (cpp_srvcli) StdoutLine: {'line': b'-- Symlinking: /home/chen/ros2_ws/install/cpp_srvcli/include/cpp_srvcli/msg/rosidl_typesupport_fastrtps_cpp__visibility_control.h\n'}
[61.151018] (-) TimerEvent: {}
[61.176421] (cpp_srvcli) StdoutLine: {'line': b'-- Symlinking: /home/chen/ros2_ws/install/cpp_srvcli/include/cpp_srvcli/srv/detail/add_three_ints__rosidl_typesupport_fastrtps_cpp.hpp\n'}
[61.219803] (cpp_srvcli) StdoutLine: {'line': b'-- Symlinking: /home/chen/ros2_ws/install/cpp_srvcli/lib/libcpp_srvcli__rosidl_typesupport_fastrtps_cpp.so\n'}
[61.251301] (-) TimerEvent: {}
[61.288427] (cpp_srvcli) StdoutLine: {'line': b'-- Symlinking: /home/chen/ros2_ws/install/cpp_srvcli/include/cpp_srvcli/msg/detail/num__rosidl_typesupport_introspection_c.h\n'}
[61.339275] (cpp_srvcli) StdoutLine: {'line': b'-- Symlinking: /home/chen/ros2_ws/install/cpp_srvcli/include/cpp_srvcli/msg/detail/sphere__rosidl_typesupport_introspection_c.h\n'}
[61.352305] (-) TimerEvent: {}
[61.371726] (cpp_srvcli) StdoutLine: {'line': b'-- Symlinking: /home/chen/ros2_ws/install/cpp_srvcli/include/cpp_srvcli/msg/rosidl_typesupport_introspection_c__visibility_control.h\n'}
[61.399475] (cpp_srvcli) StdoutLine: {'line': b'-- Symlinking: /home/chen/ros2_ws/install/cpp_srvcli/include/cpp_srvcli/srv/detail/add_three_ints__rosidl_typesupport_introspection_c.h\n'}
[61.440068] (cpp_srvcli) StdoutLine: {'line': b'-- Symlinking: /home/chen/ros2_ws/install/cpp_srvcli/include/cpp_srvcli/msg/detail/num__builder.hpp\n'}
[61.453081] (-) TimerEvent: {}
[61.471777] (cpp_srvcli) StdoutLine: {'line': b'-- Symlinking: /home/chen/ros2_ws/install/cpp_srvcli/include/cpp_srvcli/msg/detail/num__struct.hpp\n'}
[61.500740] (cpp_srvcli) StdoutLine: {'line': b'-- Symlinking: /home/chen/ros2_ws/install/cpp_srvcli/include/cpp_srvcli/msg/detail/num__traits.hpp\n'}
[61.517258] (cpp_srvcli) StdoutLine: {'line': b'-- Symlinking: /home/chen/ros2_ws/install/cpp_srvcli/include/cpp_srvcli/msg/detail/sphere__builder.hpp\n'}
[61.537041] (cpp_srvcli) StdoutLine: {'line': b'-- Symlinking: /home/chen/ros2_ws/install/cpp_srvcli/include/cpp_srvcli/msg/detail/sphere__struct.hpp\n'}
[61.553625] (-) TimerEvent: {}
[61.571671] (cpp_srvcli) StdoutLine: {'line': b'-- Symlinking: /home/chen/ros2_ws/install/cpp_srvcli/include/cpp_srvcli/msg/detail/sphere__traits.hpp\n'}
[61.610533] (cpp_srvcli) StdoutLine: {'line': b'-- Symlinking: /home/chen/ros2_ws/install/cpp_srvcli/include/cpp_srvcli/msg/num.hpp\n'}
[61.638123] (cpp_srvcli) StdoutLine: {'line': b'-- Symlinking: /home/chen/ros2_ws/install/cpp_srvcli/include/cpp_srvcli/msg/sphere.hpp\n'}
[61.653886] (-) TimerEvent: {}
[61.663791] (cpp_srvcli) StdoutLine: {'line': b'-- Symlinking: /home/chen/ros2_ws/install/cpp_srvcli/include/cpp_srvcli/srv/add_three_ints.hpp\n'}
[61.693873] (cpp_srvcli) StdoutLine: {'line': b'-- Symlinking: /home/chen/ros2_ws/install/cpp_srvcli/include/cpp_srvcli/srv/detail/add_three_ints__builder.hpp\n'}
[61.717209] (cpp_srvcli) StdoutLine: {'line': b'-- Symlinking: /home/chen/ros2_ws/install/cpp_srvcli/include/cpp_srvcli/srv/detail/add_three_ints__struct.hpp\n'}
[61.743983] (cpp_srvcli) StdoutLine: {'line': b'-- Symlinking: /home/chen/ros2_ws/install/cpp_srvcli/include/cpp_srvcli/srv/detail/add_three_ints__traits.hpp\n'}
[61.754196] (-) TimerEvent: {}
[61.771004] (cpp_srvcli) StdoutLine: {'line': b'-- Symlinking: /home/chen/ros2_ws/install/cpp_srvcli/include/cpp_srvcli/msg/detail/num__rosidl_typesupport_introspection_cpp.hpp\n'}
[61.794382] (cpp_srvcli) StdoutLine: {'line': b'-- Symlinking: /home/chen/ros2_ws/install/cpp_srvcli/include/cpp_srvcli/msg/detail/sphere__rosidl_typesupport_introspection_cpp.hpp\n'}
[61.813197] (cpp_srvcli) StdoutLine: {'line': b'-- Symlinking: /home/chen/ros2_ws/install/cpp_srvcli/include/cpp_srvcli/srv/detail/add_three_ints__rosidl_typesupport_introspection_cpp.hpp\n'}
[61.836031] (cpp_srvcli) StdoutLine: {'line': b'-- Symlinking: /home/chen/ros2_ws/install/cpp_srvcli/share/cpp_srvcli/environment/pythonpath.sh\n'}
[61.854607] (-) TimerEvent: {}
[61.858964] (cpp_srvcli) StdoutLine: {'line': b'-- Symlinking: /home/chen/ros2_ws/install/cpp_srvcli/share/cpp_srvcli/environment/pythonpath.dsv\n'}
[61.883889] (cpp_srvcli) StdoutLine: {'line': b'-- Symlinking: /home/chen/ros2_ws/install/cpp_srvcli/lib/python3.8/site-packages/cpp_srvcli/__init__.py\n'}
[61.907354] (cpp_srvcli) StdoutLine: {'line': b'-- Symlinking: /home/chen/ros2_ws/install/cpp_srvcli/lib/python3.8/site-packages/cpp_srvcli/msg/__init__.py\n'}
[61.935159] (cpp_srvcli) StdoutLine: {'line': b'-- Symlinking: /home/chen/ros2_ws/install/cpp_srvcli/lib/python3.8/site-packages/cpp_srvcli/msg/_num.py\n'}
[61.954799] (-) TimerEvent: {}
[61.955211] (cpp_srvcli) StdoutLine: {'line': b'-- Symlinking: /home/chen/ros2_ws/install/cpp_srvcli/lib/python3.8/site-packages/cpp_srvcli/msg/_sphere.py\n'}
[61.987993] (cpp_srvcli) StdoutLine: {'line': b'-- Symlinking: /home/chen/ros2_ws/install/cpp_srvcli/lib/python3.8/site-packages/cpp_srvcli/srv/__init__.py\n'}
[62.023623] (cpp_srvcli) StdoutLine: {'line': b'-- Symlinking: /home/chen/ros2_ws/install/cpp_srvcli/lib/python3.8/site-packages/cpp_srvcli/srv/_add_three_ints.py\n'}
[62.049020] (cpp_srvcli) StdoutLine: {'line': b'-- Symlinking: /home/chen/ros2_ws/install/cpp_srvcli/lib/python3.8/site-packages/cpp_srvcli/cpp_srvcli_s__rosidl_typesupport_fastrtps_c.cpython-38-x86_64-linux-gnu.so\n'}
[62.055095] (-) TimerEvent: {}
[62.080310] (cpp_srvcli) StdoutLine: {'line': b'-- Symlinking: /home/chen/ros2_ws/install/cpp_srvcli/lib/python3.8/site-packages/cpp_srvcli/cpp_srvcli_s__rosidl_typesupport_introspection_c.cpython-38-x86_64-linux-gnu.so\n'}
[62.110628] (cpp_srvcli) StdoutLine: {'line': b'-- Symlinking: /home/chen/ros2_ws/install/cpp_srvcli/lib/python3.8/site-packages/cpp_srvcli/cpp_srvcli_s__rosidl_typesupport_c.cpython-38-x86_64-linux-gnu.so\n'}
[62.137288] (cpp_srvcli) StdoutLine: {'line': b'-- Symlinking: /home/chen/ros2_ws/install/cpp_srvcli/lib/libcpp_srvcli__python.so\n'}
[62.155537] (-) TimerEvent: {}
[62.162963] (cpp_srvcli) StdoutLine: {'line': b'-- Symlinking: /home/chen/ros2_ws/install/cpp_srvcli/share/cpp_srvcli/msg/Num.idl\n'}
[62.199018] (cpp_srvcli) StdoutLine: {'line': b'-- Symlinking: /home/chen/ros2_ws/install/cpp_srvcli/share/cpp_srvcli/msg/Sphere.idl\n'}
[62.226343] (cpp_srvcli) StdoutLine: {'line': b'-- Symlinking: /home/chen/ros2_ws/install/cpp_srvcli/share/cpp_srvcli/srv/AddThreeInts.idl\n'}
[62.247598] (cpp_srvcli) StdoutLine: {'line': b'-- Symlinking: /home/chen/ros2_ws/install/cpp_srvcli/share/cpp_srvcli/msg/Num.msg\n'}
[62.256112] (-) TimerEvent: {}
[62.273678] (cpp_srvcli) StdoutLine: {'line': b'-- Symlinking: /home/chen/ros2_ws/install/cpp_srvcli/share/cpp_srvcli/msg/Sphere.msg\n'}
[62.289357] (cpp_srvcli) StdoutLine: {'line': b'-- Symlinking: /home/chen/ros2_ws/install/cpp_srvcli/share/cpp_srvcli/srv/AddThreeInts.srv\n'}
[62.308712] (cpp_srvcli) StdoutLine: {'line': b'-- Symlinking: /home/chen/ros2_ws/install/cpp_srvcli/share/cpp_srvcli/srv/AddThreeInts_Request.msg\n'}
[62.338365] (cpp_srvcli) StdoutLine: {'line': b'-- Symlinking: /home/chen/ros2_ws/install/cpp_srvcli/share/cpp_srvcli/srv/AddThreeInts_Response.msg\n'}
[62.356214] (-) TimerEvent: {}
[62.376447] (cpp_srvcli) StdoutLine: {'line': b'-- Up-to-date symlink: /home/chen/ros2_ws/install/cpp_srvcli/lib/cpp_srvcli/server\n'}
[62.376710] (cpp_srvcli) StdoutLine: {'line': b'-- Up-to-date symlink: /home/chen/ros2_ws/install/cpp_srvcli/lib/cpp_srvcli/client\n'}
[62.376807] (cpp_srvcli) StdoutLine: {'line': b'-- Up-to-date symlink: /home/chen/ros2_ws/install/cpp_srvcli/share/ament_index/resource_index/package_run_dependencies/cpp_srvcli\n'}
[62.377026] (cpp_srvcli) StdoutLine: {'line': b'-- Up-to-date symlink: /home/chen/ros2_ws/install/cpp_srvcli/share/ament_index/resource_index/parent_prefix_path/cpp_srvcli\n'}
[62.377251] (cpp_srvcli) StdoutLine: {'line': b'-- Up-to-date symlink: /home/chen/ros2_ws/install/cpp_srvcli/share/cpp_srvcli/environment/ament_prefix_path.sh\n'}
[62.377338] (cpp_srvcli) StdoutLine: {'line': b'-- Up-to-date symlink: /home/chen/ros2_ws/install/cpp_srvcli/share/cpp_srvcli/environment/ament_prefix_path.dsv\n'}
[62.377579] (cpp_srvcli) StdoutLine: {'line': b'-- Up-to-date symlink: /home/chen/ros2_ws/install/cpp_srvcli/share/cpp_srvcli/environment/path.sh\n'}
[62.378066] (cpp_srvcli) StdoutLine: {'line': b'-- Up-to-date symlink: /home/chen/ros2_ws/install/cpp_srvcli/share/cpp_srvcli/environment/path.dsv\n'}
[62.378550] (cpp_srvcli) StdoutLine: {'line': b'-- Up-to-date symlink: /home/chen/ros2_ws/install/cpp_srvcli/share/cpp_srvcli/local_setup.bash\n'}
[62.379048] (cpp_srvcli) StdoutLine: {'line': b'-- Up-to-date symlink: /home/chen/ros2_ws/install/cpp_srvcli/share/cpp_srvcli/local_setup.sh\n'}
[62.379551] (cpp_srvcli) StdoutLine: {'line': b'-- Up-to-date symlink: /home/chen/ros2_ws/install/cpp_srvcli/share/cpp_srvcli/local_setup.zsh\n'}
[62.380016] (cpp_srvcli) StdoutLine: {'line': b'-- Up-to-date symlink: /home/chen/ros2_ws/install/cpp_srvcli/share/cpp_srvcli/local_setup.dsv\n'}
[62.380430] (cpp_srvcli) StdoutLine: {'line': b'-- Symlinking: /home/chen/ros2_ws/install/cpp_srvcli/share/cpp_srvcli/package.dsv\n'}
[62.411216] (cpp_srvcli) StdoutLine: {'line': b'-- Up-to-date symlink: /home/chen/ros2_ws/install/cpp_srvcli/share/ament_index/resource_index/packages/cpp_srvcli\n'}
[62.412789] (cpp_srvcli) StdoutLine: {'line': b'-- Symlinking: /home/chen/ros2_ws/install/cpp_srvcli/share/cpp_srvcli/cmake/rosidl_cmake-extras.cmake\n'}
[62.433827] (cpp_srvcli) StdoutLine: {'line': b'-- Symlinking: /home/chen/ros2_ws/install/cpp_srvcli/share/cpp_srvcli/cmake/ament_cmake_export_dependencies-extras.cmake\n'}
[62.454049] (cpp_srvcli) StdoutLine: {'line': b'-- Symlinking: /home/chen/ros2_ws/install/cpp_srvcli/share/cpp_srvcli/cmake/ament_cmake_export_libraries-extras.cmake\n'}
[62.456692] (-) TimerEvent: {}
[62.478714] (cpp_srvcli) StdoutLine: {'line': b'-- Symlinking: /home/chen/ros2_ws/install/cpp_srvcli/share/cpp_srvcli/cmake/ament_cmake_export_targets-extras.cmake\n'}
[62.499464] (cpp_srvcli) StdoutLine: {'line': b'-- Symlinking: /home/chen/ros2_ws/install/cpp_srvcli/share/cpp_srvcli/cmake/ament_cmake_export_include_directories-extras.cmake\n'}
[62.522502] (cpp_srvcli) StdoutLine: {'line': b'-- Symlinking: /home/chen/ros2_ws/install/cpp_srvcli/share/cpp_srvcli/cmake/rosidl_cmake_export_typesupport_libraries-extras.cmake\n'}
[62.546466] (cpp_srvcli) StdoutLine: {'line': b'-- Symlinking: /home/chen/ros2_ws/install/cpp_srvcli/share/cpp_srvcli/cmake/rosidl_cmake_export_typesupport_targets-extras.cmake\n'}
[62.556907] (-) TimerEvent: {}
[62.563865] (cpp_srvcli) StdoutLine: {'line': b'-- Up-to-date symlink: /home/chen/ros2_ws/install/cpp_srvcli/share/cpp_srvcli/cmake/cpp_srvcliConfig.cmake\n'}
[62.564209] (cpp_srvcli) StdoutLine: {'line': b'-- Up-to-date symlink: /home/chen/ros2_ws/install/cpp_srvcli/share/cpp_srvcli/cmake/cpp_srvcliConfig-version.cmake\n'}
[62.564729] (cpp_srvcli) StdoutLine: {'line': b'-- Up-to-date symlink: /home/chen/ros2_ws/install/cpp_srvcli/share/cpp_srvcli/package.xml\n'}
[62.565152] (cpp_srvcli) StdoutLine: {'line': b'-- Installing: /home/chen/ros2_ws/install/cpp_srvcli/lib/libcpp_srvcli__rosidl_generator_c.so\n'}
[62.566094] (cpp_srvcli) StdoutLine: {'line': b'-- Set runtime path of "/home/chen/ros2_ws/install/cpp_srvcli/lib/libcpp_srvcli__rosidl_generator_c.so" to ""\n'}
[62.566353] (cpp_srvcli) StdoutLine: {'line': b'-- Installing: /home/chen/ros2_ws/install/cpp_srvcli/lib/libcpp_srvcli__rosidl_typesupport_introspection_c.so\n'}
[62.567166] (cpp_srvcli) StdoutLine: {'line': b'-- Set runtime path of "/home/chen/ros2_ws/install/cpp_srvcli/lib/libcpp_srvcli__rosidl_typesupport_introspection_c.so" to ""\n'}
[62.567447] (cpp_srvcli) StdoutLine: {'line': b'-- Installing: /home/chen/ros2_ws/install/cpp_srvcli/lib/libcpp_srvcli__rosidl_typesupport_c.so\n'}
[62.568158] (cpp_srvcli) StdoutLine: {'line': b'-- Set runtime path of "/home/chen/ros2_ws/install/cpp_srvcli/lib/libcpp_srvcli__rosidl_typesupport_c.so" to ""\n'}
[62.568434] (cpp_srvcli) StdoutLine: {'line': b'-- Installing: /home/chen/ros2_ws/install/cpp_srvcli/lib/libcpp_srvcli__rosidl_typesupport_introspection_cpp.so\n'}
[62.569401] (cpp_srvcli) StdoutLine: {'line': b'-- Set runtime path of "/home/chen/ros2_ws/install/cpp_srvcli/lib/libcpp_srvcli__rosidl_typesupport_introspection_cpp.so" to ""\n'}
[62.569638] (cpp_srvcli) StdoutLine: {'line': b'-- Installing: /home/chen/ros2_ws/install/cpp_srvcli/lib/libcpp_srvcli__rosidl_typesupport_cpp.so\n'}
[62.570498] (cpp_srvcli) StdoutLine: {'line': b'-- Set runtime path of "/home/chen/ros2_ws/install/cpp_srvcli/lib/libcpp_srvcli__rosidl_typesupport_cpp.so" to ""\n'}
[62.648423] (cpp_srvcli) StdoutLine: {'line': b"Compiling '/home/chen/ros2_ws/install/cpp_srvcli/lib/python3.8/site-packages/cpp_srvcli/__init__.py'...\n"}
[62.658021] (-) TimerEvent: {}
[62.662763] (cpp_srvcli) StdoutLine: {'line': b'-- Installing: /home/chen/ros2_ws/install/cpp_srvcli/share/cpp_srvcli/cmake/cpp_srvcli__rosidl_generator_cExport.cmake\n'}
[62.670710] (cpp_srvcli) StdoutLine: {'line': b'-- Installing: /home/chen/ros2_ws/install/cpp_srvcli/share/cpp_srvcli/cmake/cpp_srvcli__rosidl_generator_cExport-relwithdebinfo.cmake\n'}
[62.672738] (cpp_srvcli) StdoutLine: {'line': b'-- Installing: /home/chen/ros2_ws/install/cpp_srvcli/share/cpp_srvcli/cmake/cpp_srvcli__rosidl_typesupport_introspection_cExport.cmake\n'}
[62.672913] (cpp_srvcli) StdoutLine: {'line': b'-- Installing: /home/chen/ros2_ws/install/cpp_srvcli/share/cpp_srvcli/cmake/cpp_srvcli__rosidl_typesupport_introspection_cExport-relwithdebinfo.cmake\n'}
[62.673353] (cpp_srvcli) StdoutLine: {'line': b'-- Installing: /home/chen/ros2_ws/install/cpp_srvcli/share/cpp_srvcli/cmake/cpp_srvcli__rosidl_typesupport_cExport.cmake\n'}
[62.673737] (cpp_srvcli) StdoutLine: {'line': b'-- Installing: /home/chen/ros2_ws/install/cpp_srvcli/share/cpp_srvcli/cmake/cpp_srvcli__rosidl_typesupport_cExport-relwithdebinfo.cmake\n'}
[62.674153] (cpp_srvcli) StdoutLine: {'line': b'-- Installing: /home/chen/ros2_ws/install/cpp_srvcli/share/cpp_srvcli/cmake/cpp_srvcli__rosidl_generator_cppExport.cmake\n'}
[62.674580] (cpp_srvcli) StdoutLine: {'line': b'-- Installing: /home/chen/ros2_ws/install/cpp_srvcli/share/cpp_srvcli/cmake/cpp_srvcli__rosidl_typesupport_introspection_cppExport.cmake\n'}
[62.674979] (cpp_srvcli) StdoutLine: {'line': b'-- Installing: /home/chen/ros2_ws/install/cpp_srvcli/share/cpp_srvcli/cmake/cpp_srvcli__rosidl_typesupport_introspection_cppExport-relwithdebinfo.cmake\n'}
[62.677141] (cpp_srvcli) StdoutLine: {'line': b'-- Installing: /home/chen/ros2_ws/install/cpp_srvcli/share/cpp_srvcli/cmake/cpp_srvcli__rosidl_typesupport_cppExport.cmake\n'}
[62.677578] (cpp_srvcli) StdoutLine: {'line': b'-- Installing: /home/chen/ros2_ws/install/cpp_srvcli/share/cpp_srvcli/cmake/cpp_srvcli__rosidl_typesupport_cppExport-relwithdebinfo.cmake\n'}
[62.682921] (cpp_srvcli) CommandEnded: {'returncode': 0}
[62.759114] (-) TimerEvent: {}
[62.862371] (-) TimerEvent: {}
[62.963739] (-) TimerEvent: {}
[63.065917] (-) TimerEvent: {}
[63.166466] (-) TimerEvent: {}
[63.170020] (cpp_srvcli) JobEnded: {'identifier': 'cpp_srvcli', 'rc': 0}
[63.172160] (-) EventReactorShutdown: {}
