[1.036s] DEBUG:colcon:Command line arguments: ['/usr/bin/colcon', 'build', '--symlink-install', '--event-handlers', 'console_cohesion+', '--base-paths', '/home/chen/ros2_ws', '--cmake-args', '-DCMAKE_BUILD_TYPE=RelWithDebInfo']
[1.037s] DEBUG:colcon:Parsed command line arguments: Namespace(allow_overriding=[], ament_cmake_args=None, base_paths=['/home/chen/ros2_ws'], build_base='build', catkin_cmake_args=None, catkin_skip_building_tests=False, cmake_args=['-DCMAKE_BUILD_TYPE=RelWithDebInfo'], cmake_clean_cache=False, cmake_clean_first=False, cmake_force_configure=False, cmake_target=None, cmake_target_skip_unavailable=False, continue_on_error=False, event_handlers=['console_cohesion+'], executor='parallel', ignore_user_meta=False, install_base='install', log_base=None, log_level=None, main=<bound method BuildVerb.main of <colcon_core.verb.build.BuildVerb object at 0x7fe854ab50a0>>, merge_install=False, metas=['./colcon.meta'], packages_above=None, packages_above_and_dependencies=None, packages_above_depth=None, packages_end=None, packages_ignore=None, packages_ignore_regex=None, packages_select=None, packages_select_build_failed=False, packages_select_by_dep=None, packages_select_regex=None, packages_select_test_failures=False, packages_skip=None, packages_skip_build_finished=False, packages_skip_by_dep=None, packages_skip_regex=None, packages_skip_test_passed=False, packages_skip_up_to=None, packages_start=None, packages_up_to=None, packages_up_to_regex=None, parallel_workers=2, paths=None, symlink_install=True, test_result_base=None, verb_extension=<colcon_core.verb.build.BuildVerb object at 0x7fe854ab50a0>, verb_name='build', verb_parser=<colcon_defaults.argument_parser.defaults.DefaultArgumentsDecorator object at 0x7fe854ab55e0>)
[1.137s] Level 1:colcon.colcon_core.package_discovery:discover_packages(colcon_meta) check parameters
[1.137s] Level 1:colcon.colcon_core.package_discovery:discover_packages(recursive) check parameters
[1.137s] Level 1:colcon.colcon_core.package_discovery:discover_packages(ignore) check parameters
[1.137s] Level 1:colcon.colcon_core.package_discovery:discover_packages(path) check parameters
[1.137s] Level 1:colcon.colcon_core.package_discovery:discover_packages(recursive) discover
[1.137s] INFO:colcon.colcon_core.package_discovery:Crawling recursively for packages in '/home/chen/ros2_ws'
[1.138s] Level 1:colcon.colcon_core.package_identification:_identify(/home/chen/ros2_ws) by extensions ['ignore', 'ignore_ament_install']
[1.138s] Level 1:colcon.colcon_core.package_identification:_identify(/home/chen/ros2_ws) by extension 'ignore'
[1.138s] Level 1:colcon.colcon_core.package_identification:_identify(/home/chen/ros2_ws) by extension 'ignore_ament_install'
[1.138s] Level 1:colcon.colcon_core.package_identification:_identify(/home/chen/ros2_ws) by extensions ['colcon_pkg']
[1.138s] Level 1:colcon.colcon_core.package_identification:_identify(/home/chen/ros2_ws) by extension 'colcon_pkg'
[1.138s] Level 1:colcon.colcon_core.package_identification:_identify(/home/chen/ros2_ws) by extensions ['colcon_meta']
[1.138s] Level 1:colcon.colcon_core.package_identification:_identify(/home/chen/ros2_ws) by extension 'colcon_meta'
[1.138s] Level 1:colcon.colcon_core.package_identification:_identify(/home/chen/ros2_ws) by extensions ['ros']
[1.138s] Level 1:colcon.colcon_core.package_identification:_identify(/home/chen/ros2_ws) by extension 'ros'
[1.213s] Level 1:colcon.colcon_core.package_identification:_identify(/home/chen/ros2_ws) by extensions ['cmake', 'python']
[1.213s] Level 1:colcon.colcon_core.package_identification:_identify(/home/chen/ros2_ws) by extension 'cmake'
[1.216s] Level 1:colcon.colcon_core.package_identification:_identify(/home/chen/ros2_ws) by extension 'python'
[1.220s] Level 1:colcon.colcon_core.package_identification:_identify(/home/chen/ros2_ws) by extensions ['python_setup_py']
[1.220s] Level 1:colcon.colcon_core.package_identification:_identify(/home/chen/ros2_ws) by extension 'python_setup_py'
[1.221s] Level 1:colcon.colcon_core.package_identification:_identify(/home/chen/ros2_ws/build) by extensions ['ignore', 'ignore_ament_install']
[1.221s] Level 1:colcon.colcon_core.package_identification:_identify(/home/chen/ros2_ws/build) by extension 'ignore'
[1.222s] Level 1:colcon.colcon_core.package_identification:_identify(/home/chen/ros2_ws/build) ignored
[1.223s] Level 1:colcon.colcon_core.package_identification:_identify(/home/chen/ros2_ws/install) by extensions ['ignore', 'ignore_ament_install']
[1.224s] Level 1:colcon.colcon_core.package_identification:_identify(/home/chen/ros2_ws/install) by extension 'ignore'
[1.224s] Level 1:colcon.colcon_core.package_identification:_identify(/home/chen/ros2_ws/install) ignored
[1.225s] Level 1:colcon.colcon_core.package_identification:_identify(/home/chen/ros2_ws/log) by extensions ['ignore', 'ignore_ament_install']
[1.229s] Level 1:colcon.colcon_core.package_identification:_identify(/home/chen/ros2_ws/log) by extension 'ignore'
[1.230s] Level 1:colcon.colcon_core.package_identification:_identify(/home/chen/ros2_ws/log) ignored
[1.230s] Level 1:colcon.colcon_core.package_identification:_identify(/home/chen/ros2_ws/src) by extensions ['ignore', 'ignore_ament_install']
[1.231s] Level 1:colcon.colcon_core.package_identification:_identify(/home/chen/ros2_ws/src) by extension 'ignore'
[1.231s] Level 1:colcon.colcon_core.package_identification:_identify(/home/chen/ros2_ws/src) by extension 'ignore_ament_install'
[1.231s] Level 1:colcon.colcon_core.package_identification:_identify(/home/chen/ros2_ws/src) by extensions ['colcon_pkg']
[1.231s] Level 1:colcon.colcon_core.package_identification:_identify(/home/chen/ros2_ws/src) by extension 'colcon_pkg'
[1.232s] Level 1:colcon.colcon_core.package_identification:_identify(/home/chen/ros2_ws/src) by extensions ['colcon_meta']
[1.232s] Level 1:colcon.colcon_core.package_identification:_identify(/home/chen/ros2_ws/src) by extension 'colcon_meta'
[1.232s] Level 1:colcon.colcon_core.package_identification:_identify(/home/chen/ros2_ws/src) by extensions ['ros']
[1.232s] Level 1:colcon.colcon_core.package_identification:_identify(/home/chen/ros2_ws/src) by extension 'ros'
[1.232s] Level 1:colcon.colcon_core.package_identification:_identify(/home/chen/ros2_ws/src) by extensions ['cmake', 'python']
[1.232s] Level 1:colcon.colcon_core.package_identification:_identify(/home/chen/ros2_ws/src) by extension 'cmake'
[1.232s] Level 1:colcon.colcon_core.package_identification:_identify(/home/chen/ros2_ws/src) by extension 'python'
[1.233s] Level 1:colcon.colcon_core.package_identification:_identify(/home/chen/ros2_ws/src) by extensions ['python_setup_py']
[1.233s] Level 1:colcon.colcon_core.package_identification:_identify(/home/chen/ros2_ws/src) by extension 'python_setup_py'
[1.233s] Level 1:colcon.colcon_core.package_identification:_identify(/home/chen/ros2_ws/src/cpp_pubsub) by extensions ['ignore', 'ignore_ament_install']
[1.233s] Level 1:colcon.colcon_core.package_identification:_identify(/home/chen/ros2_ws/src/cpp_pubsub) by extension 'ignore'
[1.233s] Level 1:colcon.colcon_core.package_identification:_identify(/home/chen/ros2_ws/src/cpp_pubsub) by extension 'ignore_ament_install'
[1.233s] Level 1:colcon.colcon_core.package_identification:_identify(/home/chen/ros2_ws/src/cpp_pubsub) by extensions ['colcon_pkg']
[1.233s] Level 1:colcon.colcon_core.package_identification:_identify(/home/chen/ros2_ws/src/cpp_pubsub) by extension 'colcon_pkg'
[1.233s] Level 1:colcon.colcon_core.package_identification:_identify(/home/chen/ros2_ws/src/cpp_pubsub) by extensions ['colcon_meta']
[1.233s] Level 1:colcon.colcon_core.package_identification:_identify(/home/chen/ros2_ws/src/cpp_pubsub) by extension 'colcon_meta'
[1.234s] Level 1:colcon.colcon_core.package_identification:_identify(/home/chen/ros2_ws/src/cpp_pubsub) by extensions ['ros']
[1.234s] Level 1:colcon.colcon_core.package_identification:_identify(/home/chen/ros2_ws/src/cpp_pubsub) by extension 'ros'
[1.248s] DEBUG:colcon.colcon_core.package_identification:Package '/home/chen/ros2_ws/src/cpp_pubsub' with type 'ros.ament_cmake' and name 'cpp_pubsub'
[1.248s] Level 1:colcon.colcon_core.package_identification:_identify(/home/chen/ros2_ws/src/cpp_srvcli) by extensions ['ignore', 'ignore_ament_install']
[1.249s] Level 1:colcon.colcon_core.package_identification:_identify(/home/chen/ros2_ws/src/cpp_srvcli) by extension 'ignore'
[1.249s] Level 1:colcon.colcon_core.package_identification:_identify(/home/chen/ros2_ws/src/cpp_srvcli) by extension 'ignore_ament_install'
[1.249s] Level 1:colcon.colcon_core.package_identification:_identify(/home/chen/ros2_ws/src/cpp_srvcli) by extensions ['colcon_pkg']
[1.249s] Level 1:colcon.colcon_core.package_identification:_identify(/home/chen/ros2_ws/src/cpp_srvcli) by extension 'colcon_pkg'
[1.249s] Level 1:colcon.colcon_core.package_identification:_identify(/home/chen/ros2_ws/src/cpp_srvcli) by extensions ['colcon_meta']
[1.249s] Level 1:colcon.colcon_core.package_identification:_identify(/home/chen/ros2_ws/src/cpp_srvcli) by extension 'colcon_meta'
[1.249s] Level 1:colcon.colcon_core.package_identification:_identify(/home/chen/ros2_ws/src/cpp_srvcli) by extensions ['ros']
[1.249s] Level 1:colcon.colcon_core.package_identification:_identify(/home/chen/ros2_ws/src/cpp_srvcli) by extension 'ros'
[1.252s] DEBUG:colcon.colcon_core.package_identification:Package '/home/chen/ros2_ws/src/cpp_srvcli' with type 'ros.ament_cmake' and name 'cpp_srvcli'
[1.253s] Level 1:colcon.colcon_core.package_discovery:discover_packages(recursive) using defaults
[1.324s] Level 1:colcon.colcon_core.package_discovery:discover_packages(prefix_path) check parameters
[1.325s] Level 1:colcon.colcon_core.package_discovery:discover_packages(prefix_path) discover
[1.336s] DEBUG:colcon.colcon_installed_package_information.package_discovery:Found 2 installed packages in /home/chen/ros2_ws/install
[1.348s] DEBUG:colcon.colcon_installed_package_information.package_discovery:Found 256 installed packages in /opt/ros/foxy
[1.350s] Level 1:colcon.colcon_core.package_discovery:discover_packages(prefix_path) using defaults
[1.626s] Level 5:colcon.colcon_core.verb:set package 'cpp_pubsub' build argument 'cmake_args' from command line to '['-DCMAKE_BUILD_TYPE=RelWithDebInfo']'
[1.626s] Level 5:colcon.colcon_core.verb:set package 'cpp_pubsub' build argument 'cmake_target' from command line to 'None'
[1.626s] Level 5:colcon.colcon_core.verb:set package 'cpp_pubsub' build argument 'cmake_target_skip_unavailable' from command line to 'False'
[1.626s] Level 5:colcon.colcon_core.verb:set package 'cpp_pubsub' build argument 'cmake_clean_cache' from command line to 'False'
[1.626s] Level 5:colcon.colcon_core.verb:set package 'cpp_pubsub' build argument 'cmake_clean_first' from command line to 'False'
[1.626s] Level 5:colcon.colcon_core.verb:set package 'cpp_pubsub' build argument 'cmake_force_configure' from command line to 'False'
[1.626s] Level 5:colcon.colcon_core.verb:set package 'cpp_pubsub' build argument 'ament_cmake_args' from command line to 'None'
[1.626s] Level 5:colcon.colcon_core.verb:set package 'cpp_pubsub' build argument 'catkin_cmake_args' from command line to 'None'
[1.626s] Level 5:colcon.colcon_core.verb:set package 'cpp_pubsub' build argument 'catkin_skip_building_tests' from command line to 'False'
[1.626s] DEBUG:colcon.colcon_core.verb:Building package 'cpp_pubsub' with the following arguments: {'ament_cmake_args': None, 'build_base': '/home/chen/ros2_ws/build/cpp_pubsub', 'catkin_cmake_args': None, 'catkin_skip_building_tests': False, 'cmake_args': ['-DCMAKE_BUILD_TYPE=RelWithDebInfo'], 'cmake_clean_cache': False, 'cmake_clean_first': False, 'cmake_force_configure': False, 'cmake_target': None, 'cmake_target_skip_unavailable': False, 'install_base': '/home/chen/ros2_ws/install/cpp_pubsub', 'merge_install': False, 'path': '/home/chen/ros2_ws/src/cpp_pubsub', 'symlink_install': True, 'test_result_base': None}
[1.628s] Level 5:colcon.colcon_core.verb:set package 'cpp_srvcli' build argument 'cmake_args' from command line to '['-DCMAKE_BUILD_TYPE=RelWithDebInfo']'
[1.628s] Level 5:colcon.colcon_core.verb:set package 'cpp_srvcli' build argument 'cmake_target' from command line to 'None'
[1.628s] Level 5:colcon.colcon_core.verb:set package 'cpp_srvcli' build argument 'cmake_target_skip_unavailable' from command line to 'False'
[1.629s] Level 5:colcon.colcon_core.verb:set package 'cpp_srvcli' build argument 'cmake_clean_cache' from command line to 'False'
[1.629s] Level 5:colcon.colcon_core.verb:set package 'cpp_srvcli' build argument 'cmake_clean_first' from command line to 'False'
[1.629s] Level 5:colcon.colcon_core.verb:set package 'cpp_srvcli' build argument 'cmake_force_configure' from command line to 'False'
[1.629s] Level 5:colcon.colcon_core.verb:set package 'cpp_srvcli' build argument 'ament_cmake_args' from command line to 'None'
[1.629s] Level 5:colcon.colcon_core.verb:set package 'cpp_srvcli' build argument 'catkin_cmake_args' from command line to 'None'
[1.629s] Level 5:colcon.colcon_core.verb:set package 'cpp_srvcli' build argument 'catkin_skip_building_tests' from command line to 'False'
[1.629s] DEBUG:colcon.colcon_core.verb:Building package 'cpp_srvcli' with the following arguments: {'ament_cmake_args': None, 'build_base': '/home/chen/ros2_ws/build/cpp_srvcli', 'catkin_cmake_args': None, 'catkin_skip_building_tests': False, 'cmake_args': ['-DCMAKE_BUILD_TYPE=RelWithDebInfo'], 'cmake_clean_cache': False, 'cmake_clean_first': False, 'cmake_force_configure': False, 'cmake_target': None, 'cmake_target_skip_unavailable': False, 'install_base': '/home/chen/ros2_ws/install/cpp_srvcli', 'merge_install': False, 'path': '/home/chen/ros2_ws/src/cpp_srvcli', 'symlink_install': True, 'test_result_base': None}
[1.634s] INFO:colcon.colcon_core.executor:Executing jobs using 'parallel' executor
[1.639s] DEBUG:colcon.colcon_parallel_executor.executor.parallel:run_until_complete
[1.641s] INFO:colcon.colcon_ros.task.ament_cmake.build:Building ROS package in '/home/chen/ros2_ws/src/cpp_pubsub' with build type 'ament_cmake'
[1.641s] INFO:colcon.colcon_cmake.task.cmake.build:Building CMake package in '/home/chen/ros2_ws/src/cpp_pubsub'
[1.658s] INFO:colcon.colcon_core.plugin_system:Skipping extension 'colcon_core.shell.bat': Not used on non-Windows systems
[1.659s] INFO:colcon.colcon_core.shell:Skip shell extension 'powershell' for command environment: Not usable outside of PowerShell
[1.659s] DEBUG:colcon.colcon_core.shell:Skip shell extension 'dsv' for command environment
[1.684s] INFO:colcon.colcon_ros.task.ament_cmake.build:Building ROS package in '/home/chen/ros2_ws/src/cpp_srvcli' with build type 'ament_cmake'
[1.690s] INFO:colcon.colcon_cmake.task.cmake.build:Building CMake package in '/home/chen/ros2_ws/src/cpp_srvcli'
[1.694s] INFO:colcon.colcon_core.shell:Skip shell extension 'powershell' for command environment: Not usable outside of PowerShell
[1.694s] DEBUG:colcon.colcon_core.shell:Skip shell extension 'dsv' for command environment
[1.774s] DEBUG:colcon.colcon_core.event_handler.log_command:Invoking command in '/home/chen/ros2_ws/build/cpp_pubsub': CMAKE_PREFIX_PATH=${CMAKE_PREFIX_PATH}:/opt/ros/foxy /usr/bin/cmake --build /home/chen/ros2_ws/build/cpp_pubsub -- -j2 -l2
[1.898s] DEBUG:colcon.colcon_core.event_handler.log_command:Invoking command in '/home/chen/ros2_ws/build/cpp_srvcli': CMAKE_PREFIX_PATH=${CMAKE_PREFIX_PATH}:/opt/ros/foxy /usr/bin/cmake --build /home/chen/ros2_ws/build/cpp_srvcli -- -j2 -l2
[2.560s] DEBUG:colcon.colcon_core.event_handler.log_command:Invoked command in '/home/chen/ros2_ws/build/cpp_pubsub' returned '0': CMAKE_PREFIX_PATH=${CMAKE_PREFIX_PATH}:/opt/ros/foxy /usr/bin/cmake --build /home/chen/ros2_ws/build/cpp_pubsub -- -j2 -l2
[2.898s] DEBUG:colcon.colcon_core.event_handler.log_command:Invoking command in '/home/chen/ros2_ws/build/cpp_pubsub': CMAKE_PREFIX_PATH=${CMAKE_PREFIX_PATH}:/opt/ros/foxy /usr/bin/cmake --install /home/chen/ros2_ws/build/cpp_pubsub
[3.072s] Level 1:colcon.colcon_core.environment:create_environment_scripts_only(cpp_pubsub)
[3.084s] DEBUG:colcon.colcon_core.event_handler.log_command:Invoked command in '/home/chen/ros2_ws/build/cpp_pubsub' returned '0': CMAKE_PREFIX_PATH=${CMAKE_PREFIX_PATH}:/opt/ros/foxy /usr/bin/cmake --install /home/chen/ros2_ws/build/cpp_pubsub
[3.097s] Level 1:colcon.colcon_core.environment:checking '/home/chen/ros2_ws/install/cpp_pubsub' for CMake module files
[3.098s] Level 1:colcon.colcon_core.environment:checking '/home/chen/ros2_ws/install/cpp_pubsub' for CMake config files
[3.098s] Level 1:colcon.colcon_core.shell:create_environment_hook('cpp_pubsub', 'cmake_prefix_path')
[3.109s] INFO:colcon.colcon_core.shell:Creating environment hook '/home/chen/ros2_ws/install/cpp_pubsub/share/cpp_pubsub/hook/cmake_prefix_path.ps1'
[3.110s] INFO:colcon.colcon_core.shell:Creating environment descriptor '/home/chen/ros2_ws/install/cpp_pubsub/share/cpp_pubsub/hook/cmake_prefix_path.dsv'
[3.113s] INFO:colcon.colcon_core.shell:Creating environment hook '/home/chen/ros2_ws/install/cpp_pubsub/share/cpp_pubsub/hook/cmake_prefix_path.sh'
[3.127s] Level 1:colcon.colcon_core.environment:checking '/home/chen/ros2_ws/install/cpp_pubsub/lib'
[3.128s] Level 1:colcon.colcon_core.environment:checking '/home/chen/ros2_ws/install/cpp_pubsub/bin'
[3.129s] Level 1:colcon.colcon_core.environment:checking '/home/chen/ros2_ws/install/cpp_pubsub/lib/pkgconfig/cpp_pubsub.pc'
[3.129s] Level 1:colcon.colcon_core.environment:checking '/home/chen/ros2_ws/install/cpp_pubsub/lib/python3.8/site-packages'
[3.130s] Level 1:colcon.colcon_core.environment:checking '/home/chen/ros2_ws/install/cpp_pubsub/bin'
[3.141s] INFO:colcon.colcon_core.shell:Creating package script '/home/chen/ros2_ws/install/cpp_pubsub/share/cpp_pubsub/package.ps1'
[3.151s] INFO:colcon.colcon_core.shell:Creating package descriptor '/home/chen/ros2_ws/install/cpp_pubsub/share/cpp_pubsub/package.dsv'
[3.164s] INFO:colcon.colcon_core.shell:Creating package script '/home/chen/ros2_ws/install/cpp_pubsub/share/cpp_pubsub/package.sh'
[3.188s] INFO:colcon.colcon_core.shell:Creating package script '/home/chen/ros2_ws/install/cpp_pubsub/share/cpp_pubsub/package.bash'
[3.193s] INFO:colcon.colcon_core.shell:Creating package script '/home/chen/ros2_ws/install/cpp_pubsub/share/cpp_pubsub/package.zsh'
[3.207s] Level 1:colcon.colcon_core.environment:create_file_with_runtime_dependencies(/home/chen/ros2_ws/install/cpp_pubsub/share/colcon-core/packages/cpp_pubsub)
[3.454s] Level 1:colcon.colcon_core.environment:create_environment_scripts_only(cpp_pubsub)
[3.472s] Level 1:colcon.colcon_core.environment:checking '/home/chen/ros2_ws/install/cpp_pubsub' for CMake module files
[3.480s] Level 1:colcon.colcon_core.environment:checking '/home/chen/ros2_ws/install/cpp_pubsub' for CMake config files
[3.499s] Level 1:colcon.colcon_core.shell:create_environment_hook('cpp_pubsub', 'cmake_prefix_path')
[3.501s] INFO:colcon.colcon_core.shell:Creating environment hook '/home/chen/ros2_ws/install/cpp_pubsub/share/cpp_pubsub/hook/cmake_prefix_path.ps1'
[3.503s] INFO:colcon.colcon_core.shell:Creating environment descriptor '/home/chen/ros2_ws/install/cpp_pubsub/share/cpp_pubsub/hook/cmake_prefix_path.dsv'
[3.504s] INFO:colcon.colcon_core.shell:Creating environment hook '/home/chen/ros2_ws/install/cpp_pubsub/share/cpp_pubsub/hook/cmake_prefix_path.sh'
[3.506s] Level 1:colcon.colcon_core.environment:checking '/home/chen/ros2_ws/install/cpp_pubsub/lib'
[3.506s] Level 1:colcon.colcon_core.environment:checking '/home/chen/ros2_ws/install/cpp_pubsub/bin'
[3.506s] Level 1:colcon.colcon_core.environment:checking '/home/chen/ros2_ws/install/cpp_pubsub/lib/pkgconfig/cpp_pubsub.pc'
[3.507s] Level 1:colcon.colcon_core.environment:checking '/home/chen/ros2_ws/install/cpp_pubsub/lib/python3.8/site-packages'
[3.521s] Level 1:colcon.colcon_core.environment:checking '/home/chen/ros2_ws/install/cpp_pubsub/bin'
[3.538s] INFO:colcon.colcon_core.shell:Creating package script '/home/chen/ros2_ws/install/cpp_pubsub/share/cpp_pubsub/package.ps1'
[3.543s] INFO:colcon.colcon_core.shell:Creating package descriptor '/home/chen/ros2_ws/install/cpp_pubsub/share/cpp_pubsub/package.dsv'
[3.544s] INFO:colcon.colcon_core.shell:Creating package script '/home/chen/ros2_ws/install/cpp_pubsub/share/cpp_pubsub/package.sh'
[3.545s] INFO:colcon.colcon_core.shell:Creating package script '/home/chen/ros2_ws/install/cpp_pubsub/share/cpp_pubsub/package.bash'
[3.545s] INFO:colcon.colcon_core.shell:Creating package script '/home/chen/ros2_ws/install/cpp_pubsub/share/cpp_pubsub/package.zsh'
[3.546s] Level 1:colcon.colcon_core.environment:create_file_with_runtime_dependencies(/home/chen/ros2_ws/install/cpp_pubsub/share/colcon-core/packages/cpp_pubsub)
[61.463s] DEBUG:colcon.colcon_core.event_handler.log_command:Invoked command in '/home/chen/ros2_ws/build/cpp_srvcli' returned '0': CMAKE_PREFIX_PATH=${CMAKE_PREFIX_PATH}:/opt/ros/foxy /usr/bin/cmake --build /home/chen/ros2_ws/build/cpp_srvcli -- -j2 -l2
[61.922s] DEBUG:colcon.colcon_core.event_handler.log_command:Invoking command in '/home/chen/ros2_ws/build/cpp_srvcli': CMAKE_PREFIX_PATH=${CMAKE_PREFIX_PATH}:/opt/ros/foxy /usr/bin/cmake --install /home/chen/ros2_ws/build/cpp_srvcli
[64.340s] Level 1:colcon.colcon_core.environment:create_environment_scripts_only(cpp_srvcli)
[64.343s] DEBUG:colcon.colcon_core.event_handler.log_command:Invoked command in '/home/chen/ros2_ws/build/cpp_srvcli' returned '0': CMAKE_PREFIX_PATH=${CMAKE_PREFIX_PATH}:/opt/ros/foxy /usr/bin/cmake --install /home/chen/ros2_ws/build/cpp_srvcli
[64.356s] Level 1:colcon.colcon_core.environment:checking '/home/chen/ros2_ws/install/cpp_srvcli' for CMake module files
[64.357s] Level 1:colcon.colcon_core.environment:checking '/home/chen/ros2_ws/install/cpp_srvcli' for CMake config files
[64.359s] Level 1:colcon.colcon_core.shell:create_environment_hook('cpp_srvcli', 'cmake_prefix_path')
[64.364s] INFO:colcon.colcon_core.shell:Creating environment hook '/home/chen/ros2_ws/install/cpp_srvcli/share/cpp_srvcli/hook/cmake_prefix_path.ps1'
[64.365s] INFO:colcon.colcon_core.shell:Creating environment descriptor '/home/chen/ros2_ws/install/cpp_srvcli/share/cpp_srvcli/hook/cmake_prefix_path.dsv'
[64.370s] INFO:colcon.colcon_core.shell:Creating environment hook '/home/chen/ros2_ws/install/cpp_srvcli/share/cpp_srvcli/hook/cmake_prefix_path.sh'
[64.373s] Level 1:colcon.colcon_core.environment:checking '/home/chen/ros2_ws/install/cpp_srvcli/lib'
[64.374s] Level 1:colcon.colcon_core.shell:create_environment_hook('cpp_srvcli', 'ld_library_path_lib')
[64.376s] INFO:colcon.colcon_core.shell:Creating environment hook '/home/chen/ros2_ws/install/cpp_srvcli/share/cpp_srvcli/hook/ld_library_path_lib.ps1'
[64.376s] INFO:colcon.colcon_core.shell:Creating environment descriptor '/home/chen/ros2_ws/install/cpp_srvcli/share/cpp_srvcli/hook/ld_library_path_lib.dsv'
[64.377s] INFO:colcon.colcon_core.shell:Creating environment hook '/home/chen/ros2_ws/install/cpp_srvcli/share/cpp_srvcli/hook/ld_library_path_lib.sh'
[64.377s] Level 1:colcon.colcon_core.environment:checking '/home/chen/ros2_ws/install/cpp_srvcli/bin'
[64.377s] Level 1:colcon.colcon_core.environment:checking '/home/chen/ros2_ws/install/cpp_srvcli/lib/pkgconfig/cpp_srvcli.pc'
[64.378s] Level 1:colcon.colcon_core.environment:checking '/home/chen/ros2_ws/install/cpp_srvcli/lib/python3.8/site-packages'
[64.378s] Level 1:colcon.colcon_core.shell:create_environment_hook('cpp_srvcli', 'pythonpath')
[64.381s] INFO:colcon.colcon_core.shell:Creating environment hook '/home/chen/ros2_ws/install/cpp_srvcli/share/cpp_srvcli/hook/pythonpath.ps1'
[64.382s] INFO:colcon.colcon_core.shell:Creating environment descriptor '/home/chen/ros2_ws/install/cpp_srvcli/share/cpp_srvcli/hook/pythonpath.dsv'
[64.382s] INFO:colcon.colcon_core.shell:Creating environment hook '/home/chen/ros2_ws/install/cpp_srvcli/share/cpp_srvcli/hook/pythonpath.sh'
[64.383s] Level 1:colcon.colcon_core.environment:checking '/home/chen/ros2_ws/install/cpp_srvcli/bin'
[64.393s] INFO:colcon.colcon_core.shell:Creating package script '/home/chen/ros2_ws/install/cpp_srvcli/share/cpp_srvcli/package.ps1'
[64.395s] INFO:colcon.colcon_core.shell:Creating package descriptor '/home/chen/ros2_ws/install/cpp_srvcli/share/cpp_srvcli/package.dsv'
[64.396s] INFO:colcon.colcon_core.shell:Creating package script '/home/chen/ros2_ws/install/cpp_srvcli/share/cpp_srvcli/package.sh'
[64.399s] INFO:colcon.colcon_core.shell:Creating package script '/home/chen/ros2_ws/install/cpp_srvcli/share/cpp_srvcli/package.bash'
[64.407s] INFO:colcon.colcon_core.shell:Creating package script '/home/chen/ros2_ws/install/cpp_srvcli/share/cpp_srvcli/package.zsh'
[64.410s] Level 1:colcon.colcon_core.environment:create_file_with_runtime_dependencies(/home/chen/ros2_ws/install/cpp_srvcli/share/colcon-core/packages/cpp_srvcli)
[64.754s] Level 1:colcon.colcon_core.environment:create_environment_scripts_only(cpp_srvcli)
[64.757s] Level 1:colcon.colcon_core.environment:checking '/home/chen/ros2_ws/install/cpp_srvcli' for CMake module files
[64.758s] Level 1:colcon.colcon_core.environment:checking '/home/chen/ros2_ws/install/cpp_srvcli' for CMake config files
[64.763s] Level 1:colcon.colcon_core.shell:create_environment_hook('cpp_srvcli', 'cmake_prefix_path')
[64.765s] INFO:colcon.colcon_core.shell:Creating environment hook '/home/chen/ros2_ws/install/cpp_srvcli/share/cpp_srvcli/hook/cmake_prefix_path.ps1'
[64.766s] INFO:colcon.colcon_core.shell:Creating environment descriptor '/home/chen/ros2_ws/install/cpp_srvcli/share/cpp_srvcli/hook/cmake_prefix_path.dsv'
[64.771s] INFO:colcon.colcon_core.shell:Creating environment hook '/home/chen/ros2_ws/install/cpp_srvcli/share/cpp_srvcli/hook/cmake_prefix_path.sh'
[64.773s] Level 1:colcon.colcon_core.environment:checking '/home/chen/ros2_ws/install/cpp_srvcli/lib'
[64.773s] Level 1:colcon.colcon_core.shell:create_environment_hook('cpp_srvcli', 'ld_library_path_lib')
[64.783s] INFO:colcon.colcon_core.shell:Creating environment hook '/home/chen/ros2_ws/install/cpp_srvcli/share/cpp_srvcli/hook/ld_library_path_lib.ps1'
[64.784s] INFO:colcon.colcon_core.shell:Creating environment descriptor '/home/chen/ros2_ws/install/cpp_srvcli/share/cpp_srvcli/hook/ld_library_path_lib.dsv'
[64.786s] INFO:colcon.colcon_core.shell:Creating environment hook '/home/chen/ros2_ws/install/cpp_srvcli/share/cpp_srvcli/hook/ld_library_path_lib.sh'
[64.787s] Level 1:colcon.colcon_core.environment:checking '/home/chen/ros2_ws/install/cpp_srvcli/bin'
[64.787s] Level 1:colcon.colcon_core.environment:checking '/home/chen/ros2_ws/install/cpp_srvcli/lib/pkgconfig/cpp_srvcli.pc'
[64.789s] Level 1:colcon.colcon_core.environment:checking '/home/chen/ros2_ws/install/cpp_srvcli/lib/python3.8/site-packages'
[64.789s] Level 1:colcon.colcon_core.shell:create_environment_hook('cpp_srvcli', 'pythonpath')
[64.798s] INFO:colcon.colcon_core.shell:Creating environment hook '/home/chen/ros2_ws/install/cpp_srvcli/share/cpp_srvcli/hook/pythonpath.ps1'
[64.806s] INFO:colcon.colcon_core.shell:Creating environment descriptor '/home/chen/ros2_ws/install/cpp_srvcli/share/cpp_srvcli/hook/pythonpath.dsv'
[64.807s] INFO:colcon.colcon_core.shell:Creating environment hook '/home/chen/ros2_ws/install/cpp_srvcli/share/cpp_srvcli/hook/pythonpath.sh'
[64.808s] Level 1:colcon.colcon_core.environment:checking '/home/chen/ros2_ws/install/cpp_srvcli/bin'
[64.810s] INFO:colcon.colcon_core.shell:Creating package script '/home/chen/ros2_ws/install/cpp_srvcli/share/cpp_srvcli/package.ps1'
[64.815s] INFO:colcon.colcon_core.shell:Creating package descriptor '/home/chen/ros2_ws/install/cpp_srvcli/share/cpp_srvcli/package.dsv'
[64.818s] INFO:colcon.colcon_core.shell:Creating package script '/home/chen/ros2_ws/install/cpp_srvcli/share/cpp_srvcli/package.sh'
[64.823s] INFO:colcon.colcon_core.shell:Creating package script '/home/chen/ros2_ws/install/cpp_srvcli/share/cpp_srvcli/package.bash'
[64.824s] INFO:colcon.colcon_core.shell:Creating package script '/home/chen/ros2_ws/install/cpp_srvcli/share/cpp_srvcli/package.zsh'
[64.824s] Level 1:colcon.colcon_core.environment:create_file_with_runtime_dependencies(/home/chen/ros2_ws/install/cpp_srvcli/share/colcon-core/packages/cpp_srvcli)
[64.828s] DEBUG:colcon.colcon_parallel_executor.executor.parallel:closing loop
[64.828s] DEBUG:colcon.colcon_parallel_executor.executor.parallel:loop closed
[64.829s] DEBUG:colcon.colcon_parallel_executor.executor.parallel:run_until_complete finished with '0'
[64.829s] DEBUG:colcon.colcon_core.event_reactor:joining thread
[64.855s] INFO:colcon.colcon_core.plugin_system:Skipping extension 'colcon_notification.desktop_notification.terminal_notifier': Not used on non-Darwin systems
[64.859s] INFO:colcon.colcon_core.plugin_system:Skipping extension 'colcon_notification.desktop_notification.win32': Not used on non-Windows systems
[64.859s] INFO:colcon.colcon_notification.desktop_notification:Sending desktop notification using 'notify2'
[64.898s] DEBUG:colcon.colcon_core.event_reactor:joined thread
[64.901s] INFO:colcon.colcon_core.shell:Creating prefix script '/home/chen/ros2_ws/install/local_setup.ps1'
[64.904s] INFO:colcon.colcon_core.shell:Creating prefix util module '/home/chen/ros2_ws/install/_local_setup_util_ps1.py'
[64.906s] INFO:colcon.colcon_core.shell:Creating prefix chain script '/home/chen/ros2_ws/install/setup.ps1'
[64.914s] INFO:colcon.colcon_core.shell:Creating prefix script '/home/chen/ros2_ws/install/local_setup.sh'
[64.923s] INFO:colcon.colcon_core.shell:Creating prefix util module '/home/chen/ros2_ws/install/_local_setup_util_sh.py'
[64.926s] INFO:colcon.colcon_core.shell:Creating prefix chain script '/home/chen/ros2_ws/install/setup.sh'
[64.935s] INFO:colcon.colcon_core.shell:Creating prefix script '/home/chen/ros2_ws/install/local_setup.bash'
[64.938s] INFO:colcon.colcon_core.shell:Creating prefix chain script '/home/chen/ros2_ws/install/setup.bash'
[64.953s] INFO:colcon.colcon_core.shell:Creating prefix script '/home/chen/ros2_ws/install/local_setup.zsh'
[64.954s] INFO:colcon.colcon_core.shell:Creating prefix chain script '/home/chen/ros2_ws/install/setup.zsh'
