[0.054s] Invoking command in '/home/chen/ros2_ws/build/cpp_srvcli': CMAKE_PREFIX_PATH=/opt/ros/foxy /usr/bin/cmake /home/chen/ros2_ws/src/cpp_srvcli -DCMAKE_INSTALL_PREFIX=/home/chen/ros2_ws/install/cpp_srvcli
[0.221s] -- The C compiler identification is GNU 9.4.0
[0.360s] -- The CXX compiler identification is GNU 9.4.0
[0.372s] -- Check for working C compiler: /usr/bin/cc
[0.510s] -- Check for working C compiler: /usr/bin/cc -- works
[0.510s] -- Detecting C compiler ABI info
[0.631s] -- Detecting C compiler ABI info - done
[0.653s] -- Detecting C compile features
[0.654s] -- Detecting C compile features - done
[0.659s] -- Check for working CXX compiler: /usr/bin/c++
[0.802s] -- Check for working CXX compiler: /usr/bin/c++ -- works
[0.804s] -- Detecting CXX compiler ABI info
[0.951s] -- Detecting CXX compiler ABI info - done
[0.970s] -- Detecting CXX compile features
[0.970s] -- Detecting CXX compile features - done
[0.974s] -- Found ament_cmake: 0.9.11 (/opt/ros/foxy/share/ament_cmake/cmake)
[1.011s] -- Found PythonInterp: /usr/bin/python3 (found suitable version "3.8.10", minimum required is "3") 
[1.011s] -- Using PYTHON_EXECUTABLE: /usr/bin/python3
[1.335s] -- Found rclcpp: 2.4.2 (/opt/ros/foxy/share/rclcpp/cmake)
[1.406s] -- Using all available rosidl_typesupport_c: rosidl_typesupport_fastrtps_c;rosidl_typesupport_introspection_c
[1.415s] -- Found rosidl_adapter: 1.3.0 (/opt/ros/foxy/share/rosidl_adapter/cmake)
[1.558s] -- Found OpenSSL: /usr/lib/x86_64-linux-gnu/libcrypto.so (found version "1.1.1f")  
[1.603s] -- Found FastRTPS: /opt/ros/foxy/include  
[1.740s] -- Using all available rosidl_typesupport_cpp: rosidl_typesupport_fastrtps_cpp;rosidl_typesupport_introspection_cpp
[1.845s] -- Found rmw_implementation_cmake: 1.0.4 (/opt/ros/foxy/share/rmw_implementation_cmake/cmake)
[1.847s] -- Using RMW implementation 'rmw_fastrtps_cpp' as default
[1.848s] -- Looking for pthread.h
[1.976s] -- Looking for pthread.h - found
[1.977s] -- Performing Test CMAKE_HAVE_LIBC_PTHREAD
[2.107s] -- Performing Test CMAKE_HAVE_LIBC_PTHREAD - Failed
[2.107s] -- Looking for pthread_create in pthreads
[2.213s] -- Looking for pthread_create in pthreads - not found
[2.214s] -- Looking for pthread_create in pthread
[2.349s] -- Looking for pthread_create in pthread - found
[2.351s] -- Found Threads: TRUE  
[2.601s] -- Found example_interfaces: 0.9.1 (/opt/ros/foxy/share/example_interfaces/cmake)
[2.796s] -- Found ament_lint_auto: 0.9.8 (/opt/ros/foxy/share/ament_lint_auto/cmake)
[2.916s] -- Added test 'copyright' to check source files copyright and LICENSE
[2.920s] -- Added test 'lint_cmake' to check CMake code style
[2.923s] -- Added test 'xmllint' to check XML markup files
[2.930s] -- Configuring done
[2.932s] CMake Error at CMakeLists.txt:26 (add_executable):
[2.932s]   Cannot find source file:
[2.932s] 
[2.932s]     src/add_two_ints_client.cpp
[2.932s] 
[2.932s]   Tried extensions .c .C .c++ .cc .cpp .cxx .cu .m .M .mm .h .hh .h++ .hm
[2.933s]   .hpp .hxx .in .txx
[2.933s] 
[2.933s] 
[2.935s] CMake Error at CMakeLists.txt:23 (add_executable):
[2.935s]   Cannot find source file:
[2.935s] 
[2.935s]     src/add_two_ints_server.cpp
[2.935s] 
[2.935s]   Tried extensions .c .C .c++ .cc .cpp .cxx .cu .m .M .mm .h .hh .h++ .hm
[2.935s]   .hpp .hxx .in .txx
[2.935s] 
[2.935s] 
[2.936s] CMake Error at CMakeLists.txt:26 (add_executable):
[2.936s]   No SOURCES given to target: client
[2.936s] 
[2.936s] 
[2.936s] CMake Error at CMakeLists.txt:23 (add_executable):
[2.936s]   No SOURCES given to target: server
[2.936s] 
[2.936s] 
[2.937s] CMake Generate step failed.  Build files cannot be regenerated correctly.
[2.959s] Invoked command in '/home/chen/ros2_ws/build/cpp_srvcli' returned '1': CMAKE_PREFIX_PATH=/opt/ros/foxy /usr/bin/cmake /home/chen/ros2_ws/src/cpp_srvcli -DCMAKE_INSTALL_PREFIX=/home/chen/ros2_ws/install/cpp_srvcli
