[0.110s] Invoking command in '/home/chen/ros2_ws/build/cpp_srvcli': CMAKE_PREFIX_PATH=${CMAKE_PREFIX_PATH}:/opt/ros/foxy /usr/bin/cmake /home/chen/ros2_ws/src/cpp_srvcli -DCMAKE_BUILD_TYPE=RelWithDebInfo -DAMENT_CMAKE_SYMLINK_INSTALL=1 -DCMAKE_INSTALL_PREFIX=/home/chen/ros2_ws/install/cpp_srvcli
[0.336s] -- Found ament_cmake: 0.9.11 (/opt/ros/foxy/share/ament_cmake/cmake)
[0.455s] -- Using PYTHON_EXECUTABLE: /usr/bin/python3
[1.428s] -- Override CMake install command with custom implementation using symlinks instead of copying resources
[1.526s] -- Found rclcpp: 2.4.2 (/opt/ros/foxy/share/rclcpp/cmake)
[1.723s] -- Using all available rosidl_typesupport_c: rosidl_typesupport_fastrtps_c;rosidl_typesupport_introspection_c
[1.759s] -- Found rosidl_adapter: 1.3.0 (/opt/ros/foxy/share/rosidl_adapter/cmake)
[2.428s] -- Using all available rosidl_typesupport_cpp: rosidl_typesupport_fastrtps_cpp;rosidl_typesupport_introspection_cpp
[2.744s] -- Found rmw_implementation_cmake: 1.0.4 (/opt/ros/foxy/share/rmw_implementation_cmake/cmake)
[2.753s] -- Using RMW implementation 'rmw_fastrtps_cpp' as default
[3.527s] -- Found example_interfaces: 0.9.1 (/opt/ros/foxy/share/example_interfaces/cmake)
[4.065s] -- Found ament_lint_auto: 0.9.8 (/opt/ros/foxy/share/ament_lint_auto/cmake)
[4.450s] -- Added test 'copyright' to check source files copyright and LICENSE
[4.450s] -- Added test 'cppcheck' to perform static code analysis on C / C++ code
[4.450s] -- Configured cppcheck include dirs: 
[4.450s] -- Configured cppcheck exclude dirs and/or files: 
[4.454s] -- Added test 'cpplint' to check C / C++ code against the Google style
[4.454s] -- Configured cpplint exclude dirs and/or files: 
[4.454s] -- Added test 'lint_cmake' to check CMake code style
[4.461s] -- Added test 'uncrustify' to check C / C++ code style
[4.461s] -- Configured uncrustify additional arguments: 
[4.463s] -- Added test 'xmllint' to check XML markup files
[4.485s] -- Configuring done
[4.544s] -- Generating done
[4.552s] -- Build files have been written to: /home/chen/ros2_ws/build/cpp_srvcli
[4.573s] Invoked command in '/home/chen/ros2_ws/build/cpp_srvcli' returned '0': CMAKE_PREFIX_PATH=${CMAKE_PREFIX_PATH}:/opt/ros/foxy /usr/bin/cmake /home/chen/ros2_ws/src/cpp_srvcli -DCMAKE_BUILD_TYPE=RelWithDebInfo -DAMENT_CMAKE_SYMLINK_INSTALL=1 -DCMAKE_INSTALL_PREFIX=/home/chen/ros2_ws/install/cpp_srvcli
[4.575s] Invoking command in '/home/chen/ros2_ws/build/cpp_srvcli': CMAKE_PREFIX_PATH=${CMAKE_PREFIX_PATH}:/opt/ros/foxy /usr/bin/cmake --build /home/chen/ros2_ws/build/cpp_srvcli -- -j2 -l2
[4.951s] [ 25%] [32mBuilding CXX object CMakeFiles/client.dir/src/add_two_ints_client.cpp.o[0m
[34.010s] [ 50%] [32m[1mLinking CXX executable client[0m
[34.942s] [ 50%] Built target client
[35.121s] [ 75%] [32mBuilding CXX object CMakeFiles/server.dir/src/add_two_ints_server.cpp.o[0m
[56.751s] [100%] [32m[1mLinking CXX executable server[0m
[57.756s] [100%] Built target server
[57.828s] Invoked command in '/home/chen/ros2_ws/build/cpp_srvcli' returned '0': CMAKE_PREFIX_PATH=${CMAKE_PREFIX_PATH}:/opt/ros/foxy /usr/bin/cmake --build /home/chen/ros2_ws/build/cpp_srvcli -- -j2 -l2
[58.121s] Invoking command in '/home/chen/ros2_ws/build/cpp_srvcli': CMAKE_PREFIX_PATH=${CMAKE_PREFIX_PATH}:/opt/ros/foxy /usr/bin/cmake --install /home/chen/ros2_ws/build/cpp_srvcli
[58.196s] -- Install configuration: "RelWithDebInfo"
[58.199s] -- Execute custom install script
[58.203s] -- Symlinking: /home/chen/ros2_ws/install/cpp_srvcli/lib/cpp_srvcli/server
[58.249s] -- Symlinking: /home/chen/ros2_ws/install/cpp_srvcli/lib/cpp_srvcli/client
[58.307s] -- Symlinking: /home/chen/ros2_ws/install/cpp_srvcli/share/ament_index/resource_index/package_run_dependencies/cpp_srvcli
[58.355s] -- Symlinking: /home/chen/ros2_ws/install/cpp_srvcli/share/ament_index/resource_index/parent_prefix_path/cpp_srvcli
[58.410s] -- Symlinking: /home/chen/ros2_ws/install/cpp_srvcli/share/cpp_srvcli/environment/ament_prefix_path.sh
[58.473s] -- Symlinking: /home/chen/ros2_ws/install/cpp_srvcli/share/cpp_srvcli/environment/ament_prefix_path.dsv
[58.545s] -- Symlinking: /home/chen/ros2_ws/install/cpp_srvcli/share/cpp_srvcli/environment/path.sh
[58.600s] -- Symlinking: /home/chen/ros2_ws/install/cpp_srvcli/share/cpp_srvcli/environment/path.dsv
[58.659s] -- Symlinking: /home/chen/ros2_ws/install/cpp_srvcli/share/cpp_srvcli/local_setup.bash
[58.718s] -- Symlinking: /home/chen/ros2_ws/install/cpp_srvcli/share/cpp_srvcli/local_setup.sh
[58.743s] -- Symlinking: /home/chen/ros2_ws/install/cpp_srvcli/share/cpp_srvcli/local_setup.zsh
[58.769s] -- Symlinking: /home/chen/ros2_ws/install/cpp_srvcli/share/cpp_srvcli/local_setup.dsv
[58.806s] -- Symlinking: /home/chen/ros2_ws/install/cpp_srvcli/share/cpp_srvcli/package.dsv
[58.877s] -- Symlinking: /home/chen/ros2_ws/install/cpp_srvcli/share/ament_index/resource_index/packages/cpp_srvcli
[58.938s] -- Symlinking: /home/chen/ros2_ws/install/cpp_srvcli/share/cpp_srvcli/cmake/cpp_srvcliConfig.cmake
[59.007s] -- Symlinking: /home/chen/ros2_ws/install/cpp_srvcli/share/cpp_srvcli/cmake/cpp_srvcliConfig-version.cmake
[59.068s] -- Symlinking: /home/chen/ros2_ws/install/cpp_srvcli/share/cpp_srvcli/package.xml
[59.127s] Invoked command in '/home/chen/ros2_ws/build/cpp_srvcli' returned '0': CMAKE_PREFIX_PATH=${CMAKE_PREFIX_PATH}:/opt/ros/foxy /usr/bin/cmake --install /home/chen/ros2_ws/build/cpp_srvcli
