[0.085s] Invoking command in '/home/chen/ros2_ws/build/cpp_pubsub': CMAKE_PREFIX_PATH=/opt/ros/foxy /usr/bin/cmake --build /home/chen/ros2_ws/build/cpp_pubsub -- -j2 -l2
[0.146s] -- Found ament_cmake: 0.9.11 (/opt/ros/foxy/share/ament_cmake/cmake)
[0.186s] -- Using PYTHON_EXECUTABLE: /usr/bin/python3
[0.784s] -- Override CMake install command with custom implementation using symlinks instead of copying resources
[0.799s] -- Found rclcpp: 2.4.2 (/opt/ros/foxy/share/rclcpp/cmake)
[0.857s] -- Using all available rosidl_typesupport_c: rosidl_typesupport_fastrtps_c;rosidl_typesupport_introspection_c
[0.870s] -- Found rosidl_adapter: 1.3.0 (/opt/ros/foxy/share/rosidl_adapter/cmake)
[1.184s] -- Using all available rosidl_typesupport_cpp: rosidl_typesupport_fastrtps_cpp;rosidl_typesupport_introspection_cpp
[1.281s] -- Found rmw_implementation_cmake: 1.0.4 (/opt/ros/foxy/share/rmw_implementation_cmake/cmake)
[1.284s] -- Using RMW implementation 'rmw_fastrtps_cpp' as default
[1.633s] CMake Error at /opt/ros/foxy/share/rosidl_cmake/cmake/rosidl_generate_interfaces.cmake:93 (message):
[1.633s]   rosidl_generate_interfaces() the passed file 'srv/AddThreeInts.srv' doesn't
[1.633s]   exist relative to the CMAKE_CURRENT_SOURCE_DIR
[1.633s]   '/home/chen/ros2_ws/src/cpp_pubsub'
[1.634s] Call Stack (most recent call first):
[1.634s]   CMakeLists.txt:23 (rosidl_generate_interfaces)
[1.634s] 
[1.634s] 
[1.641s] -- Configuring incomplete, errors occurred!
[1.641s] See also "/home/chen/ros2_ws/build/cpp_pubsub/CMakeFiles/CMakeOutput.log".
[1.641s] See also "/home/chen/ros2_ws/build/cpp_pubsub/CMakeFiles/CMakeError.log".
[1.655s] make: *** [Makefile:310：cmake_check_build_system] 错误 1
[1.659s] Invoked command in '/home/chen/ros2_ws/build/cpp_pubsub' returned '2': CMAKE_PREFIX_PATH=/opt/ros/foxy /usr/bin/cmake --build /home/chen/ros2_ws/build/cpp_pubsub -- -j2 -l2
