[0.084s] Invoking command in '/home/chen/ros2_ws/build/cpp_srvcli': CMAKE_PREFIX_PATH=${CMAKE_PREFIX_PATH}:/opt/ros/foxy /usr/bin/cmake --build /home/chen/ros2_ws/build/cpp_srvcli -- -j2 -l2
[0.672s] [ 50%] Built target client
[0.878s] [100%] Built target server
[0.944s] Invoked command in '/home/chen/ros2_ws/build/cpp_srvcli' returned '0': CMAKE_PREFIX_PATH=${CMAKE_PREFIX_PATH}:/opt/ros/foxy /usr/bin/cmake --build /home/chen/ros2_ws/build/cpp_srvcli -- -j2 -l2
[1.197s] Invoking command in '/home/chen/ros2_ws/build/cpp_srvcli': CMAKE_PREFIX_PATH=${CMAKE_PREFIX_PATH}:/opt/ros/foxy /usr/bin/cmake --install /home/chen/ros2_ws/build/cpp_srvcli
[1.282s] -- Install configuration: "RelWithDebInfo"
[1.293s] -- Execute custom install script
[1.294s] -- Up-to-date symlink: /home/chen/ros2_ws/install/cpp_srvcli/lib/cpp_srvcli/server
[1.295s] -- Up-to-date symlink: /home/chen/ros2_ws/install/cpp_srvcli/lib/cpp_srvcli/client
[1.296s] -- Up-to-date symlink: /home/chen/ros2_ws/install/cpp_srvcli/share/ament_index/resource_index/package_run_dependencies/cpp_srvcli
[1.300s] -- Up-to-date symlink: /home/chen/ros2_ws/install/cpp_srvcli/share/ament_index/resource_index/parent_prefix_path/cpp_srvcli
[1.300s] -- Up-to-date symlink: /home/chen/ros2_ws/install/cpp_srvcli/share/cpp_srvcli/environment/ament_prefix_path.sh
[1.301s] -- Up-to-date symlink: /home/chen/ros2_ws/install/cpp_srvcli/share/cpp_srvcli/environment/ament_prefix_path.dsv
[1.303s] -- Up-to-date symlink: /home/chen/ros2_ws/install/cpp_srvcli/share/cpp_srvcli/environment/path.sh
[1.304s] -- Up-to-date symlink: /home/chen/ros2_ws/install/cpp_srvcli/share/cpp_srvcli/environment/path.dsv
[1.309s] -- Up-to-date symlink: /home/chen/ros2_ws/install/cpp_srvcli/share/cpp_srvcli/local_setup.bash
[1.323s] -- Up-to-date symlink: /home/chen/ros2_ws/install/cpp_srvcli/share/cpp_srvcli/local_setup.sh
[1.326s] -- Up-to-date symlink: /home/chen/ros2_ws/install/cpp_srvcli/share/cpp_srvcli/local_setup.zsh
[1.329s] -- Up-to-date symlink: /home/chen/ros2_ws/install/cpp_srvcli/share/cpp_srvcli/local_setup.dsv
[1.330s] -- Symlinking: /home/chen/ros2_ws/install/cpp_srvcli/share/cpp_srvcli/package.dsv
[1.406s] -- Up-to-date symlink: /home/chen/ros2_ws/install/cpp_srvcli/share/ament_index/resource_index/packages/cpp_srvcli
[1.407s] -- Up-to-date symlink: /home/chen/ros2_ws/install/cpp_srvcli/share/cpp_srvcli/cmake/cpp_srvcliConfig.cmake
[1.407s] -- Up-to-date symlink: /home/chen/ros2_ws/install/cpp_srvcli/share/cpp_srvcli/cmake/cpp_srvcliConfig-version.cmake
[1.407s] -- Up-to-date symlink: /home/chen/ros2_ws/install/cpp_srvcli/share/cpp_srvcli/package.xml
[1.431s] Invoked command in '/home/chen/ros2_ws/build/cpp_srvcli' returned '0': CMAKE_PREFIX_PATH=${CMAKE_PREFIX_PATH}:/opt/ros/foxy /usr/bin/cmake --install /home/chen/ros2_ws/build/cpp_srvcli
