[0.796s] DEBUG:colcon:Command line arguments: ['/usr/bin/colcon', 'build', '--symlink-install', '--event-handlers', 'console_cohesion+', '--base-paths', '/home/chen/ros2_ws', '--cmake-args', '-DCMAKE_BUILD_TYPE=RelWithDebInfo']
[0.796s] DEBUG:colcon:Parsed command line arguments: Namespace(allow_overriding=[], ament_cmake_args=None, base_paths=['/home/chen/ros2_ws'], build_base='build', catkin_cmake_args=None, catkin_skip_building_tests=False, cmake_args=['-DCMAKE_BUILD_TYPE=RelWithDebInfo'], cmake_clean_cache=False, cmake_clean_first=False, cmake_force_configure=False, cmake_target=None, cmake_target_skip_unavailable=False, continue_on_error=False, event_handlers=['console_cohesion+'], executor='parallel', ignore_user_meta=False, install_base='install', log_base=None, log_level=None, main=<bound method BuildVerb.main of <colcon_core.verb.build.BuildVerb object at 0x7f612c0f2220>>, merge_install=False, metas=['./colcon.meta'], packages_above=None, packages_above_and_dependencies=None, packages_above_depth=None, packages_end=None, packages_ignore=None, packages_ignore_regex=None, packages_select=None, packages_select_build_failed=False, packages_select_by_dep=None, packages_select_regex=None, packages_select_test_failures=False, packages_skip=None, packages_skip_build_finished=False, packages_skip_by_dep=None, packages_skip_regex=None, packages_skip_test_passed=False, packages_skip_up_to=None, packages_start=None, packages_up_to=None, packages_up_to_regex=None, parallel_workers=2, paths=None, symlink_install=True, test_result_base=None, verb_extension=<colcon_core.verb.build.BuildVerb object at 0x7f612c0f2220>, verb_name='build', verb_parser=<colcon_defaults.argument_parser.defaults.DefaultArgumentsDecorator object at 0x7f612c0f2760>)
[0.863s] Level 1:colcon.colcon_core.package_discovery:discover_packages(colcon_meta) check parameters
[0.864s] Level 1:colcon.colcon_core.package_discovery:discover_packages(recursive) check parameters
[0.864s] Level 1:colcon.colcon_core.package_discovery:discover_packages(ignore) check parameters
[0.864s] Level 1:colcon.colcon_core.package_discovery:discover_packages(path) check parameters
[0.864s] Level 1:colcon.colcon_core.package_discovery:discover_packages(recursive) discover
[0.864s] INFO:colcon.colcon_core.package_discovery:Crawling recursively for packages in '/home/chen/ros2_ws'
[0.865s] Level 1:colcon.colcon_core.package_identification:_identify(/home/chen/ros2_ws) by extensions ['ignore', 'ignore_ament_install']
[0.865s] Level 1:colcon.colcon_core.package_identification:_identify(/home/chen/ros2_ws) by extension 'ignore'
[0.866s] Level 1:colcon.colcon_core.package_identification:_identify(/home/chen/ros2_ws) by extension 'ignore_ament_install'
[0.866s] Level 1:colcon.colcon_core.package_identification:_identify(/home/chen/ros2_ws) by extensions ['colcon_pkg']
[0.866s] Level 1:colcon.colcon_core.package_identification:_identify(/home/chen/ros2_ws) by extension 'colcon_pkg'
[0.866s] Level 1:colcon.colcon_core.package_identification:_identify(/home/chen/ros2_ws) by extensions ['colcon_meta']
[0.866s] Level 1:colcon.colcon_core.package_identification:_identify(/home/chen/ros2_ws) by extension 'colcon_meta'
[0.867s] Level 1:colcon.colcon_core.package_identification:_identify(/home/chen/ros2_ws) by extensions ['ros']
[0.867s] Level 1:colcon.colcon_core.package_identification:_identify(/home/chen/ros2_ws) by extension 'ros'
[0.913s] Level 1:colcon.colcon_core.package_identification:_identify(/home/chen/ros2_ws) by extensions ['cmake', 'python']
[0.913s] Level 1:colcon.colcon_core.package_identification:_identify(/home/chen/ros2_ws) by extension 'cmake'
[0.913s] Level 1:colcon.colcon_core.package_identification:_identify(/home/chen/ros2_ws) by extension 'python'
[0.913s] Level 1:colcon.colcon_core.package_identification:_identify(/home/chen/ros2_ws) by extensions ['python_setup_py']
[0.914s] Level 1:colcon.colcon_core.package_identification:_identify(/home/chen/ros2_ws) by extension 'python_setup_py'
[0.914s] Level 1:colcon.colcon_core.package_identification:_identify(/home/chen/ros2_ws/build) by extensions ['ignore', 'ignore_ament_install']
[0.914s] Level 1:colcon.colcon_core.package_identification:_identify(/home/chen/ros2_ws/build) by extension 'ignore'
[0.914s] Level 1:colcon.colcon_core.package_identification:_identify(/home/chen/ros2_ws/build) ignored
[0.915s] Level 1:colcon.colcon_core.package_identification:_identify(/home/chen/ros2_ws/install) by extensions ['ignore', 'ignore_ament_install']
[0.915s] Level 1:colcon.colcon_core.package_identification:_identify(/home/chen/ros2_ws/install) by extension 'ignore'
[0.915s] Level 1:colcon.colcon_core.package_identification:_identify(/home/chen/ros2_ws/install) ignored
[0.916s] Level 1:colcon.colcon_core.package_identification:_identify(/home/chen/ros2_ws/log) by extensions ['ignore', 'ignore_ament_install']
[0.916s] Level 1:colcon.colcon_core.package_identification:_identify(/home/chen/ros2_ws/log) by extension 'ignore'
[0.916s] Level 1:colcon.colcon_core.package_identification:_identify(/home/chen/ros2_ws/log) ignored
[0.917s] Level 1:colcon.colcon_core.package_identification:_identify(/home/chen/ros2_ws/src) by extensions ['ignore', 'ignore_ament_install']
[0.917s] Level 1:colcon.colcon_core.package_identification:_identify(/home/chen/ros2_ws/src) by extension 'ignore'
[0.918s] Level 1:colcon.colcon_core.package_identification:_identify(/home/chen/ros2_ws/src) by extension 'ignore_ament_install'
[0.918s] Level 1:colcon.colcon_core.package_identification:_identify(/home/chen/ros2_ws/src) by extensions ['colcon_pkg']
[0.918s] Level 1:colcon.colcon_core.package_identification:_identify(/home/chen/ros2_ws/src) by extension 'colcon_pkg'
[0.918s] Level 1:colcon.colcon_core.package_identification:_identify(/home/chen/ros2_ws/src) by extensions ['colcon_meta']
[0.918s] Level 1:colcon.colcon_core.package_identification:_identify(/home/chen/ros2_ws/src) by extension 'colcon_meta'
[0.919s] Level 1:colcon.colcon_core.package_identification:_identify(/home/chen/ros2_ws/src) by extensions ['ros']
[0.919s] Level 1:colcon.colcon_core.package_identification:_identify(/home/chen/ros2_ws/src) by extension 'ros'
[0.919s] Level 1:colcon.colcon_core.package_identification:_identify(/home/chen/ros2_ws/src) by extensions ['cmake', 'python']
[0.919s] Level 1:colcon.colcon_core.package_identification:_identify(/home/chen/ros2_ws/src) by extension 'cmake'
[0.919s] Level 1:colcon.colcon_core.package_identification:_identify(/home/chen/ros2_ws/src) by extension 'python'
[0.919s] Level 1:colcon.colcon_core.package_identification:_identify(/home/chen/ros2_ws/src) by extensions ['python_setup_py']
[0.919s] Level 1:colcon.colcon_core.package_identification:_identify(/home/chen/ros2_ws/src) by extension 'python_setup_py'
[0.920s] Level 1:colcon.colcon_core.package_identification:_identify(/home/chen/ros2_ws/src/build) by extensions ['ignore', 'ignore_ament_install']
[0.920s] Level 1:colcon.colcon_core.package_identification:_identify(/home/chen/ros2_ws/src/build) by extension 'ignore'
[0.920s] Level 1:colcon.colcon_core.package_identification:_identify(/home/chen/ros2_ws/src/build) ignored
[0.921s] Level 1:colcon.colcon_core.package_identification:_identify(/home/chen/ros2_ws/src/cpp_pubsub) by extensions ['ignore', 'ignore_ament_install']
[0.921s] Level 1:colcon.colcon_core.package_identification:_identify(/home/chen/ros2_ws/src/cpp_pubsub) by extension 'ignore'
[0.921s] Level 1:colcon.colcon_core.package_identification:_identify(/home/chen/ros2_ws/src/cpp_pubsub) by extension 'ignore_ament_install'
[0.921s] Level 1:colcon.colcon_core.package_identification:_identify(/home/chen/ros2_ws/src/cpp_pubsub) by extensions ['colcon_pkg']
[0.921s] Level 1:colcon.colcon_core.package_identification:_identify(/home/chen/ros2_ws/src/cpp_pubsub) by extension 'colcon_pkg'
[0.921s] Level 1:colcon.colcon_core.package_identification:_identify(/home/chen/ros2_ws/src/cpp_pubsub) by extensions ['colcon_meta']
[0.922s] Level 1:colcon.colcon_core.package_identification:_identify(/home/chen/ros2_ws/src/cpp_pubsub) by extension 'colcon_meta'
[0.922s] Level 1:colcon.colcon_core.package_identification:_identify(/home/chen/ros2_ws/src/cpp_pubsub) by extensions ['ros']
[0.922s] Level 1:colcon.colcon_core.package_identification:_identify(/home/chen/ros2_ws/src/cpp_pubsub) by extension 'ros'
[0.930s] DEBUG:colcon.colcon_core.package_identification:Package '/home/chen/ros2_ws/src/cpp_pubsub' with type 'ros.ament_cmake' and name 'cpp_pubsub'
[0.931s] Level 1:colcon.colcon_core.package_identification:_identify(/home/chen/ros2_ws/src/cpp_srvcli) by extensions ['ignore', 'ignore_ament_install']
[0.931s] Level 1:colcon.colcon_core.package_identification:_identify(/home/chen/ros2_ws/src/cpp_srvcli) by extension 'ignore'
[0.931s] Level 1:colcon.colcon_core.package_identification:_identify(/home/chen/ros2_ws/src/cpp_srvcli) by extension 'ignore_ament_install'
[0.932s] Level 1:colcon.colcon_core.package_identification:_identify(/home/chen/ros2_ws/src/cpp_srvcli) by extensions ['colcon_pkg']
[0.932s] Level 1:colcon.colcon_core.package_identification:_identify(/home/chen/ros2_ws/src/cpp_srvcli) by extension 'colcon_pkg'
[0.932s] Level 1:colcon.colcon_core.package_identification:_identify(/home/chen/ros2_ws/src/cpp_srvcli) by extensions ['colcon_meta']
[0.933s] Level 1:colcon.colcon_core.package_identification:_identify(/home/chen/ros2_ws/src/cpp_srvcli) by extension 'colcon_meta'
[0.934s] Level 1:colcon.colcon_core.package_identification:_identify(/home/chen/ros2_ws/src/cpp_srvcli) by extensions ['ros']
[0.935s] Level 1:colcon.colcon_core.package_identification:_identify(/home/chen/ros2_ws/src/cpp_srvcli) by extension 'ros'
[0.937s] DEBUG:colcon.colcon_core.package_identification:Package '/home/chen/ros2_ws/src/cpp_srvcli' with type 'ros.ament_cmake' and name 'cpp_srvcli'
[0.937s] Level 1:colcon.colcon_core.package_identification:_identify(/home/chen/ros2_ws/src/install) by extensions ['ignore', 'ignore_ament_install']
[0.937s] Level 1:colcon.colcon_core.package_identification:_identify(/home/chen/ros2_ws/src/install) by extension 'ignore'
[0.938s] Level 1:colcon.colcon_core.package_identification:_identify(/home/chen/ros2_ws/src/install) ignored
[0.938s] Level 1:colcon.colcon_core.package_identification:_identify(/home/chen/ros2_ws/src/log) by extensions ['ignore', 'ignore_ament_install']
[0.938s] Level 1:colcon.colcon_core.package_identification:_identify(/home/chen/ros2_ws/src/log) by extension 'ignore'
[0.939s] Level 1:colcon.colcon_core.package_identification:_identify(/home/chen/ros2_ws/src/log) ignored
[0.939s] Level 1:colcon.colcon_core.package_discovery:discover_packages(recursive) using defaults
[0.985s] Level 1:colcon.colcon_core.package_discovery:discover_packages(prefix_path) check parameters
[0.986s] Level 1:colcon.colcon_core.package_discovery:discover_packages(prefix_path) discover
[0.990s] DEBUG:colcon.colcon_installed_package_information.package_discovery:Found 2 installed packages in /home/chen/ros2_ws/install
[0.996s] DEBUG:colcon.colcon_installed_package_information.package_discovery:Found 256 installed packages in /opt/ros/foxy
[0.999s] Level 1:colcon.colcon_core.package_discovery:discover_packages(prefix_path) using defaults
[1.169s] Level 5:colcon.colcon_core.verb:set package 'cpp_pubsub' build argument 'cmake_args' from command line to '['-DCMAKE_BUILD_TYPE=RelWithDebInfo']'
[1.169s] Level 5:colcon.colcon_core.verb:set package 'cpp_pubsub' build argument 'cmake_target' from command line to 'None'
[1.169s] Level 5:colcon.colcon_core.verb:set package 'cpp_pubsub' build argument 'cmake_target_skip_unavailable' from command line to 'False'
[1.169s] Level 5:colcon.colcon_core.verb:set package 'cpp_pubsub' build argument 'cmake_clean_cache' from command line to 'False'
[1.169s] Level 5:colcon.colcon_core.verb:set package 'cpp_pubsub' build argument 'cmake_clean_first' from command line to 'False'
[1.169s] Level 5:colcon.colcon_core.verb:set package 'cpp_pubsub' build argument 'cmake_force_configure' from command line to 'False'
[1.170s] Level 5:colcon.colcon_core.verb:set package 'cpp_pubsub' build argument 'ament_cmake_args' from command line to 'None'
[1.170s] Level 5:colcon.colcon_core.verb:set package 'cpp_pubsub' build argument 'catkin_cmake_args' from command line to 'None'
[1.170s] Level 5:colcon.colcon_core.verb:set package 'cpp_pubsub' build argument 'catkin_skip_building_tests' from command line to 'False'
[1.170s] DEBUG:colcon.colcon_core.verb:Building package 'cpp_pubsub' with the following arguments: {'ament_cmake_args': None, 'build_base': '/home/chen/ros2_ws/build/cpp_pubsub', 'catkin_cmake_args': None, 'catkin_skip_building_tests': False, 'cmake_args': ['-DCMAKE_BUILD_TYPE=RelWithDebInfo'], 'cmake_clean_cache': False, 'cmake_clean_first': False, 'cmake_force_configure': False, 'cmake_target': None, 'cmake_target_skip_unavailable': False, 'install_base': '/home/chen/ros2_ws/install/cpp_pubsub', 'merge_install': False, 'path': '/home/chen/ros2_ws/src/cpp_pubsub', 'symlink_install': True, 'test_result_base': None}
[1.172s] Level 5:colcon.colcon_core.verb:set package 'cpp_srvcli' build argument 'cmake_args' from command line to '['-DCMAKE_BUILD_TYPE=RelWithDebInfo']'
[1.172s] Level 5:colcon.colcon_core.verb:set package 'cpp_srvcli' build argument 'cmake_target' from command line to 'None'
[1.172s] Level 5:colcon.colcon_core.verb:set package 'cpp_srvcli' build argument 'cmake_target_skip_unavailable' from command line to 'False'
[1.172s] Level 5:colcon.colcon_core.verb:set package 'cpp_srvcli' build argument 'cmake_clean_cache' from command line to 'False'
[1.172s] Level 5:colcon.colcon_core.verb:set package 'cpp_srvcli' build argument 'cmake_clean_first' from command line to 'False'
[1.173s] Level 5:colcon.colcon_core.verb:set package 'cpp_srvcli' build argument 'cmake_force_configure' from command line to 'False'
[1.173s] Level 5:colcon.colcon_core.verb:set package 'cpp_srvcli' build argument 'ament_cmake_args' from command line to 'None'
[1.173s] Level 5:colcon.colcon_core.verb:set package 'cpp_srvcli' build argument 'catkin_cmake_args' from command line to 'None'
[1.173s] Level 5:colcon.colcon_core.verb:set package 'cpp_srvcli' build argument 'catkin_skip_building_tests' from command line to 'False'
[1.174s] DEBUG:colcon.colcon_core.verb:Building package 'cpp_srvcli' with the following arguments: {'ament_cmake_args': None, 'build_base': '/home/chen/ros2_ws/build/cpp_srvcli', 'catkin_cmake_args': None, 'catkin_skip_building_tests': False, 'cmake_args': ['-DCMAKE_BUILD_TYPE=RelWithDebInfo'], 'cmake_clean_cache': False, 'cmake_clean_first': False, 'cmake_force_configure': False, 'cmake_target': None, 'cmake_target_skip_unavailable': False, 'install_base': '/home/chen/ros2_ws/install/cpp_srvcli', 'merge_install': False, 'path': '/home/chen/ros2_ws/src/cpp_srvcli', 'symlink_install': True, 'test_result_base': None}
[1.176s] INFO:colcon.colcon_core.executor:Executing jobs using 'parallel' executor
[1.191s] DEBUG:colcon.colcon_parallel_executor.executor.parallel:run_until_complete
[1.194s] INFO:colcon.colcon_ros.task.ament_cmake.build:Building ROS package in '/home/chen/ros2_ws/src/cpp_pubsub' with build type 'ament_cmake'
[1.196s] INFO:colcon.colcon_cmake.task.cmake.build:Building CMake package in '/home/chen/ros2_ws/src/cpp_pubsub'
[1.203s] INFO:colcon.colcon_core.plugin_system:Skipping extension 'colcon_core.shell.bat': Not used on non-Windows systems
[1.216s] INFO:colcon.colcon_core.shell:Skip shell extension 'powershell' for command environment: Not usable outside of PowerShell
[1.216s] DEBUG:colcon.colcon_core.shell:Skip shell extension 'dsv' for command environment
[1.239s] INFO:colcon.colcon_ros.task.ament_cmake.build:Building ROS package in '/home/chen/ros2_ws/src/cpp_srvcli' with build type 'ament_cmake'
[1.240s] INFO:colcon.colcon_cmake.task.cmake.build:Building CMake package in '/home/chen/ros2_ws/src/cpp_srvcli'
[1.259s] INFO:colcon.colcon_core.shell:Skip shell extension 'powershell' for command environment: Not usable outside of PowerShell
[1.259s] DEBUG:colcon.colcon_core.shell:Skip shell extension 'dsv' for command environment
[1.347s] DEBUG:colcon.colcon_core.event_handler.log_command:Invoking command in '/home/chen/ros2_ws/build/cpp_pubsub': CMAKE_PREFIX_PATH=${CMAKE_PREFIX_PATH}:/opt/ros/foxy /usr/bin/cmake --build /home/chen/ros2_ws/build/cpp_pubsub -- -j2 -l2
[1.401s] DEBUG:colcon.colcon_core.event_handler.log_command:Invoking command in '/home/chen/ros2_ws/build/cpp_srvcli': CMAKE_PREFIX_PATH=${CMAKE_PREFIX_PATH}:/opt/ros/foxy /usr/bin/cmake --build /home/chen/ros2_ws/build/cpp_srvcli -- -j2 -l2
[1.948s] DEBUG:colcon.colcon_core.event_handler.log_command:Invoked command in '/home/chen/ros2_ws/build/cpp_pubsub' returned '0': CMAKE_PREFIX_PATH=${CMAKE_PREFIX_PATH}:/opt/ros/foxy /usr/bin/cmake --build /home/chen/ros2_ws/build/cpp_pubsub -- -j2 -l2
[1.985s] DEBUG:colcon.colcon_core.event_handler.log_command:Invoked command in '/home/chen/ros2_ws/build/cpp_srvcli' returned '0': CMAKE_PREFIX_PATH=${CMAKE_PREFIX_PATH}:/opt/ros/foxy /usr/bin/cmake --build /home/chen/ros2_ws/build/cpp_srvcli -- -j2 -l2
[2.169s] DEBUG:colcon.colcon_core.event_handler.log_command:Invoking command in '/home/chen/ros2_ws/build/cpp_pubsub': CMAKE_PREFIX_PATH=${CMAKE_PREFIX_PATH}:/opt/ros/foxy /usr/bin/cmake --install /home/chen/ros2_ws/build/cpp_pubsub
[2.187s] DEBUG:colcon.colcon_core.event_handler.log_command:Invoking command in '/home/chen/ros2_ws/build/cpp_srvcli': CMAKE_PREFIX_PATH=${CMAKE_PREFIX_PATH}:/opt/ros/foxy /usr/bin/cmake --install /home/chen/ros2_ws/build/cpp_srvcli
[2.317s] Level 1:colcon.colcon_core.environment:create_environment_scripts_only(cpp_pubsub)
[2.319s] DEBUG:colcon.colcon_core.event_handler.log_command:Invoked command in '/home/chen/ros2_ws/build/cpp_pubsub' returned '0': CMAKE_PREFIX_PATH=${CMAKE_PREFIX_PATH}:/opt/ros/foxy /usr/bin/cmake --install /home/chen/ros2_ws/build/cpp_pubsub
[2.343s] Level 1:colcon.colcon_core.environment:checking '/home/chen/ros2_ws/install/cpp_pubsub' for CMake module files
[2.345s] Level 1:colcon.colcon_core.environment:checking '/home/chen/ros2_ws/install/cpp_pubsub' for CMake config files
[2.351s] Level 1:colcon.colcon_core.shell:create_environment_hook('cpp_pubsub', 'cmake_prefix_path')
[2.359s] INFO:colcon.colcon_core.shell:Creating environment hook '/home/chen/ros2_ws/install/cpp_pubsub/share/cpp_pubsub/hook/cmake_prefix_path.ps1'
[2.365s] INFO:colcon.colcon_core.shell:Creating environment descriptor '/home/chen/ros2_ws/install/cpp_pubsub/share/cpp_pubsub/hook/cmake_prefix_path.dsv'
[2.389s] INFO:colcon.colcon_core.shell:Creating environment hook '/home/chen/ros2_ws/install/cpp_pubsub/share/cpp_pubsub/hook/cmake_prefix_path.sh'
[2.395s] Level 1:colcon.colcon_core.environment:checking '/home/chen/ros2_ws/install/cpp_pubsub/lib'
[2.395s] Level 1:colcon.colcon_core.environment:checking '/home/chen/ros2_ws/install/cpp_pubsub/bin'
[2.396s] Level 1:colcon.colcon_core.environment:checking '/home/chen/ros2_ws/install/cpp_pubsub/lib/pkgconfig/cpp_pubsub.pc'
[2.396s] Level 1:colcon.colcon_core.environment:checking '/home/chen/ros2_ws/install/cpp_pubsub/lib/python3.8/site-packages'
[2.397s] Level 1:colcon.colcon_core.environment:checking '/home/chen/ros2_ws/install/cpp_pubsub/bin'
[2.405s] INFO:colcon.colcon_core.shell:Creating package script '/home/chen/ros2_ws/install/cpp_pubsub/share/cpp_pubsub/package.ps1'
[2.407s] INFO:colcon.colcon_core.shell:Creating package descriptor '/home/chen/ros2_ws/install/cpp_pubsub/share/cpp_pubsub/package.dsv'
[2.409s] INFO:colcon.colcon_core.shell:Creating package script '/home/chen/ros2_ws/install/cpp_pubsub/share/cpp_pubsub/package.sh'
[2.411s] INFO:colcon.colcon_core.shell:Creating package script '/home/chen/ros2_ws/install/cpp_pubsub/share/cpp_pubsub/package.bash'
[2.413s] INFO:colcon.colcon_core.shell:Creating package script '/home/chen/ros2_ws/install/cpp_pubsub/share/cpp_pubsub/package.zsh'
[2.418s] Level 1:colcon.colcon_core.environment:create_file_with_runtime_dependencies(/home/chen/ros2_ws/install/cpp_pubsub/share/colcon-core/packages/cpp_pubsub)
[2.435s] Level 1:colcon.colcon_core.environment:create_environment_scripts_only(cpp_srvcli)
[2.443s] DEBUG:colcon.colcon_core.event_handler.log_command:Invoked command in '/home/chen/ros2_ws/build/cpp_srvcli' returned '0': CMAKE_PREFIX_PATH=${CMAKE_PREFIX_PATH}:/opt/ros/foxy /usr/bin/cmake --install /home/chen/ros2_ws/build/cpp_srvcli
[2.461s] Level 1:colcon.colcon_core.environment:checking '/home/chen/ros2_ws/install/cpp_srvcli' for CMake module files
[2.463s] Level 1:colcon.colcon_core.environment:checking '/home/chen/ros2_ws/install/cpp_srvcli' for CMake config files
[2.464s] Level 1:colcon.colcon_core.shell:create_environment_hook('cpp_srvcli', 'cmake_prefix_path')
[2.476s] INFO:colcon.colcon_core.shell:Creating environment hook '/home/chen/ros2_ws/install/cpp_srvcli/share/cpp_srvcli/hook/cmake_prefix_path.ps1'
[2.480s] INFO:colcon.colcon_core.shell:Creating environment descriptor '/home/chen/ros2_ws/install/cpp_srvcli/share/cpp_srvcli/hook/cmake_prefix_path.dsv'
[2.482s] INFO:colcon.colcon_core.shell:Creating environment hook '/home/chen/ros2_ws/install/cpp_srvcli/share/cpp_srvcli/hook/cmake_prefix_path.sh'
[2.486s] Level 1:colcon.colcon_core.environment:checking '/home/chen/ros2_ws/install/cpp_srvcli/lib'
[2.487s] Level 1:colcon.colcon_core.environment:checking '/home/chen/ros2_ws/install/cpp_srvcli/bin'
[2.487s] Level 1:colcon.colcon_core.environment:checking '/home/chen/ros2_ws/install/cpp_srvcli/lib/pkgconfig/cpp_srvcli.pc'
[2.487s] Level 1:colcon.colcon_core.environment:checking '/home/chen/ros2_ws/install/cpp_srvcli/lib/python3.8/site-packages'
[2.487s] Level 1:colcon.colcon_core.environment:checking '/home/chen/ros2_ws/install/cpp_srvcli/bin'
[2.497s] INFO:colcon.colcon_core.shell:Creating package script '/home/chen/ros2_ws/install/cpp_srvcli/share/cpp_srvcli/package.ps1'
[2.511s] INFO:colcon.colcon_core.shell:Creating package descriptor '/home/chen/ros2_ws/install/cpp_srvcli/share/cpp_srvcli/package.dsv'
[2.512s] INFO:colcon.colcon_core.shell:Creating package script '/home/chen/ros2_ws/install/cpp_srvcli/share/cpp_srvcli/package.sh'
[2.512s] INFO:colcon.colcon_core.shell:Creating package script '/home/chen/ros2_ws/install/cpp_srvcli/share/cpp_srvcli/package.bash'
[2.513s] INFO:colcon.colcon_core.shell:Creating package script '/home/chen/ros2_ws/install/cpp_srvcli/share/cpp_srvcli/package.zsh'
[2.518s] Level 1:colcon.colcon_core.environment:create_file_with_runtime_dependencies(/home/chen/ros2_ws/install/cpp_srvcli/share/colcon-core/packages/cpp_srvcli)
[2.644s] Level 1:colcon.colcon_core.environment:create_environment_scripts_only(cpp_pubsub)
[2.650s] Level 1:colcon.colcon_core.environment:checking '/home/chen/ros2_ws/install/cpp_pubsub' for CMake module files
[2.651s] Level 1:colcon.colcon_core.environment:checking '/home/chen/ros2_ws/install/cpp_pubsub' for CMake config files
[2.652s] Level 1:colcon.colcon_core.shell:create_environment_hook('cpp_pubsub', 'cmake_prefix_path')
[2.653s] INFO:colcon.colcon_core.shell:Creating environment hook '/home/chen/ros2_ws/install/cpp_pubsub/share/cpp_pubsub/hook/cmake_prefix_path.ps1'
[2.657s] INFO:colcon.colcon_core.shell:Creating environment descriptor '/home/chen/ros2_ws/install/cpp_pubsub/share/cpp_pubsub/hook/cmake_prefix_path.dsv'
[2.659s] INFO:colcon.colcon_core.shell:Creating environment hook '/home/chen/ros2_ws/install/cpp_pubsub/share/cpp_pubsub/hook/cmake_prefix_path.sh'
[2.668s] Level 1:colcon.colcon_core.environment:checking '/home/chen/ros2_ws/install/cpp_pubsub/lib'
[2.669s] Level 1:colcon.colcon_core.environment:checking '/home/chen/ros2_ws/install/cpp_pubsub/bin'
[2.669s] Level 1:colcon.colcon_core.environment:checking '/home/chen/ros2_ws/install/cpp_pubsub/lib/pkgconfig/cpp_pubsub.pc'
[2.674s] Level 1:colcon.colcon_core.environment:checking '/home/chen/ros2_ws/install/cpp_pubsub/lib/python3.8/site-packages'
[2.675s] Level 1:colcon.colcon_core.environment:checking '/home/chen/ros2_ws/install/cpp_pubsub/bin'
[2.678s] INFO:colcon.colcon_core.shell:Creating package script '/home/chen/ros2_ws/install/cpp_pubsub/share/cpp_pubsub/package.ps1'
[2.679s] INFO:colcon.colcon_core.shell:Creating package descriptor '/home/chen/ros2_ws/install/cpp_pubsub/share/cpp_pubsub/package.dsv'
[2.680s] INFO:colcon.colcon_core.shell:Creating package script '/home/chen/ros2_ws/install/cpp_pubsub/share/cpp_pubsub/package.sh'
[2.682s] INFO:colcon.colcon_core.shell:Creating package script '/home/chen/ros2_ws/install/cpp_pubsub/share/cpp_pubsub/package.bash'
[2.686s] INFO:colcon.colcon_core.shell:Creating package script '/home/chen/ros2_ws/install/cpp_pubsub/share/cpp_pubsub/package.zsh'
[2.691s] Level 1:colcon.colcon_core.environment:create_file_with_runtime_dependencies(/home/chen/ros2_ws/install/cpp_pubsub/share/colcon-core/packages/cpp_pubsub)
[2.704s] Level 1:colcon.colcon_core.environment:create_environment_scripts_only(cpp_srvcli)
[2.710s] Level 1:colcon.colcon_core.environment:checking '/home/chen/ros2_ws/install/cpp_srvcli' for CMake module files
[2.711s] Level 1:colcon.colcon_core.environment:checking '/home/chen/ros2_ws/install/cpp_srvcli' for CMake config files
[2.712s] Level 1:colcon.colcon_core.shell:create_environment_hook('cpp_srvcli', 'cmake_prefix_path')
[2.716s] INFO:colcon.colcon_core.shell:Creating environment hook '/home/chen/ros2_ws/install/cpp_srvcli/share/cpp_srvcli/hook/cmake_prefix_path.ps1'
[2.719s] INFO:colcon.colcon_core.shell:Creating environment descriptor '/home/chen/ros2_ws/install/cpp_srvcli/share/cpp_srvcli/hook/cmake_prefix_path.dsv'
[2.720s] INFO:colcon.colcon_core.shell:Creating environment hook '/home/chen/ros2_ws/install/cpp_srvcli/share/cpp_srvcli/hook/cmake_prefix_path.sh'
[2.722s] Level 1:colcon.colcon_core.environment:checking '/home/chen/ros2_ws/install/cpp_srvcli/lib'
[2.722s] Level 1:colcon.colcon_core.environment:checking '/home/chen/ros2_ws/install/cpp_srvcli/bin'
[2.722s] Level 1:colcon.colcon_core.environment:checking '/home/chen/ros2_ws/install/cpp_srvcli/lib/pkgconfig/cpp_srvcli.pc'
[2.723s] Level 1:colcon.colcon_core.environment:checking '/home/chen/ros2_ws/install/cpp_srvcli/lib/python3.8/site-packages'
[2.724s] Level 1:colcon.colcon_core.environment:checking '/home/chen/ros2_ws/install/cpp_srvcli/bin'
[2.730s] INFO:colcon.colcon_core.shell:Creating package script '/home/chen/ros2_ws/install/cpp_srvcli/share/cpp_srvcli/package.ps1'
[2.733s] INFO:colcon.colcon_core.shell:Creating package descriptor '/home/chen/ros2_ws/install/cpp_srvcli/share/cpp_srvcli/package.dsv'
[2.735s] INFO:colcon.colcon_core.shell:Creating package script '/home/chen/ros2_ws/install/cpp_srvcli/share/cpp_srvcli/package.sh'
[2.736s] INFO:colcon.colcon_core.shell:Creating package script '/home/chen/ros2_ws/install/cpp_srvcli/share/cpp_srvcli/package.bash'
[2.737s] INFO:colcon.colcon_core.shell:Creating package script '/home/chen/ros2_ws/install/cpp_srvcli/share/cpp_srvcli/package.zsh'
[2.740s] Level 1:colcon.colcon_core.environment:create_file_with_runtime_dependencies(/home/chen/ros2_ws/install/cpp_srvcli/share/colcon-core/packages/cpp_srvcli)
[2.745s] DEBUG:colcon.colcon_parallel_executor.executor.parallel:closing loop
[2.746s] DEBUG:colcon.colcon_parallel_executor.executor.parallel:loop closed
[2.746s] DEBUG:colcon.colcon_parallel_executor.executor.parallel:run_until_complete finished with '0'
[2.747s] DEBUG:colcon.colcon_core.event_reactor:joining thread
[2.767s] INFO:colcon.colcon_core.plugin_system:Skipping extension 'colcon_notification.desktop_notification.terminal_notifier': Not used on non-Darwin systems
[2.767s] INFO:colcon.colcon_core.plugin_system:Skipping extension 'colcon_notification.desktop_notification.win32': Not used on non-Windows systems
[2.768s] INFO:colcon.colcon_notification.desktop_notification:Sending desktop notification using 'notify2'
[2.830s] DEBUG:colcon.colcon_core.event_reactor:joined thread
[2.834s] INFO:colcon.colcon_core.shell:Creating prefix script '/home/chen/ros2_ws/install/local_setup.ps1'
[2.839s] INFO:colcon.colcon_core.shell:Creating prefix util module '/home/chen/ros2_ws/install/_local_setup_util_ps1.py'
[2.843s] INFO:colcon.colcon_core.shell:Creating prefix chain script '/home/chen/ros2_ws/install/setup.ps1'
[2.857s] INFO:colcon.colcon_core.shell:Creating prefix script '/home/chen/ros2_ws/install/local_setup.sh'
[2.859s] INFO:colcon.colcon_core.shell:Creating prefix util module '/home/chen/ros2_ws/install/_local_setup_util_sh.py'
[2.861s] INFO:colcon.colcon_core.shell:Creating prefix chain script '/home/chen/ros2_ws/install/setup.sh'
[2.865s] INFO:colcon.colcon_core.shell:Creating prefix script '/home/chen/ros2_ws/install/local_setup.bash'
[2.868s] INFO:colcon.colcon_core.shell:Creating prefix chain script '/home/chen/ros2_ws/install/setup.bash'
[2.870s] INFO:colcon.colcon_core.shell:Creating prefix script '/home/chen/ros2_ws/install/local_setup.zsh'
[2.877s] INFO:colcon.colcon_core.shell:Creating prefix chain script '/home/chen/ros2_ws/install/setup.zsh'
