[0.054s] Invoking command in '/home/chen/ros2_ws/build/cpp_srvcli': CMAKE_PREFIX_PATH=/opt/ros/foxy /usr/bin/cmake /home/chen/ros2_ws/src/cpp_srvcli -DCMAKE_INSTALL_PREFIX=/home/chen/ros2_ws/install/cpp_srvcli
[0.119s] -- Found ament_cmake: 0.9.11 (/opt/ros/foxy/share/ament_cmake/cmake)
[0.165s] -- Using PYTHON_EXECUTABLE: /usr/bin/python3
[0.771s] -- Override CMake install command with custom implementation using symlinks instead of copying resources
[0.785s] -- Found rclcpp: 2.4.2 (/opt/ros/foxy/share/rclcpp/cmake)
[0.843s] -- Using all available rosidl_typesupport_c: rosidl_typesupport_fastrtps_c;rosidl_typesupport_introspection_c
[0.850s] -- Found rosidl_adapter: 1.3.0 (/opt/ros/foxy/share/rosidl_adapter/cmake)
[1.270s] -- Using all available rosidl_typesupport_cpp: rosidl_typesupport_fastrtps_cpp;rosidl_typesupport_introspection_cpp
[1.481s] -- Found rmw_implementation_cmake: 1.0.4 (/opt/ros/foxy/share/rmw_implementation_cmake/cmake)
[1.485s] -- Using RMW implementation 'rmw_fastrtps_cpp' as default
[1.732s] -- Found example_interfaces: 0.9.1 (/opt/ros/foxy/share/example_interfaces/cmake)
[1.975s] -- Found geometry_msgs: 2.0.5 (/opt/ros/foxy/share/geometry_msgs/cmake)
[2.064s] -- Found rosidl_default_generators: 1.0.1 (/opt/ros/foxy/share/rosidl_default_generators/cmake)
[2.099s] -- Found ament_lint_auto: 0.9.8 (/opt/ros/foxy/share/ament_lint_auto/cmake)
[2.428s] CMake Error at /opt/ros/foxy/share/rosidl_cmake/cmake/rosidl_generate_interfaces.cmake:93 (message):
[2.428s]   rosidl_generate_interfaces() the passed file 'msg/Num.msg' doesn't exist
[2.429s]   relative to the CMAKE_CURRENT_SOURCE_DIR
[2.429s]   '/home/chen/ros2_ws/src/cpp_srvcli'
[2.429s] Call Stack (most recent call first):
[2.429s]   CMakeLists.txt:43 (rosidl_generate_interfaces)
[2.429s] 
[2.429s] 
[2.438s] -- Configuring incomplete, errors occurred!
[2.438s] See also "/home/chen/ros2_ws/build/cpp_srvcli/CMakeFiles/CMakeOutput.log".
[2.438s] See also "/home/chen/ros2_ws/build/cpp_srvcli/CMakeFiles/CMakeError.log".
[2.511s] Invoked command in '/home/chen/ros2_ws/build/cpp_srvcli' returned '1': CMAKE_PREFIX_PATH=/opt/ros/foxy /usr/bin/cmake /home/chen/ros2_ws/src/cpp_srvcli -DCMAKE_INSTALL_PREFIX=/home/chen/ros2_ws/install/cpp_srvcli
