[0.058s] Invoking command in '/home/chen/ros2_ws/build/cpp_pubsub': CMAKE_PREFIX_PATH=/opt/ros/foxy /usr/bin/cmake /home/chen/ros2_ws/src/cpp_pubsub -DCMAKE_INSTALL_PREFIX=/home/chen/ros2_ws/install/cpp_pubsub
[0.119s] -- Found ament_cmake: 0.9.11 (/opt/ros/foxy/share/ament_cmake/cmake)
[0.159s] -- Using PYTHON_EXECUTABLE: /usr/bin/python3
[0.705s] -- Override CMake install command with custom implementation using symlinks instead of copying resources
[0.741s] -- Found rclcpp: 2.4.2 (/opt/ros/foxy/share/rclcpp/cmake)
[0.861s] -- Using all available rosidl_typesupport_c: rosidl_typesupport_fastrtps_c;rosidl_typesupport_introspection_c
[0.864s] -- Found rosidl_adapter: 1.3.0 (/opt/ros/foxy/share/rosidl_adapter/cmake)
[1.256s] -- Using all available rosidl_typesupport_cpp: rosidl_typesupport_fastrtps_cpp;rosidl_typesupport_introspection_cpp
[1.411s] -- Found rmw_implementation_cmake: 1.0.4 (/opt/ros/foxy/share/rmw_implementation_cmake/cmake)
[1.418s] -- Using RMW implementation 'rmw_fastrtps_cpp' as default
[2.199s] -- Configuring done
[2.261s] -- Generating done
[2.273s] -- Build files have been written to: /home/chen/ros2_ws/build/cpp_pubsub
[2.307s] Invoked command in '/home/chen/ros2_ws/build/cpp_pubsub' returned '0': CMAKE_PREFIX_PATH=/opt/ros/foxy /usr/bin/cmake /home/chen/ros2_ws/src/cpp_pubsub -DCMAKE_INSTALL_PREFIX=/home/chen/ros2_ws/install/cpp_pubsub
[2.309s] Invoking command in '/home/chen/ros2_ws/build/cpp_pubsub': CMAKE_PREFIX_PATH=/opt/ros/foxy /usr/bin/cmake --build /home/chen/ros2_ws/build/cpp_pubsub -- -j2 -l2
[2.698s] [ 50%] Built target listener
[2.726s] [100%] Built target talker
[2.784s] Invoked command in '/home/chen/ros2_ws/build/cpp_pubsub' returned '0': CMAKE_PREFIX_PATH=/opt/ros/foxy /usr/bin/cmake --build /home/chen/ros2_ws/build/cpp_pubsub -- -j2 -l2
[3.040s] Invoking command in '/home/chen/ros2_ws/build/cpp_pubsub': CMAKE_PREFIX_PATH=/opt/ros/foxy /usr/bin/cmake --install /home/chen/ros2_ws/build/cpp_pubsub
[3.099s] -- Install configuration: "RelWithDebInfo"
[3.099s] -- Execute custom install script
[3.102s] -- Up-to-date symlink: /home/chen/ros2_ws/install/cpp_pubsub/lib/cpp_pubsub/talker
[3.108s] -- Up-to-date symlink: /home/chen/ros2_ws/install/cpp_pubsub/lib/cpp_pubsub/listener
[3.109s] -- Up-to-date symlink: /home/chen/ros2_ws/install/cpp_pubsub/share/ament_index/resource_index/package_run_dependencies/cpp_pubsub
[3.110s] -- Up-to-date symlink: /home/chen/ros2_ws/install/cpp_pubsub/share/ament_index/resource_index/parent_prefix_path/cpp_pubsub
[3.116s] -- Up-to-date symlink: /home/chen/ros2_ws/install/cpp_pubsub/share/cpp_pubsub/environment/ament_prefix_path.sh
[3.127s] -- Up-to-date symlink: /home/chen/ros2_ws/install/cpp_pubsub/share/cpp_pubsub/environment/ament_prefix_path.dsv
[3.127s] -- Up-to-date symlink: /home/chen/ros2_ws/install/cpp_pubsub/share/cpp_pubsub/environment/path.sh
[3.127s] -- Up-to-date symlink: /home/chen/ros2_ws/install/cpp_pubsub/share/cpp_pubsub/environment/path.dsv
[3.127s] -- Up-to-date symlink: /home/chen/ros2_ws/install/cpp_pubsub/share/cpp_pubsub/local_setup.bash
[3.127s] -- Up-to-date symlink: /home/chen/ros2_ws/install/cpp_pubsub/share/cpp_pubsub/local_setup.sh
[3.127s] -- Up-to-date symlink: /home/chen/ros2_ws/install/cpp_pubsub/share/cpp_pubsub/local_setup.zsh
[3.128s] -- Up-to-date symlink: /home/chen/ros2_ws/install/cpp_pubsub/share/cpp_pubsub/local_setup.dsv
[3.128s] -- Symlinking: /home/chen/ros2_ws/install/cpp_pubsub/share/cpp_pubsub/package.dsv
[3.193s] -- Up-to-date symlink: /home/chen/ros2_ws/install/cpp_pubsub/share/ament_index/resource_index/packages/cpp_pubsub
[3.195s] -- Up-to-date symlink: /home/chen/ros2_ws/install/cpp_pubsub/share/cpp_pubsub/cmake/cpp_pubsubConfig.cmake
[3.197s] -- Up-to-date symlink: /home/chen/ros2_ws/install/cpp_pubsub/share/cpp_pubsub/cmake/cpp_pubsubConfig-version.cmake
[3.199s] -- Up-to-date symlink: /home/chen/ros2_ws/install/cpp_pubsub/share/cpp_pubsub/package.xml
[3.206s] Invoked command in '/home/chen/ros2_ws/build/cpp_pubsub' returned '0': CMAKE_PREFIX_PATH=/opt/ros/foxy /usr/bin/cmake --install /home/chen/ros2_ws/build/cpp_pubsub
