-- Found ament_cmake: 0.9.11 (/opt/ros/foxy/share/ament_cmake/cmake)
-- Found PythonInterp: /usr/bin/python3 (found suitable version "3.8.10", minimum required is "3") 
-- Using PYTHON_EXECUTABLE: /usr/bin/python3
-- Override CMake install command with custom implementation using symlinks instead of copying resources
-- Found rclcpp: 2.4.2 (/opt/ros/foxy/share/rclcpp/cmake)
-- Using all available rosidl_typesupport_c: rosidl_typesupport_fastrtps_c;rosidl_typesupport_introspection_c
-- Found rosidl_adapter: 1.3.0 (/opt/ros/foxy/share/rosidl_adapter/cmake)
-- Using all available rosidl_typesupport_cpp: rosidl_typesupport_fastrtps_cpp;rosidl_typesupport_introspection_cpp
-- Found rmw_implementation_cmake: 1.0.4 (/opt/ros/foxy/share/rmw_implementation_cmake/cmake)
-- Using RMW implementation 'rmw_fastrtps_cpp' as default
-- Found geometry_msgs: 2.0.5 (/opt/ros/foxy/share/geometry_msgs/cmake)
-- Found rosidl_default_generators: 1.0.1 (/opt/ros/foxy/share/rosidl_default_generators/cmake)
-- Found PythonInterp: /usr/bin/python3 (found version "3.8.10") 
-- Found ament_cmake_ros: 0.9.2 (/opt/ros/foxy/share/ament_cmake_ros/cmake)
-- Using all available rosidl_typesupport_c: rosidl_typesupport_fastrtps_c;rosidl_typesupport_introspection_c
-- Using all available rosidl_typesupport_cpp: rosidl_typesupport_fastrtps_cpp;rosidl_typesupport_introspection_cpp
-- Found PythonInterp: /usr/bin/python3 (found suitable version "3.8.10", minimum required is "3.5") 
-- Found python_cmake_module: 0.8.1 (/opt/ros/foxy/share/python_cmake_module/cmake)
-- Found PythonLibs: /usr/lib/x86_64-linux-gnu/libpython3.8.so (found suitable version "3.8.10", minimum required is "3.5") 
-- Using PYTHON_EXECUTABLE: /usr/bin/python3
-- Using PYTHON_INCLUDE_DIRS: /usr/include/python3.8
-- Using PYTHON_LIBRARIES: /usr/lib/x86_64-linux-gnu/libpython3.8.so
-- Found PythonExtra: .so  
-- Configuring done
-- Generating done
-- Build files have been written to: /home/chen/ros2_ws/build/cpp_pubsub
[35m[1mScanning dependencies of target cpp_pubsub__cpp[0m
[  1%] [34m[1mGenerating C++ code for ROS interfaces[0m
[  1%] Built target cpp_pubsub__cpp
[  3%] [34m[1mGenerating C code for ROS interfaces[0m
[35m[1mScanning dependencies of target cpp_pubsub__rosidl_generator_c[0m
[  5%] [32mBuilding C object CMakeFiles/cpp_pubsub__rosidl_generator_c.dir/rosidl_generator_c/cpp_pubsub/msg/detail/num__functions.c.o[0m
[  7%] [32mBuilding C object CMakeFiles/cpp_pubsub__rosidl_generator_c.dir/rosidl_generator_c/cpp_pubsub/msg/detail/sphere__functions.c.o[0m
[  9%] [32mBuilding C object CMakeFiles/cpp_pubsub__rosidl_generator_c.dir/rosidl_generator_c/cpp_pubsub/srv/detail/add_three_ints__functions.c.o[0m
[ 11%] [32m[1mLinking C shared library libcpp_pubsub__rosidl_generator_c.so[0m
[ 11%] Built target cpp_pubsub__rosidl_generator_c
[35m[1mScanning dependencies of target talker[0m
[ 13%] [32mBuilding CXX object CMakeFiles/talker.dir/src/publisher_member_function.cpp.o[0m
[ 15%] [32m[1mLinking CXX executable talker[0m
[ 15%] Built target talker
[35m[1mScanning dependencies of target listener[0m
[ 17%] [32mBuilding CXX object CMakeFiles/listener.dir/src/subscriber_member_function.cpp.o[0m
[ 19%] [32m[1mLinking CXX executable listener[0m
[ 19%] Built target listener
[ 21%] [34m[1mGenerating C++ type support dispatch for ROS interfaces[0m
[35m[1mScanning dependencies of target cpp_pubsub__rosidl_typesupport_cpp[0m
[ 23%] [32mBuilding CXX object CMakeFiles/cpp_pubsub__rosidl_typesupport_cpp.dir/rosidl_typesupport_cpp/cpp_pubsub/msg/num__type_support.cpp.o[0m
[ 25%] [32mBuilding CXX object CMakeFiles/cpp_pubsub__rosidl_typesupport_cpp.dir/rosidl_typesupport_cpp/cpp_pubsub/msg/sphere__type_support.cpp.o[0m
[ 27%] [32mBuilding CXX object CMakeFiles/cpp_pubsub__rosidl_typesupport_cpp.dir/rosidl_typesupport_cpp/cpp_pubsub/srv/add_three_ints__type_support.cpp.o[0m
[ 29%] [32m[1mLinking CXX shared library libcpp_pubsub__rosidl_typesupport_cpp.so[0m
[ 29%] Built target cpp_pubsub__rosidl_typesupport_cpp
[ 31%] [34m[1mGenerating C++ type support for eProsima Fast-RTPS[0m
[35m[1mScanning dependencies of target cpp_pubsub__rosidl_typesupport_fastrtps_cpp[0m
[ 33%] [32mBuilding CXX object CMakeFiles/cpp_pubsub__rosidl_typesupport_fastrtps_cpp.dir/rosidl_typesupport_fastrtps_cpp/cpp_pubsub/msg/detail/dds_fastrtps/num__type_support.cpp.o[0m
[ 35%] [32mBuilding CXX object CMakeFiles/cpp_pubsub__rosidl_typesupport_fastrtps_cpp.dir/rosidl_typesupport_fastrtps_cpp/cpp_pubsub/msg/detail/dds_fastrtps/sphere__type_support.cpp.o[0m
[ 37%] [32mBuilding CXX object CMakeFiles/cpp_pubsub__rosidl_typesupport_fastrtps_cpp.dir/rosidl_typesupport_fastrtps_cpp/cpp_pubsub/srv/detail/dds_fastrtps/add_three_ints__type_support.cpp.o[0m
[ 39%] [32m[1mLinking CXX shared library libcpp_pubsub__rosidl_typesupport_fastrtps_cpp.so[0m
[ 39%] Built target cpp_pubsub__rosidl_typesupport_fastrtps_cpp
[ 41%] [34m[1mGenerating C++ introspection for ROS interfaces[0m
[35m[1mScanning dependencies of target cpp_pubsub__rosidl_typesupport_introspection_cpp[0m
[ 43%] [32mBuilding CXX object CMakeFiles/cpp_pubsub__rosidl_typesupport_introspection_cpp.dir/rosidl_typesupport_introspection_cpp/cpp_pubsub/msg/detail/num__type_support.cpp.o[0m
[ 45%] [32mBuilding CXX object CMakeFiles/cpp_pubsub__rosidl_typesupport_introspection_cpp.dir/rosidl_typesupport_introspection_cpp/cpp_pubsub/msg/detail/sphere__type_support.cpp.o[0m
[ 47%] [32mBuilding CXX object CMakeFiles/cpp_pubsub__rosidl_typesupport_introspection_cpp.dir/rosidl_typesupport_introspection_cpp/cpp_pubsub/srv/detail/add_three_ints__type_support.cpp.o[0m
[ 49%] [32m[1mLinking CXX shared library libcpp_pubsub__rosidl_typesupport_introspection_cpp.so[0m
[ 49%] Built target cpp_pubsub__rosidl_typesupport_introspection_cpp
[ 50%] [34m[1mGenerating C introspection for ROS interfaces[0m
[35m[1mScanning dependencies of target cpp_pubsub__rosidl_typesupport_introspection_c[0m
[ 52%] [32mBuilding C object CMakeFiles/cpp_pubsub__rosidl_typesupport_introspection_c.dir/rosidl_typesupport_introspection_c/cpp_pubsub/msg/detail/num__type_support.c.o[0m
[ 54%] [32mBuilding C object CMakeFiles/cpp_pubsub__rosidl_typesupport_introspection_c.dir/rosidl_typesupport_introspection_c/cpp_pubsub/msg/detail/sphere__type_support.c.o[0m
[ 56%] [32mBuilding C object CMakeFiles/cpp_pubsub__rosidl_typesupport_introspection_c.dir/rosidl_typesupport_introspection_c/cpp_pubsub/srv/detail/add_three_ints__type_support.c.o[0m
[ 58%] [32m[1mLinking C shared library libcpp_pubsub__rosidl_typesupport_introspection_c.so[0m
[ 58%] Built target cpp_pubsub__rosidl_typesupport_introspection_c
[ 60%] [34m[1mGenerating C type support dispatch for ROS interfaces[0m
[35m[1mScanning dependencies of target cpp_pubsub__rosidl_typesupport_c[0m
[ 62%] [32mBuilding CXX object CMakeFiles/cpp_pubsub__rosidl_typesupport_c.dir/rosidl_typesupport_c/cpp_pubsub/msg/num__type_support.cpp.o[0m
[ 64%] [32mBuilding CXX object CMakeFiles/cpp_pubsub__rosidl_typesupport_c.dir/rosidl_typesupport_c/cpp_pubsub/msg/sphere__type_support.cpp.o[0m
[ 66%] [32mBuilding CXX object CMakeFiles/cpp_pubsub__rosidl_typesupport_c.dir/rosidl_typesupport_c/cpp_pubsub/srv/add_three_ints__type_support.cpp.o[0m
[ 68%] [32m[1mLinking CXX shared library libcpp_pubsub__rosidl_typesupport_c.so[0m
[ 68%] Built target cpp_pubsub__rosidl_typesupport_c
[ 70%] [34m[1mGenerating C type support for eProsima Fast-RTPS[0m
[35m[1mScanning dependencies of target cpp_pubsub__rosidl_typesupport_fastrtps_c[0m
[ 72%] [32mBuilding CXX object CMakeFiles/cpp_pubsub__rosidl_typesupport_fastrtps_c.dir/rosidl_typesupport_fastrtps_c/cpp_pubsub/msg/detail/num__type_support_c.cpp.o[0m
[ 74%] [32mBuilding CXX object CMakeFiles/cpp_pubsub__rosidl_typesupport_fastrtps_c.dir/rosidl_typesupport_fastrtps_c/cpp_pubsub/msg/detail/sphere__type_support_c.cpp.o[0m
[ 76%] [32mBuilding CXX object CMakeFiles/cpp_pubsub__rosidl_typesupport_fastrtps_c.dir/rosidl_typesupport_fastrtps_c/cpp_pubsub/srv/detail/add_three_ints__type_support_c.cpp.o[0m
[ 78%] [32m[1mLinking CXX shared library libcpp_pubsub__rosidl_typesupport_fastrtps_c.so[0m
[ 78%] Built target cpp_pubsub__rosidl_typesupport_fastrtps_c
[35m[1mScanning dependencies of target cpp_pubsub[0m
[ 78%] Built target cpp_pubsub
[35m[1mScanning dependencies of target cpp_pubsub__py[0m
[ 80%] [34m[1mGenerating Python code for ROS interfaces[0m
[ 80%] Built target cpp_pubsub__py
[35m[1mScanning dependencies of target cpp_pubsub__python[0m
[ 82%] [32mBuilding C object CMakeFiles/cpp_pubsub__python.dir/rosidl_generator_py/cpp_pubsub/msg/_num_s.c.o[0m
[ 84%] [32mBuilding C object CMakeFiles/cpp_pubsub__python.dir/rosidl_generator_py/cpp_pubsub/msg/_sphere_s.c.o[0m
[ 86%] [32mBuilding C object CMakeFiles/cpp_pubsub__python.dir/rosidl_generator_py/cpp_pubsub/srv/_add_three_ints_s.c.o[0m
[ 88%] [32m[1mLinking C shared library rosidl_generator_py/cpp_pubsub/libcpp_pubsub__python.so[0m
[ 88%] Built target cpp_pubsub__python
[35m[1mScanning dependencies of target cpp_pubsub__rosidl_typesupport_introspection_c__pyext[0m
[ 90%] [32mBuilding C object CMakeFiles/cpp_pubsub__rosidl_typesupport_introspection_c__pyext.dir/rosidl_generator_py/cpp_pubsub/_cpp_pubsub_s.ep.rosidl_typesupport_introspection_c.c.o[0m
[ 92%] [32m[1mLinking C shared library rosidl_generator_py/cpp_pubsub/cpp_pubsub_s__rosidl_typesupport_introspection_c.cpython-38-x86_64-linux-gnu.so[0m
[ 92%] Built target cpp_pubsub__rosidl_typesupport_introspection_c__pyext
[35m[1mScanning dependencies of target cpp_pubsub__rosidl_typesupport_fastrtps_c__pyext[0m
[ 94%] [32mBuilding C object CMakeFiles/cpp_pubsub__rosidl_typesupport_fastrtps_c__pyext.dir/rosidl_generator_py/cpp_pubsub/_cpp_pubsub_s.ep.rosidl_typesupport_fastrtps_c.c.o[0m
[ 96%] [32m[1mLinking CXX shared library rosidl_generator_py/cpp_pubsub/cpp_pubsub_s__rosidl_typesupport_fastrtps_c.cpython-38-x86_64-linux-gnu.so[0m
[ 96%] Built target cpp_pubsub__rosidl_typesupport_fastrtps_c__pyext
[35m[1mScanning dependencies of target cpp_pubsub__rosidl_typesupport_c__pyext[0m
[ 98%] [32mBuilding C object CMakeFiles/cpp_pubsub__rosidl_typesupport_c__pyext.dir/rosidl_generator_py/cpp_pubsub/_cpp_pubsub_s.ep.rosidl_typesupport_c.c.o[0m
[100%] [32m[1mLinking C shared library rosidl_generator_py/cpp_pubsub/cpp_pubsub_s__rosidl_typesupport_c.cpython-38-x86_64-linux-gnu.so[0m
[100%] Built target cpp_pubsub__rosidl_typesupport_c__pyext
-- Install configuration: "RelWithDebInfo"
-- Execute custom install script
-- Symlinking: /home/chen/ros2_ws/install/cpp_pubsub/share/ament_index/resource_index/rosidl_interfaces/cpp_pubsub
-- Symlinking: /home/chen/ros2_ws/install/cpp_pubsub/include/cpp_pubsub/msg/detail/num__functions.h
-- Symlinking: /home/chen/ros2_ws/install/cpp_pubsub/include/cpp_pubsub/msg/detail/num__struct.h
-- Symlinking: /home/chen/ros2_ws/install/cpp_pubsub/include/cpp_pubsub/msg/detail/num__type_support.h
-- Symlinking: /home/chen/ros2_ws/install/cpp_pubsub/include/cpp_pubsub/msg/detail/sphere__functions.h
-- Symlinking: /home/chen/ros2_ws/install/cpp_pubsub/include/cpp_pubsub/msg/detail/sphere__struct.h
-- Symlinking: /home/chen/ros2_ws/install/cpp_pubsub/include/cpp_pubsub/msg/detail/sphere__type_support.h
-- Symlinking: /home/chen/ros2_ws/install/cpp_pubsub/include/cpp_pubsub/msg/num.h
-- Symlinking: /home/chen/ros2_ws/install/cpp_pubsub/include/cpp_pubsub/msg/rosidl_generator_c__visibility_control.h
-- Symlinking: /home/chen/ros2_ws/install/cpp_pubsub/include/cpp_pubsub/msg/sphere.h
-- Symlinking: /home/chen/ros2_ws/install/cpp_pubsub/include/cpp_pubsub/srv/add_three_ints.h
-- Symlinking: /home/chen/ros2_ws/install/cpp_pubsub/include/cpp_pubsub/srv/detail/add_three_ints__functions.h
-- Symlinking: /home/chen/ros2_ws/install/cpp_pubsub/include/cpp_pubsub/srv/detail/add_three_ints__struct.h
-- Symlinking: /home/chen/ros2_ws/install/cpp_pubsub/include/cpp_pubsub/srv/detail/add_three_ints__type_support.h
-- Symlinking: /home/chen/ros2_ws/install/cpp_pubsub/share/cpp_pubsub/environment/library_path.sh
-- Symlinking: /home/chen/ros2_ws/install/cpp_pubsub/share/cpp_pubsub/environment/library_path.dsv
-- Symlinking: /home/chen/ros2_ws/install/cpp_pubsub/include/cpp_pubsub/msg/detail/num__rosidl_typesupport_fastrtps_c.h
-- Symlinking: /home/chen/ros2_ws/install/cpp_pubsub/include/cpp_pubsub/msg/detail/sphere__rosidl_typesupport_fastrtps_c.h
-- Symlinking: /home/chen/ros2_ws/install/cpp_pubsub/include/cpp_pubsub/msg/rosidl_typesupport_fastrtps_c__visibility_control.h
-- Symlinking: /home/chen/ros2_ws/install/cpp_pubsub/include/cpp_pubsub/srv/detail/add_three_ints__rosidl_typesupport_fastrtps_c.h
-- Symlinking: /home/chen/ros2_ws/install/cpp_pubsub/lib/libcpp_pubsub__rosidl_typesupport_fastrtps_c.so
-- Symlinking: /home/chen/ros2_ws/install/cpp_pubsub/include/cpp_pubsub/msg/detail/num__rosidl_typesupport_fastrtps_cpp.hpp
-- Symlinking: /home/chen/ros2_ws/install/cpp_pubsub/include/cpp_pubsub/msg/detail/sphere__rosidl_typesupport_fastrtps_cpp.hpp
-- Symlinking: /home/chen/ros2_ws/install/cpp_pubsub/include/cpp_pubsub/msg/rosidl_typesupport_fastrtps_cpp__visibility_control.h
-- Symlinking: /home/chen/ros2_ws/install/cpp_pubsub/include/cpp_pubsub/srv/detail/add_three_ints__rosidl_typesupport_fastrtps_cpp.hpp
-- Symlinking: /home/chen/ros2_ws/install/cpp_pubsub/lib/libcpp_pubsub__rosidl_typesupport_fastrtps_cpp.so
-- Symlinking: /home/chen/ros2_ws/install/cpp_pubsub/include/cpp_pubsub/msg/detail/num__rosidl_typesupport_introspection_c.h
-- Symlinking: /home/chen/ros2_ws/install/cpp_pubsub/include/cpp_pubsub/msg/detail/sphere__rosidl_typesupport_introspection_c.h
-- Symlinking: /home/chen/ros2_ws/install/cpp_pubsub/include/cpp_pubsub/msg/rosidl_typesupport_introspection_c__visibility_control.h
-- Symlinking: /home/chen/ros2_ws/install/cpp_pubsub/include/cpp_pubsub/srv/detail/add_three_ints__rosidl_typesupport_introspection_c.h
-- Symlinking: /home/chen/ros2_ws/install/cpp_pubsub/include/cpp_pubsub/msg/detail/num__builder.hpp
-- Symlinking: /home/chen/ros2_ws/install/cpp_pubsub/include/cpp_pubsub/msg/detail/num__struct.hpp
-- Symlinking: /home/chen/ros2_ws/install/cpp_pubsub/include/cpp_pubsub/msg/detail/num__traits.hpp
-- Symlinking: /home/chen/ros2_ws/install/cpp_pubsub/include/cpp_pubsub/msg/detail/sphere__builder.hpp
-- Symlinking: /home/chen/ros2_ws/install/cpp_pubsub/include/cpp_pubsub/msg/detail/sphere__struct.hpp
-- Symlinking: /home/chen/ros2_ws/install/cpp_pubsub/include/cpp_pubsub/msg/detail/sphere__traits.hpp
-- Symlinking: /home/chen/ros2_ws/install/cpp_pubsub/include/cpp_pubsub/msg/num.hpp
-- Symlinking: /home/chen/ros2_ws/install/cpp_pubsub/include/cpp_pubsub/msg/sphere.hpp
-- Symlinking: /home/chen/ros2_ws/install/cpp_pubsub/include/cpp_pubsub/srv/add_three_ints.hpp
-- Symlinking: /home/chen/ros2_ws/install/cpp_pubsub/include/cpp_pubsub/srv/detail/add_three_ints__builder.hpp
-- Symlinking: /home/chen/ros2_ws/install/cpp_pubsub/include/cpp_pubsub/srv/detail/add_three_ints__struct.hpp
-- Symlinking: /home/chen/ros2_ws/install/cpp_pubsub/include/cpp_pubsub/srv/detail/add_three_ints__traits.hpp
-- Symlinking: /home/chen/ros2_ws/install/cpp_pubsub/include/cpp_pubsub/msg/detail/num__rosidl_typesupport_introspection_cpp.hpp
-- Symlinking: /home/chen/ros2_ws/install/cpp_pubsub/include/cpp_pubsub/msg/detail/sphere__rosidl_typesupport_introspection_cpp.hpp
-- Symlinking: /home/chen/ros2_ws/install/cpp_pubsub/include/cpp_pubsub/srv/detail/add_three_ints__rosidl_typesupport_introspection_cpp.hpp
-- Symlinking: /home/chen/ros2_ws/install/cpp_pubsub/share/cpp_pubsub/environment/pythonpath.sh
-- Symlinking: /home/chen/ros2_ws/install/cpp_pubsub/share/cpp_pubsub/environment/pythonpath.dsv
-- Symlinking: /home/chen/ros2_ws/install/cpp_pubsub/lib/python3.8/site-packages/cpp_pubsub/__init__.py
-- Symlinking: /home/chen/ros2_ws/install/cpp_pubsub/lib/python3.8/site-packages/cpp_pubsub/msg/__init__.py
-- Symlinking: /home/chen/ros2_ws/install/cpp_pubsub/lib/python3.8/site-packages/cpp_pubsub/msg/_num.py
-- Symlinking: /home/chen/ros2_ws/install/cpp_pubsub/lib/python3.8/site-packages/cpp_pubsub/msg/_sphere.py
-- Symlinking: /home/chen/ros2_ws/install/cpp_pubsub/lib/python3.8/site-packages/cpp_pubsub/srv/__init__.py
-- Symlinking: /home/chen/ros2_ws/install/cpp_pubsub/lib/python3.8/site-packages/cpp_pubsub/srv/_add_three_ints.py
-- Symlinking: /home/chen/ros2_ws/install/cpp_pubsub/lib/python3.8/site-packages/cpp_pubsub/cpp_pubsub_s__rosidl_typesupport_fastrtps_c.cpython-38-x86_64-linux-gnu.so
-- Symlinking: /home/chen/ros2_ws/install/cpp_pubsub/lib/python3.8/site-packages/cpp_pubsub/cpp_pubsub_s__rosidl_typesupport_introspection_c.cpython-38-x86_64-linux-gnu.so
-- Symlinking: /home/chen/ros2_ws/install/cpp_pubsub/lib/python3.8/site-packages/cpp_pubsub/cpp_pubsub_s__rosidl_typesupport_c.cpython-38-x86_64-linux-gnu.so
-- Symlinking: /home/chen/ros2_ws/install/cpp_pubsub/lib/libcpp_pubsub__python.so
-- Symlinking: /home/chen/ros2_ws/install/cpp_pubsub/share/cpp_pubsub/msg/Num.idl
-- Symlinking: /home/chen/ros2_ws/install/cpp_pubsub/share/cpp_pubsub/msg/Sphere.idl
-- Symlinking: /home/chen/ros2_ws/install/cpp_pubsub/share/cpp_pubsub/srv/AddThreeInts.idl
-- Symlinking: /home/chen/ros2_ws/install/cpp_pubsub/share/cpp_pubsub/msg/Num.msg
-- Symlinking: /home/chen/ros2_ws/install/cpp_pubsub/share/cpp_pubsub/msg/Sphere.msg
-- Symlinking: /home/chen/ros2_ws/install/cpp_pubsub/share/cpp_pubsub/srv/AddThreeInts.srv
-- Symlinking: /home/chen/ros2_ws/install/cpp_pubsub/share/cpp_pubsub/srv/AddThreeInts_Request.msg
-- Symlinking: /home/chen/ros2_ws/install/cpp_pubsub/share/cpp_pubsub/srv/AddThreeInts_Response.msg
-- Up-to-date symlink: /home/chen/ros2_ws/install/cpp_pubsub/lib/cpp_pubsub/talker
-- Up-to-date symlink: /home/chen/ros2_ws/install/cpp_pubsub/lib/cpp_pubsub/listener
-- Up-to-date symlink: /home/chen/ros2_ws/install/cpp_pubsub/share/ament_index/resource_index/package_run_dependencies/cpp_pubsub
-- Up-to-date symlink: /home/chen/ros2_ws/install/cpp_pubsub/share/ament_index/resource_index/parent_prefix_path/cpp_pubsub
-- Up-to-date symlink: /home/chen/ros2_ws/install/cpp_pubsub/share/cpp_pubsub/environment/ament_prefix_path.sh
-- Up-to-date symlink: /home/chen/ros2_ws/install/cpp_pubsub/share/cpp_pubsub/environment/ament_prefix_path.dsv
-- Up-to-date symlink: /home/chen/ros2_ws/install/cpp_pubsub/share/cpp_pubsub/environment/path.sh
-- Up-to-date symlink: /home/chen/ros2_ws/install/cpp_pubsub/share/cpp_pubsub/environment/path.dsv
-- Up-to-date symlink: /home/chen/ros2_ws/install/cpp_pubsub/share/cpp_pubsub/local_setup.bash
-- Up-to-date symlink: /home/chen/ros2_ws/install/cpp_pubsub/share/cpp_pubsub/local_setup.sh
-- Up-to-date symlink: /home/chen/ros2_ws/install/cpp_pubsub/share/cpp_pubsub/local_setup.zsh
-- Up-to-date symlink: /home/chen/ros2_ws/install/cpp_pubsub/share/cpp_pubsub/local_setup.dsv
-- Symlinking: /home/chen/ros2_ws/install/cpp_pubsub/share/cpp_pubsub/package.dsv
-- Up-to-date symlink: /home/chen/ros2_ws/install/cpp_pubsub/share/ament_index/resource_index/packages/cpp_pubsub
-- Symlinking: /home/chen/ros2_ws/install/cpp_pubsub/share/cpp_pubsub/cmake/rosidl_cmake-extras.cmake
-- Symlinking: /home/chen/ros2_ws/install/cpp_pubsub/share/cpp_pubsub/cmake/ament_cmake_export_dependencies-extras.cmake
-- Symlinking: /home/chen/ros2_ws/install/cpp_pubsub/share/cpp_pubsub/cmake/ament_cmake_export_libraries-extras.cmake
-- Symlinking: /home/chen/ros2_ws/install/cpp_pubsub/share/cpp_pubsub/cmake/ament_cmake_export_targets-extras.cmake
-- Symlinking: /home/chen/ros2_ws/install/cpp_pubsub/share/cpp_pubsub/cmake/ament_cmake_export_include_directories-extras.cmake
-- Symlinking: /home/chen/ros2_ws/install/cpp_pubsub/share/cpp_pubsub/cmake/rosidl_cmake_export_typesupport_libraries-extras.cmake
-- Symlinking: /home/chen/ros2_ws/install/cpp_pubsub/share/cpp_pubsub/cmake/rosidl_cmake_export_typesupport_targets-extras.cmake
-- Up-to-date symlink: /home/chen/ros2_ws/install/cpp_pubsub/share/cpp_pubsub/cmake/cpp_pubsubConfig.cmake
-- Up-to-date symlink: /home/chen/ros2_ws/install/cpp_pubsub/share/cpp_pubsub/cmake/cpp_pubsubConfig-version.cmake
-- Up-to-date symlink: /home/chen/ros2_ws/install/cpp_pubsub/share/cpp_pubsub/package.xml
-- Installing: /home/chen/ros2_ws/install/cpp_pubsub/lib/libcpp_pubsub__rosidl_generator_c.so
-- Set runtime path of "/home/chen/ros2_ws/install/cpp_pubsub/lib/libcpp_pubsub__rosidl_generator_c.so" to ""
-- Installing: /home/chen/ros2_ws/install/cpp_pubsub/lib/libcpp_pubsub__rosidl_typesupport_introspection_c.so
-- Set runtime path of "/home/chen/ros2_ws/install/cpp_pubsub/lib/libcpp_pubsub__rosidl_typesupport_introspection_c.so" to ""
-- Installing: /home/chen/ros2_ws/install/cpp_pubsub/lib/libcpp_pubsub__rosidl_typesupport_c.so
-- Set runtime path of "/home/chen/ros2_ws/install/cpp_pubsub/lib/libcpp_pubsub__rosidl_typesupport_c.so" to ""
-- Installing: /home/chen/ros2_ws/install/cpp_pubsub/lib/libcpp_pubsub__rosidl_typesupport_introspection_cpp.so
-- Set runtime path of "/home/chen/ros2_ws/install/cpp_pubsub/lib/libcpp_pubsub__rosidl_typesupport_introspection_cpp.so" to ""
-- Installing: /home/chen/ros2_ws/install/cpp_pubsub/lib/libcpp_pubsub__rosidl_typesupport_cpp.so
-- Set runtime path of "/home/chen/ros2_ws/install/cpp_pubsub/lib/libcpp_pubsub__rosidl_typesupport_cpp.so" to ""
Compiling '/home/chen/ros2_ws/install/cpp_pubsub/lib/python3.8/site-packages/cpp_pubsub/__init__.py'...
-- Installing: /home/chen/ros2_ws/install/cpp_pubsub/share/cpp_pubsub/cmake/cpp_pubsub__rosidl_generator_cExport.cmake
-- Installing: /home/chen/ros2_ws/install/cpp_pubsub/share/cpp_pubsub/cmake/cpp_pubsub__rosidl_generator_cExport-relwithdebinfo.cmake
-- Installing: /home/chen/ros2_ws/install/cpp_pubsub/share/cpp_pubsub/cmake/cpp_pubsub__rosidl_typesupport_introspection_cExport.cmake
-- Installing: /home/chen/ros2_ws/install/cpp_pubsub/share/cpp_pubsub/cmake/cpp_pubsub__rosidl_typesupport_introspection_cExport-relwithdebinfo.cmake
-- Installing: /home/chen/ros2_ws/install/cpp_pubsub/share/cpp_pubsub/cmake/cpp_pubsub__rosidl_typesupport_cExport.cmake
-- Installing: /home/chen/ros2_ws/install/cpp_pubsub/share/cpp_pubsub/cmake/cpp_pubsub__rosidl_typesupport_cExport-relwithdebinfo.cmake
-- Installing: /home/chen/ros2_ws/install/cpp_pubsub/share/cpp_pubsub/cmake/cpp_pubsub__rosidl_generator_cppExport.cmake
-- Installing: /home/chen/ros2_ws/install/cpp_pubsub/share/cpp_pubsub/cmake/cpp_pubsub__rosidl_typesupport_introspection_cppExport.cmake
-- Installing: /home/chen/ros2_ws/install/cpp_pubsub/share/cpp_pubsub/cmake/cpp_pubsub__rosidl_typesupport_introspection_cppExport-relwithdebinfo.cmake
-- Installing: /home/chen/ros2_ws/install/cpp_pubsub/share/cpp_pubsub/cmake/cpp_pubsub__rosidl_typesupport_cppExport.cmake
-- Installing: /home/chen/ros2_ws/install/cpp_pubsub/share/cpp_pubsub/cmake/cpp_pubsub__rosidl_typesupport_cppExport-relwithdebinfo.cmake
