Performing C SOURCE FILE Test CMAKE_HAVE_LIBC_PTHREAD failed with the following output:
Change Dir: /home/chen/ros2_ws/build/CMakeFiles/CMakeTmp

Run Build Command(s):/usr/bin/make cmTC_2b1f7/fast && /usr/bin/make -f CMakeFiles/cmTC_2b1f7.dir/build.make CMakeFiles/cmTC_2b1f7.dir/build
make[1]: 进入目录“/home/chen/ros2_ws/build/CMakeFiles/CMakeTmp”
Building C object CMakeFiles/cmTC_2b1f7.dir/src.c.o
/usr/bin/gcc   -DCMAKE_HAVE_LIBC_PTHREAD   -o CMakeFiles/cmTC_2b1f7.dir/src.c.o   -c /home/chen/ros2_ws/build/CMakeFiles/CMakeTmp/src.c
Linking C executable cmTC_2b1f7
/usr/bin/cmake -E cmake_link_script CMakeFiles/cmTC_2b1f7.dir/link.txt --verbose=1
/usr/bin/gcc  -DCMAKE_HAVE_LIBC_PTHREAD    CMakeFiles/cmTC_2b1f7.dir/src.c.o  -o cmTC_2b1f7 
/usr/bin/ld: CMakeFiles/cmTC_2b1f7.dir/src.c.o: in function `main':
src.c:(.text+0x46): undefined reference to `pthread_create'
/usr/bin/ld: src.c:(.text+0x52): undefined reference to `pthread_detach'
/usr/bin/ld: src.c:(.text+0x63): undefined reference to `pthread_join'
collect2: error: ld returned 1 exit status
make[1]: *** [CMakeFiles/cmTC_2b1f7.dir/build.make:87：cmTC_2b1f7] 错误 1
make[1]: 离开目录“/home/chen/ros2_ws/build/CMakeFiles/CMakeTmp”
make: *** [Makefile:121：cmTC_2b1f7/fast] 错误 2


Source file was:
#include <pthread.h>

void* test_func(void* data)
{
  return data;
}

int main(void)
{
  pthread_t thread;
  pthread_create(&thread, NULL, test_func, NULL);
  pthread_detach(thread);
  pthread_join(thread, NULL);
  pthread_atfork(NULL, NULL, NULL);
  pthread_exit(NULL);

  return 0;
}

Determining if the function pthread_create exists in the pthreads failed with the following output:
Change Dir: /home/chen/ros2_ws/build/CMakeFiles/CMakeTmp

Run Build Command(s):/usr/bin/make cmTC_c5e3f/fast && /usr/bin/make -f CMakeFiles/cmTC_c5e3f.dir/build.make CMakeFiles/cmTC_c5e3f.dir/build
make[1]: 进入目录“/home/chen/ros2_ws/build/CMakeFiles/CMakeTmp”
Building C object CMakeFiles/cmTC_c5e3f.dir/CheckFunctionExists.c.o
/usr/bin/gcc   -DCHECK_FUNCTION_EXISTS=pthread_create   -o CMakeFiles/cmTC_c5e3f.dir/CheckFunctionExists.c.o   -c /usr/share/cmake-3.16/Modules/CheckFunctionExists.c
Linking C executable cmTC_c5e3f
/usr/bin/cmake -E cmake_link_script CMakeFiles/cmTC_c5e3f.dir/link.txt --verbose=1
/usr/bin/gcc  -DCHECK_FUNCTION_EXISTS=pthread_create    CMakeFiles/cmTC_c5e3f.dir/CheckFunctionExists.c.o  -o cmTC_c5e3f  -lpthreads 
/usr/bin/ld: 找不到 -lpthreads
collect2: error: ld returned 1 exit status
make[1]: *** [CMakeFiles/cmTC_c5e3f.dir/build.make:87：cmTC_c5e3f] 错误 1
make[1]: 离开目录“/home/chen/ros2_ws/build/CMakeFiles/CMakeTmp”
make: *** [Makefile:121：cmTC_c5e3f/fast] 错误 2



