[0.086s] Invoking command in '/home/chen/ros2_ws/build/cpp_pubsub': CMAKE_PREFIX_PATH=${CMAKE_PREFIX_PATH}:/opt/ros/foxy /usr/bin/cmake /home/chen/ros2_ws/src/cpp_pubsub -DCMAKE_INSTALL_PREFIX=/home/chen/ros2_ws/install/cpp_pubsub
[0.185s] -- Found ament_cmake: 0.9.11 (/opt/ros/foxy/share/ament_cmake/cmake)
[0.264s] -- Found PythonInterp: /usr/bin/python3 (found suitable version "3.8.10", minimum required is "3") 
[0.267s] -- Using PYTHON_EXECUTABLE: /usr/bin/python3
[0.877s] -- Override CMake install command with custom implementation using symlinks instead of copying resources
[0.890s] -- Found rclcpp: 2.4.2 (/opt/ros/foxy/share/rclcpp/cmake)
[0.946s] -- Using all available rosidl_typesupport_c: rosidl_typesupport_fastrtps_c;rosidl_typesupport_introspection_c
[0.952s] -- Found rosidl_adapter: 1.3.0 (/opt/ros/foxy/share/rosidl_adapter/cmake)
[1.323s] -- Using all available rosidl_typesupport_cpp: rosidl_typesupport_fastrtps_cpp;rosidl_typesupport_introspection_cpp
[1.416s] -- Found rmw_implementation_cmake: 1.0.4 (/opt/ros/foxy/share/rmw_implementation_cmake/cmake)
[1.420s] -- Using RMW implementation 'rmw_fastrtps_cpp' as default
[1.743s] -- Found geometry_msgs: 2.0.5 (/opt/ros/foxy/share/geometry_msgs/cmake)
[1.825s] -- Found rosidl_default_generators: 1.0.1 (/opt/ros/foxy/share/rosidl_default_generators/cmake)
[1.906s] -- Found PythonInterp: /usr/bin/python3 (found version "3.8.10") 
[2.467s] -- Found ament_cmake_ros: 0.9.2 (/opt/ros/foxy/share/ament_cmake_ros/cmake)
[3.312s] -- Using all available rosidl_typesupport_c: rosidl_typesupport_fastrtps_c;rosidl_typesupport_introspection_c
[3.528s] -- Using all available rosidl_typesupport_cpp: rosidl_typesupport_fastrtps_cpp;rosidl_typesupport_introspection_cpp
[3.580s] -- Found PythonInterp: /usr/bin/python3 (found suitable version "3.8.10", minimum required is "3.5") 
[3.581s] -- Found python_cmake_module: 0.8.1 (/opt/ros/foxy/share/python_cmake_module/cmake)
[3.646s] -- Using PYTHON_EXECUTABLE: /usr/bin/python3
[3.648s] -- Using PYTHON_INCLUDE_DIRS: /usr/include/python3.8
[3.648s] -- Using PYTHON_LIBRARIES: /usr/lib/x86_64-linux-gnu/libpython3.8.so
[3.772s] -- Configuring done
[3.920s] -- Generating done
[3.928s] -- Build files have been written to: /home/chen/ros2_ws/build/cpp_pubsub
[3.947s] Invoked command in '/home/chen/ros2_ws/build/cpp_pubsub' returned '0': CMAKE_PREFIX_PATH=${CMAKE_PREFIX_PATH}:/opt/ros/foxy /usr/bin/cmake /home/chen/ros2_ws/src/cpp_pubsub -DCMAKE_INSTALL_PREFIX=/home/chen/ros2_ws/install/cpp_pubsub
[3.953s] Invoking command in '/home/chen/ros2_ws/build/cpp_pubsub': CMAKE_PREFIX_PATH=${CMAKE_PREFIX_PATH}:/opt/ros/foxy /usr/bin/cmake --build /home/chen/ros2_ws/build/cpp_pubsub -- -j2 -l2
[4.067s] [  1%] Built target cpp_pubsub__cpp
[4.069s] [ 11%] Built target cpp_pubsub__rosidl_generator_c
[4.135s] [ 13%] [32mBuilding CXX object CMakeFiles/talker.dir/src/publisher_member_function.cpp.o[0m
[4.144s] [ 17%] Built target listener
[4.194s] [ 27%] Built target cpp_pubsub__rosidl_typesupport_cpp
[4.350s] [ 37%] Built target cpp_pubsub__rosidl_typesupport_fastrtps_cpp
[4.424s] [ 47%] Built target cpp_pubsub__rosidl_typesupport_introspection_cpp
[4.437s] [01m[K/home/chen/ros2_ws/src/cpp_pubsub/src/publisher_member_function.cpp:20:10:[m[K [01;31m[Kfatal error: [m[Kcpp_pubsub/msg/num.hpp: 没有那个文件或目录
[4.437s]    20 | #include [01;31m[K"cpp_pubsub/msg/num.hpp"[m[K
[4.437s]       |          [01;31m[K^~~~~~~~~~~~~~~~~~~~~~~~[m[K
[4.437s] compilation terminated.
[4.440s] make[2]: *** [CMakeFiles/talker.dir/build.make:63：CMakeFiles/talker.dir/src/publisher_member_function.cpp.o] 错误 1
[4.444s] make[1]: *** [CMakeFiles/Makefile2:305：CMakeFiles/talker.dir/all] 错误 2
[4.444s] make[1]: *** 正在等待未完成的任务....
[4.483s] [ 56%] Built target cpp_pubsub__rosidl_typesupport_introspection_c
[4.489s] make: *** [Makefile:141：all] 错误 2
[4.503s] Invoked command in '/home/chen/ros2_ws/build/cpp_pubsub' returned '2': CMAKE_PREFIX_PATH=${CMAKE_PREFIX_PATH}:/opt/ros/foxy /usr/bin/cmake --build /home/chen/ros2_ws/build/cpp_pubsub -- -j2 -l2
