[0.082s] Invoking command in '/home/chen/ros2_ws/build/cpp_pubsub': CMAKE_PREFIX_PATH=${CMAKE_PREFIX_PATH}:/opt/ros/foxy /usr/bin/cmake --build /home/chen/ros2_ws/build/cpp_pubsub -- -j2 -l2
[0.555s] [  9%] Built target cpp_pubsub__rosidl_generator_c
[0.562s] [ 11%] Built target cpp_pubsub__cpp
[0.698s] [35m[1mScanning dependencies of target talker[0m
[0.863s] [ 15%] Built target listener
[1.048s] [ 17%] [32mBuilding CXX object CMakeFiles/talker.dir/src/publisher_member_function.cpp.o[0m
[1.079s] [ 27%] Built target cpp_pubsub__rosidl_typesupport_cpp
[1.297s] [ 37%] Built target cpp_pubsub__rosidl_typesupport_fastrtps_cpp
[1.581s] [ 47%] Built target cpp_pubsub__rosidl_typesupport_introspection_cpp
[5.781s] [01m[K/home/chen/ros2_ws/src/cpp_pubsub/src/publisher_member_function.cpp:[m[K In constructor ‘[01m[KMinimalPublisher::MinimalPublisher()[m[K’:
[5.781s] [01m[K/home/chen/ros2_ws/src/cpp_pubsub/src/publisher_member_function.cpp:33:75:[m[K [01;31m[Kerror: [m[Kno match for ‘[01m[Koperator=[m[K’ (operand types are ‘[01m[Krclcpp::Publisher<cpp_pubsub::msg::Num_<std::allocator<void> > >::SharedPtr[m[K’ {aka ‘[01m[Kstd::shared_ptr<rclcpp::Publisher<cpp_pubsub::msg::Num_<std::allocator<void> > > >[m[K’} and ‘[01m[Kstd::shared_ptr<rclcpp::Publisher<std_msgs::msg::String_<std::allocator<void> >, std::allocator<void> > >[m[K’)
[5.781s]    33 |     publisher_ = this->create_publisher<std_msgs::msg::String>("topic", 10[01;31m[K)[m[K;
[5.781s]       |                                                                           [01;31m[K^[m[K
[5.781s] In file included from [01m[K/usr/include/c++/9/memory:81[m[K,
[5.781s]                  from [01m[K/home/chen/ros2_ws/src/cpp_pubsub/src/publisher_member_function.cpp:16[m[K:
[5.781s] [01m[K/usr/include/c++/9/bits/shared_ptr.h:309:19:[m[K [01;36m[Knote: [m[Kcandidate: ‘[01m[Kstd::shared_ptr<_Tp>& std::shared_ptr<_Tp>::operator=(const std::shared_ptr<_Tp>&) [with _Tp = rclcpp::Publisher<cpp_pubsub::msg::Num_<std::allocator<void> > >][m[K’
[5.781s]   309 |       shared_ptr& [01;36m[Koperator[m[K=(const shared_ptr&) noexcept = default;
[5.781s]       |                   [01;36m[K^~~~~~~~[m[K
[5.781s] [01m[K/usr/include/c++/9/bits/shared_ptr.h:309:29:[m[K [01;36m[Knote: [m[K  no known conversion for argument 1 from ‘[01m[Kstd::shared_ptr<rclcpp::Publisher<std_msgs::msg::String_<std::allocator<void> >, std::allocator<void> > >[m[K’ to ‘[01m[Kconst std::shared_ptr<rclcpp::Publisher<cpp_pubsub::msg::Num_<std::allocator<void> > > >&[m[K’
[5.781s]   309 |       shared_ptr& operator=([01;36m[Kconst shared_ptr&[m[K) noexcept = default;
[5.782s]       |                             [01;36m[K^~~~~~~~~~~~~~~~~[m[K
[5.782s] [01m[K/usr/include/c++/9/bits/shared_ptr.h:313:2:[m[K [01;36m[Knote: [m[Kcandidate: ‘[01m[Ktemplate<class _Yp> std::shared_ptr<_Tp>::_Assignable<const std::shared_ptr<_Yp>&> std::shared_ptr<_Tp>::operator=(const std::shared_ptr<_Yp>&) [with _Yp = _Yp; _Tp = rclcpp::Publisher<cpp_pubsub::msg::Num_<std::allocator<void> > >][m[K’
[5.782s]   313 |  [01;36m[Koperator[m[K=(const shared_ptr<_Yp>& __r) noexcept
[5.782s]       |  [01;36m[K^~~~~~~~[m[K
[5.782s] [01m[K/usr/include/c++/9/bits/shared_ptr.h:313:2:[m[K [01;36m[Knote: [m[K  template argument deduction/substitution failed:
[5.787s] /usr/include/c++/9/bits/shared_ptr.h: In substitution of ‘[01m[Ktemplate<class _Tp> template<class _Arg> using _Assignable = typename std::enable_if<std::is_assignable<std::__shared_ptr<_Tp>&, _Arg>::value, std::shared_ptr<_Tp>&>::type [with _Arg = const std::shared_ptr<rclcpp::Publisher<std_msgs::msg::String_<std::allocator<void> >, std::allocator<void> > >&; _Tp = rclcpp::Publisher<cpp_pubsub::msg::Num_<std::allocator<void> > >][m[K’:
[5.787s] [01m[K/usr/include/c++/9/bits/shared_ptr.h:313:2:[m[K   required by substitution of ‘[01m[Ktemplate<class _Yp> std::shared_ptr<rclcpp::Publisher<cpp_pubsub::msg::Num_<std::allocator<void> > > >::_Assignable<const std::shared_ptr<_Tp>&> std::shared_ptr<rclcpp::Publisher<cpp_pubsub::msg::Num_<std::allocator<void> > > >::operator=<_Yp>(const std::shared_ptr<_Tp>&) [with _Yp = rclcpp::Publisher<std_msgs::msg::String_<std::allocator<void> >, std::allocator<void> >][m[K’
[5.787s] [01m[K/home/chen/ros2_ws/src/cpp_pubsub/src/publisher_member_function.cpp:33:75:[m[K   required from here
[5.788s] [01m[K/usr/include/c++/9/bits/shared_ptr.h:111:8:[m[K [01;31m[Kerror: [m[Kno type named ‘[01m[Ktype[m[K’ in ‘[01m[Kstruct std::enable_if<false, std::shared_ptr<rclcpp::Publisher<cpp_pubsub::msg::Num_<std::allocator<void> > > >&>[m[K’
[5.788s]   111 |  using [01;31m[K_Assignable[m[K = typename enable_if<
[5.788s]       |        [01;31m[K^~~~~~~~~~~[m[K
[5.788s] [01m[K/usr/include/c++/9/bits/shared_ptr.h:324:2:[m[K [01;36m[Knote: [m[Kcandidate: ‘[01m[Ktemplate<class _Yp> std::shared_ptr<_Tp>::_Assignable<std::auto_ptr<_Up> > std::shared_ptr<_Tp>::operator=(std::auto_ptr<_Up>&&) [with _Yp = _Yp; _Tp = rclcpp::Publisher<cpp_pubsub::msg::Num_<std::allocator<void> > >][m[K’
[5.788s]   324 |  [01;36m[Koperator[m[K=(auto_ptr<_Yp>&& __r)
[5.788s]       |  [01;36m[K^~~~~~~~[m[K
[5.788s] [01m[K/usr/include/c++/9/bits/shared_ptr.h:324:2:[m[K [01;36m[Knote: [m[K  template argument deduction/substitution failed:
[5.788s] [01m[K/home/chen/ros2_ws/src/cpp_pubsub/src/publisher_member_function.cpp:33:75:[m[K [01;36m[Knote: [m[K  ‘[01m[Kstd::shared_ptr<rclcpp::Publisher<std_msgs::msg::String_<std::allocator<void> >, std::allocator<void> > >[m[K’ is not derived from ‘[01m[Kstd::auto_ptr<_Up>[m[K’
[5.788s]    33 |     publisher_ = this->create_publisher<std_msgs::msg::String>("topic", 10[01;36m[K)[m[K;
[5.789s]       |                                                                           [01;36m[K^[m[K
[5.789s] In file included from [01m[K/usr/include/c++/9/memory:81[m[K,
[5.789s]                  from [01m[K/home/chen/ros2_ws/src/cpp_pubsub/src/publisher_member_function.cpp:16[m[K:
[5.789s] [01m[K/usr/include/c++/9/bits/shared_ptr.h:333:7:[m[K [01;36m[Knote: [m[Kcandidate: ‘[01m[Kstd::shared_ptr<_Tp>& std::shared_ptr<_Tp>::operator=(std::shared_ptr<_Tp>&&) [with _Tp = rclcpp::Publisher<cpp_pubsub::msg::Num_<std::allocator<void> > >][m[K’
[5.789s]   333 |       [01;36m[Koperator[m[K=(shared_ptr&& __r) noexcept
[5.789s]       |       [01;36m[K^~~~~~~~[m[K
[5.789s] [01m[K/usr/include/c++/9/bits/shared_ptr.h:333:30:[m[K [01;36m[Knote: [m[K  no known conversion for argument 1 from ‘[01m[Kstd::shared_ptr<rclcpp::Publisher<std_msgs::msg::String_<std::allocator<void> >, std::allocator<void> > >[m[K’ to ‘[01m[Kstd::shared_ptr<rclcpp::Publisher<cpp_pubsub::msg::Num_<std::allocator<void> > > >&&[m[K’
[5.789s]   333 |       operator=([01;36m[Kshared_ptr&& __r[m[K) noexcept
[5.789s]       |                 [01;36m[K~~~~~~~~~~~~~^~~[m[K
[5.790s] [01m[K/usr/include/c++/9/bits/shared_ptr.h:341:2:[m[K [01;36m[Knote: [m[Kcandidate: ‘[01m[Ktemplate<class _Yp> std::shared_ptr<_Tp>::_Assignable<std::shared_ptr<_Yp> > std::shared_ptr<_Tp>::operator=(std::shared_ptr<_Yp>&&) [with _Yp = _Yp; _Tp = rclcpp::Publisher<cpp_pubsub::msg::Num_<std::allocator<void> > >][m[K’
[5.790s]   341 |  [01;36m[Koperator[m[K=(shared_ptr<_Yp>&& __r) noexcept
[5.790s]       |  [01;36m[K^~~~~~~~[m[K
[5.790s] [01m[K/usr/include/c++/9/bits/shared_ptr.h:341:2:[m[K [01;36m[Knote: [m[K  template argument deduction/substitution failed:
[5.799s] /usr/include/c++/9/bits/shared_ptr.h: In substitution of ‘[01m[Ktemplate<class _Tp> template<class _Arg> using _Assignable = typename std::enable_if<std::is_assignable<std::__shared_ptr<_Tp>&, _Arg>::value, std::shared_ptr<_Tp>&>::type [with _Arg = std::shared_ptr<rclcpp::Publisher<std_msgs::msg::String_<std::allocator<void> >, std::allocator<void> > >; _Tp = rclcpp::Publisher<cpp_pubsub::msg::Num_<std::allocator<void> > >][m[K’:
[5.800s] [01m[K/usr/include/c++/9/bits/shared_ptr.h:341:2:[m[K   required by substitution of ‘[01m[Ktemplate<class _Yp> std::shared_ptr<rclcpp::Publisher<cpp_pubsub::msg::Num_<std::allocator<void> > > >::_Assignable<std::shared_ptr<_Tp> > std::shared_ptr<rclcpp::Publisher<cpp_pubsub::msg::Num_<std::allocator<void> > > >::operator=<_Yp>(std::shared_ptr<_Tp>&&) [with _Yp = rclcpp::Publisher<std_msgs::msg::String_<std::allocator<void> >, std::allocator<void> >][m[K’
[5.801s] [01m[K/home/chen/ros2_ws/src/cpp_pubsub/src/publisher_member_function.cpp:33:75:[m[K   required from here
[5.801s] [01m[K/usr/include/c++/9/bits/shared_ptr.h:111:8:[m[K [01;31m[Kerror: [m[Kno type named ‘[01m[Ktype[m[K’ in ‘[01m[Kstruct std::enable_if<false, std::shared_ptr<rclcpp::Publisher<cpp_pubsub::msg::Num_<std::allocator<void> > > >&>[m[K’
[5.801s]   111 |  using [01;31m[K_Assignable[m[K = typename enable_if<
[5.801s]       |        [01;31m[K^~~~~~~~~~~[m[K
[5.801s] [01m[K/usr/include/c++/9/bits/shared_ptr.h:349:2:[m[K [01;36m[Knote: [m[Kcandidate: ‘[01m[Ktemplate<class _Yp, class _Del> std::shared_ptr<_Tp>::_Assignable<std::unique_ptr<_Up, _Ep> > std::shared_ptr<_Tp>::operator=(std::unique_ptr<_Up, _Ep>&&) [with _Yp = _Yp; _Del = _Del; _Tp = rclcpp::Publisher<cpp_pubsub::msg::Num_<std::allocator<void> > >][m[K’
[5.801s]   349 |  [01;36m[Koperator[m[K=(unique_ptr<_Yp, _Del>&& __r)
[5.802s]       |  [01;36m[K^~~~~~~~[m[K
[5.802s] [01m[K/usr/include/c++/9/bits/shared_ptr.h:349:2:[m[K [01;36m[Knote: [m[K  template argument deduction/substitution failed:
[5.802s] [01m[K/home/chen/ros2_ws/src/cpp_pubsub/src/publisher_member_function.cpp:33:75:[m[K [01;36m[Knote: [m[K  ‘[01m[Kstd::shared_ptr<rclcpp::Publisher<std_msgs::msg::String_<std::allocator<void> >, std::allocator<void> > >[m[K’ is not derived from ‘[01m[Kstd::unique_ptr<_Tp, _Dp>[m[K’
[5.805s]    33 |     publisher_ = this->create_publisher<std_msgs::msg::String>("topic", 10[01;36m[K)[m[K;
[5.805s]       |                                                                           [01;36m[K^[m[K
[8.732s] make[2]: *** [CMakeFiles/talker.dir/build.make:63：CMakeFiles/talker.dir/src/publisher_member_function.cpp.o] 错误 1
[8.733s] make[1]: *** [CMakeFiles/Makefile2:305：CMakeFiles/talker.dir/all] 错误 2
[8.733s] make: *** [Makefile:141：all] 错误 2
[8.744s] Invoked command in '/home/chen/ros2_ws/build/cpp_pubsub' returned '2': CMAKE_PREFIX_PATH=${CMAKE_PREFIX_PATH}:/opt/ros/foxy /usr/bin/cmake --build /home/chen/ros2_ws/build/cpp_pubsub -- -j2 -l2
