[0.093s] Invoking command in '/home/chen/ros2_ws/build/cpp_pubsub': CMAKE_PREFIX_PATH=${CMAKE_PREFIX_PATH}:/opt/ros/foxy /usr/bin/cmake --build /home/chen/ros2_ws/build/cpp_pubsub -- -j2 -l2
[0.518s] [  1%] Built target cpp_pubsub__cpp
[0.580s] [ 11%] Built target cpp_pubsub__rosidl_generator_c
[0.671s] [35m[1mScanning dependencies of target listener[0m
[0.743s] [ 15%] Built target talker
[0.913s] [ 25%] Built target cpp_pubsub__rosidl_typesupport_cpp
[0.987s] [ 27%] [32mBuilding CXX object CMakeFiles/listener.dir/src/subscriber_member_function.cpp.o[0m
[1.085s] [ 37%] Built target cpp_pubsub__rosidl_typesupport_fastrtps_cpp
[1.247s] [ 47%] Built target cpp_pubsub__rosidl_typesupport_introspection_cpp
[1.416s] [ 56%] Built target cpp_pubsub__rosidl_typesupport_introspection_c
[1.594s] [ 66%] Built target cpp_pubsub__rosidl_typesupport_c
[1.840s] [ 76%] Built target cpp_pubsub__rosidl_typesupport_fastrtps_c
[2.022s] [ 76%] Built target cpp_pubsub
[6.089s] In file included from [01m[K/opt/ros/foxy/include/rclcpp/client.hpp:40[m[K,
[6.090s]                  from [01m[K/opt/ros/foxy/include/rclcpp/callback_group.hpp:23[m[K,
[6.090s]                  from [01m[K/opt/ros/foxy/include/rclcpp/any_executable.hpp:20[m[K,
[6.091s]                  from [01m[K/opt/ros/foxy/include/rclcpp/memory_strategy.hpp:24[m[K,
[6.098s]                  from [01m[K/opt/ros/foxy/include/rclcpp/memory_strategies.hpp:18[m[K,
[6.098s]                  from [01m[K/opt/ros/foxy/include/rclcpp/executor_options.hpp:20[m[K,
[6.098s]                  from [01m[K/opt/ros/foxy/include/rclcpp/executor.hpp:33[m[K,
[6.098s]                  from [01m[K/opt/ros/foxy/include/rclcpp/executors/multi_threaded_executor.hpp:26[m[K,
[6.099s]                  from [01m[K/opt/ros/foxy/include/rclcpp/executors.hpp:21[m[K,
[6.099s]                  from [01m[K/opt/ros/foxy/include/rclcpp/rclcpp.hpp:146[m[K,
[6.099s]                  from [01m[K/home/chen/ros2_ws/src/cpp_pubsub/src/subscriber_member_function.cpp:17[m[K:
[6.099s] [01m[K/home/chen/ros2_ws/src/cpp_pubsub/src/subscriber_member_function.cpp:[m[K In member function ‘[01m[Kvoid MinimalSubscriber::topic_callback(cpp_pubsub::msg::Num_<std::allocator<void> >::SharedPtr) const[m[K’:
[6.099s] [01m[K/home/chen/ros2_ws/src/cpp_pubsub/src/subscriber_member_function.cpp:35:59:[m[K [01;31m[Kerror: [m[K‘[01m[Kusing element_type = struct cpp_pubsub::msg::Num_<std::allocator<void> >[m[K’ {aka ‘[01m[Kstruct cpp_pubsub::msg::Num_<std::allocator<void> >[m[K’} has no member named ‘[01m[Kdata[m[K’
[6.100s]    35 |     RCLCPP_INFO(this->get_logger(), "I heard: '%s'", msg->[01;31m[Kdata[m[K.c_str());
[6.100s]       |                                                           [01;31m[K^~~~[m[K
[10.579s] make[2]: *** [CMakeFiles/listener.dir/build.make:63：CMakeFiles/listener.dir/src/subscriber_member_function.cpp.o] 错误 1
[10.588s] make[1]: *** [CMakeFiles/Makefile2:332：CMakeFiles/listener.dir/all] 错误 2
[10.588s] make: *** [Makefile:141：all] 错误 2
[10.589s] Invoked command in '/home/chen/ros2_ws/build/cpp_pubsub' returned '2': CMAKE_PREFIX_PATH=${CMAKE_PREFIX_PATH}:/opt/ros/foxy /usr/bin/cmake --build /home/chen/ros2_ws/build/cpp_pubsub -- -j2 -l2
