[0.000000] (-) TimerEvent: {}
[0.001150] (cpp_pubsub) JobQueued: {'identifier': 'cpp_pubsub', 'dependencies': OrderedDict()}
[0.001278] (cpp_srvcli) JobQueued: {'identifier': 'cpp_srvcli', 'dependencies': OrderedDict()}
[0.001351] (cpp_pubsub) JobStarted: {'identifier': 'cpp_pubsub'}
[0.038605] (cpp_srvcli) JobStarted: {'identifier': 'cpp_srvcli'}
[0.080687] (cpp_pubsub) JobProgress: {'identifier': 'cpp_pubsub', 'progress': 'cmake'}
[0.095681] (-) TimerEvent: {}
[0.097461] (cpp_pubsub) Command: {'cmd': ['/usr/bin/cmake', '/home/chen/ros2_ws/src/cpp_pubsub', '-DCMAKE_BUILD_TYPE=RelWithDebInfo', '-DAMENT_CMAKE_SYMLINK_INSTALL=1', '-DCMAKE_INSTALL_PREFIX=/home/chen/ros2_ws/install/cpp_pubsub'], 'cwd': '/home/chen/ros2_ws/build/cpp_pubsub', 'env': OrderedDict([('GJS_DEBUG_TOPICS', 'JS ERROR;JS LOG'), ('LESSOPEN', '| /usr/bin/lesspipe %s'), ('VSCODE_CWD', '/home/chen'), ('VSCODE_CRASH_REPORTER_SANDBOXED_HINT', '1'), ('LANGUAGE', 'zh_CN:en_US:en'), ('USER', 'chen'), ('SNAP_COMMON', '/var/snap/code/common'), ('LC_TIME', 'en_US.UTF-8'), ('VSCODE_NLS_CONFIG', '{"locale":"zh-cn","osLocale":"zh-cn","availableLanguages":{"*":"zh-cn"},"_languagePackId":"e8139c6a810edc38ce118d65c4ecc4ca.zh-cn","_translationsConfigFile":"/home/chen/.config/Code/clp/e8139c6a810edc38ce118d65c4ecc4ca.zh-cn/tcf.json","_cacheRoot":"/home/chen/.config/Code/clp/e8139c6a810edc38ce118d65c4ecc4ca.zh-cn","_resolvedLanguagePackCoreLocation":"/home/chen/.config/Code/clp/e8139c6a810edc38ce118d65c4ecc4ca.zh-cn/252e5463d60e63238250799aef7375787f68b4ee","_corruptedFile":"/home/chen/.config/Code/clp/e8139c6a810edc38ce118d65c4ecc4ca.zh-cn/corrupted.info","_languagePackSupport":true}'), ('GIO_MODULE_DIR', '/home/chen/snap/code/common/.cache/gio-modules'), ('VSCODE_HANDLES_UNCAUGHT_ERRORS', 'true'), ('SSH_AGENT_PID', '1623'), ('XDG_SESSION_TYPE', 'x11'), ('GIT_ASKPASS', '/snap/code/127/usr/share/code/resources/app/extensions/git/dist/askpass.sh'), ('SHLVL', '0'), ('LD_LIBRARY_PATH', '/opt/ros/foxy/opt/yaml_cpp_vendor/lib:/opt/ros/foxy/opt/rviz_ogre_vendor/lib:/opt/ros/foxy/lib/x86_64-linux-gnu:/opt/ros/foxy/lib'), ('HOME', '/home/chen'), ('CHROME_DESKTOP', 'code-url-handler.desktop'), ('SNAP_LIBRARY_PATH', '/var/lib/snapd/lib/gl:/var/lib/snapd/lib/gl32:/var/lib/snapd/void'), ('TERM_PROGRAM_VERSION', '1.78.0'), ('DESKTOP_SESSION', 'ubuntu'), ('SNAP_USER_DATA', '/home/chen/snap/code/127'), ('GTK_PATH', '/snap/code/127/usr/lib/x86_64-linux-gnu/gtk-3.0'), ('VSCODE_IPC_HOOK', '/run/user/1000/vscode-9eb2e185-1.78-main.sock'), ('GTK_IM_MODULE_FILE', '/home/chen/snap/code/common/.cache/immodules/immodules.cache'), ('GIO_LAUNCHED_DESKTOP_FILE', '/var/lib/snapd/desktop/applications/code_code.desktop'), ('APPLICATION_INSIGHTS_NO_DIAGNOSTIC_CHANNEL', '1'), ('ROS_PYTHON_VERSION', '3'), ('GNOME_SHELL_SESSION_MODE', 'ubuntu'), ('GTK_MODULES', 'gail:atk-bridge'), ('VSCODE_GIT_ASKPASS_MAIN', '/snap/code/127/usr/share/code/resources/app/extensions/git/dist/askpass-main.js'), ('LC_MONETARY', 'en_US.UTF-8'), ('VSCODE_GIT_ASKPASS_NODE', '/snap/code/127/usr/share/code/code'), ('MANAGERPID', '984'), ('DBUS_SESSION_BUS_ADDRESS', 'unix:path=/run/user/1000/bus'), ('SNAP_REVISION', '127'), ('COLORTERM', 'truecolor'), ('GIO_LAUNCHED_DESKTOP_FILE_PID', '2020'), ('_colcon_cd_root', '/opt/ros/foxy/'), ('VSCODE_CRASH_REPORTER_PROCESS_TYPE', 'extensionHost'), ('MANDATORY_PATH', '/usr/share/gconf/ubuntu.mandatory.path'), ('IM_CONFIG_PHASE', '1'), ('VSCODE_L10N_BUNDLE_LOCATION', 'file:///home/chen/.vscode/extensions/ms-ceintl.vscode-language-pack-zh-hans-1.78.2023050309/translations/extensions/vscode.json-language-features.i18n.json'), ('COLCON_PREFIX_PATH', '/home/chen/ros2_ws/install'), ('ROS_DISTRO', 'foxy'), ('LOGNAME', 'chen'), ('_', '/usr/bin/colcon'), ('SNAP_CONTEXT', 'OgBwCAaQaxEDKAh8OHfl0NLbdB4suEWKTOrgMZFuLfLcTjT37Pas'), ('JOURNAL_STREAM', '8:48777'), ('ROS_VERSION', '2'), ('XDG_SESSION_CLASS', 'user'), ('DEFAULTS_PATH', '/usr/share/gconf/ubuntu.default.path'), ('SNAP_VERSION', '252e5463'), ('USERNAME', 'chen'), ('TERM', 'xterm-256color'), ('GNOME_DESKTOP_SESSION_ID', 'this-is-deprecated'), ('SNAP_INSTANCE_NAME', 'code'), ('ROS_LOCALHOST_ONLY', '0'), ('WINDOWPATH', '2'), ('PATH', '/opt/ros/foxy/bin:/usr/local/sbin:/usr/local/bin:/usr/sbin:/usr/bin:/sbin:/bin:/usr/games:/usr/local/games:/snap/bin'), ('SESSION_MANAGER', 'local/ubuntu:@/tmp/.ICE-unix/1661,unix/ubuntu:/tmp/.ICE-unix/1661'), ('VSCODE_AMD_ENTRYPOINT', 'vs/workbench/api/node/extensionHostProcess'), ('GTK_EXE_PREFIX', '/snap/code/127/usr'), ('INVOCATION_ID', '6f8a6e31496c4cc3b875e8e414f8c7b2'), ('PAPERSIZE', 'letter'), ('XDG_MENU_PREFIX', 'gnome-'), ('LC_ADDRESS', 'en_US.UTF-8'), ('BAMF_DESKTOP_FILE_HINT', '/var/lib/snapd/desktop/applications/code_code.desktop'), ('SNAP_DATA', '/var/snap/code/127'), ('XDG_RUNTIME_DIR', '/run/user/1000'), ('GDK_BACKEND', 'x11'), ('DISPLAY', ':0'), ('LOCPATH', '/snap/code/127/usr/lib/locale'), ('LANG', 'zh_CN.UTF-8'), ('XDG_CURRENT_DESKTOP', 'Unity'), ('LC_TELEPHONE', 'en_US.UTF-8'), ('XMODIFIERS', '@im=ibus'), ('XDG_SESSION_DESKTOP', 'ubuntu'), ('XAUTHORITY', '/run/user/1000/gdm/Xauthority'), ('LS_COLORS', ''), ('VSCODE_GIT_IPC_HANDLE', '/run/user/1000/vscode-git-c2d6e3f140.sock'), ('TERM_PROGRAM', 'vscode'), ('SNAP_USER_COMMON', '/home/chen/snap/code/common'), ('SSH_AUTH_SOCK', '/run/user/1000/keyring/ssh'), ('GSETTINGS_SCHEMA_DIR', '/home/chen/snap/code/127/.local/share/glib-2.0/schemas'), ('SNAP_ARCH', 'amd64'), ('AMENT_PREFIX_PATH', '/home/chen/ros2_ws/install/cpp_srvcli:/home/chen/ros2_ws/install/cpp_pubsub:/opt/ros/foxy'), ('SNAP_COOKIE', 'OgBwCAaQaxEDKAh8OHfl0NLbdB4suEWKTOrgMZFuLfLcTjT37Pas'), ('ORIGINAL_XDG_CURRENT_DESKTOP', 'ubuntu:GNOME'), ('SHELL', '/bin/bash'), ('LC_NAME', 'en_US.UTF-8'), ('GDK_PIXBUF_MODULEDIR', '/snap/code/127/usr/lib/x86_64-linux-gnu/gdk-pixbuf-2.0/2.10.0/loaders'), ('QT_ACCESSIBILITY', '1'), ('ELECTRON_RUN_AS_NODE', '1'), ('GDMSESSION', 'ubuntu'), ('LESSCLOSE', '/usr/bin/lesspipe %s %s'), ('SNAP_NAME', 'code'), ('LC_MEASUREMENT', 'en_US.UTF-8'), ('GDK_PIXBUF_MODULE_FILE', '/home/chen/snap/code/common/.cache/gdk-pixbuf-loaders.cache'), ('GPG_AGENT_INFO', '/run/user/1000/gnupg/S.gpg-agent:0:1'), ('GJS_DEBUG_OUTPUT', 'stderr'), ('LC_IDENTIFICATION', 'en_US.UTF-8'), ('SNAP_LAUNCHER_ARCH_TRIPLET', 'x86_64-linux-gnu'), ('VSCODE_GIT_ASKPASS_EXTRA_ARGS', '--ms-enable-electron-run-as-node'), ('QT_IM_MODULE', 'ibus'), ('PWD', '/home/chen/ros2_ws/build/cpp_pubsub'), ('VSCODE_CLI', '1'), ('XDG_CONFIG_DIRS', '/etc/xdg/xdg-ubuntu:/etc/xdg'), ('SNAP_REAL_HOME', '/home/chen'), ('VSCODE_CODE_CACHE_PATH', '/home/chen/.config/Code/CachedData/252e5463d60e63238250799aef7375787f68b4ee'), ('XDG_DATA_DIRS', '/home/chen/snap/code/127/.local/share:/home/chen/snap/code/127:/snap/code/127/usr/share:/usr/share/ubuntu:/usr/local/share/:/usr/share/:/var/lib/snapd/desktop'), ('PYTHONPATH', '/opt/ros/foxy/lib/python3.8/site-packages'), ('SNAP', '/snap/code/127'), ('LC_NUMERIC', 'en_US.UTF-8'), ('LC_PAPER', 'en_US.UTF-8'), ('COLCON', '1'), ('ELECTRON_NO_ATTACH_CONSOLE', '1'), ('CMAKE_PREFIX_PATH', '/home/chen/ros2_ws/install/cpp_srvcli:/home/chen/ros2_ws/install/cpp_pubsub:/opt/ros/foxy'), ('VSCODE_PID', '2063')]), 'shell': False}
[0.135608] (cpp_srvcli) JobProgress: {'identifier': 'cpp_srvcli', 'progress': 'cmake'}
[0.146550] (cpp_srvcli) Command: {'cmd': ['/usr/bin/cmake', '/home/chen/ros2_ws/src/cpp_srvcli', '-DCMAKE_BUILD_TYPE=RelWithDebInfo', '-DAMENT_CMAKE_SYMLINK_INSTALL=1', '-DCMAKE_INSTALL_PREFIX=/home/chen/ros2_ws/install/cpp_srvcli'], 'cwd': '/home/chen/ros2_ws/build/cpp_srvcli', 'env': OrderedDict([('GJS_DEBUG_TOPICS', 'JS ERROR;JS LOG'), ('LESSOPEN', '| /usr/bin/lesspipe %s'), ('VSCODE_CWD', '/home/chen'), ('VSCODE_CRASH_REPORTER_SANDBOXED_HINT', '1'), ('LANGUAGE', 'zh_CN:en_US:en'), ('USER', 'chen'), ('SNAP_COMMON', '/var/snap/code/common'), ('LC_TIME', 'en_US.UTF-8'), ('VSCODE_NLS_CONFIG', '{"locale":"zh-cn","osLocale":"zh-cn","availableLanguages":{"*":"zh-cn"},"_languagePackId":"e8139c6a810edc38ce118d65c4ecc4ca.zh-cn","_translationsConfigFile":"/home/chen/.config/Code/clp/e8139c6a810edc38ce118d65c4ecc4ca.zh-cn/tcf.json","_cacheRoot":"/home/chen/.config/Code/clp/e8139c6a810edc38ce118d65c4ecc4ca.zh-cn","_resolvedLanguagePackCoreLocation":"/home/chen/.config/Code/clp/e8139c6a810edc38ce118d65c4ecc4ca.zh-cn/252e5463d60e63238250799aef7375787f68b4ee","_corruptedFile":"/home/chen/.config/Code/clp/e8139c6a810edc38ce118d65c4ecc4ca.zh-cn/corrupted.info","_languagePackSupport":true}'), ('GIO_MODULE_DIR', '/home/chen/snap/code/common/.cache/gio-modules'), ('VSCODE_HANDLES_UNCAUGHT_ERRORS', 'true'), ('SSH_AGENT_PID', '1623'), ('XDG_SESSION_TYPE', 'x11'), ('GIT_ASKPASS', '/snap/code/127/usr/share/code/resources/app/extensions/git/dist/askpass.sh'), ('SHLVL', '0'), ('LD_LIBRARY_PATH', '/opt/ros/foxy/opt/yaml_cpp_vendor/lib:/opt/ros/foxy/opt/rviz_ogre_vendor/lib:/opt/ros/foxy/lib/x86_64-linux-gnu:/opt/ros/foxy/lib'), ('HOME', '/home/chen'), ('CHROME_DESKTOP', 'code-url-handler.desktop'), ('SNAP_LIBRARY_PATH', '/var/lib/snapd/lib/gl:/var/lib/snapd/lib/gl32:/var/lib/snapd/void'), ('TERM_PROGRAM_VERSION', '1.78.0'), ('DESKTOP_SESSION', 'ubuntu'), ('SNAP_USER_DATA', '/home/chen/snap/code/127'), ('GTK_PATH', '/snap/code/127/usr/lib/x86_64-linux-gnu/gtk-3.0'), ('VSCODE_IPC_HOOK', '/run/user/1000/vscode-9eb2e185-1.78-main.sock'), ('GTK_IM_MODULE_FILE', '/home/chen/snap/code/common/.cache/immodules/immodules.cache'), ('GIO_LAUNCHED_DESKTOP_FILE', '/var/lib/snapd/desktop/applications/code_code.desktop'), ('APPLICATION_INSIGHTS_NO_DIAGNOSTIC_CHANNEL', '1'), ('ROS_PYTHON_VERSION', '3'), ('GNOME_SHELL_SESSION_MODE', 'ubuntu'), ('GTK_MODULES', 'gail:atk-bridge'), ('VSCODE_GIT_ASKPASS_MAIN', '/snap/code/127/usr/share/code/resources/app/extensions/git/dist/askpass-main.js'), ('LC_MONETARY', 'en_US.UTF-8'), ('VSCODE_GIT_ASKPASS_NODE', '/snap/code/127/usr/share/code/code'), ('MANAGERPID', '984'), ('DBUS_SESSION_BUS_ADDRESS', 'unix:path=/run/user/1000/bus'), ('SNAP_REVISION', '127'), ('COLORTERM', 'truecolor'), ('GIO_LAUNCHED_DESKTOP_FILE_PID', '2020'), ('_colcon_cd_root', '/opt/ros/foxy/'), ('VSCODE_CRASH_REPORTER_PROCESS_TYPE', 'extensionHost'), ('MANDATORY_PATH', '/usr/share/gconf/ubuntu.mandatory.path'), ('IM_CONFIG_PHASE', '1'), ('VSCODE_L10N_BUNDLE_LOCATION', 'file:///home/chen/.vscode/extensions/ms-ceintl.vscode-language-pack-zh-hans-1.78.2023050309/translations/extensions/vscode.json-language-features.i18n.json'), ('COLCON_PREFIX_PATH', '/home/chen/ros2_ws/install'), ('ROS_DISTRO', 'foxy'), ('LOGNAME', 'chen'), ('_', '/usr/bin/colcon'), ('SNAP_CONTEXT', 'OgBwCAaQaxEDKAh8OHfl0NLbdB4suEWKTOrgMZFuLfLcTjT37Pas'), ('JOURNAL_STREAM', '8:48777'), ('ROS_VERSION', '2'), ('XDG_SESSION_CLASS', 'user'), ('DEFAULTS_PATH', '/usr/share/gconf/ubuntu.default.path'), ('SNAP_VERSION', '252e5463'), ('USERNAME', 'chen'), ('TERM', 'xterm-256color'), ('GNOME_DESKTOP_SESSION_ID', 'this-is-deprecated'), ('SNAP_INSTANCE_NAME', 'code'), ('ROS_LOCALHOST_ONLY', '0'), ('WINDOWPATH', '2'), ('PATH', '/opt/ros/foxy/bin:/usr/local/sbin:/usr/local/bin:/usr/sbin:/usr/bin:/sbin:/bin:/usr/games:/usr/local/games:/snap/bin'), ('SESSION_MANAGER', 'local/ubuntu:@/tmp/.ICE-unix/1661,unix/ubuntu:/tmp/.ICE-unix/1661'), ('VSCODE_AMD_ENTRYPOINT', 'vs/workbench/api/node/extensionHostProcess'), ('GTK_EXE_PREFIX', '/snap/code/127/usr'), ('INVOCATION_ID', '6f8a6e31496c4cc3b875e8e414f8c7b2'), ('PAPERSIZE', 'letter'), ('XDG_MENU_PREFIX', 'gnome-'), ('LC_ADDRESS', 'en_US.UTF-8'), ('BAMF_DESKTOP_FILE_HINT', '/var/lib/snapd/desktop/applications/code_code.desktop'), ('SNAP_DATA', '/var/snap/code/127'), ('XDG_RUNTIME_DIR', '/run/user/1000'), ('GDK_BACKEND', 'x11'), ('DISPLAY', ':0'), ('LOCPATH', '/snap/code/127/usr/lib/locale'), ('LANG', 'zh_CN.UTF-8'), ('XDG_CURRENT_DESKTOP', 'Unity'), ('LC_TELEPHONE', 'en_US.UTF-8'), ('XMODIFIERS', '@im=ibus'), ('XDG_SESSION_DESKTOP', 'ubuntu'), ('XAUTHORITY', '/run/user/1000/gdm/Xauthority'), ('LS_COLORS', ''), ('VSCODE_GIT_IPC_HANDLE', '/run/user/1000/vscode-git-c2d6e3f140.sock'), ('TERM_PROGRAM', 'vscode'), ('SNAP_USER_COMMON', '/home/chen/snap/code/common'), ('SSH_AUTH_SOCK', '/run/user/1000/keyring/ssh'), ('GSETTINGS_SCHEMA_DIR', '/home/chen/snap/code/127/.local/share/glib-2.0/schemas'), ('SNAP_ARCH', 'amd64'), ('AMENT_PREFIX_PATH', '/home/chen/ros2_ws/install/cpp_srvcli:/home/chen/ros2_ws/install/cpp_pubsub:/opt/ros/foxy'), ('SNAP_COOKIE', 'OgBwCAaQaxEDKAh8OHfl0NLbdB4suEWKTOrgMZFuLfLcTjT37Pas'), ('ORIGINAL_XDG_CURRENT_DESKTOP', 'ubuntu:GNOME'), ('SHELL', '/bin/bash'), ('LC_NAME', 'en_US.UTF-8'), ('GDK_PIXBUF_MODULEDIR', '/snap/code/127/usr/lib/x86_64-linux-gnu/gdk-pixbuf-2.0/2.10.0/loaders'), ('QT_ACCESSIBILITY', '1'), ('ELECTRON_RUN_AS_NODE', '1'), ('GDMSESSION', 'ubuntu'), ('LESSCLOSE', '/usr/bin/lesspipe %s %s'), ('SNAP_NAME', 'code'), ('LC_MEASUREMENT', 'en_US.UTF-8'), ('GDK_PIXBUF_MODULE_FILE', '/home/chen/snap/code/common/.cache/gdk-pixbuf-loaders.cache'), ('GPG_AGENT_INFO', '/run/user/1000/gnupg/S.gpg-agent:0:1'), ('GJS_DEBUG_OUTPUT', 'stderr'), ('LC_IDENTIFICATION', 'en_US.UTF-8'), ('SNAP_LAUNCHER_ARCH_TRIPLET', 'x86_64-linux-gnu'), ('VSCODE_GIT_ASKPASS_EXTRA_ARGS', '--ms-enable-electron-run-as-node'), ('QT_IM_MODULE', 'ibus'), ('PWD', '/home/chen/ros2_ws/build/cpp_srvcli'), ('VSCODE_CLI', '1'), ('XDG_CONFIG_DIRS', '/etc/xdg/xdg-ubuntu:/etc/xdg'), ('SNAP_REAL_HOME', '/home/chen'), ('VSCODE_CODE_CACHE_PATH', '/home/chen/.config/Code/CachedData/252e5463d60e63238250799aef7375787f68b4ee'), ('XDG_DATA_DIRS', '/home/chen/snap/code/127/.local/share:/home/chen/snap/code/127:/snap/code/127/usr/share:/usr/share/ubuntu:/usr/local/share/:/usr/share/:/var/lib/snapd/desktop'), ('PYTHONPATH', '/opt/ros/foxy/lib/python3.8/site-packages'), ('SNAP', '/snap/code/127'), ('LC_NUMERIC', 'en_US.UTF-8'), ('LC_PAPER', 'en_US.UTF-8'), ('COLCON', '1'), ('ELECTRON_NO_ATTACH_CONSOLE', '1'), ('CMAKE_PREFIX_PATH', '/home/chen/ros2_ws/install/cpp_srvcli:/home/chen/ros2_ws/install/cpp_pubsub:/opt/ros/foxy'), ('VSCODE_PID', '2063')]), 'shell': False}
[0.196006] (-) TimerEvent: {}
[0.296810] (-) TimerEvent: {}
[0.370219] (cpp_pubsub) StdoutLine: {'line': b'-- Found ament_cmake: 0.9.11 (/opt/ros/foxy/share/ament_cmake/cmake)\n'}
[0.374469] (cpp_srvcli) StdoutLine: {'line': b'-- Found ament_cmake: 0.9.11 (/opt/ros/foxy/share/ament_cmake/cmake)\n'}
[0.397293] (-) TimerEvent: {}
[0.492660] (cpp_srvcli) StdoutLine: {'line': b'-- Using PYTHON_EXECUTABLE: /usr/bin/python3\n'}
[0.497772] (-) TimerEvent: {}
[0.544540] (cpp_pubsub) StdoutLine: {'line': b'-- Using PYTHON_EXECUTABLE: /usr/bin/python3\n'}
[0.598172] (-) TimerEvent: {}
[0.700890] (-) TimerEvent: {}
[0.801456] (-) TimerEvent: {}
[0.901956] (-) TimerEvent: {}
[1.005481] (-) TimerEvent: {}
[1.106228] (-) TimerEvent: {}
[1.207238] (-) TimerEvent: {}
[1.308376] (-) TimerEvent: {}
[1.409088] (-) TimerEvent: {}
[1.466591] (cpp_srvcli) StdoutLine: {'line': b'-- Override CMake install command with custom implementation using symlinks instead of copying resources\n'}
[1.478945] (cpp_pubsub) StdoutLine: {'line': b'-- Override CMake install command with custom implementation using symlinks instead of copying resources\n'}
[1.509592] (-) TimerEvent: {}
[1.564579] (cpp_srvcli) StdoutLine: {'line': b'-- Found rclcpp: 2.4.2 (/opt/ros/foxy/share/rclcpp/cmake)\n'}
[1.567608] (cpp_pubsub) StdoutLine: {'line': b'-- Found rclcpp: 2.4.2 (/opt/ros/foxy/share/rclcpp/cmake)\n'}
[1.610457] (-) TimerEvent: {}
[1.713175] (-) TimerEvent: {}
[1.761861] (cpp_srvcli) StdoutLine: {'line': b'-- Using all available rosidl_typesupport_c: rosidl_typesupport_fastrtps_c;rosidl_typesupport_introspection_c\n'}
[1.795821] (cpp_pubsub) StdoutLine: {'line': b'-- Using all available rosidl_typesupport_c: rosidl_typesupport_fastrtps_c;rosidl_typesupport_introspection_c\n'}
[1.797364] (cpp_srvcli) StdoutLine: {'line': b'-- Found rosidl_adapter: 1.3.0 (/opt/ros/foxy/share/rosidl_adapter/cmake)\n'}
[1.808128] (cpp_pubsub) StdoutLine: {'line': b'-- Found rosidl_adapter: 1.3.0 (/opt/ros/foxy/share/rosidl_adapter/cmake)\n'}
[1.813532] (-) TimerEvent: {}
[1.917447] (-) TimerEvent: {}
[2.018363] (-) TimerEvent: {}
[2.132096] (-) TimerEvent: {}
[2.234655] (-) TimerEvent: {}
[2.336007] (-) TimerEvent: {}
[2.359001] (cpp_pubsub) StdoutLine: {'line': b'-- Using all available rosidl_typesupport_cpp: rosidl_typesupport_fastrtps_cpp;rosidl_typesupport_introspection_cpp\n'}
[2.437720] (-) TimerEvent: {}
[2.466744] (cpp_srvcli) StdoutLine: {'line': b'-- Using all available rosidl_typesupport_cpp: rosidl_typesupport_fastrtps_cpp;rosidl_typesupport_introspection_cpp\n'}
[2.541353] (-) TimerEvent: {}
[2.642611] (-) TimerEvent: {}
[2.675547] (cpp_pubsub) StdoutLine: {'line': b'-- Found rmw_implementation_cmake: 1.0.4 (/opt/ros/foxy/share/rmw_implementation_cmake/cmake)\n'}
[2.687752] (cpp_pubsub) StdoutLine: {'line': b"-- Using RMW implementation 'rmw_fastrtps_cpp' as default\n"}
[2.742790] (-) TimerEvent: {}
[2.782120] (cpp_srvcli) StdoutLine: {'line': b'-- Found rmw_implementation_cmake: 1.0.4 (/opt/ros/foxy/share/rmw_implementation_cmake/cmake)\n'}
[2.791032] (cpp_srvcli) StdoutLine: {'line': b"-- Using RMW implementation 'rmw_fastrtps_cpp' as default\n"}
[2.843294] (-) TimerEvent: {}
[2.944761] (-) TimerEvent: {}
[3.049866] (-) TimerEvent: {}
[3.150608] (-) TimerEvent: {}
[3.253817] (-) TimerEvent: {}
[3.354597] (-) TimerEvent: {}
[3.456249] (-) TimerEvent: {}
[3.562317] (-) TimerEvent: {}
[3.565793] (cpp_srvcli) StdoutLine: {'line': b'-- Found example_interfaces: 0.9.1 (/opt/ros/foxy/share/example_interfaces/cmake)\n'}
[3.662440] (-) TimerEvent: {}
[3.770142] (-) TimerEvent: {}
[3.854267] (cpp_pubsub) StdoutLine: {'line': b'-- Configuring done\n'}
[3.870494] (-) TimerEvent: {}
[3.930793] (cpp_pubsub) StdoutLine: {'line': b'-- Generating done\n'}
[3.950578] (cpp_pubsub) StdoutLine: {'line': b'-- Build files have been written to: /home/chen/ros2_ws/build/cpp_pubsub\n'}
[3.971525] (-) TimerEvent: {}
[3.983446] (cpp_pubsub) CommandEnded: {'returncode': 0}
[3.988073] (cpp_pubsub) JobProgress: {'identifier': 'cpp_pubsub', 'progress': 'build'}
[3.991912] (cpp_pubsub) Command: {'cmd': ['/usr/bin/cmake', '--build', '/home/chen/ros2_ws/build/cpp_pubsub', '--', '-j2', '-l2'], 'cwd': '/home/chen/ros2_ws/build/cpp_pubsub', 'env': OrderedDict([('GJS_DEBUG_TOPICS', 'JS ERROR;JS LOG'), ('LESSOPEN', '| /usr/bin/lesspipe %s'), ('VSCODE_CWD', '/home/chen'), ('VSCODE_CRASH_REPORTER_SANDBOXED_HINT', '1'), ('LANGUAGE', 'zh_CN:en_US:en'), ('USER', 'chen'), ('SNAP_COMMON', '/var/snap/code/common'), ('LC_TIME', 'en_US.UTF-8'), ('VSCODE_NLS_CONFIG', '{"locale":"zh-cn","osLocale":"zh-cn","availableLanguages":{"*":"zh-cn"},"_languagePackId":"e8139c6a810edc38ce118d65c4ecc4ca.zh-cn","_translationsConfigFile":"/home/chen/.config/Code/clp/e8139c6a810edc38ce118d65c4ecc4ca.zh-cn/tcf.json","_cacheRoot":"/home/chen/.config/Code/clp/e8139c6a810edc38ce118d65c4ecc4ca.zh-cn","_resolvedLanguagePackCoreLocation":"/home/chen/.config/Code/clp/e8139c6a810edc38ce118d65c4ecc4ca.zh-cn/252e5463d60e63238250799aef7375787f68b4ee","_corruptedFile":"/home/chen/.config/Code/clp/e8139c6a810edc38ce118d65c4ecc4ca.zh-cn/corrupted.info","_languagePackSupport":true}'), ('GIO_MODULE_DIR', '/home/chen/snap/code/common/.cache/gio-modules'), ('VSCODE_HANDLES_UNCAUGHT_ERRORS', 'true'), ('SSH_AGENT_PID', '1623'), ('XDG_SESSION_TYPE', 'x11'), ('GIT_ASKPASS', '/snap/code/127/usr/share/code/resources/app/extensions/git/dist/askpass.sh'), ('SHLVL', '0'), ('LD_LIBRARY_PATH', '/opt/ros/foxy/opt/yaml_cpp_vendor/lib:/opt/ros/foxy/opt/rviz_ogre_vendor/lib:/opt/ros/foxy/lib/x86_64-linux-gnu:/opt/ros/foxy/lib'), ('HOME', '/home/chen'), ('CHROME_DESKTOP', 'code-url-handler.desktop'), ('SNAP_LIBRARY_PATH', '/var/lib/snapd/lib/gl:/var/lib/snapd/lib/gl32:/var/lib/snapd/void'), ('TERM_PROGRAM_VERSION', '1.78.0'), ('DESKTOP_SESSION', 'ubuntu'), ('SNAP_USER_DATA', '/home/chen/snap/code/127'), ('GTK_PATH', '/snap/code/127/usr/lib/x86_64-linux-gnu/gtk-3.0'), ('VSCODE_IPC_HOOK', '/run/user/1000/vscode-9eb2e185-1.78-main.sock'), ('GTK_IM_MODULE_FILE', '/home/chen/snap/code/common/.cache/immodules/immodules.cache'), ('GIO_LAUNCHED_DESKTOP_FILE', '/var/lib/snapd/desktop/applications/code_code.desktop'), ('APPLICATION_INSIGHTS_NO_DIAGNOSTIC_CHANNEL', '1'), ('ROS_PYTHON_VERSION', '3'), ('GNOME_SHELL_SESSION_MODE', 'ubuntu'), ('GTK_MODULES', 'gail:atk-bridge'), ('VSCODE_GIT_ASKPASS_MAIN', '/snap/code/127/usr/share/code/resources/app/extensions/git/dist/askpass-main.js'), ('LC_MONETARY', 'en_US.UTF-8'), ('VSCODE_GIT_ASKPASS_NODE', '/snap/code/127/usr/share/code/code'), ('MANAGERPID', '984'), ('DBUS_SESSION_BUS_ADDRESS', 'unix:path=/run/user/1000/bus'), ('SNAP_REVISION', '127'), ('COLORTERM', 'truecolor'), ('GIO_LAUNCHED_DESKTOP_FILE_PID', '2020'), ('_colcon_cd_root', '/opt/ros/foxy/'), ('VSCODE_CRASH_REPORTER_PROCESS_TYPE', 'extensionHost'), ('MANDATORY_PATH', '/usr/share/gconf/ubuntu.mandatory.path'), ('IM_CONFIG_PHASE', '1'), ('VSCODE_L10N_BUNDLE_LOCATION', 'file:///home/chen/.vscode/extensions/ms-ceintl.vscode-language-pack-zh-hans-1.78.2023050309/translations/extensions/vscode.json-language-features.i18n.json'), ('COLCON_PREFIX_PATH', '/home/chen/ros2_ws/install'), ('ROS_DISTRO', 'foxy'), ('LOGNAME', 'chen'), ('_', '/usr/bin/colcon'), ('SNAP_CONTEXT', 'OgBwCAaQaxEDKAh8OHfl0NLbdB4suEWKTOrgMZFuLfLcTjT37Pas'), ('JOURNAL_STREAM', '8:48777'), ('ROS_VERSION', '2'), ('XDG_SESSION_CLASS', 'user'), ('DEFAULTS_PATH', '/usr/share/gconf/ubuntu.default.path'), ('SNAP_VERSION', '252e5463'), ('USERNAME', 'chen'), ('TERM', 'xterm-256color'), ('GNOME_DESKTOP_SESSION_ID', 'this-is-deprecated'), ('SNAP_INSTANCE_NAME', 'code'), ('ROS_LOCALHOST_ONLY', '0'), ('WINDOWPATH', '2'), ('PATH', '/opt/ros/foxy/bin:/usr/local/sbin:/usr/local/bin:/usr/sbin:/usr/bin:/sbin:/bin:/usr/games:/usr/local/games:/snap/bin'), ('SESSION_MANAGER', 'local/ubuntu:@/tmp/.ICE-unix/1661,unix/ubuntu:/tmp/.ICE-unix/1661'), ('VSCODE_AMD_ENTRYPOINT', 'vs/workbench/api/node/extensionHostProcess'), ('GTK_EXE_PREFIX', '/snap/code/127/usr'), ('INVOCATION_ID', '6f8a6e31496c4cc3b875e8e414f8c7b2'), ('PAPERSIZE', 'letter'), ('XDG_MENU_PREFIX', 'gnome-'), ('LC_ADDRESS', 'en_US.UTF-8'), ('BAMF_DESKTOP_FILE_HINT', '/var/lib/snapd/desktop/applications/code_code.desktop'), ('SNAP_DATA', '/var/snap/code/127'), ('XDG_RUNTIME_DIR', '/run/user/1000'), ('GDK_BACKEND', 'x11'), ('DISPLAY', ':0'), ('LOCPATH', '/snap/code/127/usr/lib/locale'), ('LANG', 'zh_CN.UTF-8'), ('XDG_CURRENT_DESKTOP', 'Unity'), ('LC_TELEPHONE', 'en_US.UTF-8'), ('XMODIFIERS', '@im=ibus'), ('XDG_SESSION_DESKTOP', 'ubuntu'), ('XAUTHORITY', '/run/user/1000/gdm/Xauthority'), ('LS_COLORS', ''), ('VSCODE_GIT_IPC_HANDLE', '/run/user/1000/vscode-git-c2d6e3f140.sock'), ('TERM_PROGRAM', 'vscode'), ('SNAP_USER_COMMON', '/home/chen/snap/code/common'), ('SSH_AUTH_SOCK', '/run/user/1000/keyring/ssh'), ('GSETTINGS_SCHEMA_DIR', '/home/chen/snap/code/127/.local/share/glib-2.0/schemas'), ('SNAP_ARCH', 'amd64'), ('AMENT_PREFIX_PATH', '/home/chen/ros2_ws/install/cpp_srvcli:/home/chen/ros2_ws/install/cpp_pubsub:/opt/ros/foxy'), ('SNAP_COOKIE', 'OgBwCAaQaxEDKAh8OHfl0NLbdB4suEWKTOrgMZFuLfLcTjT37Pas'), ('ORIGINAL_XDG_CURRENT_DESKTOP', 'ubuntu:GNOME'), ('SHELL', '/bin/bash'), ('LC_NAME', 'en_US.UTF-8'), ('GDK_PIXBUF_MODULEDIR', '/snap/code/127/usr/lib/x86_64-linux-gnu/gdk-pixbuf-2.0/2.10.0/loaders'), ('QT_ACCESSIBILITY', '1'), ('ELECTRON_RUN_AS_NODE', '1'), ('GDMSESSION', 'ubuntu'), ('LESSCLOSE', '/usr/bin/lesspipe %s %s'), ('SNAP_NAME', 'code'), ('LC_MEASUREMENT', 'en_US.UTF-8'), ('GDK_PIXBUF_MODULE_FILE', '/home/chen/snap/code/common/.cache/gdk-pixbuf-loaders.cache'), ('GPG_AGENT_INFO', '/run/user/1000/gnupg/S.gpg-agent:0:1'), ('GJS_DEBUG_OUTPUT', 'stderr'), ('LC_IDENTIFICATION', 'en_US.UTF-8'), ('SNAP_LAUNCHER_ARCH_TRIPLET', 'x86_64-linux-gnu'), ('VSCODE_GIT_ASKPASS_EXTRA_ARGS', '--ms-enable-electron-run-as-node'), ('QT_IM_MODULE', 'ibus'), ('PWD', '/home/chen/ros2_ws/build/cpp_pubsub'), ('VSCODE_CLI', '1'), ('XDG_CONFIG_DIRS', '/etc/xdg/xdg-ubuntu:/etc/xdg'), ('SNAP_REAL_HOME', '/home/chen'), ('VSCODE_CODE_CACHE_PATH', '/home/chen/.config/Code/CachedData/252e5463d60e63238250799aef7375787f68b4ee'), ('XDG_DATA_DIRS', '/home/chen/snap/code/127/.local/share:/home/chen/snap/code/127:/snap/code/127/usr/share:/usr/share/ubuntu:/usr/local/share/:/usr/share/:/var/lib/snapd/desktop'), ('PYTHONPATH', '/opt/ros/foxy/lib/python3.8/site-packages'), ('SNAP', '/snap/code/127'), ('LC_NUMERIC', 'en_US.UTF-8'), ('LC_PAPER', 'en_US.UTF-8'), ('COLCON', '1'), ('ELECTRON_NO_ATTACH_CONSOLE', '1'), ('CMAKE_PREFIX_PATH', '/home/chen/ros2_ws/install/cpp_srvcli:/home/chen/ros2_ws/install/cpp_pubsub:/opt/ros/foxy'), ('VSCODE_PID', '2063')]), 'shell': False}
[4.072086] (-) TimerEvent: {}
[4.103160] (cpp_srvcli) StdoutLine: {'line': b'-- Found ament_lint_auto: 0.9.8 (/opt/ros/foxy/share/ament_lint_auto/cmake)\n'}
[4.178006] (-) TimerEvent: {}
[4.287600] (-) TimerEvent: {}
[4.388434] (-) TimerEvent: {}
[4.421652] (cpp_pubsub) StdoutLine: {'line': b'[ 25%] \x1b[32mBuilding CXX object CMakeFiles/listener.dir/src/subscriber_member_function.cpp.o\x1b[0m\n'}
[4.488152] (cpp_srvcli) StdoutLine: {'line': b"-- Added test 'copyright' to check source files copyright and LICENSE\n"}
[4.488538] (-) TimerEvent: {}
[4.488687] (cpp_srvcli) StdoutLine: {'line': b"-- Added test 'cppcheck' to perform static code analysis on C / C++ code\n"}
[4.488801] (cpp_srvcli) StdoutLine: {'line': b'-- Configured cppcheck include dirs: \n'}
[4.488901] (cpp_srvcli) StdoutLine: {'line': b'-- Configured cppcheck exclude dirs and/or files: \n'}
[4.492164] (cpp_srvcli) StdoutLine: {'line': b"-- Added test 'cpplint' to check C / C++ code against the Google style\n"}
[4.492377] (cpp_srvcli) StdoutLine: {'line': b'-- Configured cpplint exclude dirs and/or files: \n'}
[4.492897] (cpp_srvcli) StdoutLine: {'line': b"-- Added test 'lint_cmake' to check CMake code style\n"}
[4.499756] (cpp_srvcli) StdoutLine: {'line': b"-- Added test 'uncrustify' to check C / C++ code style\n"}
[4.500060] (cpp_srvcli) StdoutLine: {'line': b'-- Configured uncrustify additional arguments: \n'}
[4.501394] (cpp_srvcli) StdoutLine: {'line': b"-- Added test 'xmllint' to check XML markup files\n"}
[4.522959] (cpp_srvcli) StdoutLine: {'line': b'-- Configuring done\n'}
[4.582090] (cpp_srvcli) StdoutLine: {'line': b'-- Generating done\n'}
[4.588902] (-) TimerEvent: {}
[4.589980] (cpp_srvcli) StdoutLine: {'line': b'-- Build files have been written to: /home/chen/ros2_ws/build/cpp_srvcli\n'}
[4.610496] (cpp_srvcli) CommandEnded: {'returncode': 0}
[4.612558] (cpp_srvcli) JobProgress: {'identifier': 'cpp_srvcli', 'progress': 'build'}
[4.612674] (cpp_srvcli) Command: {'cmd': ['/usr/bin/cmake', '--build', '/home/chen/ros2_ws/build/cpp_srvcli', '--', '-j2', '-l2'], 'cwd': '/home/chen/ros2_ws/build/cpp_srvcli', 'env': OrderedDict([('GJS_DEBUG_TOPICS', 'JS ERROR;JS LOG'), ('LESSOPEN', '| /usr/bin/lesspipe %s'), ('VSCODE_CWD', '/home/chen'), ('VSCODE_CRASH_REPORTER_SANDBOXED_HINT', '1'), ('LANGUAGE', 'zh_CN:en_US:en'), ('USER', 'chen'), ('SNAP_COMMON', '/var/snap/code/common'), ('LC_TIME', 'en_US.UTF-8'), ('VSCODE_NLS_CONFIG', '{"locale":"zh-cn","osLocale":"zh-cn","availableLanguages":{"*":"zh-cn"},"_languagePackId":"e8139c6a810edc38ce118d65c4ecc4ca.zh-cn","_translationsConfigFile":"/home/chen/.config/Code/clp/e8139c6a810edc38ce118d65c4ecc4ca.zh-cn/tcf.json","_cacheRoot":"/home/chen/.config/Code/clp/e8139c6a810edc38ce118d65c4ecc4ca.zh-cn","_resolvedLanguagePackCoreLocation":"/home/chen/.config/Code/clp/e8139c6a810edc38ce118d65c4ecc4ca.zh-cn/252e5463d60e63238250799aef7375787f68b4ee","_corruptedFile":"/home/chen/.config/Code/clp/e8139c6a810edc38ce118d65c4ecc4ca.zh-cn/corrupted.info","_languagePackSupport":true}'), ('GIO_MODULE_DIR', '/home/chen/snap/code/common/.cache/gio-modules'), ('VSCODE_HANDLES_UNCAUGHT_ERRORS', 'true'), ('SSH_AGENT_PID', '1623'), ('XDG_SESSION_TYPE', 'x11'), ('GIT_ASKPASS', '/snap/code/127/usr/share/code/resources/app/extensions/git/dist/askpass.sh'), ('SHLVL', '0'), ('LD_LIBRARY_PATH', '/opt/ros/foxy/opt/yaml_cpp_vendor/lib:/opt/ros/foxy/opt/rviz_ogre_vendor/lib:/opt/ros/foxy/lib/x86_64-linux-gnu:/opt/ros/foxy/lib'), ('HOME', '/home/chen'), ('CHROME_DESKTOP', 'code-url-handler.desktop'), ('SNAP_LIBRARY_PATH', '/var/lib/snapd/lib/gl:/var/lib/snapd/lib/gl32:/var/lib/snapd/void'), ('TERM_PROGRAM_VERSION', '1.78.0'), ('DESKTOP_SESSION', 'ubuntu'), ('SNAP_USER_DATA', '/home/chen/snap/code/127'), ('GTK_PATH', '/snap/code/127/usr/lib/x86_64-linux-gnu/gtk-3.0'), ('VSCODE_IPC_HOOK', '/run/user/1000/vscode-9eb2e185-1.78-main.sock'), ('GTK_IM_MODULE_FILE', '/home/chen/snap/code/common/.cache/immodules/immodules.cache'), ('GIO_LAUNCHED_DESKTOP_FILE', '/var/lib/snapd/desktop/applications/code_code.desktop'), ('APPLICATION_INSIGHTS_NO_DIAGNOSTIC_CHANNEL', '1'), ('ROS_PYTHON_VERSION', '3'), ('GNOME_SHELL_SESSION_MODE', 'ubuntu'), ('GTK_MODULES', 'gail:atk-bridge'), ('VSCODE_GIT_ASKPASS_MAIN', '/snap/code/127/usr/share/code/resources/app/extensions/git/dist/askpass-main.js'), ('LC_MONETARY', 'en_US.UTF-8'), ('VSCODE_GIT_ASKPASS_NODE', '/snap/code/127/usr/share/code/code'), ('MANAGERPID', '984'), ('DBUS_SESSION_BUS_ADDRESS', 'unix:path=/run/user/1000/bus'), ('SNAP_REVISION', '127'), ('COLORTERM', 'truecolor'), ('GIO_LAUNCHED_DESKTOP_FILE_PID', '2020'), ('_colcon_cd_root', '/opt/ros/foxy/'), ('VSCODE_CRASH_REPORTER_PROCESS_TYPE', 'extensionHost'), ('MANDATORY_PATH', '/usr/share/gconf/ubuntu.mandatory.path'), ('IM_CONFIG_PHASE', '1'), ('VSCODE_L10N_BUNDLE_LOCATION', 'file:///home/chen/.vscode/extensions/ms-ceintl.vscode-language-pack-zh-hans-1.78.2023050309/translations/extensions/vscode.json-language-features.i18n.json'), ('COLCON_PREFIX_PATH', '/home/chen/ros2_ws/install'), ('ROS_DISTRO', 'foxy'), ('LOGNAME', 'chen'), ('_', '/usr/bin/colcon'), ('SNAP_CONTEXT', 'OgBwCAaQaxEDKAh8OHfl0NLbdB4suEWKTOrgMZFuLfLcTjT37Pas'), ('JOURNAL_STREAM', '8:48777'), ('ROS_VERSION', '2'), ('XDG_SESSION_CLASS', 'user'), ('DEFAULTS_PATH', '/usr/share/gconf/ubuntu.default.path'), ('SNAP_VERSION', '252e5463'), ('USERNAME', 'chen'), ('TERM', 'xterm-256color'), ('GNOME_DESKTOP_SESSION_ID', 'this-is-deprecated'), ('SNAP_INSTANCE_NAME', 'code'), ('ROS_LOCALHOST_ONLY', '0'), ('WINDOWPATH', '2'), ('PATH', '/opt/ros/foxy/bin:/usr/local/sbin:/usr/local/bin:/usr/sbin:/usr/bin:/sbin:/bin:/usr/games:/usr/local/games:/snap/bin'), ('SESSION_MANAGER', 'local/ubuntu:@/tmp/.ICE-unix/1661,unix/ubuntu:/tmp/.ICE-unix/1661'), ('VSCODE_AMD_ENTRYPOINT', 'vs/workbench/api/node/extensionHostProcess'), ('GTK_EXE_PREFIX', '/snap/code/127/usr'), ('INVOCATION_ID', '6f8a6e31496c4cc3b875e8e414f8c7b2'), ('PAPERSIZE', 'letter'), ('XDG_MENU_PREFIX', 'gnome-'), ('LC_ADDRESS', 'en_US.UTF-8'), ('BAMF_DESKTOP_FILE_HINT', '/var/lib/snapd/desktop/applications/code_code.desktop'), ('SNAP_DATA', '/var/snap/code/127'), ('XDG_RUNTIME_DIR', '/run/user/1000'), ('GDK_BACKEND', 'x11'), ('DISPLAY', ':0'), ('LOCPATH', '/snap/code/127/usr/lib/locale'), ('LANG', 'zh_CN.UTF-8'), ('XDG_CURRENT_DESKTOP', 'Unity'), ('LC_TELEPHONE', 'en_US.UTF-8'), ('XMODIFIERS', '@im=ibus'), ('XDG_SESSION_DESKTOP', 'ubuntu'), ('XAUTHORITY', '/run/user/1000/gdm/Xauthority'), ('LS_COLORS', ''), ('VSCODE_GIT_IPC_HANDLE', '/run/user/1000/vscode-git-c2d6e3f140.sock'), ('TERM_PROGRAM', 'vscode'), ('SNAP_USER_COMMON', '/home/chen/snap/code/common'), ('SSH_AUTH_SOCK', '/run/user/1000/keyring/ssh'), ('GSETTINGS_SCHEMA_DIR', '/home/chen/snap/code/127/.local/share/glib-2.0/schemas'), ('SNAP_ARCH', 'amd64'), ('AMENT_PREFIX_PATH', '/home/chen/ros2_ws/install/cpp_srvcli:/home/chen/ros2_ws/install/cpp_pubsub:/opt/ros/foxy'), ('SNAP_COOKIE', 'OgBwCAaQaxEDKAh8OHfl0NLbdB4suEWKTOrgMZFuLfLcTjT37Pas'), ('ORIGINAL_XDG_CURRENT_DESKTOP', 'ubuntu:GNOME'), ('SHELL', '/bin/bash'), ('LC_NAME', 'en_US.UTF-8'), ('GDK_PIXBUF_MODULEDIR', '/snap/code/127/usr/lib/x86_64-linux-gnu/gdk-pixbuf-2.0/2.10.0/loaders'), ('QT_ACCESSIBILITY', '1'), ('ELECTRON_RUN_AS_NODE', '1'), ('GDMSESSION', 'ubuntu'), ('LESSCLOSE', '/usr/bin/lesspipe %s %s'), ('SNAP_NAME', 'code'), ('LC_MEASUREMENT', 'en_US.UTF-8'), ('GDK_PIXBUF_MODULE_FILE', '/home/chen/snap/code/common/.cache/gdk-pixbuf-loaders.cache'), ('GPG_AGENT_INFO', '/run/user/1000/gnupg/S.gpg-agent:0:1'), ('GJS_DEBUG_OUTPUT', 'stderr'), ('LC_IDENTIFICATION', 'en_US.UTF-8'), ('SNAP_LAUNCHER_ARCH_TRIPLET', 'x86_64-linux-gnu'), ('VSCODE_GIT_ASKPASS_EXTRA_ARGS', '--ms-enable-electron-run-as-node'), ('QT_IM_MODULE', 'ibus'), ('PWD', '/home/chen/ros2_ws/build/cpp_srvcli'), ('VSCODE_CLI', '1'), ('XDG_CONFIG_DIRS', '/etc/xdg/xdg-ubuntu:/etc/xdg'), ('SNAP_REAL_HOME', '/home/chen'), ('VSCODE_CODE_CACHE_PATH', '/home/chen/.config/Code/CachedData/252e5463d60e63238250799aef7375787f68b4ee'), ('XDG_DATA_DIRS', '/home/chen/snap/code/127/.local/share:/home/chen/snap/code/127:/snap/code/127/usr/share:/usr/share/ubuntu:/usr/local/share/:/usr/share/:/var/lib/snapd/desktop'), ('PYTHONPATH', '/opt/ros/foxy/lib/python3.8/site-packages'), ('SNAP', '/snap/code/127'), ('LC_NUMERIC', 'en_US.UTF-8'), ('LC_PAPER', 'en_US.UTF-8'), ('COLCON', '1'), ('ELECTRON_NO_ATTACH_CONSOLE', '1'), ('CMAKE_PREFIX_PATH', '/home/chen/ros2_ws/install/cpp_srvcli:/home/chen/ros2_ws/install/cpp_pubsub:/opt/ros/foxy'), ('VSCODE_PID', '2063')]), 'shell': False}
[4.689113] (-) TimerEvent: {}
[4.790076] (-) TimerEvent: {}
[4.890475] (-) TimerEvent: {}
[4.989616] (cpp_srvcli) StdoutLine: {'line': b'[ 25%] \x1b[32mBuilding CXX object CMakeFiles/client.dir/src/add_two_ints_client.cpp.o\x1b[0m\n'}
[4.991511] (-) TimerEvent: {}
[5.093026] (-) TimerEvent: {}
[5.194046] (-) TimerEvent: {}
[5.298841] (-) TimerEvent: {}
[5.400358] (-) TimerEvent: {}
[5.501138] (-) TimerEvent: {}
[5.601716] (-) TimerEvent: {}
[5.703329] (-) TimerEvent: {}
[5.805165] (-) TimerEvent: {}
[5.906172] (-) TimerEvent: {}
[6.006963] (-) TimerEvent: {}
[6.107858] (-) TimerEvent: {}
[6.208440] (-) TimerEvent: {}
[6.309076] (-) TimerEvent: {}
[6.409642] (-) TimerEvent: {}
[6.510507] (-) TimerEvent: {}
[6.611781] (-) TimerEvent: {}
[6.713952] (-) TimerEvent: {}
[6.815060] (-) TimerEvent: {}
[6.917363] (-) TimerEvent: {}
[7.031969] (-) TimerEvent: {}
[7.133438] (-) TimerEvent: {}
[7.234278] (-) TimerEvent: {}
[7.335323] (-) TimerEvent: {}
[7.436303] (-) TimerEvent: {}
[7.537549] (-) TimerEvent: {}
[7.638495] (-) TimerEvent: {}
[7.739171] (-) TimerEvent: {}
[7.839594] (-) TimerEvent: {}
[7.940263] (-) TimerEvent: {}
[8.040652] (-) TimerEvent: {}
[8.141464] (-) TimerEvent: {}
[8.241880] (-) TimerEvent: {}
[8.342905] (-) TimerEvent: {}
[8.443374] (-) TimerEvent: {}
[8.544327] (-) TimerEvent: {}
[8.645770] (-) TimerEvent: {}
[8.746813] (-) TimerEvent: {}
[8.848592] (-) TimerEvent: {}
[8.956502] (-) TimerEvent: {}
[9.056982] (-) TimerEvent: {}
[9.157562] (-) TimerEvent: {}
[9.258203] (-) TimerEvent: {}
[9.359351] (-) TimerEvent: {}
[9.460065] (-) TimerEvent: {}
[9.560810] (-) TimerEvent: {}
[9.661877] (-) TimerEvent: {}
[9.762658] (-) TimerEvent: {}
[9.863471] (-) TimerEvent: {}
[9.964146] (-) TimerEvent: {}
[10.064861] (-) TimerEvent: {}
[10.165711] (-) TimerEvent: {}
[10.266539] (-) TimerEvent: {}
[10.367181] (-) TimerEvent: {}
[10.467754] (-) TimerEvent: {}
[10.568395] (-) TimerEvent: {}
[10.669464] (-) TimerEvent: {}
[10.771829] (-) TimerEvent: {}
[10.872218] (-) TimerEvent: {}
[10.972959] (-) TimerEvent: {}
[11.075260] (-) TimerEvent: {}
[11.178065] (-) TimerEvent: {}
[11.278993] (-) TimerEvent: {}
[11.380698] (-) TimerEvent: {}
[11.481394] (-) TimerEvent: {}
[11.582329] (-) TimerEvent: {}
[11.683023] (-) TimerEvent: {}
[11.785107] (-) TimerEvent: {}
[11.889218] (-) TimerEvent: {}
[11.990101] (-) TimerEvent: {}
[12.091132] (-) TimerEvent: {}
[12.191713] (-) TimerEvent: {}
[12.293413] (-) TimerEvent: {}
[12.394110] (-) TimerEvent: {}
[12.495835] (-) TimerEvent: {}
[12.597619] (-) TimerEvent: {}
[12.699642] (-) TimerEvent: {}
[12.800504] (-) TimerEvent: {}
[12.901144] (-) TimerEvent: {}
[13.002606] (-) TimerEvent: {}
[13.103949] (-) TimerEvent: {}
[13.204803] (-) TimerEvent: {}
[13.305499] (-) TimerEvent: {}
[13.406020] (-) TimerEvent: {}
[13.508060] (-) TimerEvent: {}
[13.609564] (-) TimerEvent: {}
[13.712545] (-) TimerEvent: {}
[13.813908] (-) TimerEvent: {}
[13.915450] (-) TimerEvent: {}
[14.016088] (-) TimerEvent: {}
[14.117361] (-) TimerEvent: {}
[14.218322] (-) TimerEvent: {}
[14.318932] (-) TimerEvent: {}
[14.419927] (-) TimerEvent: {}
[14.520697] (-) TimerEvent: {}
[14.621314] (-) TimerEvent: {}
[14.722204] (-) TimerEvent: {}
[14.823613] (-) TimerEvent: {}
[14.924254] (-) TimerEvent: {}
[15.025236] (-) TimerEvent: {}
[15.126219] (-) TimerEvent: {}
[15.226945] (-) TimerEvent: {}
[15.327687] (-) TimerEvent: {}
[15.428741] (-) TimerEvent: {}
[15.529515] (-) TimerEvent: {}
[15.630105] (-) TimerEvent: {}
[15.730625] (-) TimerEvent: {}
[15.831407] (-) TimerEvent: {}
[15.932815] (-) TimerEvent: {}
[16.033822] (-) TimerEvent: {}
[16.134508] (-) TimerEvent: {}
[16.235596] (-) TimerEvent: {}
[16.336468] (-) TimerEvent: {}
[16.437308] (-) TimerEvent: {}
[16.538033] (-) TimerEvent: {}
[16.638631] (-) TimerEvent: {}
[16.739280] (-) TimerEvent: {}
[16.840128] (-) TimerEvent: {}
[16.941172] (-) TimerEvent: {}
[17.041693] (-) TimerEvent: {}
[17.142171] (-) TimerEvent: {}
[17.242798] (-) TimerEvent: {}
[17.343200] (-) TimerEvent: {}
[17.445991] (-) TimerEvent: {}
[17.554586] (-) TimerEvent: {}
[17.657545] (-) TimerEvent: {}
[17.770170] (-) TimerEvent: {}
[17.871285] (-) TimerEvent: {}
[17.972178] (-) TimerEvent: {}
[18.125971] (-) TimerEvent: {}
[18.226836] (-) TimerEvent: {}
[18.341304] (-) TimerEvent: {}
[18.442169] (-) TimerEvent: {}
[18.543423] (-) TimerEvent: {}
[18.644719] (-) TimerEvent: {}
[18.747109] (-) TimerEvent: {}
[18.847953] (-) TimerEvent: {}
[18.950447] (-) TimerEvent: {}
[19.053104] (-) TimerEvent: {}
[19.157230] (-) TimerEvent: {}
[19.258457] (-) TimerEvent: {}
[19.359248] (-) TimerEvent: {}
[19.460234] (-) TimerEvent: {}
[19.560959] (-) TimerEvent: {}
[19.665959] (-) TimerEvent: {}
[19.766877] (-) TimerEvent: {}
[19.867678] (-) TimerEvent: {}
[19.973835] (-) TimerEvent: {}
[20.074753] (-) TimerEvent: {}
[20.179085] (-) TimerEvent: {}
[20.282025] (-) TimerEvent: {}
[20.386796] (-) TimerEvent: {}
[20.489893] (-) TimerEvent: {}
[20.590736] (-) TimerEvent: {}
[20.691239] (-) TimerEvent: {}
[20.793275] (-) TimerEvent: {}
[20.895683] (-) TimerEvent: {}
[20.999314] (-) TimerEvent: {}
[21.100038] (-) TimerEvent: {}
[21.200928] (-) TimerEvent: {}
[21.307425] (-) TimerEvent: {}
[21.414423] (-) TimerEvent: {}
[21.518614] (-) TimerEvent: {}
[21.626193] (-) TimerEvent: {}
[21.733830] (-) TimerEvent: {}
[21.834786] (-) TimerEvent: {}
[21.938900] (-) TimerEvent: {}
[22.042875] (-) TimerEvent: {}
[22.153761] (-) TimerEvent: {}
[22.254866] (-) TimerEvent: {}
[22.356416] (-) TimerEvent: {}
[22.461224] (-) TimerEvent: {}
[22.569277] (-) TimerEvent: {}
[22.678970] (-) TimerEvent: {}
[22.780587] (-) TimerEvent: {}
[22.881522] (-) TimerEvent: {}
[22.986572] (-) TimerEvent: {}
[23.089078] (-) TimerEvent: {}
[23.190326] (-) TimerEvent: {}
[23.295190] (-) TimerEvent: {}
[23.398661] (-) TimerEvent: {}
[23.504127] (-) TimerEvent: {}
[23.609952] (-) TimerEvent: {}
[23.715632] (-) TimerEvent: {}
[23.817892] (-) TimerEvent: {}
[23.918849] (-) TimerEvent: {}
[24.023188] (-) TimerEvent: {}
[24.123615] (-) TimerEvent: {}
[24.229360] (-) TimerEvent: {}
[24.331179] (-) TimerEvent: {}
[24.434766] (-) TimerEvent: {}
[24.542541] (-) TimerEvent: {}
[24.645712] (-) TimerEvent: {}
[24.746830] (-) TimerEvent: {}
[24.849766] (-) TimerEvent: {}
[24.952032] (-) TimerEvent: {}
[25.052842] (-) TimerEvent: {}
[25.154265] (-) TimerEvent: {}
[25.267439] (-) TimerEvent: {}
[25.373902] (-) TimerEvent: {}
[25.478937] (-) TimerEvent: {}
[25.582241] (-) TimerEvent: {}
[25.687858] (-) TimerEvent: {}
[25.796343] (-) TimerEvent: {}
[25.898995] (-) TimerEvent: {}
[26.003096] (-) TimerEvent: {}
[26.106939] (-) TimerEvent: {}
[26.212851] (-) TimerEvent: {}
[26.317887] (-) TimerEvent: {}
[26.419488] (-) TimerEvent: {}
[26.522647] (-) TimerEvent: {}
[26.623179] (-) TimerEvent: {}
[26.727459] (-) TimerEvent: {}
[26.829919] (-) TimerEvent: {}
[26.943288] (-) TimerEvent: {}
[27.047758] (-) TimerEvent: {}
[27.156203] (-) TimerEvent: {}
[27.259471] (-) TimerEvent: {}
[27.370078] (-) TimerEvent: {}
[27.471226] (-) TimerEvent: {}
[27.578151] (-) TimerEvent: {}
[27.681707] (-) TimerEvent: {}
[27.782920] (-) TimerEvent: {}
[27.886396] (-) TimerEvent: {}
[27.989810] (-) TimerEvent: {}
[28.097867] (-) TimerEvent: {}
[28.198746] (-) TimerEvent: {}
[28.299959] (-) TimerEvent: {}
[28.401038] (-) TimerEvent: {}
[28.503105] (-) TimerEvent: {}
[28.604081] (-) TimerEvent: {}
[28.713070] (-) TimerEvent: {}
[28.826132] (-) TimerEvent: {}
[28.930151] (-) TimerEvent: {}
[29.034343] (-) TimerEvent: {}
[29.134803] (-) TimerEvent: {}
[29.245347] (-) TimerEvent: {}
[29.346149] (-) TimerEvent: {}
[29.446907] (-) TimerEvent: {}
[29.547428] (-) TimerEvent: {}
[29.655613] (-) TimerEvent: {}
[29.756320] (-) TimerEvent: {}
[29.857611] (-) TimerEvent: {}
[29.970401] (-) TimerEvent: {}
[30.073862] (-) TimerEvent: {}
[30.174884] (-) TimerEvent: {}
[30.280190] (-) TimerEvent: {}
[30.384483] (-) TimerEvent: {}
[30.485304] (-) TimerEvent: {}
[30.590106] (-) TimerEvent: {}
[30.691314] (-) TimerEvent: {}
[30.792588] (-) TimerEvent: {}
[30.893261] (-) TimerEvent: {}
[30.997307] (-) TimerEvent: {}
[31.100226] (-) TimerEvent: {}
[31.209980] (-) TimerEvent: {}
[31.314480] (-) TimerEvent: {}
[31.418878] (-) TimerEvent: {}
[31.519665] (-) TimerEvent: {}
[31.624296] (-) TimerEvent: {}
[31.726278] (-) TimerEvent: {}
[31.834695] (-) TimerEvent: {}
[31.937671] (-) TimerEvent: {}
[32.041467] (-) TimerEvent: {}
[32.150259] (-) TimerEvent: {}
[32.250853] (-) TimerEvent: {}
[32.354695] (-) TimerEvent: {}
[32.456101] (-) TimerEvent: {}
[32.558323] (-) TimerEvent: {}
[32.658835] (-) TimerEvent: {}
[32.759593] (-) TimerEvent: {}
[32.860676] (-) TimerEvent: {}
[32.961903] (-) TimerEvent: {}
[33.063581] (-) TimerEvent: {}
[33.165741] (-) TimerEvent: {}
[33.267176] (-) TimerEvent: {}
[33.368508] (-) TimerEvent: {}
[33.469052] (-) TimerEvent: {}
[33.570956] (-) TimerEvent: {}
[33.673430] (-) TimerEvent: {}
[33.776420] (-) TimerEvent: {}
[33.877783] (-) TimerEvent: {}
[33.984595] (-) TimerEvent: {}
[34.047690] (cpp_srvcli) StdoutLine: {'line': b'[ 50%] \x1b[32m\x1b[1mLinking CXX executable client\x1b[0m\n'}
[34.086536] (-) TimerEvent: {}
[34.192687] (-) TimerEvent: {}
[34.297261] (-) TimerEvent: {}
[34.399979] (-) TimerEvent: {}
[34.506646] (-) TimerEvent: {}
[34.608588] (-) TimerEvent: {}
[34.712623] (-) TimerEvent: {}
[34.816575] (-) TimerEvent: {}
[34.926278] (-) TimerEvent: {}
[34.980061] (cpp_srvcli) StdoutLine: {'line': b'[ 50%] Built target client\n'}
[35.028952] (-) TimerEvent: {}
[35.129971] (-) TimerEvent: {}
[35.158741] (cpp_srvcli) StdoutLine: {'line': b'[ 75%] \x1b[32mBuilding CXX object CMakeFiles/server.dir/src/add_two_ints_server.cpp.o\x1b[0m\n'}
[35.230279] (-) TimerEvent: {}
[35.336665] (-) TimerEvent: {}
[35.437754] (-) TimerEvent: {}
[35.541790] (-) TimerEvent: {}
[35.650203] (-) TimerEvent: {}
[35.751137] (-) TimerEvent: {}
[35.861964] (-) TimerEvent: {}
[35.966458] (-) TimerEvent: {}
[36.075428] (-) TimerEvent: {}
[36.177249] (-) TimerEvent: {}
[36.278141] (-) TimerEvent: {}
[36.381129] (-) TimerEvent: {}
[36.486163] (-) TimerEvent: {}
[36.592640] (-) TimerEvent: {}
[36.694176] (-) TimerEvent: {}
[36.798326] (-) TimerEvent: {}
[36.905113] (-) TimerEvent: {}
[37.007359] (-) TimerEvent: {}
[37.109294] (-) TimerEvent: {}
[37.213893] (-) TimerEvent: {}
[37.317412] (-) TimerEvent: {}
[37.418319] (-) TimerEvent: {}
[37.522562] (-) TimerEvent: {}
[37.625527] (-) TimerEvent: {}
[37.726568] (-) TimerEvent: {}
[37.828782] (-) TimerEvent: {}
[37.934735] (-) TimerEvent: {}
[38.038572] (-) TimerEvent: {}
[38.141909] (-) TimerEvent: {}
[38.245405] (-) TimerEvent: {}
[38.354319] (-) TimerEvent: {}
[38.455907] (-) TimerEvent: {}
[38.556529] (-) TimerEvent: {}
[38.658633] (-) TimerEvent: {}
[38.769373] (-) TimerEvent: {}
[38.876418] (-) TimerEvent: {}
[38.978469] (-) TimerEvent: {}
[39.085085] (-) TimerEvent: {}
[39.196496] (-) TimerEvent: {}
[39.302490] (-) TimerEvent: {}
[39.405913] (-) TimerEvent: {}
[39.509848] (-) TimerEvent: {}
[39.612226] (-) TimerEvent: {}
[39.717990] (-) TimerEvent: {}
[39.825120] (-) TimerEvent: {}
[39.927639] (-) TimerEvent: {}
[40.031710] (-) TimerEvent: {}
[40.135276] (-) TimerEvent: {}
[40.240544] (-) TimerEvent: {}
[40.348803] (-) TimerEvent: {}
[40.458121] (-) TimerEvent: {}
[40.559425] (-) TimerEvent: {}
[40.665971] (-) TimerEvent: {}
[40.766590] (-) TimerEvent: {}
[40.868299] (-) TimerEvent: {}
[40.969011] (-) TimerEvent: {}
[41.077329] (-) TimerEvent: {}
[41.178055] (-) TimerEvent: {}
[41.279249] (-) TimerEvent: {}
[41.380418] (-) TimerEvent: {}
[41.480827] (-) TimerEvent: {}
[41.582696] (-) TimerEvent: {}
[41.684515] (-) TimerEvent: {}
[41.793404] (-) TimerEvent: {}
[41.896030] (-) TimerEvent: {}
[41.999148] (-) TimerEvent: {}
[42.106924] (-) TimerEvent: {}
[42.210191] (-) TimerEvent: {}
[42.312699] (-) TimerEvent: {}
[42.422458] (-) TimerEvent: {}
[42.523441] (-) TimerEvent: {}
[42.630377] (-) TimerEvent: {}
[42.731226] (-) TimerEvent: {}
[42.839286] (-) TimerEvent: {}
[42.941012] (-) TimerEvent: {}
[43.047652] (-) TimerEvent: {}
[43.152137] (-) TimerEvent: {}
[43.253730] (-) TimerEvent: {}
[43.357250] (-) TimerEvent: {}
[43.465221] (-) TimerEvent: {}
[43.570342] (-) TimerEvent: {}
[43.672024] (-) TimerEvent: {}
[43.779968] (-) TimerEvent: {}
[43.887492] (-) TimerEvent: {}
[43.988572] (-) TimerEvent: {}
[44.096471] (-) TimerEvent: {}
[44.197471] (-) TimerEvent: {}
[44.306157] (-) TimerEvent: {}
[44.410329] (-) TimerEvent: {}
[44.518634] (-) TimerEvent: {}
[44.620640] (-) TimerEvent: {}
[44.730926] (-) TimerEvent: {}
[44.838185] (-) TimerEvent: {}
[44.944699] (-) TimerEvent: {}
[45.047577] (-) TimerEvent: {}
[45.150012] (-) TimerEvent: {}
[45.250987] (-) TimerEvent: {}
[45.351702] (-) TimerEvent: {}
[45.452378] (-) TimerEvent: {}
[45.553240] (-) TimerEvent: {}
[45.660624] (-) TimerEvent: {}
[45.762543] (-) TimerEvent: {}
[45.866563] (-) TimerEvent: {}
[45.967981] (-) TimerEvent: {}
[46.069132] (-) TimerEvent: {}
[46.173367] (-) TimerEvent: {}
[46.281212] (-) TimerEvent: {}
[46.381793] (-) TimerEvent: {}
[46.486520] (-) TimerEvent: {}
[46.588350] (-) TimerEvent: {}
[46.695928] (-) TimerEvent: {}
[46.797808] (-) TimerEvent: {}
[46.898928] (-) TimerEvent: {}
[47.006092] (-) TimerEvent: {}
[47.107531] (-) TimerEvent: {}
[47.208825] (-) TimerEvent: {}
[47.313046] (-) TimerEvent: {}
[47.415459] (-) TimerEvent: {}
[47.515974] (-) TimerEvent: {}
[47.618056] (-) TimerEvent: {}
[47.718695] (-) TimerEvent: {}
[47.822012] (-) TimerEvent: {}
[47.923519] (-) TimerEvent: {}
[48.030653] (-) TimerEvent: {}
[48.136946] (-) TimerEvent: {}
[48.238971] (-) TimerEvent: {}
[48.343422] (-) TimerEvent: {}
[48.451566] (-) TimerEvent: {}
[48.558085] (-) TimerEvent: {}
[48.659402] (-) TimerEvent: {}
[48.762469] (-) TimerEvent: {}
[48.872838] (-) TimerEvent: {}
[48.978501] (-) TimerEvent: {}
[49.102016] (-) TimerEvent: {}
[49.202642] (-) TimerEvent: {}
[49.303631] (-) TimerEvent: {}
[49.406130] (-) TimerEvent: {}
[49.507840] (-) TimerEvent: {}
[49.613196] (-) TimerEvent: {}
[49.722989] (-) TimerEvent: {}
[49.826165] (-) TimerEvent: {}
[49.929453] (-) TimerEvent: {}
[50.030317] (-) TimerEvent: {}
[50.139391] (-) TimerEvent: {}
[50.241969] (-) TimerEvent: {}
[50.346423] (-) TimerEvent: {}
[50.448147] (-) TimerEvent: {}
[50.550273] (-) TimerEvent: {}
[50.657305] (-) TimerEvent: {}
[50.758250] (-) TimerEvent: {}
[50.863992] (-) TimerEvent: {}
[50.967632] (-) TimerEvent: {}
[51.069714] (-) TimerEvent: {}
[51.175967] (-) TimerEvent: {}
[51.283114] (-) TimerEvent: {}
[51.384216] (-) TimerEvent: {}
[51.485285] (-) TimerEvent: {}
[51.585895] (-) TimerEvent: {}
[51.690045] (-) TimerEvent: {}
[51.790972] (-) TimerEvent: {}
[51.891666] (-) TimerEvent: {}
[51.998007] (-) TimerEvent: {}
[52.100258] (-) TimerEvent: {}
[52.202097] (-) TimerEvent: {}
[52.302969] (-) TimerEvent: {}
[52.410470] (-) TimerEvent: {}
[52.511166] (-) TimerEvent: {}
[52.611984] (-) TimerEvent: {}
[52.717147] (-) TimerEvent: {}
[52.820625] (-) TimerEvent: {}
[52.925267] (-) TimerEvent: {}
[53.029587] (-) TimerEvent: {}
[53.142114] (-) TimerEvent: {}
[53.243898] (-) TimerEvent: {}
[53.350877] (-) TimerEvent: {}
[53.455327] (-) TimerEvent: {}
[53.559188] (-) TimerEvent: {}
[53.666032] (-) TimerEvent: {}
[53.772289] (-) TimerEvent: {}
[53.877115] (-) TimerEvent: {}
[53.980165] (-) TimerEvent: {}
[54.086164] (-) TimerEvent: {}
[54.187151] (-) TimerEvent: {}
[54.291810] (-) TimerEvent: {}
[54.397420] (-) TimerEvent: {}
[54.500059] (-) TimerEvent: {}
[54.606732] (-) TimerEvent: {}
[54.707892] (-) TimerEvent: {}
[54.815387] (-) TimerEvent: {}
[54.917252] (-) TimerEvent: {}
[55.018405] (-) TimerEvent: {}
[55.122036] (-) TimerEvent: {}
[55.222959] (-) TimerEvent: {}
[55.331011] (-) TimerEvent: {}
[55.433246] (-) TimerEvent: {}
[55.534388] (-) TimerEvent: {}
[55.638685] (-) TimerEvent: {}
[55.750489] (-) TimerEvent: {}
[55.858163] (-) TimerEvent: {}
[55.966665] (-) TimerEvent: {}
[56.072406] (-) TimerEvent: {}
[56.173112] (-) TimerEvent: {}
[56.279793] (-) TimerEvent: {}
[56.388854] (-) TimerEvent: {}
[56.490935] (-) TimerEvent: {}
[56.599050] (-) TimerEvent: {}
[56.702160] (-) TimerEvent: {}
[56.789233] (cpp_srvcli) StdoutLine: {'line': b'[100%] \x1b[32m\x1b[1mLinking CXX executable server\x1b[0m\n'}
[56.804847] (-) TimerEvent: {}
[56.909106] (-) TimerEvent: {}
[57.014235] (-) TimerEvent: {}
[57.121648] (-) TimerEvent: {}
[57.232246] (-) TimerEvent: {}
[57.333766] (-) TimerEvent: {}
[57.434717] (-) TimerEvent: {}
[57.538944] (-) TimerEvent: {}
[57.646467] (-) TimerEvent: {}
[57.747168] (-) TimerEvent: {}
[57.794785] (cpp_srvcli) StdoutLine: {'line': b'[100%] Built target server\n'}
[57.848613] (-) TimerEvent: {}
[57.865781] (cpp_srvcli) CommandEnded: {'returncode': 0}
[57.948871] (-) TimerEvent: {}
[58.051872] (-) TimerEvent: {}
[58.108492] (cpp_srvcli) JobProgress: {'identifier': 'cpp_srvcli', 'progress': 'install'}
[58.153014] (-) TimerEvent: {}
[58.158098] (cpp_srvcli) Command: {'cmd': ['/usr/bin/cmake', '--install', '/home/chen/ros2_ws/build/cpp_srvcli'], 'cwd': '/home/chen/ros2_ws/build/cpp_srvcli', 'env': OrderedDict([('GJS_DEBUG_TOPICS', 'JS ERROR;JS LOG'), ('LESSOPEN', '| /usr/bin/lesspipe %s'), ('VSCODE_CWD', '/home/chen'), ('VSCODE_CRASH_REPORTER_SANDBOXED_HINT', '1'), ('LANGUAGE', 'zh_CN:en_US:en'), ('USER', 'chen'), ('SNAP_COMMON', '/var/snap/code/common'), ('LC_TIME', 'en_US.UTF-8'), ('VSCODE_NLS_CONFIG', '{"locale":"zh-cn","osLocale":"zh-cn","availableLanguages":{"*":"zh-cn"},"_languagePackId":"e8139c6a810edc38ce118d65c4ecc4ca.zh-cn","_translationsConfigFile":"/home/chen/.config/Code/clp/e8139c6a810edc38ce118d65c4ecc4ca.zh-cn/tcf.json","_cacheRoot":"/home/chen/.config/Code/clp/e8139c6a810edc38ce118d65c4ecc4ca.zh-cn","_resolvedLanguagePackCoreLocation":"/home/chen/.config/Code/clp/e8139c6a810edc38ce118d65c4ecc4ca.zh-cn/252e5463d60e63238250799aef7375787f68b4ee","_corruptedFile":"/home/chen/.config/Code/clp/e8139c6a810edc38ce118d65c4ecc4ca.zh-cn/corrupted.info","_languagePackSupport":true}'), ('GIO_MODULE_DIR', '/home/chen/snap/code/common/.cache/gio-modules'), ('VSCODE_HANDLES_UNCAUGHT_ERRORS', 'true'), ('SSH_AGENT_PID', '1623'), ('XDG_SESSION_TYPE', 'x11'), ('GIT_ASKPASS', '/snap/code/127/usr/share/code/resources/app/extensions/git/dist/askpass.sh'), ('SHLVL', '0'), ('LD_LIBRARY_PATH', '/opt/ros/foxy/opt/yaml_cpp_vendor/lib:/opt/ros/foxy/opt/rviz_ogre_vendor/lib:/opt/ros/foxy/lib/x86_64-linux-gnu:/opt/ros/foxy/lib'), ('HOME', '/home/chen'), ('CHROME_DESKTOP', 'code-url-handler.desktop'), ('SNAP_LIBRARY_PATH', '/var/lib/snapd/lib/gl:/var/lib/snapd/lib/gl32:/var/lib/snapd/void'), ('TERM_PROGRAM_VERSION', '1.78.0'), ('DESKTOP_SESSION', 'ubuntu'), ('SNAP_USER_DATA', '/home/chen/snap/code/127'), ('GTK_PATH', '/snap/code/127/usr/lib/x86_64-linux-gnu/gtk-3.0'), ('VSCODE_IPC_HOOK', '/run/user/1000/vscode-9eb2e185-1.78-main.sock'), ('GTK_IM_MODULE_FILE', '/home/chen/snap/code/common/.cache/immodules/immodules.cache'), ('GIO_LAUNCHED_DESKTOP_FILE', '/var/lib/snapd/desktop/applications/code_code.desktop'), ('APPLICATION_INSIGHTS_NO_DIAGNOSTIC_CHANNEL', '1'), ('ROS_PYTHON_VERSION', '3'), ('GNOME_SHELL_SESSION_MODE', 'ubuntu'), ('GTK_MODULES', 'gail:atk-bridge'), ('VSCODE_GIT_ASKPASS_MAIN', '/snap/code/127/usr/share/code/resources/app/extensions/git/dist/askpass-main.js'), ('LC_MONETARY', 'en_US.UTF-8'), ('VSCODE_GIT_ASKPASS_NODE', '/snap/code/127/usr/share/code/code'), ('MANAGERPID', '984'), ('DBUS_SESSION_BUS_ADDRESS', 'unix:path=/run/user/1000/bus'), ('SNAP_REVISION', '127'), ('COLORTERM', 'truecolor'), ('GIO_LAUNCHED_DESKTOP_FILE_PID', '2020'), ('_colcon_cd_root', '/opt/ros/foxy/'), ('VSCODE_CRASH_REPORTER_PROCESS_TYPE', 'extensionHost'), ('MANDATORY_PATH', '/usr/share/gconf/ubuntu.mandatory.path'), ('IM_CONFIG_PHASE', '1'), ('VSCODE_L10N_BUNDLE_LOCATION', 'file:///home/chen/.vscode/extensions/ms-ceintl.vscode-language-pack-zh-hans-1.78.2023050309/translations/extensions/vscode.json-language-features.i18n.json'), ('COLCON_PREFIX_PATH', '/home/chen/ros2_ws/install'), ('ROS_DISTRO', 'foxy'), ('LOGNAME', 'chen'), ('_', '/usr/bin/colcon'), ('SNAP_CONTEXT', 'OgBwCAaQaxEDKAh8OHfl0NLbdB4suEWKTOrgMZFuLfLcTjT37Pas'), ('JOURNAL_STREAM', '8:48777'), ('ROS_VERSION', '2'), ('XDG_SESSION_CLASS', 'user'), ('DEFAULTS_PATH', '/usr/share/gconf/ubuntu.default.path'), ('SNAP_VERSION', '252e5463'), ('USERNAME', 'chen'), ('TERM', 'xterm-256color'), ('GNOME_DESKTOP_SESSION_ID', 'this-is-deprecated'), ('SNAP_INSTANCE_NAME', 'code'), ('ROS_LOCALHOST_ONLY', '0'), ('WINDOWPATH', '2'), ('PATH', '/opt/ros/foxy/bin:/usr/local/sbin:/usr/local/bin:/usr/sbin:/usr/bin:/sbin:/bin:/usr/games:/usr/local/games:/snap/bin'), ('SESSION_MANAGER', 'local/ubuntu:@/tmp/.ICE-unix/1661,unix/ubuntu:/tmp/.ICE-unix/1661'), ('VSCODE_AMD_ENTRYPOINT', 'vs/workbench/api/node/extensionHostProcess'), ('GTK_EXE_PREFIX', '/snap/code/127/usr'), ('INVOCATION_ID', '6f8a6e31496c4cc3b875e8e414f8c7b2'), ('PAPERSIZE', 'letter'), ('XDG_MENU_PREFIX', 'gnome-'), ('LC_ADDRESS', 'en_US.UTF-8'), ('BAMF_DESKTOP_FILE_HINT', '/var/lib/snapd/desktop/applications/code_code.desktop'), ('SNAP_DATA', '/var/snap/code/127'), ('XDG_RUNTIME_DIR', '/run/user/1000'), ('GDK_BACKEND', 'x11'), ('DISPLAY', ':0'), ('LOCPATH', '/snap/code/127/usr/lib/locale'), ('LANG', 'zh_CN.UTF-8'), ('XDG_CURRENT_DESKTOP', 'Unity'), ('LC_TELEPHONE', 'en_US.UTF-8'), ('XMODIFIERS', '@im=ibus'), ('XDG_SESSION_DESKTOP', 'ubuntu'), ('XAUTHORITY', '/run/user/1000/gdm/Xauthority'), ('LS_COLORS', ''), ('VSCODE_GIT_IPC_HANDLE', '/run/user/1000/vscode-git-c2d6e3f140.sock'), ('TERM_PROGRAM', 'vscode'), ('SNAP_USER_COMMON', '/home/chen/snap/code/common'), ('SSH_AUTH_SOCK', '/run/user/1000/keyring/ssh'), ('GSETTINGS_SCHEMA_DIR', '/home/chen/snap/code/127/.local/share/glib-2.0/schemas'), ('SNAP_ARCH', 'amd64'), ('AMENT_PREFIX_PATH', '/home/chen/ros2_ws/install/cpp_srvcli:/home/chen/ros2_ws/install/cpp_pubsub:/opt/ros/foxy'), ('SNAP_COOKIE', 'OgBwCAaQaxEDKAh8OHfl0NLbdB4suEWKTOrgMZFuLfLcTjT37Pas'), ('ORIGINAL_XDG_CURRENT_DESKTOP', 'ubuntu:GNOME'), ('SHELL', '/bin/bash'), ('LC_NAME', 'en_US.UTF-8'), ('GDK_PIXBUF_MODULEDIR', '/snap/code/127/usr/lib/x86_64-linux-gnu/gdk-pixbuf-2.0/2.10.0/loaders'), ('QT_ACCESSIBILITY', '1'), ('ELECTRON_RUN_AS_NODE', '1'), ('GDMSESSION', 'ubuntu'), ('LESSCLOSE', '/usr/bin/lesspipe %s %s'), ('SNAP_NAME', 'code'), ('LC_MEASUREMENT', 'en_US.UTF-8'), ('GDK_PIXBUF_MODULE_FILE', '/home/chen/snap/code/common/.cache/gdk-pixbuf-loaders.cache'), ('GPG_AGENT_INFO', '/run/user/1000/gnupg/S.gpg-agent:0:1'), ('GJS_DEBUG_OUTPUT', 'stderr'), ('LC_IDENTIFICATION', 'en_US.UTF-8'), ('SNAP_LAUNCHER_ARCH_TRIPLET', 'x86_64-linux-gnu'), ('VSCODE_GIT_ASKPASS_EXTRA_ARGS', '--ms-enable-electron-run-as-node'), ('QT_IM_MODULE', 'ibus'), ('PWD', '/home/chen/ros2_ws/build/cpp_srvcli'), ('VSCODE_CLI', '1'), ('XDG_CONFIG_DIRS', '/etc/xdg/xdg-ubuntu:/etc/xdg'), ('SNAP_REAL_HOME', '/home/chen'), ('VSCODE_CODE_CACHE_PATH', '/home/chen/.config/Code/CachedData/252e5463d60e63238250799aef7375787f68b4ee'), ('XDG_DATA_DIRS', '/home/chen/snap/code/127/.local/share:/home/chen/snap/code/127:/snap/code/127/usr/share:/usr/share/ubuntu:/usr/local/share/:/usr/share/:/var/lib/snapd/desktop'), ('PYTHONPATH', '/opt/ros/foxy/lib/python3.8/site-packages'), ('SNAP', '/snap/code/127'), ('LC_NUMERIC', 'en_US.UTF-8'), ('LC_PAPER', 'en_US.UTF-8'), ('COLCON', '1'), ('ELECTRON_NO_ATTACH_CONSOLE', '1'), ('CMAKE_PREFIX_PATH', '/home/chen/ros2_ws/install/cpp_srvcli:/home/chen/ros2_ws/install/cpp_pubsub:/opt/ros/foxy'), ('VSCODE_PID', '2063')]), 'shell': False}
[58.234363] (cpp_srvcli) StdoutLine: {'line': b'-- Install configuration: "RelWithDebInfo"\n'}
[58.236739] (cpp_srvcli) StdoutLine: {'line': b'-- Execute custom install script\n'}
[58.241064] (cpp_srvcli) StdoutLine: {'line': b'-- Symlinking: /home/chen/ros2_ws/install/cpp_srvcli/lib/cpp_srvcli/server\n'}
[58.253143] (-) TimerEvent: {}
[58.287777] (cpp_srvcli) StdoutLine: {'line': b'-- Symlinking: /home/chen/ros2_ws/install/cpp_srvcli/lib/cpp_srvcli/client\n'}
[58.345220] (cpp_srvcli) StdoutLine: {'line': b'-- Symlinking: /home/chen/ros2_ws/install/cpp_srvcli/share/ament_index/resource_index/package_run_dependencies/cpp_srvcli\n'}
[58.353414] (-) TimerEvent: {}
[58.393276] (cpp_srvcli) StdoutLine: {'line': b'-- Symlinking: /home/chen/ros2_ws/install/cpp_srvcli/share/ament_index/resource_index/parent_prefix_path/cpp_srvcli\n'}
[58.448891] (cpp_srvcli) StdoutLine: {'line': b'-- Symlinking: /home/chen/ros2_ws/install/cpp_srvcli/share/cpp_srvcli/environment/ament_prefix_path.sh\n'}
[58.453922] (-) TimerEvent: {}
[58.511225] (cpp_srvcli) StdoutLine: {'line': b'-- Symlinking: /home/chen/ros2_ws/install/cpp_srvcli/share/cpp_srvcli/environment/ament_prefix_path.dsv\n'}
[58.554333] (-) TimerEvent: {}
[58.582538] (cpp_srvcli) StdoutLine: {'line': b'-- Symlinking: /home/chen/ros2_ws/install/cpp_srvcli/share/cpp_srvcli/environment/path.sh\n'}
[58.638055] (cpp_srvcli) StdoutLine: {'line': b'-- Symlinking: /home/chen/ros2_ws/install/cpp_srvcli/share/cpp_srvcli/environment/path.dsv\n'}
[58.657350] (-) TimerEvent: {}
[58.697706] (cpp_srvcli) StdoutLine: {'line': b'-- Symlinking: /home/chen/ros2_ws/install/cpp_srvcli/share/cpp_srvcli/local_setup.bash\n'}
[58.756576] (cpp_srvcli) StdoutLine: {'line': b'-- Symlinking: /home/chen/ros2_ws/install/cpp_srvcli/share/cpp_srvcli/local_setup.sh\n'}
[58.757559] (-) TimerEvent: {}
[58.781644] (cpp_srvcli) StdoutLine: {'line': b'-- Symlinking: /home/chen/ros2_ws/install/cpp_srvcli/share/cpp_srvcli/local_setup.zsh\n'}
[58.807230] (cpp_srvcli) StdoutLine: {'line': b'-- Symlinking: /home/chen/ros2_ws/install/cpp_srvcli/share/cpp_srvcli/local_setup.dsv\n'}
[58.843778] (cpp_srvcli) StdoutLine: {'line': b'-- Symlinking: /home/chen/ros2_ws/install/cpp_srvcli/share/cpp_srvcli/package.dsv\n'}
[58.858108] (-) TimerEvent: {}
[58.913998] (cpp_srvcli) StdoutLine: {'line': b'-- Symlinking: /home/chen/ros2_ws/install/cpp_srvcli/share/ament_index/resource_index/packages/cpp_srvcli\n'}
[58.959505] (-) TimerEvent: {}
[58.975976] (cpp_srvcli) StdoutLine: {'line': b'-- Symlinking: /home/chen/ros2_ws/install/cpp_srvcli/share/cpp_srvcli/cmake/cpp_srvcliConfig.cmake\n'}
[59.044794] (cpp_srvcli) StdoutLine: {'line': b'-- Symlinking: /home/chen/ros2_ws/install/cpp_srvcli/share/cpp_srvcli/cmake/cpp_srvcliConfig-version.cmake\n'}
[59.060362] (-) TimerEvent: {}
[59.105478] (cpp_srvcli) StdoutLine: {'line': b'-- Symlinking: /home/chen/ros2_ws/install/cpp_srvcli/share/cpp_srvcli/package.xml\n'}
[59.160952] (-) TimerEvent: {}
[59.165131] (cpp_srvcli) CommandEnded: {'returncode': 0}
[59.261942] (-) TimerEvent: {}
[59.363182] (-) TimerEvent: {}
[59.466099] (-) TimerEvent: {}
[59.573950] (-) TimerEvent: {}
[59.639619] (cpp_srvcli) JobEnded: {'identifier': 'cpp_srvcli', 'rc': 0}
[59.674339] (-) TimerEvent: {}
[59.776567] (-) TimerEvent: {}
[59.877918] (-) TimerEvent: {}
[59.978872] (-) TimerEvent: {}
[60.080483] (-) TimerEvent: {}
[60.183066] (-) TimerEvent: {}
[60.283992] (-) TimerEvent: {}
[60.385864] (-) TimerEvent: {}
[60.486736] (-) TimerEvent: {}
[60.587646] (-) TimerEvent: {}
[60.688739] (-) TimerEvent: {}
[60.789758] (-) TimerEvent: {}
[60.890753] (-) TimerEvent: {}
[60.993950] (-) TimerEvent: {}
[61.095002] (-) TimerEvent: {}
[61.196359] (-) TimerEvent: {}
[61.297435] (-) TimerEvent: {}
[61.398825] (-) TimerEvent: {}
[61.500039] (-) TimerEvent: {}
[61.601062] (-) TimerEvent: {}
[61.702047] (-) TimerEvent: {}
[61.803060] (-) TimerEvent: {}
[61.904170] (-) TimerEvent: {}
[62.010802] (-) TimerEvent: {}
[62.111942] (-) TimerEvent: {}
[62.212777] (-) TimerEvent: {}
[62.315041] (-) TimerEvent: {}
[62.416461] (-) TimerEvent: {}
[62.518238] (-) TimerEvent: {}
[62.619775] (-) TimerEvent: {}
[62.720249] (-) TimerEvent: {}
[62.820745] (-) TimerEvent: {}
[62.921292] (-) TimerEvent: {}
[63.022067] (-) TimerEvent: {}
[63.123105] (-) TimerEvent: {}
[63.223945] (-) TimerEvent: {}
[63.325052] (-) TimerEvent: {}
[63.430868] (-) TimerEvent: {}
[63.532086] (-) TimerEvent: {}
[63.634183] (-) TimerEvent: {}
[63.735087] (-) TimerEvent: {}
[63.836229] (-) TimerEvent: {}
[63.937130] (-) TimerEvent: {}
[64.040814] (-) TimerEvent: {}
[64.141839] (-) TimerEvent: {}
[64.242314] (-) TimerEvent: {}
[64.343082] (-) TimerEvent: {}
[64.445545] (-) TimerEvent: {}
[64.547525] (-) TimerEvent: {}
[64.649443] (-) TimerEvent: {}
[64.750185] (-) TimerEvent: {}
[64.851565] (-) TimerEvent: {}
[64.953025] (-) TimerEvent: {}
[65.054402] (-) TimerEvent: {}
[65.156164] (-) TimerEvent: {}
[65.216295] (cpp_pubsub) StdoutLine: {'line': b'[ 50%] \x1b[32m\x1b[1mLinking CXX executable listener\x1b[0m\n'}
[65.258584] (-) TimerEvent: {}
[65.364354] (-) TimerEvent: {}
[65.466108] (-) TimerEvent: {}
[65.567677] (-) TimerEvent: {}
[65.669251] (-) TimerEvent: {}
[65.770337] (-) TimerEvent: {}
[65.871873] (-) TimerEvent: {}
[65.924073] (cpp_pubsub) StdoutLine: {'line': b'[ 50%] Built target listener\n'}
[65.972001] (-) TimerEvent: {}
[66.048694] (cpp_pubsub) StdoutLine: {'line': b'[ 75%] \x1b[32mBuilding CXX object CMakeFiles/talker.dir/src/publisher_member_function.cpp.o\x1b[0m\n'}
[66.073150] (-) TimerEvent: {}
[66.174168] (-) TimerEvent: {}
[66.274721] (-) TimerEvent: {}
[66.376518] (-) TimerEvent: {}
[66.477619] (-) TimerEvent: {}
[66.579778] (-) TimerEvent: {}
[66.681055] (-) TimerEvent: {}
[66.783105] (-) TimerEvent: {}
[66.888339] (-) TimerEvent: {}
[66.989268] (-) TimerEvent: {}
[67.090655] (-) TimerEvent: {}
[67.191264] (-) TimerEvent: {}
[67.291679] (-) TimerEvent: {}
[67.392196] (-) TimerEvent: {}
[67.492676] (-) TimerEvent: {}
[67.593599] (-) TimerEvent: {}
[67.694386] (-) TimerEvent: {}
[67.796014] (-) TimerEvent: {}
[67.897099] (-) TimerEvent: {}
[67.999509] (-) TimerEvent: {}
[68.100444] (-) TimerEvent: {}
[68.201598] (-) TimerEvent: {}
[68.302992] (-) TimerEvent: {}
[68.404002] (-) TimerEvent: {}
[68.504762] (-) TimerEvent: {}
[68.605703] (-) TimerEvent: {}
[68.706929] (-) TimerEvent: {}
[68.807550] (-) TimerEvent: {}
[68.909583] (-) TimerEvent: {}
[69.010658] (-) TimerEvent: {}
[69.111634] (-) TimerEvent: {}
[69.214230] (-) TimerEvent: {}
[69.315517] (-) TimerEvent: {}
[69.416074] (-) TimerEvent: {}
[69.518175] (-) TimerEvent: {}
[69.619099] (-) TimerEvent: {}
[69.719486] (-) TimerEvent: {}
[69.820648] (-) TimerEvent: {}
[69.921537] (-) TimerEvent: {}
[70.022124] (-) TimerEvent: {}
[70.123178] (-) TimerEvent: {}
[70.224019] (-) TimerEvent: {}
[70.324947] (-) TimerEvent: {}
[70.428202] (-) TimerEvent: {}
[70.529576] (-) TimerEvent: {}
[70.631059] (-) TimerEvent: {}
[70.732524] (-) TimerEvent: {}
[70.833565] (-) TimerEvent: {}
[70.941048] (-) TimerEvent: {}
[71.041773] (-) TimerEvent: {}
[71.142662] (-) TimerEvent: {}
[71.243837] (-) TimerEvent: {}
[71.345380] (-) TimerEvent: {}
[71.446409] (-) TimerEvent: {}
[71.547078] (-) TimerEvent: {}
[71.648456] (-) TimerEvent: {}
[71.749193] (-) TimerEvent: {}
[71.849868] (-) TimerEvent: {}
[71.951067] (-) TimerEvent: {}
[72.052934] (-) TimerEvent: {}
[72.153677] (-) TimerEvent: {}
[72.254605] (-) TimerEvent: {}
[72.356112] (-) TimerEvent: {}
[72.458436] (-) TimerEvent: {}
[72.560573] (-) TimerEvent: {}
[72.661424] (-) TimerEvent: {}
[72.762182] (-) TimerEvent: {}
[72.863047] (-) TimerEvent: {}
[72.964296] (-) TimerEvent: {}
[73.065167] (-) TimerEvent: {}
[73.166257] (-) TimerEvent: {}
[73.267493] (-) TimerEvent: {}
[73.369389] (-) TimerEvent: {}
[73.471275] (-) TimerEvent: {}
[73.572531] (-) TimerEvent: {}
[73.674480] (-) TimerEvent: {}
[73.778315] (-) TimerEvent: {}
[73.879542] (-) TimerEvent: {}
[73.980688] (-) TimerEvent: {}
[74.081377] (-) TimerEvent: {}
[74.182230] (-) TimerEvent: {}
[74.285872] (-) TimerEvent: {}
[74.387141] (-) TimerEvent: {}
[74.487918] (-) TimerEvent: {}
[74.589242] (-) TimerEvent: {}
[74.690089] (-) TimerEvent: {}
[74.790786] (-) TimerEvent: {}
[74.891407] (-) TimerEvent: {}
[74.991929] (-) TimerEvent: {}
[75.092596] (-) TimerEvent: {}
[75.194283] (-) TimerEvent: {}
[75.294763] (-) TimerEvent: {}
[75.396135] (-) TimerEvent: {}
[75.497585] (-) TimerEvent: {}
[75.598667] (-) TimerEvent: {}
[75.699366] (-) TimerEvent: {}
[75.800452] (-) TimerEvent: {}
[75.902738] (-) TimerEvent: {}
[76.004389] (-) TimerEvent: {}
[76.108160] (-) TimerEvent: {}
[76.210050] (-) TimerEvent: {}
[76.311378] (-) TimerEvent: {}
[76.412285] (-) TimerEvent: {}
[76.513365] (-) TimerEvent: {}
[76.614377] (-) TimerEvent: {}
[76.716536] (-) TimerEvent: {}
[76.817364] (-) TimerEvent: {}
[76.917895] (-) TimerEvent: {}
[77.018930] (-) TimerEvent: {}
[77.120793] (-) TimerEvent: {}
[77.222156] (-) TimerEvent: {}
[77.324289] (-) TimerEvent: {}
[77.425849] (-) TimerEvent: {}
[77.527920] (-) TimerEvent: {}
[77.629105] (-) TimerEvent: {}
[77.729964] (-) TimerEvent: {}
[77.830796] (-) TimerEvent: {}
[77.931392] (-) TimerEvent: {}
[78.032307] (-) TimerEvent: {}
[78.134123] (-) TimerEvent: {}
[78.234958] (-) TimerEvent: {}
[78.335891] (-) TimerEvent: {}
[78.437050] (-) TimerEvent: {}
[78.539081] (-) TimerEvent: {}
[78.640076] (-) TimerEvent: {}
[78.740851] (-) TimerEvent: {}
[78.841524] (-) TimerEvent: {}
[78.942096] (-) TimerEvent: {}
[79.043027] (-) TimerEvent: {}
[79.143986] (-) TimerEvent: {}
[79.244901] (-) TimerEvent: {}
[79.346229] (-) TimerEvent: {}
[79.447190] (-) TimerEvent: {}
[79.548479] (-) TimerEvent: {}
[79.651034] (-) TimerEvent: {}
[79.752364] (-) TimerEvent: {}
[79.854195] (-) TimerEvent: {}
[79.955545] (-) TimerEvent: {}
[80.056430] (-) TimerEvent: {}
[80.157192] (-) TimerEvent: {}
[80.257670] (-) TimerEvent: {}
[80.358158] (-) TimerEvent: {}
[80.458750] (-) TimerEvent: {}
[80.559550] (-) TimerEvent: {}
[80.662815] (-) TimerEvent: {}
[80.763858] (-) TimerEvent: {}
[80.864606] (-) TimerEvent: {}
[80.965986] (-) TimerEvent: {}
[81.067699] (-) TimerEvent: {}
[81.170200] (-) TimerEvent: {}
[81.271430] (-) TimerEvent: {}
[81.372477] (-) TimerEvent: {}
[81.473660] (-) TimerEvent: {}
[81.574726] (-) TimerEvent: {}
[81.675647] (-) TimerEvent: {}
[81.776268] (-) TimerEvent: {}
[81.877201] (-) TimerEvent: {}
[81.977964] (-) TimerEvent: {}
[82.078811] (-) TimerEvent: {}
[82.179828] (-) TimerEvent: {}
[82.280918] (-) TimerEvent: {}
[82.381446] (-) TimerEvent: {}
[82.482216] (-) TimerEvent: {}
[82.583046] (-) TimerEvent: {}
[82.685180] (-) TimerEvent: {}
[82.786480] (-) TimerEvent: {}
[82.887420] (-) TimerEvent: {}
[82.988783] (-) TimerEvent: {}
[83.090363] (-) TimerEvent: {}
[83.191058] (-) TimerEvent: {}
[83.292044] (-) TimerEvent: {}
[83.393397] (-) TimerEvent: {}
[83.494430] (-) TimerEvent: {}
[83.595653] (-) TimerEvent: {}
[83.696317] (-) TimerEvent: {}
[83.797465] (-) TimerEvent: {}
[83.898103] (-) TimerEvent: {}
[83.998990] (-) TimerEvent: {}
[84.105946] (-) TimerEvent: {}
[84.140636] (cpp_pubsub) StdoutLine: {'line': b'[100%] \x1b[32m\x1b[1mLinking CXX executable talker\x1b[0m\n'}
[84.206189] (-) TimerEvent: {}
[84.310241] (-) TimerEvent: {}
[84.412982] (-) TimerEvent: {}
[84.519373] (-) TimerEvent: {}
[84.623948] (-) TimerEvent: {}
[84.726876] (-) TimerEvent: {}
[84.741682] (cpp_pubsub) StdoutLine: {'line': b'[100%] Built target talker\n'}
[84.805259] (cpp_pubsub) CommandEnded: {'returncode': 0}
[84.827538] (-) TimerEvent: {}
[84.932623] (-) TimerEvent: {}
[84.964916] (cpp_pubsub) JobProgress: {'identifier': 'cpp_pubsub', 'progress': 'install'}
[84.968777] (cpp_pubsub) Command: {'cmd': ['/usr/bin/cmake', '--install', '/home/chen/ros2_ws/build/cpp_pubsub'], 'cwd': '/home/chen/ros2_ws/build/cpp_pubsub', 'env': OrderedDict([('GJS_DEBUG_TOPICS', 'JS ERROR;JS LOG'), ('LESSOPEN', '| /usr/bin/lesspipe %s'), ('VSCODE_CWD', '/home/chen'), ('VSCODE_CRASH_REPORTER_SANDBOXED_HINT', '1'), ('LANGUAGE', 'zh_CN:en_US:en'), ('USER', 'chen'), ('SNAP_COMMON', '/var/snap/code/common'), ('LC_TIME', 'en_US.UTF-8'), ('VSCODE_NLS_CONFIG', '{"locale":"zh-cn","osLocale":"zh-cn","availableLanguages":{"*":"zh-cn"},"_languagePackId":"e8139c6a810edc38ce118d65c4ecc4ca.zh-cn","_translationsConfigFile":"/home/chen/.config/Code/clp/e8139c6a810edc38ce118d65c4ecc4ca.zh-cn/tcf.json","_cacheRoot":"/home/chen/.config/Code/clp/e8139c6a810edc38ce118d65c4ecc4ca.zh-cn","_resolvedLanguagePackCoreLocation":"/home/chen/.config/Code/clp/e8139c6a810edc38ce118d65c4ecc4ca.zh-cn/252e5463d60e63238250799aef7375787f68b4ee","_corruptedFile":"/home/chen/.config/Code/clp/e8139c6a810edc38ce118d65c4ecc4ca.zh-cn/corrupted.info","_languagePackSupport":true}'), ('GIO_MODULE_DIR', '/home/chen/snap/code/common/.cache/gio-modules'), ('VSCODE_HANDLES_UNCAUGHT_ERRORS', 'true'), ('SSH_AGENT_PID', '1623'), ('XDG_SESSION_TYPE', 'x11'), ('GIT_ASKPASS', '/snap/code/127/usr/share/code/resources/app/extensions/git/dist/askpass.sh'), ('SHLVL', '0'), ('LD_LIBRARY_PATH', '/opt/ros/foxy/opt/yaml_cpp_vendor/lib:/opt/ros/foxy/opt/rviz_ogre_vendor/lib:/opt/ros/foxy/lib/x86_64-linux-gnu:/opt/ros/foxy/lib'), ('HOME', '/home/chen'), ('CHROME_DESKTOP', 'code-url-handler.desktop'), ('SNAP_LIBRARY_PATH', '/var/lib/snapd/lib/gl:/var/lib/snapd/lib/gl32:/var/lib/snapd/void'), ('TERM_PROGRAM_VERSION', '1.78.0'), ('DESKTOP_SESSION', 'ubuntu'), ('SNAP_USER_DATA', '/home/chen/snap/code/127'), ('GTK_PATH', '/snap/code/127/usr/lib/x86_64-linux-gnu/gtk-3.0'), ('VSCODE_IPC_HOOK', '/run/user/1000/vscode-9eb2e185-1.78-main.sock'), ('GTK_IM_MODULE_FILE', '/home/chen/snap/code/common/.cache/immodules/immodules.cache'), ('GIO_LAUNCHED_DESKTOP_FILE', '/var/lib/snapd/desktop/applications/code_code.desktop'), ('APPLICATION_INSIGHTS_NO_DIAGNOSTIC_CHANNEL', '1'), ('ROS_PYTHON_VERSION', '3'), ('GNOME_SHELL_SESSION_MODE', 'ubuntu'), ('GTK_MODULES', 'gail:atk-bridge'), ('VSCODE_GIT_ASKPASS_MAIN', '/snap/code/127/usr/share/code/resources/app/extensions/git/dist/askpass-main.js'), ('LC_MONETARY', 'en_US.UTF-8'), ('VSCODE_GIT_ASKPASS_NODE', '/snap/code/127/usr/share/code/code'), ('MANAGERPID', '984'), ('DBUS_SESSION_BUS_ADDRESS', 'unix:path=/run/user/1000/bus'), ('SNAP_REVISION', '127'), ('COLORTERM', 'truecolor'), ('GIO_LAUNCHED_DESKTOP_FILE_PID', '2020'), ('_colcon_cd_root', '/opt/ros/foxy/'), ('VSCODE_CRASH_REPORTER_PROCESS_TYPE', 'extensionHost'), ('MANDATORY_PATH', '/usr/share/gconf/ubuntu.mandatory.path'), ('IM_CONFIG_PHASE', '1'), ('VSCODE_L10N_BUNDLE_LOCATION', 'file:///home/chen/.vscode/extensions/ms-ceintl.vscode-language-pack-zh-hans-1.78.2023050309/translations/extensions/vscode.json-language-features.i18n.json'), ('COLCON_PREFIX_PATH', '/home/chen/ros2_ws/install'), ('ROS_DISTRO', 'foxy'), ('LOGNAME', 'chen'), ('_', '/usr/bin/colcon'), ('SNAP_CONTEXT', 'OgBwCAaQaxEDKAh8OHfl0NLbdB4suEWKTOrgMZFuLfLcTjT37Pas'), ('JOURNAL_STREAM', '8:48777'), ('ROS_VERSION', '2'), ('XDG_SESSION_CLASS', 'user'), ('DEFAULTS_PATH', '/usr/share/gconf/ubuntu.default.path'), ('SNAP_VERSION', '252e5463'), ('USERNAME', 'chen'), ('TERM', 'xterm-256color'), ('GNOME_DESKTOP_SESSION_ID', 'this-is-deprecated'), ('SNAP_INSTANCE_NAME', 'code'), ('ROS_LOCALHOST_ONLY', '0'), ('WINDOWPATH', '2'), ('PATH', '/opt/ros/foxy/bin:/usr/local/sbin:/usr/local/bin:/usr/sbin:/usr/bin:/sbin:/bin:/usr/games:/usr/local/games:/snap/bin'), ('SESSION_MANAGER', 'local/ubuntu:@/tmp/.ICE-unix/1661,unix/ubuntu:/tmp/.ICE-unix/1661'), ('VSCODE_AMD_ENTRYPOINT', 'vs/workbench/api/node/extensionHostProcess'), ('GTK_EXE_PREFIX', '/snap/code/127/usr'), ('INVOCATION_ID', '6f8a6e31496c4cc3b875e8e414f8c7b2'), ('PAPERSIZE', 'letter'), ('XDG_MENU_PREFIX', 'gnome-'), ('LC_ADDRESS', 'en_US.UTF-8'), ('BAMF_DESKTOP_FILE_HINT', '/var/lib/snapd/desktop/applications/code_code.desktop'), ('SNAP_DATA', '/var/snap/code/127'), ('XDG_RUNTIME_DIR', '/run/user/1000'), ('GDK_BACKEND', 'x11'), ('DISPLAY', ':0'), ('LOCPATH', '/snap/code/127/usr/lib/locale'), ('LANG', 'zh_CN.UTF-8'), ('XDG_CURRENT_DESKTOP', 'Unity'), ('LC_TELEPHONE', 'en_US.UTF-8'), ('XMODIFIERS', '@im=ibus'), ('XDG_SESSION_DESKTOP', 'ubuntu'), ('XAUTHORITY', '/run/user/1000/gdm/Xauthority'), ('LS_COLORS', ''), ('VSCODE_GIT_IPC_HANDLE', '/run/user/1000/vscode-git-c2d6e3f140.sock'), ('TERM_PROGRAM', 'vscode'), ('SNAP_USER_COMMON', '/home/chen/snap/code/common'), ('SSH_AUTH_SOCK', '/run/user/1000/keyring/ssh'), ('GSETTINGS_SCHEMA_DIR', '/home/chen/snap/code/127/.local/share/glib-2.0/schemas'), ('SNAP_ARCH', 'amd64'), ('AMENT_PREFIX_PATH', '/home/chen/ros2_ws/install/cpp_srvcli:/home/chen/ros2_ws/install/cpp_pubsub:/opt/ros/foxy'), ('SNAP_COOKIE', 'OgBwCAaQaxEDKAh8OHfl0NLbdB4suEWKTOrgMZFuLfLcTjT37Pas'), ('ORIGINAL_XDG_CURRENT_DESKTOP', 'ubuntu:GNOME'), ('SHELL', '/bin/bash'), ('LC_NAME', 'en_US.UTF-8'), ('GDK_PIXBUF_MODULEDIR', '/snap/code/127/usr/lib/x86_64-linux-gnu/gdk-pixbuf-2.0/2.10.0/loaders'), ('QT_ACCESSIBILITY', '1'), ('ELECTRON_RUN_AS_NODE', '1'), ('GDMSESSION', 'ubuntu'), ('LESSCLOSE', '/usr/bin/lesspipe %s %s'), ('SNAP_NAME', 'code'), ('LC_MEASUREMENT', 'en_US.UTF-8'), ('GDK_PIXBUF_MODULE_FILE', '/home/chen/snap/code/common/.cache/gdk-pixbuf-loaders.cache'), ('GPG_AGENT_INFO', '/run/user/1000/gnupg/S.gpg-agent:0:1'), ('GJS_DEBUG_OUTPUT', 'stderr'), ('LC_IDENTIFICATION', 'en_US.UTF-8'), ('SNAP_LAUNCHER_ARCH_TRIPLET', 'x86_64-linux-gnu'), ('VSCODE_GIT_ASKPASS_EXTRA_ARGS', '--ms-enable-electron-run-as-node'), ('QT_IM_MODULE', 'ibus'), ('PWD', '/home/chen/ros2_ws/build/cpp_pubsub'), ('VSCODE_CLI', '1'), ('XDG_CONFIG_DIRS', '/etc/xdg/xdg-ubuntu:/etc/xdg'), ('SNAP_REAL_HOME', '/home/chen'), ('VSCODE_CODE_CACHE_PATH', '/home/chen/.config/Code/CachedData/252e5463d60e63238250799aef7375787f68b4ee'), ('XDG_DATA_DIRS', '/home/chen/snap/code/127/.local/share:/home/chen/snap/code/127:/snap/code/127/usr/share:/usr/share/ubuntu:/usr/local/share/:/usr/share/:/var/lib/snapd/desktop'), ('PYTHONPATH', '/opt/ros/foxy/lib/python3.8/site-packages'), ('SNAP', '/snap/code/127'), ('LC_NUMERIC', 'en_US.UTF-8'), ('LC_PAPER', 'en_US.UTF-8'), ('COLCON', '1'), ('ELECTRON_NO_ATTACH_CONSOLE', '1'), ('CMAKE_PREFIX_PATH', '/home/chen/ros2_ws/install/cpp_srvcli:/home/chen/ros2_ws/install/cpp_pubsub:/opt/ros/foxy'), ('VSCODE_PID', '2063')]), 'shell': False}
[84.993785] (cpp_pubsub) StdoutLine: {'line': b'-- Install configuration: "RelWithDebInfo"\n'}
[84.997653] (cpp_pubsub) StdoutLine: {'line': b'-- Execute custom install script\n'}
[85.007139] (cpp_pubsub) StdoutLine: {'line': b'-- Symlinking: /home/chen/ros2_ws/install/cpp_pubsub/lib/cpp_pubsub/talker\n'}
[85.033276] (-) TimerEvent: {}
[85.070764] (cpp_pubsub) StdoutLine: {'line': b'-- Symlinking: /home/chen/ros2_ws/install/cpp_pubsub/lib/cpp_pubsub/listener\n'}
[85.112658] (cpp_pubsub) StdoutLine: {'line': b'-- Symlinking: /home/chen/ros2_ws/install/cpp_pubsub/share/ament_index/resource_index/package_run_dependencies/cpp_pubsub\n'}
[85.134018] (-) TimerEvent: {}
[85.149409] (cpp_pubsub) StdoutLine: {'line': b'-- Symlinking: /home/chen/ros2_ws/install/cpp_pubsub/share/ament_index/resource_index/parent_prefix_path/cpp_pubsub\n'}
[85.188450] (cpp_pubsub) StdoutLine: {'line': b'-- Symlinking: /home/chen/ros2_ws/install/cpp_pubsub/share/cpp_pubsub/environment/ament_prefix_path.sh\n'}
[85.234661] (-) TimerEvent: {}
[85.239948] (cpp_pubsub) StdoutLine: {'line': b'-- Symlinking: /home/chen/ros2_ws/install/cpp_pubsub/share/cpp_pubsub/environment/ament_prefix_path.dsv\n'}
[85.272766] (cpp_pubsub) StdoutLine: {'line': b'-- Symlinking: /home/chen/ros2_ws/install/cpp_pubsub/share/cpp_pubsub/environment/path.sh\n'}
[85.325999] (cpp_pubsub) StdoutLine: {'line': b'-- Symlinking: /home/chen/ros2_ws/install/cpp_pubsub/share/cpp_pubsub/environment/path.dsv\n'}
[85.335265] (-) TimerEvent: {}
[85.360156] (cpp_pubsub) StdoutLine: {'line': b'-- Symlinking: /home/chen/ros2_ws/install/cpp_pubsub/share/cpp_pubsub/local_setup.bash\n'}
[85.429265] (cpp_pubsub) StdoutLine: {'line': b'-- Symlinking: /home/chen/ros2_ws/install/cpp_pubsub/share/cpp_pubsub/local_setup.sh\n'}
[85.435466] (-) TimerEvent: {}
[85.461007] (cpp_pubsub) StdoutLine: {'line': b'-- Symlinking: /home/chen/ros2_ws/install/cpp_pubsub/share/cpp_pubsub/local_setup.zsh\n'}
[85.496953] (cpp_pubsub) StdoutLine: {'line': b'-- Symlinking: /home/chen/ros2_ws/install/cpp_pubsub/share/cpp_pubsub/local_setup.dsv\n'}
[85.529373] (cpp_pubsub) StdoutLine: {'line': b'-- Symlinking: /home/chen/ros2_ws/install/cpp_pubsub/share/cpp_pubsub/package.dsv\n'}
[85.538501] (-) TimerEvent: {}
[85.568371] (cpp_pubsub) StdoutLine: {'line': b'-- Symlinking: /home/chen/ros2_ws/install/cpp_pubsub/share/ament_index/resource_index/packages/cpp_pubsub\n'}
[85.607150] (cpp_pubsub) StdoutLine: {'line': b'-- Symlinking: /home/chen/ros2_ws/install/cpp_pubsub/share/cpp_pubsub/cmake/cpp_pubsubConfig.cmake\n'}
[85.639431] (-) TimerEvent: {}
[85.644304] (cpp_pubsub) StdoutLine: {'line': b'-- Symlinking: /home/chen/ros2_ws/install/cpp_pubsub/share/cpp_pubsub/cmake/cpp_pubsubConfig-version.cmake\n'}
[85.698631] (cpp_pubsub) StdoutLine: {'line': b'-- Symlinking: /home/chen/ros2_ws/install/cpp_pubsub/share/cpp_pubsub/package.xml\n'}
[85.739883] (-) TimerEvent: {}
[85.763600] (cpp_pubsub) CommandEnded: {'returncode': 0}
[85.840355] (-) TimerEvent: {}
[85.946894] (-) TimerEvent: {}
[85.979561] (cpp_pubsub) JobEnded: {'identifier': 'cpp_pubsub', 'rc': 0}
[85.981574] (-) EventReactorShutdown: {}
