[0.056s] Invoking command in '/home/chen/ros2_ws/build/cpp_pubsub': CMAKE_PREFIX_PATH=/opt/ros/foxy /usr/bin/cmake --build /home/chen/ros2_ws/build/cpp_pubsub -- -j2 -l2
[0.245s] [ 50%] Built target talker
[0.253s] [100%] Built target listener
[0.277s] Invoked command in '/home/chen/ros2_ws/build/cpp_pubsub' returned '0': CMAKE_PREFIX_PATH=/opt/ros/foxy /usr/bin/cmake --build /home/chen/ros2_ws/build/cpp_pubsub -- -j2 -l2
[0.366s] Invoking command in '/home/chen/ros2_ws/build/cpp_pubsub': CMAKE_PREFIX_PATH=/opt/ros/foxy /usr/bin/cmake --install /home/chen/ros2_ws/build/cpp_pubsub
[0.388s] -- Install configuration: ""
[0.389s] -- Up-to-date: /home/chen/ros2_ws/install/cpp_pubsub/lib/cpp_pubsub/talker
[0.390s] -- Up-to-date: /home/chen/ros2_ws/install/cpp_pubsub/lib/cpp_pubsub/listener
[0.391s] -- Up-to-date: /home/chen/ros2_ws/install/cpp_pubsub/share/ament_index/resource_index/package_run_dependencies/cpp_pubsub
[0.391s] -- Up-to-date: /home/chen/ros2_ws/install/cpp_pubsub/share/ament_index/resource_index/parent_prefix_path/cpp_pubsub
[0.391s] -- Up-to-date: /home/chen/ros2_ws/install/cpp_pubsub/share/cpp_pubsub/environment/ament_prefix_path.sh
[0.391s] -- Up-to-date: /home/chen/ros2_ws/install/cpp_pubsub/share/cpp_pubsub/environment/ament_prefix_path.dsv
[0.392s] -- Up-to-date: /home/chen/ros2_ws/install/cpp_pubsub/share/cpp_pubsub/environment/path.sh
[0.392s] -- Up-to-date: /home/chen/ros2_ws/install/cpp_pubsub/share/cpp_pubsub/environment/path.dsv
[0.392s] -- Up-to-date: /home/chen/ros2_ws/install/cpp_pubsub/share/cpp_pubsub/local_setup.bash
[0.392s] -- Up-to-date: /home/chen/ros2_ws/install/cpp_pubsub/share/cpp_pubsub/local_setup.sh
[0.393s] -- Up-to-date: /home/chen/ros2_ws/install/cpp_pubsub/share/cpp_pubsub/local_setup.zsh
[0.393s] -- Up-to-date: /home/chen/ros2_ws/install/cpp_pubsub/share/cpp_pubsub/local_setup.dsv
[0.393s] -- Installing: /home/chen/ros2_ws/install/cpp_pubsub/share/cpp_pubsub/package.dsv
[0.393s] -- Up-to-date: /home/chen/ros2_ws/install/cpp_pubsub/share/ament_index/resource_index/packages/cpp_pubsub
[0.393s] -- Up-to-date: /home/chen/ros2_ws/install/cpp_pubsub/share/cpp_pubsub/cmake/cpp_pubsubConfig.cmake
[0.394s] -- Up-to-date: /home/chen/ros2_ws/install/cpp_pubsub/share/cpp_pubsub/cmake/cpp_pubsubConfig-version.cmake
[0.394s] -- Up-to-date: /home/chen/ros2_ws/install/cpp_pubsub/share/cpp_pubsub/package.xml
[0.401s] Invoked command in '/home/chen/ros2_ws/build/cpp_pubsub' returned '0': CMAKE_PREFIX_PATH=/opt/ros/foxy /usr/bin/cmake --install /home/chen/ros2_ws/build/cpp_pubsub
