[0.081s] Invoking command in '/home/chen/ros2_ws/build/cpp_srvcli': CMAKE_PREFIX_PATH=${CMAKE_PREFIX_PATH}:/opt/ros/foxy /usr/bin/cmake --build /home/chen/ros2_ws/build/cpp_srvcli -- -j2 -l2
[0.392s] -- Found ament_cmake: 0.9.11 (/opt/ros/foxy/share/ament_cmake/cmake)
[0.681s] -- Using PYTHON_EXECUTABLE: /usr/bin/python3
[1.905s] -- Override CMake install command with custom implementation using symlinks instead of copying resources
[1.942s] -- Found rclcpp: 2.4.2 (/opt/ros/foxy/share/rclcpp/cmake)
[2.088s] -- Using all available rosidl_typesupport_c: rosidl_typesupport_fastrtps_c;rosidl_typesupport_introspection_c
[2.103s] -- Found rosidl_adapter: 1.3.0 (/opt/ros/foxy/share/rosidl_adapter/cmake)
[2.575s] -- Using all available rosidl_typesupport_cpp: rosidl_typesupport_fastrtps_cpp;rosidl_typesupport_introspection_cpp
[2.736s] -- Found rmw_implementation_cmake: 1.0.4 (/opt/ros/foxy/share/rmw_implementation_cmake/cmake)
[2.740s] -- Using RMW implementation 'rmw_fastrtps_cpp' as default
[3.224s] -- Found example_interfaces: 0.9.1 (/opt/ros/foxy/share/example_interfaces/cmake)
[3.692s] -- Found ament_lint_auto: 0.9.8 (/opt/ros/foxy/share/ament_lint_auto/cmake)
[4.089s] -- Found PythonInterp: /usr/bin/python3 (found version "3.8.10") 
[4.393s] CMake Error at /opt/ros/foxy/share/rosidl_cmake/cmake/rosidl_generate_interfaces.cmake:162 (message):
[4.394s]   rosidl_generate_interfaces() the passed dependency 'geometry_msgs' has not
[4.394s]   been found before using find_package()
[4.394s] Call Stack (most recent call first):
[4.394s]   CMakeLists.txt:40 (rosidl_generate_interfaces)
[4.394s] 
[4.395s] 
[4.411s] -- Configuring incomplete, errors occurred!
[4.411s] See also "/home/chen/ros2_ws/build/cpp_srvcli/CMakeFiles/CMakeOutput.log".
[4.411s] See also "/home/chen/ros2_ws/build/cpp_srvcli/CMakeFiles/CMakeError.log".
[4.450s] make: *** [Makefile:310：cmake_check_build_system] 错误 1
[4.481s] Invoked command in '/home/chen/ros2_ws/build/cpp_srvcli' returned '2': CMAKE_PREFIX_PATH=${CMAKE_PREFIX_PATH}:/opt/ros/foxy /usr/bin/cmake --build /home/chen/ros2_ws/build/cpp_srvcli -- -j2 -l2
