[0.000000] (-) TimerEvent: {}
[0.000549] (cpp_pubsub) JobQueued: {'identifier': 'cpp_pubsub', 'dependencies': OrderedDict()}
[0.000733] (cpp_srvcli) JobQueued: {'identifier': 'cpp_srvcli', 'dependencies': OrderedDict()}
[0.000873] (cpp_pubsub) JobStarted: {'identifier': 'cpp_pubsub'}
[0.043070] (cpp_srvcli) JobStarted: {'identifier': 'cpp_srvcli'}
[0.071620] (cpp_pubsub) JobProgress: {'identifier': 'cpp_pubsub', 'progress': 'cmake'}
[0.076842] (cpp_pubsub) JobProgress: {'identifier': 'cpp_pubsub', 'progress': 'build'}
[0.078379] (cpp_pubsub) Command: {'cmd': ['/usr/bin/cmake', '--build', '/home/chen/ros2_ws/build/cpp_pubsub', '--', '-j2', '-l2'], 'cwd': '/home/chen/ros2_ws/build/cpp_pubsub', 'env': OrderedDict([('GJS_DEBUG_TOPICS', 'JS ERROR;JS LOG'), ('LESSOPEN', '| /usr/bin/lesspipe %s'), ('VSCODE_CWD', '/home/chen'), ('VSCODE_CRASH_REPORTER_SANDBOXED_HINT', '1'), ('LANGUAGE', 'zh_CN:en_US:en'), ('USER', 'chen'), ('SNAP_COMMON', '/var/snap/code/common'), ('LC_TIME', 'en_US.UTF-8'), ('VSCODE_NLS_CONFIG', '{"locale":"zh-cn","osLocale":"zh-cn","availableLanguages":{"*":"zh-cn"},"_languagePackId":"e8139c6a810edc38ce118d65c4ecc4ca.zh-cn","_translationsConfigFile":"/home/chen/.config/Code/clp/e8139c6a810edc38ce118d65c4ecc4ca.zh-cn/tcf.json","_cacheRoot":"/home/chen/.config/Code/clp/e8139c6a810edc38ce118d65c4ecc4ca.zh-cn","_resolvedLanguagePackCoreLocation":"/home/chen/.config/Code/clp/e8139c6a810edc38ce118d65c4ecc4ca.zh-cn/252e5463d60e63238250799aef7375787f68b4ee","_corruptedFile":"/home/chen/.config/Code/clp/e8139c6a810edc38ce118d65c4ecc4ca.zh-cn/corrupted.info","_languagePackSupport":true}'), ('GIO_MODULE_DIR', '/home/chen/snap/code/common/.cache/gio-modules'), ('VSCODE_HANDLES_UNCAUGHT_ERRORS', 'true'), ('SSH_AGENT_PID', '1623'), ('XDG_SESSION_TYPE', 'x11'), ('GIT_ASKPASS', '/snap/code/127/usr/share/code/resources/app/extensions/git/dist/askpass.sh'), ('SHLVL', '0'), ('LD_LIBRARY_PATH', '/opt/ros/foxy/opt/yaml_cpp_vendor/lib:/opt/ros/foxy/opt/rviz_ogre_vendor/lib:/opt/ros/foxy/lib/x86_64-linux-gnu:/opt/ros/foxy/lib'), ('HOME', '/home/chen'), ('CHROME_DESKTOP', 'code-url-handler.desktop'), ('SNAP_LIBRARY_PATH', '/var/lib/snapd/lib/gl:/var/lib/snapd/lib/gl32:/var/lib/snapd/void'), ('TERM_PROGRAM_VERSION', '1.78.0'), ('DESKTOP_SESSION', 'ubuntu'), ('SNAP_USER_DATA', '/home/chen/snap/code/127'), ('GTK_PATH', '/snap/code/127/usr/lib/x86_64-linux-gnu/gtk-3.0'), ('VSCODE_IPC_HOOK', '/run/user/1000/vscode-9eb2e185-1.78-main.sock'), ('GTK_IM_MODULE_FILE', '/home/chen/snap/code/common/.cache/immodules/immodules.cache'), ('GIO_LAUNCHED_DESKTOP_FILE', '/var/lib/snapd/desktop/applications/code_code.desktop'), ('APPLICATION_INSIGHTS_NO_DIAGNOSTIC_CHANNEL', '1'), ('ROS_PYTHON_VERSION', '3'), ('GNOME_SHELL_SESSION_MODE', 'ubuntu'), ('GTK_MODULES', 'gail:atk-bridge'), ('VSCODE_GIT_ASKPASS_MAIN', '/snap/code/127/usr/share/code/resources/app/extensions/git/dist/askpass-main.js'), ('LC_MONETARY', 'en_US.UTF-8'), ('VSCODE_GIT_ASKPASS_NODE', '/snap/code/127/usr/share/code/code'), ('MANAGERPID', '984'), ('DBUS_SESSION_BUS_ADDRESS', 'unix:path=/run/user/1000/bus'), ('SNAP_REVISION', '127'), ('COLORTERM', 'truecolor'), ('GIO_LAUNCHED_DESKTOP_FILE_PID', '3988'), ('_colcon_cd_root', '/opt/ros/foxy/'), ('VSCODE_CRASH_REPORTER_PROCESS_TYPE', 'extensionHost'), ('MANDATORY_PATH', '/usr/share/gconf/ubuntu.mandatory.path'), ('IM_CONFIG_PHASE', '1'), ('COLCON_PREFIX_PATH', '/home/chen/ros2_ws/install'), ('ROS_DISTRO', 'foxy'), ('LOGNAME', 'chen'), ('_', '/usr/bin/colcon'), ('SNAP_CONTEXT', 'OgBwCAaQaxEDKAh8OHfl0NLbdB4suEWKTOrgMZFuLfLcTjT37Pas'), ('JOURNAL_STREAM', '8:48777'), ('ROS_VERSION', '2'), ('XDG_SESSION_CLASS', 'user'), ('DEFAULTS_PATH', '/usr/share/gconf/ubuntu.default.path'), ('SNAP_VERSION', '252e5463'), ('USERNAME', 'chen'), ('TERM', 'xterm-256color'), ('GNOME_DESKTOP_SESSION_ID', 'this-is-deprecated'), ('SNAP_INSTANCE_NAME', 'code'), ('ROS_LOCALHOST_ONLY', '0'), ('WINDOWPATH', '2'), ('PATH', '/opt/ros/foxy/bin:/usr/local/sbin:/usr/local/bin:/usr/sbin:/usr/bin:/sbin:/bin:/usr/games:/usr/local/games:/snap/bin'), ('SESSION_MANAGER', 'local/ubuntu:@/tmp/.ICE-unix/1661,unix/ubuntu:/tmp/.ICE-unix/1661'), ('VSCODE_AMD_ENTRYPOINT', 'vs/workbench/api/node/extensionHostProcess'), ('GTK_EXE_PREFIX', '/snap/code/127/usr'), ('INVOCATION_ID', '6f8a6e31496c4cc3b875e8e414f8c7b2'), ('PAPERSIZE', 'letter'), ('XDG_MENU_PREFIX', 'gnome-'), ('LC_ADDRESS', 'en_US.UTF-8'), ('BAMF_DESKTOP_FILE_HINT', '/var/lib/snapd/desktop/applications/code_code.desktop'), ('SNAP_DATA', '/var/snap/code/127'), ('XDG_RUNTIME_DIR', '/run/user/1000'), ('GDK_BACKEND', 'x11'), ('DISPLAY', ':0'), ('LOCPATH', '/snap/code/127/usr/lib/locale'), ('LANG', 'zh_CN.UTF-8'), ('XDG_CURRENT_DESKTOP', 'Unity'), ('LC_TELEPHONE', 'en_US.UTF-8'), ('XMODIFIERS', '@im=ibus'), ('XDG_SESSION_DESKTOP', 'ubuntu'), ('XAUTHORITY', '/run/user/1000/gdm/Xauthority'), ('LS_COLORS', ''), ('VSCODE_GIT_IPC_HANDLE', '/run/user/1000/vscode-git-c2d6e3f140.sock'), ('TERM_PROGRAM', 'vscode'), ('SNAP_USER_COMMON', '/home/chen/snap/code/common'), ('SSH_AUTH_SOCK', '/run/user/1000/keyring/ssh'), ('GSETTINGS_SCHEMA_DIR', '/home/chen/snap/code/127/.local/share/glib-2.0/schemas'), ('SNAP_ARCH', 'amd64'), ('AMENT_PREFIX_PATH', '/home/chen/ros2_ws/install/cpp_srvcli:/home/chen/ros2_ws/install/cpp_pubsub:/opt/ros/foxy'), ('SNAP_COOKIE', 'OgBwCAaQaxEDKAh8OHfl0NLbdB4suEWKTOrgMZFuLfLcTjT37Pas'), ('ORIGINAL_XDG_CURRENT_DESKTOP', 'ubuntu:GNOME'), ('SHELL', '/bin/bash'), ('LC_NAME', 'en_US.UTF-8'), ('GDK_PIXBUF_MODULEDIR', '/snap/code/127/usr/lib/x86_64-linux-gnu/gdk-pixbuf-2.0/2.10.0/loaders'), ('QT_ACCESSIBILITY', '1'), ('ELECTRON_RUN_AS_NODE', '1'), ('GDMSESSION', 'ubuntu'), ('LESSCLOSE', '/usr/bin/lesspipe %s %s'), ('SNAP_NAME', 'code'), ('LC_MEASUREMENT', 'en_US.UTF-8'), ('GDK_PIXBUF_MODULE_FILE', '/home/chen/snap/code/common/.cache/gdk-pixbuf-loaders.cache'), ('GPG_AGENT_INFO', '/run/user/1000/gnupg/S.gpg-agent:0:1'), ('GJS_DEBUG_OUTPUT', 'stderr'), ('LC_IDENTIFICATION', 'en_US.UTF-8'), ('SNAP_LAUNCHER_ARCH_TRIPLET', 'x86_64-linux-gnu'), ('VSCODE_GIT_ASKPASS_EXTRA_ARGS', '--ms-enable-electron-run-as-node'), ('QT_IM_MODULE', 'ibus'), ('PWD', '/home/chen/ros2_ws/build/cpp_pubsub'), ('VSCODE_CLI', '1'), ('XDG_CONFIG_DIRS', '/etc/xdg/xdg-ubuntu:/etc/xdg'), ('SNAP_REAL_HOME', '/home/chen'), ('VSCODE_CODE_CACHE_PATH', '/home/chen/.config/Code/CachedData/252e5463d60e63238250799aef7375787f68b4ee'), ('XDG_DATA_DIRS', '/home/chen/snap/code/127/.local/share:/home/chen/snap/code/127:/snap/code/127/usr/share:/usr/share/ubuntu:/usr/local/share/:/usr/share/:/var/lib/snapd/desktop'), ('PYTHONPATH', '/opt/ros/foxy/lib/python3.8/site-packages'), ('SNAP', '/snap/code/127'), ('LC_NUMERIC', 'en_US.UTF-8'), ('LC_PAPER', 'en_US.UTF-8'), ('COLCON', '1'), ('ELECTRON_NO_ATTACH_CONSOLE', '1'), ('CMAKE_PREFIX_PATH', '/home/chen/ros2_ws/install/cpp_srvcli:/home/chen/ros2_ws/install/cpp_pubsub:/opt/ros/foxy'), ('VSCODE_PID', '4033')]), 'shell': False}
[0.086988] (-) TimerEvent: {}
[0.102758] (cpp_srvcli) JobProgress: {'identifier': 'cpp_srvcli', 'progress': 'cmake'}
[0.115045] (cpp_srvcli) JobProgress: {'identifier': 'cpp_srvcli', 'progress': 'build'}
[0.115604] (cpp_srvcli) Command: {'cmd': ['/usr/bin/cmake', '--build', '/home/chen/ros2_ws/build/cpp_srvcli', '--', '-j2', '-l2'], 'cwd': '/home/chen/ros2_ws/build/cpp_srvcli', 'env': OrderedDict([('GJS_DEBUG_TOPICS', 'JS ERROR;JS LOG'), ('LESSOPEN', '| /usr/bin/lesspipe %s'), ('VSCODE_CWD', '/home/chen'), ('VSCODE_CRASH_REPORTER_SANDBOXED_HINT', '1'), ('LANGUAGE', 'zh_CN:en_US:en'), ('USER', 'chen'), ('SNAP_COMMON', '/var/snap/code/common'), ('LC_TIME', 'en_US.UTF-8'), ('VSCODE_NLS_CONFIG', '{"locale":"zh-cn","osLocale":"zh-cn","availableLanguages":{"*":"zh-cn"},"_languagePackId":"e8139c6a810edc38ce118d65c4ecc4ca.zh-cn","_translationsConfigFile":"/home/chen/.config/Code/clp/e8139c6a810edc38ce118d65c4ecc4ca.zh-cn/tcf.json","_cacheRoot":"/home/chen/.config/Code/clp/e8139c6a810edc38ce118d65c4ecc4ca.zh-cn","_resolvedLanguagePackCoreLocation":"/home/chen/.config/Code/clp/e8139c6a810edc38ce118d65c4ecc4ca.zh-cn/252e5463d60e63238250799aef7375787f68b4ee","_corruptedFile":"/home/chen/.config/Code/clp/e8139c6a810edc38ce118d65c4ecc4ca.zh-cn/corrupted.info","_languagePackSupport":true}'), ('GIO_MODULE_DIR', '/home/chen/snap/code/common/.cache/gio-modules'), ('VSCODE_HANDLES_UNCAUGHT_ERRORS', 'true'), ('SSH_AGENT_PID', '1623'), ('XDG_SESSION_TYPE', 'x11'), ('GIT_ASKPASS', '/snap/code/127/usr/share/code/resources/app/extensions/git/dist/askpass.sh'), ('SHLVL', '0'), ('LD_LIBRARY_PATH', '/opt/ros/foxy/opt/yaml_cpp_vendor/lib:/opt/ros/foxy/opt/rviz_ogre_vendor/lib:/opt/ros/foxy/lib/x86_64-linux-gnu:/opt/ros/foxy/lib'), ('HOME', '/home/chen'), ('CHROME_DESKTOP', 'code-url-handler.desktop'), ('SNAP_LIBRARY_PATH', '/var/lib/snapd/lib/gl:/var/lib/snapd/lib/gl32:/var/lib/snapd/void'), ('TERM_PROGRAM_VERSION', '1.78.0'), ('DESKTOP_SESSION', 'ubuntu'), ('SNAP_USER_DATA', '/home/chen/snap/code/127'), ('GTK_PATH', '/snap/code/127/usr/lib/x86_64-linux-gnu/gtk-3.0'), ('VSCODE_IPC_HOOK', '/run/user/1000/vscode-9eb2e185-1.78-main.sock'), ('GTK_IM_MODULE_FILE', '/home/chen/snap/code/common/.cache/immodules/immodules.cache'), ('GIO_LAUNCHED_DESKTOP_FILE', '/var/lib/snapd/desktop/applications/code_code.desktop'), ('APPLICATION_INSIGHTS_NO_DIAGNOSTIC_CHANNEL', '1'), ('ROS_PYTHON_VERSION', '3'), ('GNOME_SHELL_SESSION_MODE', 'ubuntu'), ('GTK_MODULES', 'gail:atk-bridge'), ('VSCODE_GIT_ASKPASS_MAIN', '/snap/code/127/usr/share/code/resources/app/extensions/git/dist/askpass-main.js'), ('LC_MONETARY', 'en_US.UTF-8'), ('VSCODE_GIT_ASKPASS_NODE', '/snap/code/127/usr/share/code/code'), ('MANAGERPID', '984'), ('DBUS_SESSION_BUS_ADDRESS', 'unix:path=/run/user/1000/bus'), ('SNAP_REVISION', '127'), ('COLORTERM', 'truecolor'), ('GIO_LAUNCHED_DESKTOP_FILE_PID', '3988'), ('_colcon_cd_root', '/opt/ros/foxy/'), ('VSCODE_CRASH_REPORTER_PROCESS_TYPE', 'extensionHost'), ('MANDATORY_PATH', '/usr/share/gconf/ubuntu.mandatory.path'), ('IM_CONFIG_PHASE', '1'), ('COLCON_PREFIX_PATH', '/home/chen/ros2_ws/install'), ('ROS_DISTRO', 'foxy'), ('LOGNAME', 'chen'), ('_', '/usr/bin/colcon'), ('SNAP_CONTEXT', 'OgBwCAaQaxEDKAh8OHfl0NLbdB4suEWKTOrgMZFuLfLcTjT37Pas'), ('JOURNAL_STREAM', '8:48777'), ('ROS_VERSION', '2'), ('XDG_SESSION_CLASS', 'user'), ('DEFAULTS_PATH', '/usr/share/gconf/ubuntu.default.path'), ('SNAP_VERSION', '252e5463'), ('USERNAME', 'chen'), ('TERM', 'xterm-256color'), ('GNOME_DESKTOP_SESSION_ID', 'this-is-deprecated'), ('SNAP_INSTANCE_NAME', 'code'), ('ROS_LOCALHOST_ONLY', '0'), ('WINDOWPATH', '2'), ('PATH', '/opt/ros/foxy/bin:/usr/local/sbin:/usr/local/bin:/usr/sbin:/usr/bin:/sbin:/bin:/usr/games:/usr/local/games:/snap/bin'), ('SESSION_MANAGER', 'local/ubuntu:@/tmp/.ICE-unix/1661,unix/ubuntu:/tmp/.ICE-unix/1661'), ('VSCODE_AMD_ENTRYPOINT', 'vs/workbench/api/node/extensionHostProcess'), ('GTK_EXE_PREFIX', '/snap/code/127/usr'), ('INVOCATION_ID', '6f8a6e31496c4cc3b875e8e414f8c7b2'), ('PAPERSIZE', 'letter'), ('XDG_MENU_PREFIX', 'gnome-'), ('LC_ADDRESS', 'en_US.UTF-8'), ('BAMF_DESKTOP_FILE_HINT', '/var/lib/snapd/desktop/applications/code_code.desktop'), ('SNAP_DATA', '/var/snap/code/127'), ('XDG_RUNTIME_DIR', '/run/user/1000'), ('GDK_BACKEND', 'x11'), ('DISPLAY', ':0'), ('LOCPATH', '/snap/code/127/usr/lib/locale'), ('LANG', 'zh_CN.UTF-8'), ('XDG_CURRENT_DESKTOP', 'Unity'), ('LC_TELEPHONE', 'en_US.UTF-8'), ('XMODIFIERS', '@im=ibus'), ('XDG_SESSION_DESKTOP', 'ubuntu'), ('XAUTHORITY', '/run/user/1000/gdm/Xauthority'), ('LS_COLORS', ''), ('VSCODE_GIT_IPC_HANDLE', '/run/user/1000/vscode-git-c2d6e3f140.sock'), ('TERM_PROGRAM', 'vscode'), ('SNAP_USER_COMMON', '/home/chen/snap/code/common'), ('SSH_AUTH_SOCK', '/run/user/1000/keyring/ssh'), ('GSETTINGS_SCHEMA_DIR', '/home/chen/snap/code/127/.local/share/glib-2.0/schemas'), ('SNAP_ARCH', 'amd64'), ('AMENT_PREFIX_PATH', '/home/chen/ros2_ws/install/cpp_srvcli:/home/chen/ros2_ws/install/cpp_pubsub:/opt/ros/foxy'), ('SNAP_COOKIE', 'OgBwCAaQaxEDKAh8OHfl0NLbdB4suEWKTOrgMZFuLfLcTjT37Pas'), ('ORIGINAL_XDG_CURRENT_DESKTOP', 'ubuntu:GNOME'), ('SHELL', '/bin/bash'), ('LC_NAME', 'en_US.UTF-8'), ('GDK_PIXBUF_MODULEDIR', '/snap/code/127/usr/lib/x86_64-linux-gnu/gdk-pixbuf-2.0/2.10.0/loaders'), ('QT_ACCESSIBILITY', '1'), ('ELECTRON_RUN_AS_NODE', '1'), ('GDMSESSION', 'ubuntu'), ('LESSCLOSE', '/usr/bin/lesspipe %s %s'), ('SNAP_NAME', 'code'), ('LC_MEASUREMENT', 'en_US.UTF-8'), ('GDK_PIXBUF_MODULE_FILE', '/home/chen/snap/code/common/.cache/gdk-pixbuf-loaders.cache'), ('GPG_AGENT_INFO', '/run/user/1000/gnupg/S.gpg-agent:0:1'), ('GJS_DEBUG_OUTPUT', 'stderr'), ('LC_IDENTIFICATION', 'en_US.UTF-8'), ('SNAP_LAUNCHER_ARCH_TRIPLET', 'x86_64-linux-gnu'), ('VSCODE_GIT_ASKPASS_EXTRA_ARGS', '--ms-enable-electron-run-as-node'), ('QT_IM_MODULE', 'ibus'), ('PWD', '/home/chen/ros2_ws/build/cpp_srvcli'), ('VSCODE_CLI', '1'), ('XDG_CONFIG_DIRS', '/etc/xdg/xdg-ubuntu:/etc/xdg'), ('SNAP_REAL_HOME', '/home/chen'), ('VSCODE_CODE_CACHE_PATH', '/home/chen/.config/Code/CachedData/252e5463d60e63238250799aef7375787f68b4ee'), ('XDG_DATA_DIRS', '/home/chen/snap/code/127/.local/share:/home/chen/snap/code/127:/snap/code/127/usr/share:/usr/share/ubuntu:/usr/local/share/:/usr/share/:/var/lib/snapd/desktop'), ('PYTHONPATH', '/opt/ros/foxy/lib/python3.8/site-packages'), ('SNAP', '/snap/code/127'), ('LC_NUMERIC', 'en_US.UTF-8'), ('LC_PAPER', 'en_US.UTF-8'), ('COLCON', '1'), ('ELECTRON_NO_ATTACH_CONSOLE', '1'), ('CMAKE_PREFIX_PATH', '/home/chen/ros2_ws/install/cpp_srvcli:/home/chen/ros2_ws/install/cpp_pubsub:/opt/ros/foxy'), ('VSCODE_PID', '4033')]), 'shell': False}
[0.192675] (-) TimerEvent: {}
[0.295518] (-) TimerEvent: {}
[0.399315] (-) TimerEvent: {}
[0.507428] (-) TimerEvent: {}
[0.555186] (cpp_pubsub) StdoutLine: {'line': b'[  9%] Built target cpp_pubsub__rosidl_generator_c\n'}
[0.561360] (cpp_pubsub) StdoutLine: {'line': b'[ 11%] Built target cpp_pubsub__cpp\n'}
[0.608609] (-) TimerEvent: {}
[0.651439] (cpp_srvcli) StdoutLine: {'line': b'[ 50%] Built target server\n'}
[0.698214] (cpp_pubsub) StdoutLine: {'line': b'\x1b[35m\x1b[1mScanning dependencies of target talker\x1b[0m\n'}
[0.710188] (-) TimerEvent: {}
[0.750178] (cpp_srvcli) StdoutLine: {'line': b'[100%] Built target client\n'}
[0.811456] (-) TimerEvent: {}
[0.863519] (cpp_pubsub) StdoutLine: {'line': b'[ 15%] Built target listener\n'}
[0.891538] (cpp_srvcli) CommandEnded: {'returncode': 0}
[0.915417] (-) TimerEvent: {}
[1.017671] (-) TimerEvent: {}
[1.048536] (cpp_pubsub) StdoutLine: {'line': b'[ 17%] \x1b[32mBuilding CXX object CMakeFiles/talker.dir/src/publisher_member_function.cpp.o\x1b[0m\n'}
[1.079382] (cpp_pubsub) StdoutLine: {'line': b'[ 27%] Built target cpp_pubsub__rosidl_typesupport_cpp\n'}
[1.117984] (-) TimerEvent: {}
[1.205980] (cpp_srvcli) JobProgress: {'identifier': 'cpp_srvcli', 'progress': 'install'}
[1.218326] (-) TimerEvent: {}
[1.297646] (cpp_pubsub) StdoutLine: {'line': b'[ 37%] Built target cpp_pubsub__rosidl_typesupport_fastrtps_cpp\n'}
[1.310233] (cpp_srvcli) Command: {'cmd': ['/usr/bin/cmake', '--install', '/home/chen/ros2_ws/build/cpp_srvcli'], 'cwd': '/home/chen/ros2_ws/build/cpp_srvcli', 'env': OrderedDict([('GJS_DEBUG_TOPICS', 'JS ERROR;JS LOG'), ('LESSOPEN', '| /usr/bin/lesspipe %s'), ('VSCODE_CWD', '/home/chen'), ('VSCODE_CRASH_REPORTER_SANDBOXED_HINT', '1'), ('LANGUAGE', 'zh_CN:en_US:en'), ('USER', 'chen'), ('SNAP_COMMON', '/var/snap/code/common'), ('LC_TIME', 'en_US.UTF-8'), ('VSCODE_NLS_CONFIG', '{"locale":"zh-cn","osLocale":"zh-cn","availableLanguages":{"*":"zh-cn"},"_languagePackId":"e8139c6a810edc38ce118d65c4ecc4ca.zh-cn","_translationsConfigFile":"/home/chen/.config/Code/clp/e8139c6a810edc38ce118d65c4ecc4ca.zh-cn/tcf.json","_cacheRoot":"/home/chen/.config/Code/clp/e8139c6a810edc38ce118d65c4ecc4ca.zh-cn","_resolvedLanguagePackCoreLocation":"/home/chen/.config/Code/clp/e8139c6a810edc38ce118d65c4ecc4ca.zh-cn/252e5463d60e63238250799aef7375787f68b4ee","_corruptedFile":"/home/chen/.config/Code/clp/e8139c6a810edc38ce118d65c4ecc4ca.zh-cn/corrupted.info","_languagePackSupport":true}'), ('GIO_MODULE_DIR', '/home/chen/snap/code/common/.cache/gio-modules'), ('VSCODE_HANDLES_UNCAUGHT_ERRORS', 'true'), ('SSH_AGENT_PID', '1623'), ('XDG_SESSION_TYPE', 'x11'), ('GIT_ASKPASS', '/snap/code/127/usr/share/code/resources/app/extensions/git/dist/askpass.sh'), ('SHLVL', '0'), ('LD_LIBRARY_PATH', '/opt/ros/foxy/opt/yaml_cpp_vendor/lib:/opt/ros/foxy/opt/rviz_ogre_vendor/lib:/opt/ros/foxy/lib/x86_64-linux-gnu:/opt/ros/foxy/lib'), ('HOME', '/home/chen'), ('CHROME_DESKTOP', 'code-url-handler.desktop'), ('SNAP_LIBRARY_PATH', '/var/lib/snapd/lib/gl:/var/lib/snapd/lib/gl32:/var/lib/snapd/void'), ('TERM_PROGRAM_VERSION', '1.78.0'), ('DESKTOP_SESSION', 'ubuntu'), ('SNAP_USER_DATA', '/home/chen/snap/code/127'), ('GTK_PATH', '/snap/code/127/usr/lib/x86_64-linux-gnu/gtk-3.0'), ('VSCODE_IPC_HOOK', '/run/user/1000/vscode-9eb2e185-1.78-main.sock'), ('GTK_IM_MODULE_FILE', '/home/chen/snap/code/common/.cache/immodules/immodules.cache'), ('GIO_LAUNCHED_DESKTOP_FILE', '/var/lib/snapd/desktop/applications/code_code.desktop'), ('APPLICATION_INSIGHTS_NO_DIAGNOSTIC_CHANNEL', '1'), ('ROS_PYTHON_VERSION', '3'), ('GNOME_SHELL_SESSION_MODE', 'ubuntu'), ('GTK_MODULES', 'gail:atk-bridge'), ('VSCODE_GIT_ASKPASS_MAIN', '/snap/code/127/usr/share/code/resources/app/extensions/git/dist/askpass-main.js'), ('LC_MONETARY', 'en_US.UTF-8'), ('VSCODE_GIT_ASKPASS_NODE', '/snap/code/127/usr/share/code/code'), ('MANAGERPID', '984'), ('DBUS_SESSION_BUS_ADDRESS', 'unix:path=/run/user/1000/bus'), ('SNAP_REVISION', '127'), ('COLORTERM', 'truecolor'), ('GIO_LAUNCHED_DESKTOP_FILE_PID', '3988'), ('_colcon_cd_root', '/opt/ros/foxy/'), ('VSCODE_CRASH_REPORTER_PROCESS_TYPE', 'extensionHost'), ('MANDATORY_PATH', '/usr/share/gconf/ubuntu.mandatory.path'), ('IM_CONFIG_PHASE', '1'), ('COLCON_PREFIX_PATH', '/home/chen/ros2_ws/install'), ('ROS_DISTRO', 'foxy'), ('LOGNAME', 'chen'), ('_', '/usr/bin/colcon'), ('SNAP_CONTEXT', 'OgBwCAaQaxEDKAh8OHfl0NLbdB4suEWKTOrgMZFuLfLcTjT37Pas'), ('JOURNAL_STREAM', '8:48777'), ('ROS_VERSION', '2'), ('XDG_SESSION_CLASS', 'user'), ('DEFAULTS_PATH', '/usr/share/gconf/ubuntu.default.path'), ('SNAP_VERSION', '252e5463'), ('USERNAME', 'chen'), ('TERM', 'xterm-256color'), ('GNOME_DESKTOP_SESSION_ID', 'this-is-deprecated'), ('SNAP_INSTANCE_NAME', 'code'), ('ROS_LOCALHOST_ONLY', '0'), ('WINDOWPATH', '2'), ('PATH', '/opt/ros/foxy/bin:/usr/local/sbin:/usr/local/bin:/usr/sbin:/usr/bin:/sbin:/bin:/usr/games:/usr/local/games:/snap/bin'), ('SESSION_MANAGER', 'local/ubuntu:@/tmp/.ICE-unix/1661,unix/ubuntu:/tmp/.ICE-unix/1661'), ('VSCODE_AMD_ENTRYPOINT', 'vs/workbench/api/node/extensionHostProcess'), ('GTK_EXE_PREFIX', '/snap/code/127/usr'), ('INVOCATION_ID', '6f8a6e31496c4cc3b875e8e414f8c7b2'), ('PAPERSIZE', 'letter'), ('XDG_MENU_PREFIX', 'gnome-'), ('LC_ADDRESS', 'en_US.UTF-8'), ('BAMF_DESKTOP_FILE_HINT', '/var/lib/snapd/desktop/applications/code_code.desktop'), ('SNAP_DATA', '/var/snap/code/127'), ('XDG_RUNTIME_DIR', '/run/user/1000'), ('GDK_BACKEND', 'x11'), ('DISPLAY', ':0'), ('LOCPATH', '/snap/code/127/usr/lib/locale'), ('LANG', 'zh_CN.UTF-8'), ('XDG_CURRENT_DESKTOP', 'Unity'), ('LC_TELEPHONE', 'en_US.UTF-8'), ('XMODIFIERS', '@im=ibus'), ('XDG_SESSION_DESKTOP', 'ubuntu'), ('XAUTHORITY', '/run/user/1000/gdm/Xauthority'), ('LS_COLORS', ''), ('VSCODE_GIT_IPC_HANDLE', '/run/user/1000/vscode-git-c2d6e3f140.sock'), ('TERM_PROGRAM', 'vscode'), ('SNAP_USER_COMMON', '/home/chen/snap/code/common'), ('SSH_AUTH_SOCK', '/run/user/1000/keyring/ssh'), ('GSETTINGS_SCHEMA_DIR', '/home/chen/snap/code/127/.local/share/glib-2.0/schemas'), ('SNAP_ARCH', 'amd64'), ('AMENT_PREFIX_PATH', '/home/chen/ros2_ws/install/cpp_srvcli:/home/chen/ros2_ws/install/cpp_pubsub:/opt/ros/foxy'), ('SNAP_COOKIE', 'OgBwCAaQaxEDKAh8OHfl0NLbdB4suEWKTOrgMZFuLfLcTjT37Pas'), ('ORIGINAL_XDG_CURRENT_DESKTOP', 'ubuntu:GNOME'), ('SHELL', '/bin/bash'), ('LC_NAME', 'en_US.UTF-8'), ('GDK_PIXBUF_MODULEDIR', '/snap/code/127/usr/lib/x86_64-linux-gnu/gdk-pixbuf-2.0/2.10.0/loaders'), ('QT_ACCESSIBILITY', '1'), ('ELECTRON_RUN_AS_NODE', '1'), ('GDMSESSION', 'ubuntu'), ('LESSCLOSE', '/usr/bin/lesspipe %s %s'), ('SNAP_NAME', 'code'), ('LC_MEASUREMENT', 'en_US.UTF-8'), ('GDK_PIXBUF_MODULE_FILE', '/home/chen/snap/code/common/.cache/gdk-pixbuf-loaders.cache'), ('GPG_AGENT_INFO', '/run/user/1000/gnupg/S.gpg-agent:0:1'), ('GJS_DEBUG_OUTPUT', 'stderr'), ('LC_IDENTIFICATION', 'en_US.UTF-8'), ('SNAP_LAUNCHER_ARCH_TRIPLET', 'x86_64-linux-gnu'), ('VSCODE_GIT_ASKPASS_EXTRA_ARGS', '--ms-enable-electron-run-as-node'), ('QT_IM_MODULE', 'ibus'), ('PWD', '/home/chen/ros2_ws/build/cpp_srvcli'), ('VSCODE_CLI', '1'), ('XDG_CONFIG_DIRS', '/etc/xdg/xdg-ubuntu:/etc/xdg'), ('SNAP_REAL_HOME', '/home/chen'), ('VSCODE_CODE_CACHE_PATH', '/home/chen/.config/Code/CachedData/252e5463d60e63238250799aef7375787f68b4ee'), ('XDG_DATA_DIRS', '/home/chen/snap/code/127/.local/share:/home/chen/snap/code/127:/snap/code/127/usr/share:/usr/share/ubuntu:/usr/local/share/:/usr/share/:/var/lib/snapd/desktop'), ('PYTHONPATH', '/opt/ros/foxy/lib/python3.8/site-packages'), ('SNAP', '/snap/code/127'), ('LC_NUMERIC', 'en_US.UTF-8'), ('LC_PAPER', 'en_US.UTF-8'), ('COLCON', '1'), ('ELECTRON_NO_ATTACH_CONSOLE', '1'), ('CMAKE_PREFIX_PATH', '/home/chen/ros2_ws/install/cpp_srvcli:/home/chen/ros2_ws/install/cpp_pubsub:/opt/ros/foxy'), ('VSCODE_PID', '4033')]), 'shell': False}
[1.318677] (-) TimerEvent: {}
[1.375514] (cpp_srvcli) StdoutLine: {'line': b'-- Install configuration: "RelWithDebInfo"\n'}
[1.395293] (cpp_srvcli) StdoutLine: {'line': b'-- Execute custom install script\n'}
[1.395682] (cpp_srvcli) StdoutLine: {'line': b'-- Up-to-date symlink: /home/chen/ros2_ws/install/cpp_srvcli/lib/cpp_srvcli/server\n'}
[1.395780] (cpp_srvcli) StdoutLine: {'line': b'-- Up-to-date symlink: /home/chen/ros2_ws/install/cpp_srvcli/lib/cpp_srvcli/client\n'}
[1.395898] (cpp_srvcli) StdoutLine: {'line': b'-- Up-to-date symlink: /home/chen/ros2_ws/install/cpp_srvcli/share/ament_index/resource_index/package_run_dependencies/cpp_srvcli\n'}
[1.399520] (cpp_srvcli) StdoutLine: {'line': b'-- Up-to-date symlink: /home/chen/ros2_ws/install/cpp_srvcli/share/ament_index/resource_index/parent_prefix_path/cpp_srvcli\n'}
[1.400281] (cpp_srvcli) StdoutLine: {'line': b'-- Up-to-date symlink: /home/chen/ros2_ws/install/cpp_srvcli/share/cpp_srvcli/environment/ament_prefix_path.sh\n'}
[1.402965] (cpp_srvcli) StdoutLine: {'line': b'-- Up-to-date symlink: /home/chen/ros2_ws/install/cpp_srvcli/share/cpp_srvcli/environment/ament_prefix_path.dsv\n'}
[1.403415] (cpp_srvcli) StdoutLine: {'line': b'-- Up-to-date symlink: /home/chen/ros2_ws/install/cpp_srvcli/share/cpp_srvcli/environment/path.sh\n'}
[1.403797] (cpp_srvcli) StdoutLine: {'line': b'-- Up-to-date symlink: /home/chen/ros2_ws/install/cpp_srvcli/share/cpp_srvcli/environment/path.dsv\n'}
[1.423354] (cpp_srvcli) StdoutLine: {'line': b'-- Up-to-date symlink: /home/chen/ros2_ws/install/cpp_srvcli/share/cpp_srvcli/local_setup.bash\n'}
[1.423639] (-) TimerEvent: {}
[1.423972] (cpp_srvcli) StdoutLine: {'line': b'-- Up-to-date symlink: /home/chen/ros2_ws/install/cpp_srvcli/share/cpp_srvcli/local_setup.sh\n'}
[1.424469] (cpp_srvcli) StdoutLine: {'line': b'-- Up-to-date symlink: /home/chen/ros2_ws/install/cpp_srvcli/share/cpp_srvcli/local_setup.zsh\n'}
[1.437222] (cpp_srvcli) StdoutLine: {'line': b'-- Up-to-date symlink: /home/chen/ros2_ws/install/cpp_srvcli/share/cpp_srvcli/local_setup.dsv\n'}
[1.441343] (cpp_srvcli) StdoutLine: {'line': b'-- Symlinking: /home/chen/ros2_ws/install/cpp_srvcli/share/cpp_srvcli/package.dsv\n'}
[1.523788] (-) TimerEvent: {}
[1.539628] (cpp_srvcli) StdoutLine: {'line': b'-- Up-to-date symlink: /home/chen/ros2_ws/install/cpp_srvcli/share/ament_index/resource_index/packages/cpp_srvcli\n'}
[1.540078] (cpp_srvcli) StdoutLine: {'line': b'-- Up-to-date symlink: /home/chen/ros2_ws/install/cpp_srvcli/share/cpp_srvcli/cmake/cpp_srvcliConfig.cmake\n'}
[1.540199] (cpp_srvcli) StdoutLine: {'line': b'-- Up-to-date symlink: /home/chen/ros2_ws/install/cpp_srvcli/share/cpp_srvcli/cmake/cpp_srvcliConfig-version.cmake\n'}
[1.540300] (cpp_srvcli) StdoutLine: {'line': b'-- Up-to-date symlink: /home/chen/ros2_ws/install/cpp_srvcli/share/cpp_srvcli/package.xml\n'}
[1.575706] (cpp_srvcli) CommandEnded: {'returncode': 0}
[1.580181] (cpp_pubsub) StdoutLine: {'line': b'[ 47%] Built target cpp_pubsub__rosidl_typesupport_introspection_cpp\n'}
[1.629390] (-) TimerEvent: {}
[1.735901] (-) TimerEvent: {}
[1.838266] (-) TimerEvent: {}
[1.939938] (-) TimerEvent: {}
[2.046573] (-) TimerEvent: {}
[2.142951] (cpp_srvcli) JobEnded: {'identifier': 'cpp_srvcli', 'rc': 0}
[2.146951] (-) TimerEvent: {}
[2.249324] (-) TimerEvent: {}
[2.350290] (-) TimerEvent: {}
[2.450950] (-) TimerEvent: {}
[2.551525] (-) TimerEvent: {}
[2.653147] (-) TimerEvent: {}
[2.754098] (-) TimerEvent: {}
[2.855143] (-) TimerEvent: {}
[2.960412] (-) TimerEvent: {}
[3.062511] (-) TimerEvent: {}
[3.163455] (-) TimerEvent: {}
[3.267439] (-) TimerEvent: {}
[3.368988] (-) TimerEvent: {}
[3.469752] (-) TimerEvent: {}
[3.572641] (-) TimerEvent: {}
[3.676739] (-) TimerEvent: {}
[3.777560] (-) TimerEvent: {}
[3.878532] (-) TimerEvent: {}
[3.979339] (-) TimerEvent: {}
[4.080641] (-) TimerEvent: {}
[4.183584] (-) TimerEvent: {}
[4.284376] (-) TimerEvent: {}
[4.385403] (-) TimerEvent: {}
[4.486493] (-) TimerEvent: {}
[4.587666] (-) TimerEvent: {}
[4.688978] (-) TimerEvent: {}
[4.790425] (-) TimerEvent: {}
[4.891212] (-) TimerEvent: {}
[4.992415] (-) TimerEvent: {}
[5.093278] (-) TimerEvent: {}
[5.194794] (-) TimerEvent: {}
[5.299005] (-) TimerEvent: {}
[5.400307] (-) TimerEvent: {}
[5.501840] (-) TimerEvent: {}
[5.603789] (-) TimerEvent: {}
[5.705789] (-) TimerEvent: {}
[5.781032] (cpp_pubsub) StderrLine: {'line': b'\x1b[01m\x1b[K/home/chen/ros2_ws/src/cpp_pubsub/src/publisher_member_function.cpp:\x1b[m\x1b[K In constructor \xe2\x80\x98\x1b[01m\x1b[KMinimalPublisher::MinimalPublisher()\x1b[m\x1b[K\xe2\x80\x99:\n'}
[5.781513] (cpp_pubsub) StderrLine: {'line': b'\x1b[01m\x1b[K/home/chen/ros2_ws/src/cpp_pubsub/src/publisher_member_function.cpp:33:75:\x1b[m\x1b[K \x1b[01;31m\x1b[Kerror: \x1b[m\x1b[Kno match for \xe2\x80\x98\x1b[01m\x1b[Koperator=\x1b[m\x1b[K\xe2\x80\x99 (operand types are \xe2\x80\x98\x1b[01m\x1b[Krclcpp::Publisher<cpp_pubsub::msg::Num_<std::allocator<void> > >::SharedPtr\x1b[m\x1b[K\xe2\x80\x99 {aka \xe2\x80\x98\x1b[01m\x1b[Kstd::shared_ptr<rclcpp::Publisher<cpp_pubsub::msg::Num_<std::allocator<void> > > >\x1b[m\x1b[K\xe2\x80\x99} and \xe2\x80\x98\x1b[01m\x1b[Kstd::shared_ptr<rclcpp::Publisher<std_msgs::msg::String_<std::allocator<void> >, std::allocator<void> > >\x1b[m\x1b[K\xe2\x80\x99)\n'}
[5.781613] (cpp_pubsub) StderrLine: {'line': b'   33 |     publisher_ = this->create_publisher<std_msgs::msg::String>("topic", 10\x1b[01;31m\x1b[K)\x1b[m\x1b[K;\n'}
[5.781690] (cpp_pubsub) StderrLine: {'line': b'      |                                                                           \x1b[01;31m\x1b[K^\x1b[m\x1b[K\n'}
[5.781822] (cpp_pubsub) StderrLine: {'line': b'In file included from \x1b[01m\x1b[K/usr/include/c++/9/memory:81\x1b[m\x1b[K,\n'}
[5.781911] (cpp_pubsub) StderrLine: {'line': b'                 from \x1b[01m\x1b[K/home/chen/ros2_ws/src/cpp_pubsub/src/publisher_member_function.cpp:16\x1b[m\x1b[K:\n'}
[5.781982] (cpp_pubsub) StderrLine: {'line': b'\x1b[01m\x1b[K/usr/include/c++/9/bits/shared_ptr.h:309:19:\x1b[m\x1b[K \x1b[01;36m\x1b[Knote: \x1b[m\x1b[Kcandidate: \xe2\x80\x98\x1b[01m\x1b[Kstd::shared_ptr<_Tp>& std::shared_ptr<_Tp>::operator=(const std::shared_ptr<_Tp>&) [with _Tp = rclcpp::Publisher<cpp_pubsub::msg::Num_<std::allocator<void> > >]\x1b[m\x1b[K\xe2\x80\x99\n'}
[5.782055] (cpp_pubsub) StderrLine: {'line': b'  309 |       shared_ptr& \x1b[01;36m\x1b[Koperator\x1b[m\x1b[K=(const shared_ptr&) noexcept = default;\n'}
[5.782124] (cpp_pubsub) StderrLine: {'line': b'      |                   \x1b[01;36m\x1b[K^~~~~~~~\x1b[m\x1b[K\n'}
[5.782191] (cpp_pubsub) StderrLine: {'line': b'\x1b[01m\x1b[K/usr/include/c++/9/bits/shared_ptr.h:309:29:\x1b[m\x1b[K \x1b[01;36m\x1b[Knote: \x1b[m\x1b[K  no known conversion for argument 1 from \xe2\x80\x98\x1b[01m\x1b[Kstd::shared_ptr<rclcpp::Publisher<std_msgs::msg::String_<std::allocator<void> >, std::allocator<void> > >\x1b[m\x1b[K\xe2\x80\x99 to \xe2\x80\x98\x1b[01m\x1b[Kconst std::shared_ptr<rclcpp::Publisher<cpp_pubsub::msg::Num_<std::allocator<void> > > >&\x1b[m\x1b[K\xe2\x80\x99\n'}
[5.782328] (cpp_pubsub) StderrLine: {'line': b'  309 |       shared_ptr& operator=(\x1b[01;36m\x1b[Kconst shared_ptr&\x1b[m\x1b[K) noexcept = default;\n'}
[5.782403] (cpp_pubsub) StderrLine: {'line': b'      |                             \x1b[01;36m\x1b[K^~~~~~~~~~~~~~~~~\x1b[m\x1b[K\n'}
[5.782479] (cpp_pubsub) StderrLine: {'line': b'\x1b[01m\x1b[K/usr/include/c++/9/bits/shared_ptr.h:313:2:\x1b[m\x1b[K \x1b[01;36m\x1b[Knote: \x1b[m\x1b[Kcandidate: \xe2\x80\x98\x1b[01m\x1b[Ktemplate<class _Yp> std::shared_ptr<_Tp>::_Assignable<const std::shared_ptr<_Yp>&> std::shared_ptr<_Tp>::operator=(const std::shared_ptr<_Yp>&) [with _Yp = _Yp; _Tp = rclcpp::Publisher<cpp_pubsub::msg::Num_<std::allocator<void> > >]\x1b[m\x1b[K\xe2\x80\x99\n'}
[5.782556] (cpp_pubsub) StderrLine: {'line': b'  313 |  \x1b[01;36m\x1b[Koperator\x1b[m\x1b[K=(const shared_ptr<_Yp>& __r) noexcept\n'}
[5.782625] (cpp_pubsub) StderrLine: {'line': b'      |  \x1b[01;36m\x1b[K^~~~~~~~\x1b[m\x1b[K\n'}
[5.782711] (cpp_pubsub) StderrLine: {'line': b'\x1b[01m\x1b[K/usr/include/c++/9/bits/shared_ptr.h:313:2:\x1b[m\x1b[K \x1b[01;36m\x1b[Knote: \x1b[m\x1b[K  template argument deduction/substitution failed:\n'}
[5.787330] (cpp_pubsub) StderrLine: {'line': b'/usr/include/c++/9/bits/shared_ptr.h: In substitution of \xe2\x80\x98\x1b[01m\x1b[Ktemplate<class _Tp> template<class _Arg> using _Assignable = typename std::enable_if<std::is_assignable<std::__shared_ptr<_Tp>&, _Arg>::value, std::shared_ptr<_Tp>&>::type [with _Arg = const std::shared_ptr<rclcpp::Publisher<std_msgs::msg::String_<std::allocator<void> >, std::allocator<void> > >&; _Tp = rclcpp::Publisher<cpp_pubsub::msg::Num_<std::allocator<void> > >]\x1b[m\x1b[K\xe2\x80\x99:\n'}
[5.787820] (cpp_pubsub) StderrLine: {'line': b'\x1b[01m\x1b[K/usr/include/c++/9/bits/shared_ptr.h:313:2:\x1b[m\x1b[K   required by substitution of \xe2\x80\x98\x1b[01m\x1b[Ktemplate<class _Yp> std::shared_ptr<rclcpp::Publisher<cpp_pubsub::msg::Num_<std::allocator<void> > > >::_Assignable<const std::shared_ptr<_Tp>&> std::shared_ptr<rclcpp::Publisher<cpp_pubsub::msg::Num_<std::allocator<void> > > >::operator=<_Yp>(const std::shared_ptr<_Tp>&) [with _Yp = rclcpp::Publisher<std_msgs::msg::String_<std::allocator<void> >, std::allocator<void> >]\x1b[m\x1b[K\xe2\x80\x99\n'}
[5.788215] (cpp_pubsub) StderrLine: {'line': b'\x1b[01m\x1b[K/home/chen/ros2_ws/src/cpp_pubsub/src/publisher_member_function.cpp:33:75:\x1b[m\x1b[K   required from here\n'}
[5.788445] (cpp_pubsub) StderrLine: {'line': b'\x1b[01m\x1b[K/usr/include/c++/9/bits/shared_ptr.h:111:8:\x1b[m\x1b[K \x1b[01;31m\x1b[Kerror: \x1b[m\x1b[Kno type named \xe2\x80\x98\x1b[01m\x1b[Ktype\x1b[m\x1b[K\xe2\x80\x99 in \xe2\x80\x98\x1b[01m\x1b[Kstruct std::enable_if<false, std::shared_ptr<rclcpp::Publisher<cpp_pubsub::msg::Num_<std::allocator<void> > > >&>\x1b[m\x1b[K\xe2\x80\x99\n'}
[5.788700] (cpp_pubsub) StderrLine: {'line': b'  111 |  using \x1b[01;31m\x1b[K_Assignable\x1b[m\x1b[K = typename enable_if<\n'}
[5.788789] (cpp_pubsub) StderrLine: {'line': b'      |        \x1b[01;31m\x1b[K^~~~~~~~~~~\x1b[m\x1b[K\n'}
[5.788869] (cpp_pubsub) StderrLine: {'line': b'\x1b[01m\x1b[K/usr/include/c++/9/bits/shared_ptr.h:324:2:\x1b[m\x1b[K \x1b[01;36m\x1b[Knote: \x1b[m\x1b[Kcandidate: \xe2\x80\x98\x1b[01m\x1b[Ktemplate<class _Yp> std::shared_ptr<_Tp>::_Assignable<std::auto_ptr<_Up> > std::shared_ptr<_Tp>::operator=(std::auto_ptr<_Up>&&) [with _Yp = _Yp; _Tp = rclcpp::Publisher<cpp_pubsub::msg::Num_<std::allocator<void> > >]\x1b[m\x1b[K\xe2\x80\x99\n'}
[5.788985] (cpp_pubsub) StderrLine: {'line': b'  324 |  \x1b[01;36m\x1b[Koperator\x1b[m\x1b[K=(auto_ptr<_Yp>&& __r)\n'}
[5.789079] (cpp_pubsub) StderrLine: {'line': b'      |  \x1b[01;36m\x1b[K^~~~~~~~\x1b[m\x1b[K\n'}
[5.789158] (cpp_pubsub) StderrLine: {'line': b'\x1b[01m\x1b[K/usr/include/c++/9/bits/shared_ptr.h:324:2:\x1b[m\x1b[K \x1b[01;36m\x1b[Knote: \x1b[m\x1b[K  template argument deduction/substitution failed:\n'}
[5.789237] (cpp_pubsub) StderrLine: {'line': b'\x1b[01m\x1b[K/home/chen/ros2_ws/src/cpp_pubsub/src/publisher_member_function.cpp:33:75:\x1b[m\x1b[K \x1b[01;36m\x1b[Knote: \x1b[m\x1b[K  \xe2\x80\x98\x1b[01m\x1b[Kstd::shared_ptr<rclcpp::Publisher<std_msgs::msg::String_<std::allocator<void> >, std::allocator<void> > >\x1b[m\x1b[K\xe2\x80\x99 is not derived from \xe2\x80\x98\x1b[01m\x1b[Kstd::auto_ptr<_Up>\x1b[m\x1b[K\xe2\x80\x99\n'}
[5.789325] (cpp_pubsub) StderrLine: {'line': b'   33 |     publisher_ = this->create_publisher<std_msgs::msg::String>("topic", 10\x1b[01;36m\x1b[K)\x1b[m\x1b[K;\n'}
[5.789402] (cpp_pubsub) StderrLine: {'line': b'      |                                                                           \x1b[01;36m\x1b[K^\x1b[m\x1b[K\n'}
[5.789543] (cpp_pubsub) StderrLine: {'line': b'In file included from \x1b[01m\x1b[K/usr/include/c++/9/memory:81\x1b[m\x1b[K,\n'}
[5.789684] (cpp_pubsub) StderrLine: {'line': b'                 from \x1b[01m\x1b[K/home/chen/ros2_ws/src/cpp_pubsub/src/publisher_member_function.cpp:16\x1b[m\x1b[K:\n'}
[5.789774] (cpp_pubsub) StderrLine: {'line': b'\x1b[01m\x1b[K/usr/include/c++/9/bits/shared_ptr.h:333:7:\x1b[m\x1b[K \x1b[01;36m\x1b[Knote: \x1b[m\x1b[Kcandidate: \xe2\x80\x98\x1b[01m\x1b[Kstd::shared_ptr<_Tp>& std::shared_ptr<_Tp>::operator=(std::shared_ptr<_Tp>&&) [with _Tp = rclcpp::Publisher<cpp_pubsub::msg::Num_<std::allocator<void> > >]\x1b[m\x1b[K\xe2\x80\x99\n'}
[5.789866] (cpp_pubsub) StderrLine: {'line': b'  333 |       \x1b[01;36m\x1b[Koperator\x1b[m\x1b[K=(shared_ptr&& __r) noexcept\n'}
[5.789956] (cpp_pubsub) StderrLine: {'line': b'      |       \x1b[01;36m\x1b[K^~~~~~~~\x1b[m\x1b[K\n'}
[5.790049] (cpp_pubsub) StderrLine: {'line': b'\x1b[01m\x1b[K/usr/include/c++/9/bits/shared_ptr.h:333:30:\x1b[m\x1b[K \x1b[01;36m\x1b[Knote: \x1b[m\x1b[K  no known conversion for argument 1 from \xe2\x80\x98\x1b[01m\x1b[Kstd::shared_ptr<rclcpp::Publisher<std_msgs::msg::String_<std::allocator<void> >, std::allocator<void> > >\x1b[m\x1b[K\xe2\x80\x99 to \xe2\x80\x98\x1b[01m\x1b[Kstd::shared_ptr<rclcpp::Publisher<cpp_pubsub::msg::Num_<std::allocator<void> > > >&&\x1b[m\x1b[K\xe2\x80\x99\n'}
[5.790188] (cpp_pubsub) StderrLine: {'line': b'  333 |       operator=(\x1b[01;36m\x1b[Kshared_ptr&& __r\x1b[m\x1b[K) noexcept\n'}
[5.790304] (cpp_pubsub) StderrLine: {'line': b'      |                 \x1b[01;36m\x1b[K~~~~~~~~~~~~~^~~\x1b[m\x1b[K\n'}
[5.790381] (cpp_pubsub) StderrLine: {'line': b'\x1b[01m\x1b[K/usr/include/c++/9/bits/shared_ptr.h:341:2:\x1b[m\x1b[K \x1b[01;36m\x1b[Knote: \x1b[m\x1b[Kcandidate: \xe2\x80\x98\x1b[01m\x1b[Ktemplate<class _Yp> std::shared_ptr<_Tp>::_Assignable<std::shared_ptr<_Yp> > std::shared_ptr<_Tp>::operator=(std::shared_ptr<_Yp>&&) [with _Yp = _Yp; _Tp = rclcpp::Publisher<cpp_pubsub::msg::Num_<std::allocator<void> > >]\x1b[m\x1b[K\xe2\x80\x99\n'}
[5.790461] (cpp_pubsub) StderrLine: {'line': b'  341 |  \x1b[01;36m\x1b[Koperator\x1b[m\x1b[K=(shared_ptr<_Yp>&& __r) noexcept\n'}
[5.790538] (cpp_pubsub) StderrLine: {'line': b'      |  \x1b[01;36m\x1b[K^~~~~~~~\x1b[m\x1b[K\n'}
[5.790616] (cpp_pubsub) StderrLine: {'line': b'\x1b[01m\x1b[K/usr/include/c++/9/bits/shared_ptr.h:341:2:\x1b[m\x1b[K \x1b[01;36m\x1b[Knote: \x1b[m\x1b[K  template argument deduction/substitution failed:\n'}
[5.791079] (cpp_pubsub) StderrLine: {'line': b'/usr/include/c++/9/bits/shared_ptr.h: In substitution of \xe2\x80\x98\x1b[01m\x1b[Ktemplate<class _Tp> template<class _Arg> using _Assignable = typename std::enable_if<std::is_assignable<std::__shared_ptr<_Tp>&, _Arg>::value, std::shared_ptr<_Tp>&>::type [with _Arg = std::shared_ptr<rclcpp::Publisher<std_msgs::msg::String_<std::allocator<void> >, std::allocator<void> > >; _Tp = rclcpp::Publisher<cpp_pubsub::msg::Num_<std::allocator<void> > >]\x1b[m\x1b[K\xe2\x80\x99:\n'}
[5.800823] (cpp_pubsub) StderrLine: {'line': b'\x1b[01m\x1b[K/usr/include/c++/9/bits/shared_ptr.h:341:2:\x1b[m\x1b[K   required by substitution of \xe2\x80\x98\x1b[01m\x1b[Ktemplate<class _Yp> std::shared_ptr<rclcpp::Publisher<cpp_pubsub::msg::Num_<std::allocator<void> > > >::_Assignable<std::shared_ptr<_Tp> > std::shared_ptr<rclcpp::Publisher<cpp_pubsub::msg::Num_<std::allocator<void> > > >::operator=<_Yp>(std::shared_ptr<_Tp>&&) [with _Yp = rclcpp::Publisher<std_msgs::msg::String_<std::allocator<void> >, std::allocator<void> >]\x1b[m\x1b[K\xe2\x80\x99\n'}
[5.801257] (cpp_pubsub) StderrLine: {'line': b'\x1b[01m\x1b[K/home/chen/ros2_ws/src/cpp_pubsub/src/publisher_member_function.cpp:33:75:\x1b[m\x1b[K   required from here\n'}
[5.801573] (cpp_pubsub) StderrLine: {'line': b'\x1b[01m\x1b[K/usr/include/c++/9/bits/shared_ptr.h:111:8:\x1b[m\x1b[K \x1b[01;31m\x1b[Kerror: \x1b[m\x1b[Kno type named \xe2\x80\x98\x1b[01m\x1b[Ktype\x1b[m\x1b[K\xe2\x80\x99 in \xe2\x80\x98\x1b[01m\x1b[Kstruct std::enable_if<false, std::shared_ptr<rclcpp::Publisher<cpp_pubsub::msg::Num_<std::allocator<void> > > >&>\x1b[m\x1b[K\xe2\x80\x99\n'}
[5.801775] (cpp_pubsub) StderrLine: {'line': b'  111 |  using \x1b[01;31m\x1b[K_Assignable\x1b[m\x1b[K = typename enable_if<\n'}
[5.801905] (cpp_pubsub) StderrLine: {'line': b'      |        \x1b[01;31m\x1b[K^~~~~~~~~~~\x1b[m\x1b[K\n'}
[5.802054] (cpp_pubsub) StderrLine: {'line': b'\x1b[01m\x1b[K/usr/include/c++/9/bits/shared_ptr.h:349:2:\x1b[m\x1b[K \x1b[01;36m\x1b[Knote: \x1b[m\x1b[Kcandidate: \xe2\x80\x98\x1b[01m\x1b[Ktemplate<class _Yp, class _Del> std::shared_ptr<_Tp>::_Assignable<std::unique_ptr<_Up, _Ep> > std::shared_ptr<_Tp>::operator=(std::unique_ptr<_Up, _Ep>&&) [with _Yp = _Yp; _Del = _Del; _Tp = rclcpp::Publisher<cpp_pubsub::msg::Num_<std::allocator<void> > >]\x1b[m\x1b[K\xe2\x80\x99\n'}
[5.802212] (cpp_pubsub) StderrLine: {'line': b'  349 |  \x1b[01;36m\x1b[Koperator\x1b[m\x1b[K=(unique_ptr<_Yp, _Del>&& __r)\n'}
[5.802343] (cpp_pubsub) StderrLine: {'line': b'      |  \x1b[01;36m\x1b[K^~~~~~~~\x1b[m\x1b[K\n'}
[5.802465] (cpp_pubsub) StderrLine: {'line': b'\x1b[01m\x1b[K/usr/include/c++/9/bits/shared_ptr.h:349:2:\x1b[m\x1b[K \x1b[01;36m\x1b[Knote: \x1b[m\x1b[K  template argument deduction/substitution failed:\n'}
[5.802729] (cpp_pubsub) StderrLine: {'line': b'\x1b[01m\x1b[K/home/chen/ros2_ws/src/cpp_pubsub/src/publisher_member_function.cpp:33:75:\x1b[m\x1b[K \x1b[01;36m\x1b[Knote: \x1b[m\x1b[K  \xe2\x80\x98\x1b[01m\x1b[Kstd::shared_ptr<rclcpp::Publisher<std_msgs::msg::String_<std::allocator<void> >, std::allocator<void> > >\x1b[m\x1b[K\xe2\x80\x99 is not derived from \xe2\x80\x98\x1b[01m\x1b[Kstd::unique_ptr<_Tp, _Dp>\x1b[m\x1b[K\xe2\x80\x99\n'}
[5.803355] (cpp_pubsub) StderrLine: {'line': b'   33 |     publisher_ = this->create_publisher<std_msgs::msg::String>("topic", 10\x1b[01;36m\x1b[K)\x1b[m\x1b[K;\n'}
[5.805673] (-) TimerEvent: {}
[5.806118] (cpp_pubsub) StderrLine: {'line': b'      |                                                                           \x1b[01;36m\x1b[K^\x1b[m\x1b[K\n'}
[5.906342] (-) TimerEvent: {}
[6.007972] (-) TimerEvent: {}
[6.110272] (-) TimerEvent: {}
[6.212588] (-) TimerEvent: {}
[6.317153] (-) TimerEvent: {}
[6.417954] (-) TimerEvent: {}
[6.519288] (-) TimerEvent: {}
[6.620118] (-) TimerEvent: {}
[6.721669] (-) TimerEvent: {}
[6.822434] (-) TimerEvent: {}
[6.923374] (-) TimerEvent: {}
[7.023833] (-) TimerEvent: {}
[7.127894] (-) TimerEvent: {}
[7.230634] (-) TimerEvent: {}
[7.331249] (-) TimerEvent: {}
[7.434904] (-) TimerEvent: {}
[7.537302] (-) TimerEvent: {}
[7.638290] (-) TimerEvent: {}
[7.739062] (-) TimerEvent: {}
[7.839622] (-) TimerEvent: {}
[7.940442] (-) TimerEvent: {}
[8.041417] (-) TimerEvent: {}
[8.142212] (-) TimerEvent: {}
[8.247111] (-) TimerEvent: {}
[8.348088] (-) TimerEvent: {}
[8.449858] (-) TimerEvent: {}
[8.551148] (-) TimerEvent: {}
[8.653430] (-) TimerEvent: {}
[8.732351] (cpp_pubsub) StderrLine: {'line': b'make[2]: *** [CMakeFiles/talker.dir/build.make:63\xef\xbc\x9aCMakeFiles/talker.dir/src/publisher_member_function.cpp.o] \xe9\x94\x99\xe8\xaf\xaf 1\n'}
[8.733551] (cpp_pubsub) StderrLine: {'line': b'make[1]: *** [CMakeFiles/Makefile2:305\xef\xbc\x9aCMakeFiles/talker.dir/all] \xe9\x94\x99\xe8\xaf\xaf 2\n'}
[8.734081] (cpp_pubsub) StderrLine: {'line': b'make: *** [Makefile:141\xef\xbc\x9aall] \xe9\x94\x99\xe8\xaf\xaf 2\n'}
[8.743786] (cpp_pubsub) CommandEnded: {'returncode': 2}
[8.755272] (-) TimerEvent: {}
[8.856357] (-) TimerEvent: {}
[8.956737] (-) TimerEvent: {}
[9.059625] (-) TimerEvent: {}
[9.160541] (-) TimerEvent: {}
[9.182317] (cpp_pubsub) JobEnded: {'identifier': 'cpp_pubsub', 'rc': 2}
[9.197998] (-) EventReactorShutdown: {}
