[0.134s] Invoking command in '/home/chen/ros2_ws/build/cpp_srvcli': CMAKE_PREFIX_PATH=${CMAKE_PREFIX_PATH}:/opt/ros/foxy /usr/bin/cmake --build /home/chen/ros2_ws/build/cpp_srvcli -- -j2 -l2
[0.294s] -- Found ament_cmake: 0.9.11 (/opt/ros/foxy/share/ament_cmake/cmake)
[0.596s] -- Found PythonInterp: /usr/bin/python3 (found suitable version "3.8.10", minimum required is "3") 
[0.604s] -- Using PYTHON_EXECUTABLE: /usr/bin/python3
[1.468s] -- Override CMake install command with custom implementation using symlinks instead of copying resources
[1.490s] -- Found rclcpp: 2.4.2 (/opt/ros/foxy/share/rclcpp/cmake)
[1.661s] -- Using all available rosidl_typesupport_c: rosidl_typesupport_fastrtps_c;rosidl_typesupport_introspection_c
[1.679s] -- Found rosidl_adapter: 1.3.0 (/opt/ros/foxy/share/rosidl_adapter/cmake)
[2.044s] -- Using all available rosidl_typesupport_cpp: rosidl_typesupport_fastrtps_cpp;rosidl_typesupport_introspection_cpp
[2.185s] -- Found rmw_implementation_cmake: 1.0.4 (/opt/ros/foxy/share/rmw_implementation_cmake/cmake)
[2.191s] -- Using RMW implementation 'rmw_fastrtps_cpp' as default
[2.550s] -- Found example_interfaces: 0.9.1 (/opt/ros/foxy/share/example_interfaces/cmake)
[2.893s] -- Found geometry_msgs: 2.0.5 (/opt/ros/foxy/share/geometry_msgs/cmake)
[3.007s] -- Found rosidl_default_generators: 1.0.1 (/opt/ros/foxy/share/rosidl_default_generators/cmake)
[3.048s] -- Found ament_lint_auto: 0.9.8 (/opt/ros/foxy/share/ament_lint_auto/cmake)
[3.374s] -- Found PythonInterp: /usr/bin/python3 (found version "3.8.10") 
[3.654s] CMake Error at /opt/ros/foxy/share/rosidl_cmake/cmake/rosidl_generate_interfaces.cmake:229 (message):
[3.654s]   Packages installing interfaces must include
[3.654s]   '<member_of_group>rosidl_interface_packages</member_of_group>' in their
[3.654s]   package.xml
[3.654s] Call Stack (most recent call first):
[3.654s]   CMakeLists.txt:43 (rosidl_generate_interfaces)
[3.654s] 
[3.655s] 
[3.658s] -- Configuring incomplete, errors occurred!
[3.658s] See also "/home/chen/ros2_ws/build/cpp_srvcli/CMakeFiles/CMakeOutput.log".
[3.658s] See also "/home/chen/ros2_ws/build/cpp_srvcli/CMakeFiles/CMakeError.log".
[3.690s] make: *** [Makefile:310：cmake_check_build_system] 错误 1
[3.712s] Invoked command in '/home/chen/ros2_ws/build/cpp_srvcli' returned '2': CMAKE_PREFIX_PATH=${CMAKE_PREFIX_PATH}:/opt/ros/foxy /usr/bin/cmake --build /home/chen/ros2_ws/build/cpp_srvcli -- -j2 -l2
